# lattice-best-path --lm-scale=13 --word-symbol-table=exp/tri1/graph/words.txt "ark:gunzip -c exp/tri1/decode/lat.*.gz|" ark,t:exp/tri1/decode/scoring/13.tra 
# Started at Fri May  6 00:10:22 MSK 2016
#
lattice-best-path --lm-scale=13 --word-symbol-table=exp/tri1/graph/words.txt 'ark:gunzip -c exp/tri1/decode/lat.*.gz|' ark,t:exp/tri1/decode/scoring/13.tra 
LOG (lattice-best-path:main():lattice-best-path.cc:99) For utterance mark_1_2_3, best cost 378.248 + 18936.6 = 19314.8 over 625 frames.
mark_1_2_3 one two three 
LOG (lattice-best-path:main():lattice-best-path.cc:99) For utterance mark_1_2_4, best cost 358.879 + 15944.2 = 16303.1 over 601 frames.
mark_1_2_4 one two four 
LOG (lattice-best-path:main():lattice-best-path.cc:99) For utterance mark_1_2_5, best cost 367.229 + 19116 = 19483.2 over 620 frames.
mark_1_2_5 one two five 
LOG (lattice-best-path:main():lattice-best-path.cc:99) For utterance mark_1_2_6, best cost 338.934 + 16034 = 16373 over 614 frames.
mark_1_2_6 one two six 
LOG (lattice-best-path:main():lattice-best-path.cc:99) For utterance mark_1_2_7, best cost 376.275 + 18420.6 = 18796.8 over 630 frames.
mark_1_2_7 one two seven 
LOG (lattice-best-path:main():lattice-best-path.cc:99) For utterance mark_1_2_8, best cost 350.007 + 17612.2 = 17962.2 over 620 frames.
mark_1_2_8 one two eight 
LOG (lattice-best-path:main():lattice-best-path.cc:99) For utterance mark_1_2_9, best cost 354.865 + 16452.7 = 16807.6 over 601 frames.
mark_1_2_9 one two nine 
LOG (lattice-best-path:main():lattice-best-path.cc:99) For utterance mark_1_3_2, best cost 398.808 + 20998.3 = 21397.1 over 625 frames.
mark_1_3_2 one three two 
LOG (lattice-best-path:main():lattice-best-path.cc:99) For utterance mark_1_3_4, best cost 391.969 + 16501.6 = 16893.6 over 614 frames.
mark_1_3_4 one three four 
LOG (lattice-best-path:main():lattice-best-path.cc:99) For utterance mark_1_3_5, best cost 422.54 + 19236 = 19658.5 over 633 frames.
mark_1_3_5 one three five 
LOG (lattice-best-path:main():lattice-best-path.cc:99) For utterance mark_1_3_6, best cost 373.781 + 16229.5 = 16603.3 over 628 frames.
mark_1_3_6 one three six 
LOG (lattice-best-path:main():lattice-best-path.cc:99) For utterance mark_1_3_7, best cost 410.678 + 20208.6 = 20619.3 over 643 frames.
mark_1_3_7 one three seven 
LOG (lattice-best-path:main():lattice-best-path.cc:99) For utterance mark_1_3_8, best cost 384.528 + 17857.8 = 18242.3 over 633 frames.
mark_1_3_8 one three eight 
LOG (lattice-best-path:main():lattice-best-path.cc:99) For utterance mark_1_3_9, best cost 410.081 + 16975 = 17385.1 over 614 frames.
mark_1_3_9 one three nine 
LOG (lattice-best-path:main():lattice-best-path.cc:99) For utterance mark_1_4_2, best cost 356.693 + 9943.01 = 10299.7 over 601 frames.
mark_1_4_2 one four two 
LOG (lattice-best-path:main():lattice-best-path.cc:99) For utterance mark_1_4_3, best cost 391.592 + 10683.4 = 11075 over 614 frames.
mark_1_4_3 one four three 
LOG (lattice-best-path:main():lattice-best-path.cc:99) For utterance mark_1_4_5, best cost 379.799 + 11612.6 = 11992.4 over 609 frames.
mark_1_4_5 one four five 
LOG (lattice-best-path:main():lattice-best-path.cc:99) For utterance mark_1_4_6, best cost 352.678 + 8863.25 = 9215.93 over 604 frames.
mark_1_4_6 one four six 
LOG (lattice-best-path:main():lattice-best-path.cc:99) For utterance mark_1_4_7, best cost 389.482 + 9442.66 = 9832.14 over 620 frames.
mark_1_4_7 one four seven 
LOG (lattice-best-path:main():lattice-best-path.cc:99) For utterance mark_1_4_8, best cost 335.534 + 7796.96 = 8132.5 over 609 frames.
mark_1_4_8 one four eight 
LOG (lattice-best-path:main():lattice-best-path.cc:99) For utterance mark_1_4_9, best cost 367.968 + 9710.42 = 10078.4 over 591 frames.
mark_1_4_9 one four nine 
LOG (lattice-best-path:main():lattice-best-path.cc:99) For utterance mark_1_5_2, best cost 386.734 + 18284 = 18670.7 over 620 frames.
mark_1_5_2 one five two 
LOG (lattice-best-path:main():lattice-best-path.cc:99) For utterance mark_1_5_3, best cost 400.796 + 16858.8 = 17259.6 over 633 frames.
mark_1_5_3 one five three 
LOG (lattice-best-path:main():lattice-best-path.cc:99) For utterance mark_1_5_4, best cost 381.117 + 13998.3 = 14379.5 over 609 frames.
mark_1_5_4 one five four 
LOG (lattice-best-path:main():lattice-best-path.cc:99) For utterance mark_1_5_6, best cost 361.15 + 13900.9 = 14262.1 over 622 frames.
mark_1_5_6 one five six 
LOG (lattice-best-path:main():lattice-best-path.cc:99) For utterance mark_1_5_7, best cost 397.885 + 15164.7 = 15562.6 over 638 frames.
mark_1_5_7 one five seven 
LOG (lattice-best-path:main():lattice-best-path.cc:99) For utterance mark_1_5_8, best cost 372.3 + 15537.6 = 15909.9 over 628 frames.
mark_1_5_8 one five eight 
LOG (lattice-best-path:main():lattice-best-path.cc:99) For utterance mark_1_5_9, best cost 398.15 + 15572.2 = 15970.3 over 609 frames.
mark_1_5_9 one five nine 
LOG (lattice-best-path:main():lattice-best-path.cc:99) For utterance mark_1_6_2, best cost 360.292 + 11389.9 = 11750.2 over 614 frames.
mark_1_6_2 one six two 
LOG (lattice-best-path:main():lattice-best-path.cc:99) For utterance mark_1_6_3, best cost 395.415 + 11371.3 = 11766.7 over 628 frames.
mark_1_6_3 one six three 
LOG (lattice-best-path:main():lattice-best-path.cc:99) For utterance mark_1_6_4, best cost 374.709 + 9105.82 = 9480.53 over 604 frames.
mark_1_6_4 one six four 
LOG (lattice-best-path:main():lattice-best-path.cc:99) For utterance mark_1_6_5, best cost 383.075 + 12541.4 = 12924.5 over 622 frames.
mark_1_6_5 one six five 
LOG (lattice-best-path:main():lattice-best-path.cc:99) For utterance mark_1_6_7, best cost 393.113 + 9674.18 = 10067.3 over 633 frames.
mark_1_6_7 one six seven 
LOG (lattice-best-path:main():lattice-best-path.cc:99) For utterance mark_1_6_8, best cost 339.165 + 9539.66 = 9878.82 over 622 frames.
mark_1_6_8 one six eight 
LOG (lattice-best-path:main():lattice-best-path.cc:99) For utterance mark_1_6_9, best cost 371.567 + 10340.8 = 10712.4 over 604 frames.
mark_1_6_9 one six nine 
LOG (lattice-best-path:main():lattice-best-path.cc:99) For utterance mark_1_7_2, best cost 375.427 + 13913.6 = 14289 over 630 frames.
mark_1_7_2 one seven two 
LOG (lattice-best-path:main():lattice-best-path.cc:99) For utterance mark_1_7_3, best cost 409.993 + 14914.3 = 15324.3 over 643 frames.
mark_1_7_3 one seven three 
LOG (lattice-best-path:main():lattice-best-path.cc:99) For utterance mark_1_7_4, best cost 389.407 + 12816.9 = 13206.3 over 620 frames.
mark_1_7_4 one seven four 
LOG (lattice-best-path:main():lattice-best-path.cc:99) For utterance mark_1_7_5, best cost 398.901 + 14665.6 = 15064.5 over 638 frames.
mark_1_7_5 one seven five 
LOG (lattice-best-path:main():lattice-best-path.cc:99) For utterance mark_1_7_6, best cost 370.942 + 14259.2 = 14630.2 over 633 frames.
mark_1_7_6 one seven six 
LOG (lattice-best-path:main():lattice-best-path.cc:99) For utterance mark_1_7_8, best cost 353.83 + 13289.8 = 13643.6 over 638 frames.
mark_1_7_8 one seven eight 
LOG (lattice-best-path:main():lattice-best-path.cc:99) For utterance mark_1_7_9, best cost 386.396 + 14941.2 = 15327.6 over 620 frames.
mark_1_7_9 one seven nine 
LOG (lattice-best-path:main():lattice-best-path.cc:99) For utterance mark_1_8_2, best cost 347.364 + 15501.4 = 15848.7 over 620 frames.
mark_1_8_2 one eight two 
LOG (lattice-best-path:main():lattice-best-path.cc:99) For utterance mark_1_8_3, best cost 382.285 + 13963.7 = 14346 over 633 frames.
mark_1_8_3 one eight three 
LOG (lattice-best-path:main():lattice-best-path.cc:99) For utterance mark_1_8_4, best cost 362.474 + 10922.1 = 11284.6 over 609 frames.
mark_1_8_4 one eight four 
LOG (lattice-best-path:main():lattice-best-path.cc:99) For utterance mark_1_8_5, best cost 371.004 + 14984.1 = 15355.1 over 628 frames.
mark_1_8_5 one eight five 
LOG (lattice-best-path:main():lattice-best-path.cc:99) For utterance mark_1_8_6, best cost 342.794 + 11308.7 = 11651.5 over 622 frames.
mark_1_8_6 one eight six 
LOG (lattice-best-path:main():lattice-best-path.cc:99) For utterance mark_1_8_7, best cost 379.397 + 12120.2 = 12499.6 over 638 frames.
mark_1_8_7 one eight seven 
LOG (lattice-best-path:main():lattice-best-path.cc:99) For utterance mark_1_8_9, best cost 358.78 + 12578.4 = 12937.2 over 609 frames.
mark_1_8_9 one eight nine 
LOG (lattice-best-path:main():lattice-best-path.cc:99) For utterance mark_1_9_2, best cost 353.551 + 12020.4 = 12373.9 over 601 frames.
mark_1_9_2 one nine two 
LOG (lattice-best-path:main():lattice-best-path.cc:99) For utterance mark_1_9_3, best cost 388.45 + 12467.3 = 12855.8 over 614 frames.
mark_1_9_3 one nine three 
LOG (lattice-best-path:main():lattice-best-path.cc:99) For utterance mark_1_9_4, best cost 367.968 + 9766.48 = 10134.4 over 591 frames.
mark_1_9_4 one nine four 
LOG (lattice-best-path:main():lattice-best-path.cc:99) For utterance mark_1_9_5, best cost 376.656 + 13549 = 13925.6 over 609 frames.
mark_1_9_5 one nine five 
LOG (lattice-best-path:main():lattice-best-path.cc:99) For utterance mark_1_9_6, best cost 349.568 + 10352.8 = 10702.4 over 604 frames.
mark_1_9_6 one nine six 
LOG (lattice-best-path:main():lattice-best-path.cc:99) For utterance mark_1_9_7, best cost 386.339 + 11312.2 = 11698.5 over 620 frames.
mark_1_9_7 one nine seven 
LOG (lattice-best-path:main():lattice-best-path.cc:99) For utterance mark_1_9_8, best cost 332.391 + 9342.02 = 9674.41 over 609 frames.
mark_1_9_8 one nine eight 
LOG (lattice-best-path:main():lattice-best-path.cc:99) For utterance mark_2_1_3, best cost 380.286 + 21525.1 = 21905.4 over 625 frames.
mark_2_1_3 two one three 
LOG (lattice-best-path:main():lattice-best-path.cc:99) For utterance mark_2_1_4, best cost 360.917 + 18740.9 = 19101.9 over 601 frames.
mark_2_1_4 two one four 
LOG (lattice-best-path:main():lattice-best-path.cc:99) For utterance mark_2_1_5, best cost 369.383 + 21552.1 = 21921.5 over 620 frames.
mark_2_1_5 two one five 
LOG (lattice-best-path:main():lattice-best-path.cc:99) For utterance mark_2_1_6, best cost 341.12 + 18236.3 = 18577.4 over 614 frames.
mark_2_1_6 two one six 
LOG (lattice-best-path:main():lattice-best-path.cc:99) For utterance mark_2_1_7, best cost 378.351 + 20454.9 = 20833.2 over 630 frames.
mark_2_1_7 two one seven 
LOG (lattice-best-path:main():lattice-best-path.cc:99) For utterance mark_2_1_8, best cost 351.955 + 20058.1 = 20410.1 over 620 frames.
mark_2_1_8 two one eight 
LOG (lattice-best-path:main():lattice-best-path.cc:99) For utterance mark_2_1_9, best cost 356.903 + 19045.2 = 19402.1 over 601 frames.
mark_2_1_9 two one nine 
LOG (lattice-best-path:main():lattice-best-path.cc:99) For utterance mark_2_3_1, best cost 378.717 + 19604.4 = 19983.1 over 625 frames.
mark_2_3_1 two three one 
LOG (lattice-best-path:main():lattice-best-path.cc:99) For utterance mark_2_3_4, best cost 376.416 + 20377.9 = 20754.3 over 620 frames.
mark_2_3_4 two three four 
LOG (lattice-best-path:main():lattice-best-path.cc:99) For utterance mark_2_3_5, best cost 406.506 + 22036.2 = 22442.7 over 638 frames.
mark_2_3_5 two three five 
LOG (lattice-best-path:main():lattice-best-path.cc:99) For utterance mark_2_3_6, best cost 357.861 + 21609.3 = 21967.2 over 633 frames.
mark_2_3_6 two three six 
LOG (lattice-best-path:main():lattice-best-path.cc:99) For utterance mark_2_3_7, best cost 394.414 + 22969.7 = 23364.1 over 648 frames.
mark_2_3_7 two three seven 
LOG (lattice-best-path:main():lattice-best-path.cc:99) For utterance mark_2_3_8, best cost 340.854 + 20618.6 = 20959.5 over 638 frames.
mark_2_3_8 two three eight 
LOG (lattice-best-path:main():lattice-best-path.cc:99) For utterance mark_2_3_9, best cost 394.001 + 21567.3 = 21961.3 over 620 frames.
mark_2_3_9 two three nine 
LOG (lattice-best-path:main():lattice-best-path.cc:99) For utterance mark_2_4_1, best cost 360.672 + 15306.6 = 15667.3 over 601 frames.
mark_2_4_1 two four one 
LOG (lattice-best-path:main():lattice-best-path.cc:99) For utterance mark_2_4_3, best cost 377.336 + 17010 = 17387.3 over 620 frames.
mark_2_4_3 two four three 
LOG (lattice-best-path:main():lattice-best-path.cc:99) For utterance mark_2_4_5, best cost 366.212 + 18567.4 = 18933.6 over 614 frames.
mark_2_4_5 two four five 
LOG (lattice-best-path:main():lattice-best-path.cc:99) For utterance mark_2_4_6, best cost 338.193 + 15006.4 = 15344.5 over 609 frames.
mark_2_4_6 two four six 
LOG (lattice-best-path:main():lattice-best-path.cc:99) For utterance mark_2_4_7, best cost 374.866 + 15786.2 = 16161.1 over 625 frames.
mark_2_4_7 two four seven 
LOG (lattice-best-path:main():lattice-best-path.cc:99) For utterance mark_2_4_8, best cost 320.908 + 15877.1 = 16198 over 614 frames.
mark_2_4_8 two four eight 
LOG (lattice-best-path:main():lattice-best-path.cc:99) For utterance mark_2_4_9, best cost 353.342 + 16801.1 = 17154.4 over 596 frames.
mark_2_4_9 two four nine 
LOG (lattice-best-path:main():lattice-best-path.cc:99) For utterance mark_2_5_1, best cost 371.129 + 21818.2 = 22189.3 over 620 frames.
mark_2_5_1 two five one 
LOG (lattice-best-path:main():lattice-best-path.cc:99) For utterance mark_2_5_3, best cost 385.728 + 24702.4 = 25088.1 over 638 frames.
mark_2_5_3 two five three 
LOG (lattice-best-path:main():lattice-best-path.cc:99) For utterance mark_2_5_4, best cost 365.168 + 22747.9 = 23113.1 over 614 frames.
mark_2_5_4 two five four 
LOG (lattice-best-path:main():lattice-best-path.cc:99) For utterance mark_2_5_6, best cost 346.98 + 22508.5 = 22855.5 over 628 frames.
mark_2_5_6 two five six 
LOG (lattice-best-path:main():lattice-best-path.cc:99) For utterance mark_2_5_7, best cost 384.002 + 26564.2 = 26948.2 over 643 frames.
mark_2_5_7 two five seven 
LOG (lattice-best-path:main():lattice-best-path.cc:99) For utterance mark_2_5_8, best cost 357.727 + 23976.3 = 24334 over 633 frames.
mark_2_5_8 two five eight 
LOG (lattice-best-path:main():lattice-best-path.cc:99) For utterance mark_2_5_9, best cost 383.562 + 23248.5 = 23632.1 over 614 frames.
mark_2_5_9 two five nine 
LOG (lattice-best-path:main():lattice-best-path.cc:99) For utterance mark_2_6_1, best cost 362.958 + 15410.7 = 15773.6 over 614 frames.
mark_2_6_1 two six one 
LOG (lattice-best-path:main():lattice-best-path.cc:99) For utterance mark_2_6_3, best cost 380.098 + 18341.6 = 18721.7 over 633 frames.
mark_2_6_3 two six three 
LOG (lattice-best-path:main():lattice-best-path.cc:99) For utterance mark_2_6_4, best cost 360.239 + 15526.4 = 15886.6 over 609 frames.
mark_2_6_4 two six four 
LOG (lattice-best-path:main():lattice-best-path.cc:99) For utterance mark_2_6_5, best cost 368.769 + 19506.1 = 19874.9 over 628 frames.
mark_2_6_5 two six five 
LOG (lattice-best-path:main():lattice-best-path.cc:99) For utterance mark_2_6_7, best cost 377.152 + 16569.4 = 16946.6 over 638 frames.
mark_2_6_7 two six seven 
LOG (lattice-best-path:main():lattice-best-path.cc:99) For utterance mark_2_6_8, best cost 351.557 + 17293.4 = 17644.9 over 628 frames.
mark_2_6_8 two six eight 
LOG (lattice-best-path:main():lattice-best-path.cc:99) For utterance mark_2_6_9, best cost 356.592 + 17129.3 = 17485.9 over 609 frames.
mark_2_6_9 two six nine 
LOG (lattice-best-path:main():lattice-best-path.cc:99) For utterance mark_2_7_1, best cost 375.534 + 13690.1 = 14065.6 over 630 frames.
mark_2_7_1 two seven one 
LOG (lattice-best-path:main():lattice-best-path.cc:99) For utterance mark_2_7_3, best cost 393.867 + 15667.8 = 16061.7 over 648 frames.
mark_2_7_3 two seven three 
LOG (lattice-best-path:main():lattice-best-path.cc:99) For utterance mark_2_7_4, best cost 373.386 + 13743.3 = 14116.7 over 625 frames.
mark_2_7_4 two seven four 
LOG (lattice-best-path:main():lattice-best-path.cc:99) For utterance mark_2_7_5, best cost 382.074 + 17465.7 = 17847.8 over 643 frames.
mark_2_7_5 two seven five 
LOG (lattice-best-path:main():lattice-best-path.cc:99) For utterance mark_2_7_6, best cost 354.921 + 14674 = 15028.9 over 638 frames.
mark_2_7_6 two seven six 
LOG (lattice-best-path:main():lattice-best-path.cc:99) For utterance mark_2_7_8, best cost 337.831 + 13569 = 13906.8 over 643 frames.
mark_2_7_8 two seven eight 
LOG (lattice-best-path:main():lattice-best-path.cc:99) For utterance mark_2_7_9, best cost 370.243 + 16011.1 = 16381.3 over 625 frames.
mark_2_7_9 two seven nine 
LOG (lattice-best-path:main():lattice-best-path.cc:99) For utterance mark_2_8_1, best cost 353.809 + 18737.3 = 19091.1 over 620 frames.
mark_2_8_1 two eight one 
LOG (lattice-best-path:main():lattice-best-path.cc:99) For utterance mark_2_8_3, best cost 368.408 + 21975.3 = 22343.7 over 638 frames.
mark_2_8_3 two eight three 
LOG (lattice-best-path:main():lattice-best-path.cc:99) For utterance mark_2_8_4, best cost 347.848 + 20239.2 = 20587 over 614 frames.
mark_2_8_4 two eight four 
LOG (lattice-best-path:main():lattice-best-path.cc:99) For utterance mark_2_8_5, best cost 357.711 + 22387.3 = 22745 over 633 frames.
mark_2_8_5 two eight five 
LOG (lattice-best-path:main():lattice-best-path.cc:99) For utterance mark_2_8_6, best cost 329.735 + 19591.1 = 19920.8 over 628 frames.
mark_2_8_6 two eight six 
LOG (lattice-best-path:main():lattice-best-path.cc:99) For utterance mark_2_8_7, best cost 366.757 + 23673.2 = 24039.9 over 643 frames.
mark_2_8_7 two eight seven 
LOG (lattice-best-path:main():lattice-best-path.cc:99) For utterance mark_2_8_9, best cost 345.364 + 20425.1 = 20770.5 over 614 frames.
mark_2_8_9 two eight nine 
LOG (lattice-best-path:main():lattice-best-path.cc:99) For utterance mark_2_9_1, best cost 356.977 + 16181.7 = 16538.7 over 601 frames.
mark_2_9_1 two nine one 
LOG (lattice-best-path:main():lattice-best-path.cc:99) For utterance mark_2_9_3, best cost 373.495 + 18748.7 = 19122.2 over 620 frames.
mark_2_9_3 two nine three 
LOG (lattice-best-path:main():lattice-best-path.cc:99) For utterance mark_2_9_4, best cost 354.343 + 16387.6 = 16742 over 596 frames.
mark_2_9_4 two nine four 
LOG (lattice-best-path:main():lattice-best-path.cc:99) For utterance mark_2_9_5, best cost 361.649 + 20341.9 = 20703.6 over 614 frames.
mark_2_9_5 two nine five 
LOG (lattice-best-path:main():lattice-best-path.cc:99) For utterance mark_2_9_6, best cost 334.531 + 16628.3 = 16962.8 over 609 frames.
mark_2_9_6 two nine six 
LOG (lattice-best-path:main():lattice-best-path.cc:99) For utterance mark_2_9_7, best cost 371.171 + 17283.9 = 17655.1 over 625 frames.
mark_2_9_7 two nine seven 
LOG (lattice-best-path:main():lattice-best-path.cc:99) For utterance mark_2_9_8, best cost 317.213 + 17274.9 = 17592.1 over 614 frames.
mark_2_9_8 two nine eight 
LOG (lattice-best-path:main():lattice-best-path.cc:99) For utterance mark_3_1_2, best cost 380.235 + 24225.4 = 24605.6 over 625 frames.
mark_3_1_2 three one two 
LOG (lattice-best-path:main():lattice-best-path.cc:99) For utterance mark_3_1_4, best cost 393.992 + 19140.2 = 19534.2 over 614 frames.
mark_3_1_4 three one four 
LOG (lattice-best-path:main():lattice-best-path.cc:99) For utterance mark_3_1_5, best cost 403.855 + 21352.9 = 21756.7 over 633 frames.
mark_3_1_5 three one five 
LOG (lattice-best-path:main():lattice-best-path.cc:99) For utterance mark_3_1_6, best cost 375.73 + 19301 = 19676.7 over 628 frames.
mark_3_1_6 three one six 
LOG (lattice-best-path:main():lattice-best-path.cc:99) For utterance mark_3_1_7, best cost 412.748 + 23228.9 = 23641.6 over 643 frames.
mark_3_1_7 three one seven 
LOG (lattice-best-path:main():lattice-best-path.cc:99) For utterance mark_3_1_8, best cost 386.536 + 20458.1 = 20844.6 over 633 frames.
mark_3_1_8 three one eight 
LOG (lattice-best-path:main():lattice-best-path.cc:99) For utterance mark_3_1_9, best cost 391.508 + 19531 = 19922.5 over 614 frames.
mark_3_1_9 three one nine 
LOG (lattice-best-path:main():lattice-best-path.cc:99) For utterance mark_3_2_1, best cost 398.75 + 22417.4 = 22816.2 over 625 frames.
mark_3_2_1 three two one 
LOG (lattice-best-path:main():lattice-best-path.cc:99) For utterance mark_3_2_4, best cost 396.602 + 23442.2 = 23838.8 over 620 frames.
mark_3_2_4 three two four 
LOG (lattice-best-path:main():lattice-best-path.cc:99) For utterance mark_3_2_5, best cost 406.095 + 24642.8 = 25048.9 over 638 frames.
mark_3_2_5 three two five 
LOG (lattice-best-path:main():lattice-best-path.cc:99) For utterance mark_3_2_6, best cost 378.104 + 24175.4 = 24553.5 over 633 frames.
mark_3_2_6 three two six 
LOG (lattice-best-path:main():lattice-best-path.cc:99) For utterance mark_3_2_7, best cost 414.652 + 26050.9 = 26465.5 over 648 frames.
mark_3_2_7 three two seven 
LOG (lattice-best-path:main():lattice-best-path.cc:99) For utterance mark_3_2_8, best cost 361.024 + 23454.5 = 23815.5 over 638 frames.
mark_3_2_8 three two eight 
LOG (lattice-best-path:main():lattice-best-path.cc:99) For utterance mark_3_2_9, best cost 393.59 + 24270.5 = 24664.1 over 620 frames.
mark_3_2_9 three two nine 
LOG (lattice-best-path:main():lattice-best-path.cc:99) For utterance mark_3_4_1, best cost 395.302 + 15864.8 = 16260.1 over 614 frames.
mark_3_4_1 three four one 
LOG (lattice-best-path:main():lattice-best-path.cc:99) For utterance mark_3_4_2, best cost 377.426 + 20299.1 = 20676.5 over 620 frames.
mark_3_4_2 three four two 
LOG (lattice-best-path:main():lattice-best-path.cc:99) For utterance mark_3_4_5, best cost 401.067 + 19815.9 = 20216.9 over 628 frames.
mark_3_4_5 three four five 
LOG (lattice-best-path:main():lattice-best-path.cc:99) For utterance mark_3_4_6, best cost 372.856 + 16158.8 = 16531.6 over 622 frames.
mark_3_4_6 three four six 
LOG (lattice-best-path:main():lattice-best-path.cc:99) For utterance mark_3_4_7, best cost 409.497 + 17232 = 17641.5 over 638 frames.
mark_3_4_7 three four seven 
LOG (lattice-best-path:main():lattice-best-path.cc:99) For utterance mark_3_4_8, best cost 383.867 + 17144.1 = 17528 over 628 frames.
mark_3_4_8 three four eight 
LOG (lattice-best-path:main():lattice-best-path.cc:99) For utterance mark_3_4_9, best cost 388.842 + 16851 = 17239.8 over 609 frames.
mark_3_4_9 three four nine 
LOG (lattice-best-path:main():lattice-best-path.cc:99) For utterance mark_3_5_1, best cost 426.506 + 21875.1 = 22301.6 over 633 frames.
mark_3_5_1 three five one 
LOG (lattice-best-path:main():lattice-best-path.cc:99) For utterance mark_3_5_2, best cost 427.365 + 26554.8 = 26982.1 over 638 frames.
mark_3_5_2 three five two 
LOG (lattice-best-path:main():lattice-best-path.cc:99) For utterance mark_3_5_4, best cost 421.522 + 23573.5 = 23995 over 628 frames.
mark_3_5_4 three five four 
LOG (lattice-best-path:main():lattice-best-path.cc:99) For utterance mark_3_5_6, best cost 402.357 + 23485 = 23887.3 over 641 frames.
mark_3_5_6 three five six 
LOG (lattice-best-path:main():lattice-best-path.cc:99) For utterance mark_3_5_7, best cost 439.41 + 28482.4 = 28921.8 over 656 frames.
mark_3_5_7 three five seven 
LOG (lattice-best-path:main():lattice-best-path.cc:99) For utterance mark_3_5_8, best cost 412.954 + 24176 = 24589 over 646 frames.
mark_3_5_8 three five eight 
LOG (lattice-best-path:main():lattice-best-path.cc:99) For utterance mark_3_5_9, best cost 438.84 + 23647.2 = 24086.1 over 628 frames.
mark_3_5_9 three five nine 
LOG (lattice-best-path:main():lattice-best-path.cc:99) For utterance mark_3_6_1, best cost 397.703 + 17081.4 = 17479.1 over 628 frames.
mark_3_6_1 three six one 
LOG (lattice-best-path:main():lattice-best-path.cc:99) For utterance mark_3_6_2, best cost 379.524 + 21908.4 = 22288 over 633 frames.
mark_3_6_2 three six two 
LOG (lattice-best-path:main():lattice-best-path.cc:99) For utterance mark_3_6_4, best cost 394.681 + 17261.6 = 17656.3 over 622 frames.
mark_3_6_4 three six four 
LOG (lattice-best-path:main():lattice-best-path.cc:99) For utterance mark_3_6_5, best cost 403.362 + 21052.5 = 21455.8 over 641 frames.
mark_3_6_5 three six five 
LOG (lattice-best-path:main():lattice-best-path.cc:99) For utterance mark_3_6_7, best cost 411.784 + 18092.3 = 18504.1 over 651 frames.
mark_3_6_7 three six seven 
LOG (lattice-best-path:main():lattice-best-path.cc:99) For utterance mark_3_6_8, best cost 385.994 + 18300.1 = 18686.1 over 641 frames.
mark_3_6_8 three six eight 
LOG (lattice-best-path:main():lattice-best-path.cc:99) For utterance mark_3_6_9, best cost 390.939 + 18164.7 = 18555.7 over 622 frames.
mark_3_6_9 three six nine 
LOG (lattice-best-path:main():lattice-best-path.cc:99) For utterance mark_3_7_1, best cost 409.981 + 15327.1 = 15737.1 over 643 frames.
mark_3_7_1 three seven one 
LOG (lattice-best-path:main():lattice-best-path.cc:99) For utterance mark_3_7_2, best cost 393.519 + 16953.2 = 17346.7 over 648 frames.
mark_3_7_2 three seven two 
LOG (lattice-best-path:main():lattice-best-path.cc:99) For utterance mark_3_7_4, best cost 407.832 + 14952.3 = 15360.1 over 638 frames.
mark_3_7_4 three seven four 
LOG (lattice-best-path:main():lattice-best-path.cc:99) For utterance mark_3_7_5, best cost 416.114 + 18462.2 = 18878.3 over 656 frames.
mark_3_7_5 three seven five 
LOG (lattice-best-path:main():lattice-best-path.cc:99) For utterance mark_3_7_6, best cost 389.402 + 15520.8 = 15910.2 over 651 frames.
mark_3_7_6 three seven six 
LOG (lattice-best-path:main():lattice-best-path.cc:99) For utterance mark_3_7_8, best cost 372.255 + 15007.1 = 15379.4 over 656 frames.
mark_3_7_8 three seven eight 
LOG (lattice-best-path:main():lattice-best-path.cc:99) For utterance mark_3_7_9, best cost 404.638 + 16596.9 = 17001.5 over 638 frames.
mark_3_7_9 three seven nine 
LOG (lattice-best-path:main():lattice-best-path.cc:99) For utterance mark_3_8_1, best cost 388.293 + 19221.5 = 19609.8 over 633 frames.
mark_3_8_1 three eight one 
LOG (lattice-best-path:main():lattice-best-path.cc:99) For utterance mark_3_8_2, best cost 368.575 + 23924.7 = 24293.3 over 638 frames.
mark_3_8_2 three eight two 
LOG (lattice-best-path:main():lattice-best-path.cc:99) For utterance mark_3_8_4, best cost 383.31 + 20548.2 = 20931.5 over 628 frames.
mark_3_8_4 three eight four 
LOG (lattice-best-path:main():lattice-best-path.cc:99) For utterance mark_3_8_5, best cost 392.196 + 22437 = 22829.2 over 646 frames.
mark_3_8_5 three eight five 
LOG (lattice-best-path:main():lattice-best-path.cc:99) For utterance mark_3_8_6, best cost 364.22 + 20930.3 = 21294.5 over 641 frames.
mark_3_8_6 three eight six 
LOG (lattice-best-path:main():lattice-best-path.cc:99) For utterance mark_3_8_7, best cost 401.332 + 26036.7 = 26438 over 656 frames.
mark_3_8_7 three eight seven 
LOG (lattice-best-path:main():lattice-best-path.cc:99) For utterance mark_3_8_9, best cost 379.9 + 21159.3 = 21539.2 over 628 frames.
mark_3_8_9 three eight nine 
LOG (lattice-best-path:main():lattice-best-path.cc:99) For utterance mark_3_9_1, best cost 412.204 + 16773 = 17185.2 over 614 frames.
mark_3_9_1 three nine one 
LOG (lattice-best-path:main():lattice-best-path.cc:99) For utterance mark_3_9_2, best cost 394.328 + 21509.2 = 21903.6 over 620 frames.
mark_3_9_2 three nine two 
LOG (lattice-best-path:main():lattice-best-path.cc:99) For utterance mark_3_9_4, best cost 409.438 + 17334.9 = 17744.3 over 609 frames.
mark_3_9_4 three nine four 
LOG (lattice-best-path:main():lattice-best-path.cc:99) For utterance mark_3_9_5, best cost 417.969 + 20972.4 = 21390.4 over 628 frames.
mark_3_9_5 three nine five 
LOG (lattice-best-path:main():lattice-best-path.cc:99) For utterance mark_3_9_6, best cost 389.758 + 17088.3 = 17478.1 over 622 frames.
mark_3_9_6 three nine six 
LOG (lattice-best-path:main():lattice-best-path.cc:99) For utterance mark_3_9_7, best cost 426.399 + 17656.1 = 18082.5 over 638 frames.
mark_3_9_7 three nine seven 
LOG (lattice-best-path:main():lattice-best-path.cc:99) For utterance mark_3_9_8, best cost 400.739 + 18261.9 = 18662.6 over 628 frames.
mark_3_9_8 three nine eight 
LOG (lattice-best-path:main():lattice-best-path.cc:99) For utterance mark_4_1_2, best cost 356.693 + 10624.1 = 10980.7 over 601 frames.
mark_4_1_2 four one two 
LOG (lattice-best-path:main():lattice-best-path.cc:99) For utterance mark_4_1_3, best cost 391.592 + 10398.2 = 10789.8 over 614 frames.
mark_4_1_3 four one three 
LOG (lattice-best-path:main():lattice-best-path.cc:99) For utterance mark_4_1_5, best cost 379.799 + 11382.9 = 11762.7 over 609 frames.
mark_4_1_5 four one five 
LOG (lattice-best-path:main():lattice-best-path.cc:99) For utterance mark_4_1_6, best cost 352.646 + 8438.35 = 8791 over 604 frames.
mark_4_1_6 four one six 
LOG (lattice-best-path:main():lattice-best-path.cc:99) For utterance mark_4_1_7, best cost 389.407 + 9571.91 = 9961.32 over 620 frames.
mark_4_1_7 four one seven 
LOG (lattice-best-path:main():lattice-best-path.cc:99) For utterance mark_4_1_8, best cost 335.534 + 7907.46 = 8242.99 over 609 frames.
mark_4_1_8 four one eight 
LOG (lattice-best-path:main():lattice-best-path.cc:99) For utterance mark_4_1_9, best cost 367.968 + 9954.7 = 10322.7 over 591 frames.
mark_4_1_9 four one nine 
LOG (lattice-best-path:main():lattice-best-path.cc:99) For utterance mark_4_2_1, best cost 359.251 + 12580 = 12939.3 over 601 frames.
mark_4_2_1 four two one 
LOG (lattice-best-path:main():lattice-best-path.cc:99) For utterance mark_4_2_3, best cost 375.769 + 14621.6 = 14997.4 over 620 frames.
mark_4_2_3 four two three 
LOG (lattice-best-path:main():lattice-best-path.cc:99) For utterance mark_4_2_5, best cost 364.791 + 16324.7 = 16689.5 over 614 frames.
mark_4_2_5 four two five 
LOG (lattice-best-path:main():lattice-best-path.cc:99) For utterance mark_4_2_6, best cost 336.787 + 12727.8 = 13064.6 over 609 frames.
mark_4_2_6 four two six 
LOG (lattice-best-path:main():lattice-best-path.cc:99) For utterance mark_4_2_7, best cost 373.438 + 13804.5 = 14178 over 625 frames.
mark_4_2_7 four two seven 
LOG (lattice-best-path:main():lattice-best-path.cc:99) For utterance mark_4_2_8, best cost 319.487 + 13476.5 = 13796 over 614 frames.
mark_4_2_8 four two eight 
LOG (lattice-best-path:main():lattice-best-path.cc:99) For utterance mark_4_2_9, best cost 351.921 + 14397.6 = 14749.5 over 596 frames.
mark_4_2_9 four two nine 
LOG (lattice-best-path:main():lattice-best-path.cc:99) For utterance mark_4_3_1, best cost 393.75 + 12822.1 = 13215.9 over 614 frames.
mark_4_3_1 four three one 
LOG (lattice-best-path:main():lattice-best-path.cc:99) For utterance mark_4_3_2, best cost 396.602 + 17003.7 = 17400.3 over 620 frames.
mark_4_3_2 four three two 
LOG (lattice-best-path:main():lattice-best-path.cc:99) For utterance mark_4_3_5, best cost 420.242 + 16708.4 = 17128.7 over 628 frames.
mark_4_3_5 four three five 
LOG (lattice-best-path:main():lattice-best-path.cc:99) For utterance mark_4_3_6, best cost 371.197 + 13092.7 = 13463.9 over 622 frames.
mark_4_3_6 four three six 
LOG (lattice-best-path:main():lattice-best-path.cc:99) For utterance mark_4_3_7, best cost 407.832 + 13207.5 = 13615.3 over 638 frames.
mark_4_3_7 four three seven 
LOG (lattice-best-path:main():lattice-best-path.cc:99) For utterance mark_4_3_8, best cost 382.299 + 13899.9 = 14282.2 over 628 frames.
mark_4_3_8 four three eight 
LOG (lattice-best-path:main():lattice-best-path.cc:99) For utterance mark_4_3_9, best cost 408.017 + 14255.4 = 14663.4 over 609 frames.
mark_4_3_9 four three nine 
LOG (lattice-best-path:main():lattice-best-path.cc:99) For utterance mark_4_5_1, best cost 379.919 + 12953 = 13332.9 over 609 frames.
mark_4_5_1 four five one 
LOG (lattice-best-path:main():lattice-best-path.cc:99) For utterance mark_4_5_2, best cost 384.212 + 14604.8 = 14989 over 614 frames.
mark_4_5_2 four five two 
LOG (lattice-best-path:main():lattice-best-path.cc:99) For utterance mark_4_5_3, best cost 398.475 + 15204 = 15602.5 over 628 frames.
mark_4_5_3 four five three 
LOG (lattice-best-path:main():lattice-best-path.cc:99) For utterance mark_4_5_6, best cost 359.31 + 12581.9 = 12941.2 over 617 frames.
mark_4_5_6 four five six 
LOG (lattice-best-path:main():lattice-best-path.cc:99) For utterance mark_4_5_7, best cost 396.029 + 13369.7 = 13765.7 over 633 frames.
mark_4_5_7 four five seven 
LOG (lattice-best-path:main():lattice-best-path.cc:99) For utterance mark_4_5_8, best cost 342.208 + 12622.4 = 12964.6 over 622 frames.
mark_4_5_8 four five eight 
LOG (lattice-best-path:main():lattice-best-path.cc:99) For utterance mark_4_5_9, best cost 395.486 + 13864.7 = 14260.2 over 604 frames.
mark_4_5_9 four five nine 
LOG (lattice-best-path:main():lattice-best-path.cc:99) For utterance mark_4_6_1, best cost 374.742 + 9419.45 = 9794.19 over 604 frames.
mark_4_6_1 four six one 
LOG (lattice-best-path:main():lattice-best-path.cc:99) For utterance mark_4_6_2, best cost 358.176 + 12213.8 = 12572 over 609 frames.
mark_4_6_2 four six two 
LOG (lattice-best-path:main():lattice-best-path.cc:99) For utterance mark_4_6_3, best cost 393.074 + 12199.3 = 12592.4 over 622 frames.
mark_4_6_3 four six three 
LOG (lattice-best-path:main():lattice-best-path.cc:99) For utterance mark_4_6_5, best cost 381.281 + 13401.2 = 13782.5 over 617 frames.
mark_4_6_5 four six five 
LOG (lattice-best-path:main():lattice-best-path.cc:99) For utterance mark_4_6_7, best cost 390.979 + 12281.9 = 12672.9 over 628 frames.
mark_4_6_7 four six seven 
LOG (lattice-best-path:main():lattice-best-path.cc:99) For utterance mark_4_6_8, best cost 337.016 + 10057.4 = 10394.4 over 617 frames.
mark_4_6_8 four six eight 
LOG (lattice-best-path:main():lattice-best-path.cc:99) For utterance mark_4_6_9, best cost 369.451 + 12108.5 = 12478 over 599 frames.
mark_4_6_9 four six nine 
LOG (lattice-best-path:main():lattice-best-path.cc:99) For utterance mark_4_7_1, best cost 393.29 + 14767.5 = 15160.8 over 620 frames.
mark_4_7_1 four seven one 
LOG (lattice-best-path:main():lattice-best-path.cc:99) For utterance mark_4_7_2, best cost 373.703 + 20948.7 = 21322.4 over 625 frames.
mark_4_7_2 four seven two 
LOG (lattice-best-path:main():lattice-best-path.cc:99) For utterance mark_4_7_3, best cost 407.889 + 17712.2 = 18120.1 over 638 frames.
mark_4_7_3 four seven three 
LOG (lattice-best-path:main():lattice-best-path.cc:99) For utterance mark_4_7_5, best cost 397.304 + 18525.2 = 18922.5 over 633 frames.
mark_4_7_5 four seven five 
LOG (lattice-best-path:main():lattice-best-path.cc:99) For utterance mark_4_7_6, best cost 369.184 + 15336 = 15705.2 over 628 frames.
mark_4_7_6 four seven six 
LOG (lattice-best-path:main():lattice-best-path.cc:99) For utterance mark_4_7_8, best cost 379.873 + 17269.2 = 17649.1 over 633 frames.
mark_4_7_8 four seven eight 
LOG (lattice-best-path:main():lattice-best-path.cc:99) For utterance mark_4_7_9, best cost 384.897 + 16091.8 = 16476.7 over 614 frames.
mark_4_7_9 four seven nine 
LOG (lattice-best-path:main():lattice-best-path.cc:99) For utterance mark_4_8_1, best cost 361.053 + 9422.86 = 9783.91 over 609 frames.
mark_4_8_1 four eight one 
LOG (lattice-best-path:main():lattice-best-path.cc:99) For utterance mark_4_8_2, best cost 344.487 + 10932.6 = 11277.1 over 614 frames.
mark_4_8_2 four eight two 
LOG (lattice-best-path:main():lattice-best-path.cc:99) For utterance mark_4_8_3, best cost 379.609 + 11286.8 = 11666.4 over 628 frames.
mark_4_8_3 four eight three 
LOG (lattice-best-path:main():lattice-best-path.cc:99) For utterance mark_4_8_5, best cost 367.238 + 12436.9 = 12804.2 over 622 frames.
mark_4_8_5 four eight five 
LOG (lattice-best-path:main():lattice-best-path.cc:99) For utterance mark_4_8_6, best cost 340.472 + 9314.63 = 9655.11 over 617 frames.
mark_4_8_6 four eight six 
LOG (lattice-best-path:main():lattice-best-path.cc:99) For utterance mark_4_8_7, best cost 377.312 + 9539.21 = 9916.52 over 633 frames.
mark_4_8_7 four eight seven 
LOG (lattice-best-path:main():lattice-best-path.cc:99) For utterance mark_4_8_9, best cost 355.762 + 10431.2 = 10787 over 604 frames.
mark_4_8_9 four eight nine 
LOG (lattice-best-path:main():lattice-best-path.cc:99) For utterance mark_4_9_1, best cost 367.968 + 12503.1 = 12871 over 591 frames.
mark_4_9_1 four nine one 
LOG (lattice-best-path:main():lattice-best-path.cc:99) For utterance mark_4_9_2, best cost 351.802 + 14499.6 = 14851.4 over 596 frames.
mark_4_9_2 four nine two 
LOG (lattice-best-path:main():lattice-best-path.cc:99) For utterance mark_4_9_3, best cost 386.301 + 15389.4 = 15775.7 over 609 frames.
mark_4_9_3 four nine three 
LOG (lattice-best-path:main():lattice-best-path.cc:99) For utterance mark_4_9_5, best cost 374.508 + 15668.2 = 16042.7 over 604 frames.
mark_4_9_5 four nine five 
LOG (lattice-best-path:main():lattice-best-path.cc:99) For utterance mark_4_9_6, best cost 347.419 + 13843.3 = 14190.7 over 599 frames.
mark_4_9_6 four nine six 
LOG (lattice-best-path:main():lattice-best-path.cc:99) For utterance mark_4_9_7, best cost 383.944 + 15107.9 = 15491.9 over 614 frames.
mark_4_9_7 four nine seven 
LOG (lattice-best-path:main():lattice-best-path.cc:99) For utterance mark_4_9_8, best cost 330.242 + 13350.6 = 13680.8 over 604 frames.
mark_4_9_8 four nine eight 
LOG (lattice-best-path:main():lattice-best-path.cc:99) For utterance mark_5_1_2, best cost 366.229 + 19712.6 = 20078.8 over 620 frames.
mark_5_1_2 five one two 
LOG (lattice-best-path:main():lattice-best-path.cc:99) For utterance mark_5_1_3, best cost 401.151 + 18361.9 = 18763.1 over 633 frames.
mark_5_1_3 five one three 
LOG (lattice-best-path:main():lattice-best-path.cc:99) For utterance mark_5_1_4, best cost 381.34 + 15614.1 = 15995.4 over 609 frames.
mark_5_1_4 five one four 
LOG (lattice-best-path:main():lattice-best-path.cc:99) For utterance mark_5_1_6, best cost 361.511 + 15917.6 = 16279.1 over 622 frames.
mark_5_1_6 five one six 
LOG (lattice-best-path:main():lattice-best-path.cc:99) For utterance mark_5_1_7, best cost 398.3 + 16127.9 = 16526.2 over 638 frames.
mark_5_1_7 five one seven 
LOG (lattice-best-path:main():lattice-best-path.cc:99) For utterance mark_5_1_8, best cost 372.67 + 16749.6 = 17122.2 over 628 frames.
mark_5_1_8 five one eight 
LOG (lattice-best-path:main():lattice-best-path.cc:99) For utterance mark_5_1_9, best cost 377.645 + 17125.9 = 17503.5 over 609 frames.
mark_5_1_9 five one nine 
LOG (lattice-best-path:main():lattice-best-path.cc:99) For utterance mark_5_2_1, best cost 390.934 + 20494.8 = 20885.7 over 620 frames.
mark_5_2_1 five two one 
LOG (lattice-best-path:main():lattice-best-path.cc:99) For utterance mark_5_2_3, best cost 405.533 + 23101.4 = 23506.9 over 638 frames.
mark_5_2_3 five two three 
LOG (lattice-best-path:main():lattice-best-path.cc:99) For utterance mark_5_2_4, best cost 384.973 + 21297.7 = 21682.7 over 614 frames.
mark_5_2_4 five two four 
LOG (lattice-best-path:main():lattice-best-path.cc:99) For utterance mark_5_2_6, best cost 366.81 + 20936.6 = 21303.4 over 628 frames.
mark_5_2_6 five two six 
LOG (lattice-best-path:main():lattice-best-path.cc:99) For utterance mark_5_2_7, best cost 403.875 + 25073.7 = 25477.6 over 643 frames.
mark_5_2_7 five two seven 
LOG (lattice-best-path:main():lattice-best-path.cc:99) For utterance mark_5_2_8, best cost 377.517 + 22152.8 = 22530.3 over 633 frames.
mark_5_2_8 five two eight 
LOG (lattice-best-path:main():lattice-best-path.cc:99) For utterance mark_5_2_9, best cost 382.489 + 21769.1 = 22151.6 over 614 frames.
mark_5_2_9 five two nine 
LOG (lattice-best-path:main():lattice-best-path.cc:99) For utterance mark_5_3_1, best cost 404.589 + 19315.3 = 19719.9 over 633 frames.
mark_5_3_1 five three one 
LOG (lattice-best-path:main():lattice-best-path.cc:99) For utterance mark_5_3_2, best cost 405.467 + 23833.6 = 24239.1 over 638 frames.
mark_5_3_2 five three two 
LOG (lattice-best-path:main():lattice-best-path.cc:99) For utterance mark_5_3_4, best cost 399.605 + 20503.9 = 20903.5 over 628 frames.
mark_5_3_4 five three four 
LOG (lattice-best-path:main():lattice-best-path.cc:99) For utterance mark_5_3_6, best cost 380.44 + 21274 = 21654.5 over 641 frames.
mark_5_3_6 five three six 
LOG (lattice-best-path:main():lattice-best-path.cc:99) For utterance mark_5_3_7, best cost 417.389 + 26063.6 = 26481 over 656 frames.
mark_5_3_7 five three seven 
LOG (lattice-best-path:main():lattice-best-path.cc:99) For utterance mark_5_3_8, best cost 391.187 + 21738 = 22129.2 over 646 frames.
mark_5_3_8 five three eight 
LOG (lattice-best-path:main():lattice-best-path.cc:99) For utterance mark_5_3_9, best cost 416.949 + 21738.7 = 22155.7 over 628 frames.
mark_5_3_9 five three nine 
LOG (lattice-best-path:main():lattice-best-path.cc:99) For utterance mark_5_4_1, best cost 379.919 + 13294.1 = 13674 over 609 frames.
mark_5_4_1 five four one 
LOG (lattice-best-path:main():lattice-best-path.cc:99) For utterance mark_5_4_2, best cost 363.353 + 15406 = 15769.3 over 614 frames.
mark_5_4_2 five four two 
LOG (lattice-best-path:main():lattice-best-path.cc:99) For utterance mark_5_4_3, best cost 398.475 + 15713.6 = 16112 over 628 frames.
mark_5_4_3 five four three 
LOG (lattice-best-path:main():lattice-best-path.cc:99) For utterance mark_5_4_6, best cost 359.37 + 13452.3 = 13811.7 over 617 frames.
mark_5_4_6 five four six 
LOG (lattice-best-path:main():lattice-best-path.cc:99) For utterance mark_5_4_7, best cost 396.178 + 13306.6 = 13702.8 over 633 frames.
mark_5_4_7 five four seven 
LOG (lattice-best-path:main():lattice-best-path.cc:99) For utterance mark_5_4_8, best cost 342.193 + 13518 = 13860.2 over 622 frames.
mark_5_4_8 five four eight 
LOG (lattice-best-path:main():lattice-best-path.cc:99) For utterance mark_5_4_9, best cost 374.627 + 14621.3 = 14995.9 over 604 frames.
mark_5_4_9 five four nine 
LOG (lattice-best-path:main():lattice-best-path.cc:99) For utterance mark_5_6_1, best cost 383.427 + 14455 = 14838.5 over 622 frames.
mark_5_6_1 five six one 
LOG (lattice-best-path:main():lattice-best-path.cc:99) For utterance mark_5_6_2, best cost 367.637 + 16171.7 = 16539.3 over 628 frames.
mark_5_6_2 five six two 
LOG (lattice-best-path:main():lattice-best-path.cc:99) For utterance mark_5_6_3, best cost 402.031 + 16053.4 = 16455.4 over 641 frames.
mark_5_6_3 five six three 
LOG (lattice-best-path:main():lattice-best-path.cc:99) For utterance mark_5_6_4, best cost 381.326 + 13726.2 = 14107.5 over 617 frames.
mark_5_6_4 five six four 
LOG (lattice-best-path:main():lattice-best-path.cc:99) For utterance mark_5_6_7, best cost 399.687 + 14705.9 = 15105.6 over 646 frames.
mark_5_6_7 five six seven 
LOG (lattice-best-path:main():lattice-best-path.cc:99) For utterance mark_5_6_8, best cost 345.749 + 14921 = 15266.8 over 635 frames.
mark_5_6_8 five six eight 
LOG (lattice-best-path:main():lattice-best-path.cc:99) For utterance mark_5_6_9, best cost 378.136 + 15725.4 = 16103.5 over 617 frames.
mark_5_6_9 five six nine 
LOG (lattice-best-path:main():lattice-best-path.cc:99) For utterance mark_5_7_1, best cost 398.177 + 14485.3 = 14883.4 over 638 frames.
mark_5_7_1 five seven one 
LOG (lattice-best-path:main():lattice-best-path.cc:99) For utterance mark_5_7_2, best cost 382.063 + 17352.2 = 17734.3 over 643 frames.
mark_5_7_2 five seven two 
LOG (lattice-best-path:main():lattice-best-path.cc:99) For utterance mark_5_7_3, best cost 416.51 + 17733.7 = 18150.2 over 656 frames.
mark_5_7_3 five seven three 
LOG (lattice-best-path:main():lattice-best-path.cc:99) For utterance mark_5_7_4, best cost 396.029 + 16194 = 16590.1 over 633 frames.
mark_5_7_4 five seven four 
LOG (lattice-best-path:main():lattice-best-path.cc:99) For utterance mark_5_7_6, best cost 377.564 + 16725.8 = 17103.4 over 646 frames.
mark_5_7_6 five seven six 
LOG (lattice-best-path:main():lattice-best-path.cc:99) For utterance mark_5_7_8, best cost 360.451 + 15351.4 = 15711.9 over 651 frames.
mark_5_7_8 five seven eight 
LOG (lattice-best-path:main():lattice-best-path.cc:99) For utterance mark_5_7_9, best cost 393.017 + 17224 = 17617 over 633 frames.
mark_5_7_9 five seven nine 
LOG (lattice-best-path:main():lattice-best-path.cc:99) For utterance mark_5_8_1, best cost 372.123 + 16971.2 = 17343.4 over 628 frames.
mark_5_8_1 five eight one 
LOG (lattice-best-path:main():lattice-best-path.cc:99) For utterance mark_5_8_2, best cost 354.038 + 22349.6 = 22703.7 over 633 frames.
mark_5_8_2 five eight two 
LOG (lattice-best-path:main():lattice-best-path.cc:99) For utterance mark_5_8_3, best cost 389.098 + 20852.3 = 21241.4 over 646 frames.
mark_5_8_3 five eight three 
LOG (lattice-best-path:main():lattice-best-path.cc:99) For utterance mark_5_8_4, best cost 369.148 + 17097.5 = 17466.7 over 622 frames.
mark_5_8_4 five eight four 
LOG (lattice-best-path:main():lattice-best-path.cc:99) For utterance mark_5_8_6, best cost 349.468 + 16971.3 = 17320.7 over 635 frames.
mark_5_8_6 five eight six 
LOG (lattice-best-path:main():lattice-best-path.cc:99) For utterance mark_5_8_7, best cost 386.109 + 17946.7 = 18332.8 over 651 frames.
mark_5_8_7 five eight seven 
LOG (lattice-best-path:main():lattice-best-path.cc:99) For utterance mark_5_8_9, best cost 365.454 + 18118.5 = 18483.9 over 622 frames.
mark_5_8_9 five eight nine 
LOG (lattice-best-path:main():lattice-best-path.cc:99) For utterance mark_5_9_1, best cost 397.635 + 15504.1 = 15901.8 over 609 frames.
mark_5_9_1 five nine one 
LOG (lattice-best-path:main():lattice-best-path.cc:99) For utterance mark_5_9_2, best cost 381.069 + 16994.9 = 17375.9 over 614 frames.
mark_5_9_2 five nine two 
LOG (lattice-best-path:main():lattice-best-path.cc:99) For utterance mark_5_9_3, best cost 416.191 + 17716.1 = 18132.3 over 628 frames.
mark_5_9_3 five nine three 
LOG (lattice-best-path:main():lattice-best-path.cc:99) For utterance mark_5_9_4, best cost 395.486 + 14907.7 = 15303.2 over 604 frames.
mark_5_9_4 five nine four 
LOG (lattice-best-path:main():lattice-best-path.cc:99) For utterance mark_5_9_6, best cost 377.054 + 15277.1 = 15654.2 over 617 frames.
mark_5_9_6 five nine six 
LOG (lattice-best-path:main():lattice-best-path.cc:99) For utterance mark_5_9_7, best cost 413.857 + 15595 = 16008.8 over 633 frames.
mark_5_9_7 five nine seven 
LOG (lattice-best-path:main():lattice-best-path.cc:99) For utterance mark_5_9_8, best cost 359.909 + 15380.9 = 15740.8 over 622 frames.
mark_5_9_8 five nine eight 
LOG (lattice-best-path:main():lattice-best-path.cc:99) For utterance mark_6_1_2, best cost 338.261 + 9192.24 = 9530.5 over 614 frames.
mark_6_1_2 six one two 
LOG (lattice-best-path:main():lattice-best-path.cc:99) For utterance mark_6_1_3, best cost 373.383 + 9803.32 = 10176.7 over 628 frames.
mark_6_1_3 six one three 
LOG (lattice-best-path:main():lattice-best-path.cc:99) For utterance mark_6_1_4, best cost 352.678 + 6669.75 = 7022.43 over 604 frames.
mark_6_1_4 six one four 
LOG (lattice-best-path:main():lattice-best-path.cc:99) For utterance mark_6_1_5, best cost 361.012 + 10806.2 = 11167.2 over 622 frames.
mark_6_1_5 six one five 
LOG (lattice-best-path:main():lattice-best-path.cc:99) For utterance mark_6_1_7, best cost 371.012 + 7277.38 = 7648.39 over 633 frames.
mark_6_1_7 six one seven 
LOG (lattice-best-path:main():lattice-best-path.cc:99) For utterance mark_6_1_8, best cost 317.101 + 7310.56 = 7627.66 over 622 frames.
mark_6_1_8 six one eight 
LOG (lattice-best-path:main():lattice-best-path.cc:99) For utterance mark_6_1_9, best cost 349.536 + 8573.45 = 8922.98 over 604 frames.
mark_6_1_9 six one nine 
LOG (lattice-best-path:main():lattice-best-path.cc:99) For utterance mark_6_2_1, best cost 340.818 + 11664.5 = 12005.3 over 614 frames.
mark_6_2_1 six two one 
LOG (lattice-best-path:main():lattice-best-path.cc:99) For utterance mark_6_2_3, best cost 357.863 + 14616.8 = 14974.6 over 633 frames.
mark_6_2_3 six two three 
LOG (lattice-best-path:main():lattice-best-path.cc:99) For utterance mark_6_2_4, best cost 338.052 + 11561.3 = 11899.4 over 609 frames.
mark_6_2_4 six two four 
LOG (lattice-best-path:main():lattice-best-path.cc:99) For utterance mark_6_2_5, best cost 346.582 + 15361.4 = 15708 over 628 frames.
mark_6_2_5 six two five 
LOG (lattice-best-path:main():lattice-best-path.cc:99) For utterance mark_6_2_7, best cost 354.938 + 12603.7 = 12958.6 over 638 frames.
mark_6_2_7 six two seven 
LOG (lattice-best-path:main():lattice-best-path.cc:99) For utterance mark_6_2_8, best cost 329.382 + 12651.1 = 12980.5 over 628 frames.
mark_6_2_8 six two eight 
LOG (lattice-best-path:main():lattice-best-path.cc:99) For utterance mark_6_2_9, best cost 334.358 + 12877.8 = 13212.2 over 609 frames.
mark_6_2_9 six two nine 
LOG (lattice-best-path:main():lattice-best-path.cc:99) For utterance mark_6_3_1, best cost 375.526 + 11862.9 = 12238.4 over 628 frames.
mark_6_3_1 six three one 
LOG (lattice-best-path:main():lattice-best-path.cc:99) For utterance mark_6_3_2, best cost 378.169 + 17117.2 = 17495.3 over 633 frames.
mark_6_3_2 six three two 
LOG (lattice-best-path:main():lattice-best-path.cc:99) For utterance mark_6_3_4, best cost 372.683 + 11855.9 = 12228.5 over 622 frames.
mark_6_3_4 six three four 
LOG (lattice-best-path:main():lattice-best-path.cc:99) For utterance mark_6_3_5, best cost 401.809 + 16369.2 = 16771 over 641 frames.
mark_6_3_5 six three five 
LOG (lattice-best-path:main():lattice-best-path.cc:99) For utterance mark_6_3_7, best cost 389.4 + 12948.5 = 13337.9 over 651 frames.
mark_6_3_7 six three seven 
LOG (lattice-best-path:main():lattice-best-path.cc:99) For utterance mark_6_3_8, best cost 363.867 + 13623.8 = 13987.6 over 641 frames.
mark_6_3_8 six three eight 
LOG (lattice-best-path:main():lattice-best-path.cc:99) For utterance mark_6_3_9, best cost 389.585 + 13301.1 = 13690.6 over 622 frames.
mark_6_3_9 six three nine 
LOG (lattice-best-path:main():lattice-best-path.cc:99) For utterance mark_6_4_1, best cost 352.678 + 6883.86 = 7236.53 over 604 frames.
mark_6_4_1 six four one 
LOG (lattice-best-path:main():lattice-best-path.cc:99) For utterance mark_6_4_2, best cost 336.112 + 9374.38 = 9710.49 over 609 frames.
mark_6_4_2 six four two 
LOG (lattice-best-path:main():lattice-best-path.cc:99) For utterance mark_6_4_3, best cost 371.011 + 9393.55 = 9764.56 over 622 frames.
mark_6_4_3 six four three 
LOG (lattice-best-path:main():lattice-best-path.cc:99) For utterance mark_6_4_5, best cost 359.217 + 11230.3 = 11589.5 over 617 frames.
mark_6_4_5 six four five 
LOG (lattice-best-path:main():lattice-best-path.cc:99) For utterance mark_6_4_7, best cost 368.863 + 9703.93 = 10072.8 over 628 frames.
mark_6_4_7 six four seven 
LOG (lattice-best-path:main():lattice-best-path.cc:99) For utterance mark_6_4_8, best cost 314.952 + 7502.03 = 7816.99 over 617 frames.
mark_6_4_8 six four eight 
LOG (lattice-best-path:main():lattice-best-path.cc:99) For utterance mark_6_4_9, best cost 347.387 + 9573.49 = 9920.87 over 599 frames.
mark_6_4_9 six four nine 
LOG (lattice-best-path:main():lattice-best-path.cc:99) For utterance mark_6_5_1, best cost 361.486 + 11817.1 = 12178.6 over 622 frames.
mark_6_5_1 six five one 
LOG (lattice-best-path:main():lattice-best-path.cc:99) For utterance mark_6_5_2, best cost 366.507 + 14361.8 = 14728.3 over 628 frames.
mark_6_5_2 six five two 
LOG (lattice-best-path:main():lattice-best-path.cc:99) For utterance mark_6_5_3, best cost 380.042 + 14183.8 = 14563.8 over 641 frames.
mark_6_5_3 six five three 
LOG (lattice-best-path:main():lattice-best-path.cc:99) For utterance mark_6_5_4, best cost 359.337 + 11102.8 = 11462.2 over 617 frames.
mark_6_5_4 six five four 
LOG (lattice-best-path:main():lattice-best-path.cc:99) For utterance mark_6_5_7, best cost 377.648 + 11997.8 = 12375.4 over 646 frames.
mark_6_5_7 six five seven 
LOG (lattice-best-path:main():lattice-best-path.cc:99) For utterance mark_6_5_8, best cost 323.775 + 12649.3 = 12973 over 635 frames.
mark_6_5_8 six five eight 
LOG (lattice-best-path:main():lattice-best-path.cc:99) For utterance mark_6_5_9, best cost 377.054 + 13128.7 = 13505.8 over 617 frames.
mark_6_5_9 six five nine 
LOG (lattice-best-path:main():lattice-best-path.cc:99) For utterance mark_6_7_1, best cost 374.931 + 12463 = 12837.9 over 633 frames.
mark_6_7_1 six seven one 
LOG (lattice-best-path:main():lattice-best-path.cc:99) For utterance mark_6_7_2, best cost 355.213 + 17017.6 = 17372.8 over 638 frames.
mark_6_7_2 six seven two 
LOG (lattice-best-path:main():lattice-best-path.cc:99) For utterance mark_6_7_3, best cost 389.493 + 15422.7 = 15812.2 over 651 frames.
mark_6_7_3 six seven three 
LOG (lattice-best-path:main():lattice-best-path.cc:99) For utterance mark_6_7_4, best cost 369.91 + 14031.9 = 14401.8 over 628 frames.
mark_6_7_4 six seven four 
LOG (lattice-best-path:main():lattice-best-path.cc:99) For utterance mark_6_7_5, best cost 378.734 + 15846 = 16224.7 over 646 frames.
mark_6_7_5 six seven five 
LOG (lattice-best-path:main():lattice-best-path.cc:99) For utterance mark_6_7_8, best cost 361.477 + 14940.3 = 15301.8 over 646 frames.
mark_6_7_8 six seven eight 
LOG (lattice-best-path:main():lattice-best-path.cc:99) For utterance mark_6_7_9, best cost 366.501 + 14647.8 = 15014.3 over 628 frames.
mark_6_7_9 six seven nine 
LOG (lattice-best-path:main():lattice-best-path.cc:99) For utterance mark_6_8_1, best cost 342.621 + 7891.3 = 8233.92 over 622 frames.
mark_6_8_1 six eight one 
LOG (lattice-best-path:main():lattice-best-path.cc:99) For utterance mark_6_8_2, best cost 326.782 + 9433.42 = 9760.2 over 628 frames.
mark_6_8_2 six eight two 
LOG (lattice-best-path:main():lattice-best-path.cc:99) For utterance mark_6_8_3, best cost 361.177 + 9966.35 = 10327.5 over 641 frames.
mark_6_8_3 six eight three 
LOG (lattice-best-path:main():lattice-best-path.cc:99) For utterance mark_6_8_4, best cost 340.472 + 6841.64 = 7182.11 over 617 frames.
mark_6_8_4 six eight four 
LOG (lattice-best-path:main():lattice-best-path.cc:99) For utterance mark_6_8_5, best cost 348.805 + 11105.5 = 11454.3 over 635 frames.
mark_6_8_5 six eight five 
LOG (lattice-best-path:main():lattice-best-path.cc:99) For utterance mark_6_8_7, best cost 358.805 + 8013.26 = 8372.06 over 646 frames.
mark_6_8_7 six eight seven 
LOG (lattice-best-path:main():lattice-best-path.cc:99) For utterance mark_6_8_9, best cost 337.329 + 8956.99 = 9294.32 over 617 frames.
mark_6_8_9 six eight nine 
LOG (lattice-best-path:main():lattice-best-path.cc:99) For utterance mark_6_9_1, best cost 349.536 + 9076.65 = 9426.19 over 604 frames.
mark_6_9_1 six nine one 
LOG (lattice-best-path:main():lattice-best-path.cc:99) For utterance mark_6_9_2, best cost 332.969 + 12084.5 = 12417.5 over 609 frames.
mark_6_9_2 six nine two 
LOG (lattice-best-path:main():lattice-best-path.cc:99) For utterance mark_6_9_3, best cost 367.868 + 11927 = 12294.9 over 622 frames.
mark_6_9_3 six nine three 
LOG (lattice-best-path:main():lattice-best-path.cc:99) For utterance mark_6_9_4, best cost 347.387 + 10410 = 10757.4 over 599 frames.
mark_6_9_4 six nine four 
LOG (lattice-best-path:main():lattice-best-path.cc:99) For utterance mark_6_9_5, best cost 356.075 + 12845.3 = 13201.4 over 617 frames.
mark_6_9_5 six nine five 
LOG (lattice-best-path:main():lattice-best-path.cc:99) For utterance mark_6_9_7, best cost 365.758 + 11681.8 = 12047.5 over 628 frames.
mark_6_9_7 six nine seven 
LOG (lattice-best-path:main():lattice-best-path.cc:99) For utterance mark_6_9_8, best cost 311.81 + 9513.49 = 9825.3 over 617 frames.
mark_6_9_8 six nine eight 
LOG (lattice-best-path:main():lattice-best-path.cc:99) For utterance mark_7_1_2, best cost 354.67 + 17673.3 = 18028 over 630 frames.
mark_7_1_2 seven one two 
LOG (lattice-best-path:main():lattice-best-path.cc:99) For utterance mark_7_1_3, best cost 389.169 + 18666.1 = 19055.3 over 643 frames.
mark_7_1_3 seven one three 
LOG (lattice-best-path:main():lattice-best-path.cc:99) For utterance mark_7_1_4, best cost 368.687 + 16838.5 = 17207.2 over 620 frames.
mark_7_1_4 seven one four 
LOG (lattice-best-path:main():lattice-best-path.cc:99) For utterance mark_7_1_5, best cost 378.181 + 18449.1 = 18827.3 over 638 frames.
mark_7_1_5 seven one five 
LOG (lattice-best-path:main():lattice-best-path.cc:99) For utterance mark_7_1_6, best cost 350.255 + 18178.8 = 18529 over 633 frames.
mark_7_1_6 seven one six 
LOG (lattice-best-path:main():lattice-best-path.cc:99) For utterance mark_7_1_8, best cost 333.11 + 16673 = 17006.2 over 638 frames.
mark_7_1_8 seven one eight 
LOG (lattice-best-path:main():lattice-best-path.cc:99) For utterance mark_7_1_9, best cost 365.676 + 18308.9 = 18674.6 over 620 frames.
mark_7_1_9 seven one nine 
LOG (lattice-best-path:main():lattice-best-path.cc:99) For utterance mark_7_2_1, best cost 351.118 + 16299.1 = 16650.3 over 630 frames.
mark_7_2_1 seven two one 
LOG (lattice-best-path:main():lattice-best-path.cc:99) For utterance mark_7_2_3, best cost 369.451 + 18326 = 18695.5 over 648 frames.
mark_7_2_3 seven two three 
LOG (lattice-best-path:main():lattice-best-path.cc:99) For utterance mark_7_2_4, best cost 348.969 + 16181.9 = 16530.8 over 625 frames.
mark_7_2_4 seven two four 
LOG (lattice-best-path:main():lattice-best-path.cc:99) For utterance mark_7_2_5, best cost 357.657 + 19836 = 20193.7 over 643 frames.
mark_7_2_5 seven two five 
LOG (lattice-best-path:main():lattice-best-path.cc:99) For utterance mark_7_2_6, best cost 330.487 + 17084.2 = 17414.7 over 638 frames.
mark_7_2_6 seven two six 
LOG (lattice-best-path:main():lattice-best-path.cc:99) For utterance mark_7_2_8, best cost 313.392 + 16074.5 = 16387.9 over 643 frames.
mark_7_2_8 seven two eight 
LOG (lattice-best-path:main():lattice-best-path.cc:99) For utterance mark_7_2_9, best cost 345.827 + 17836.2 = 18182.1 over 625 frames.
mark_7_2_9 seven two nine 
LOG (lattice-best-path:main():lattice-best-path.cc:99) For utterance mark_7_3_1, best cost 385.555 + 15592.4 = 15978 over 643 frames.
mark_7_3_1 seven three one 
LOG (lattice-best-path:main():lattice-best-path.cc:99) For utterance mark_7_3_2, best cost 389.605 + 17617.6 = 18007.2 over 648 frames.
mark_7_3_2 seven three two 
LOG (lattice-best-path:main():lattice-best-path.cc:99) For utterance mark_7_3_4, best cost 383.406 + 15807.9 = 16191.3 over 638 frames.
mark_7_3_4 seven three four 
LOG (lattice-best-path:main():lattice-best-path.cc:99) For utterance mark_7_3_5, best cost 412.711 + 19100.8 = 19513.5 over 656 frames.
mark_7_3_5 seven three five 
LOG (lattice-best-path:main():lattice-best-path.cc:99) For utterance mark_7_3_6, best cost 364.899 + 16009.7 = 16374.6 over 651 frames.
mark_7_3_6 seven three six 
LOG (lattice-best-path:main():lattice-best-path.cc:99) For utterance mark_7_3_8, best cost 347.844 + 15296.7 = 15644.6 over 656 frames.
mark_7_3_8 seven three eight 
LOG (lattice-best-path:main():lattice-best-path.cc:99) For utterance mark_7_3_9, best cost 400.88 + 16982.7 = 17383.5 over 638 frames.
mark_7_3_9 seven three nine 
LOG (lattice-best-path:main():lattice-best-path.cc:99) For utterance mark_7_4_1, best cost 369.698 + 18956.1 = 19325.8 over 620 frames.
mark_7_4_1 seven four one 
LOG (lattice-best-path:main():lattice-best-path.cc:99) For utterance mark_7_4_2, best cost 349.979 + 24305.4 = 24655.4 over 625 frames.
mark_7_4_2 seven four two 
LOG (lattice-best-path:main():lattice-best-path.cc:99) For utterance mark_7_4_3, best cost 384.296 + 21583.6 = 21967.9 over 638 frames.
mark_7_4_3 seven four three 
LOG (lattice-best-path:main():lattice-best-path.cc:99) For utterance mark_7_4_5, best cost 373.711 + 22567.7 = 22941.4 over 633 frames.
mark_7_4_5 seven four five 
LOG (lattice-best-path:main():lattice-best-path.cc:99) For utterance mark_7_4_6, best cost 345.592 + 19503.7 = 19849.3 over 628 frames.
mark_7_4_6 seven four six 
LOG (lattice-best-path:main():lattice-best-path.cc:99) For utterance mark_7_4_8, best cost 356.281 + 21219.9 = 21576.2 over 633 frames.
mark_7_4_8 seven four eight 
LOG (lattice-best-path:main():lattice-best-path.cc:99) For utterance mark_7_4_9, best cost 361.253 + 20200.5 = 20561.7 over 614 frames.
mark_7_4_9 seven four nine 
LOG (lattice-best-path:main():lattice-best-path.cc:99) For utterance mark_7_5_1, best cost 374.858 + 16652 = 17026.9 over 638 frames.
mark_7_5_1 seven five one 
LOG (lattice-best-path:main():lattice-best-path.cc:99) For utterance mark_7_5_2, best cost 379.551 + 19417.2 = 19796.7 over 643 frames.
mark_7_5_2 seven five two 
LOG (lattice-best-path:main():lattice-best-path.cc:99) For utterance mark_7_5_3, best cost 393.166 + 19700.8 = 20094 over 656 frames.
mark_7_5_3 seven five three 
LOG (lattice-best-path:main():lattice-best-path.cc:99) For utterance mark_7_5_4, best cost 372.685 + 18035.5 = 18408.2 over 633 frames.
mark_7_5_4 seven five four 
LOG (lattice-best-path:main():lattice-best-path.cc:99) For utterance mark_7_5_6, best cost 354.288 + 18510.2 = 18864.4 over 646 frames.
mark_7_5_6 seven five six 
LOG (lattice-best-path:main():lattice-best-path.cc:99) For utterance mark_7_5_8, best cost 337.122 + 17692.2 = 18029.4 over 651 frames.
mark_7_5_8 seven five eight 
LOG (lattice-best-path:main():lattice-best-path.cc:99) For utterance mark_7_5_9, best cost 390.558 + 19545.5 = 19936.1 over 633 frames.
mark_7_5_9 seven five nine 
LOG (lattice-best-path:main():lattice-best-path.cc:99) For utterance mark_7_6_1, best cost 372.719 + 18469.3 = 18842 over 633 frames.
mark_7_6_1 seven six one 
LOG (lattice-best-path:main():lattice-best-path.cc:99) For utterance mark_7_6_2, best cost 352.921 + 23220.2 = 23573.1 over 638 frames.
mark_7_6_2 seven six two 
LOG (lattice-best-path:main():lattice-best-path.cc:99) For utterance mark_7_6_3, best cost 387.238 + 21403.5 = 21790.7 over 651 frames.
mark_7_6_3 seven six three 
LOG (lattice-best-path:main():lattice-best-path.cc:99) For utterance mark_7_6_4, best cost 367.655 + 19908.7 = 20276.4 over 628 frames.
mark_7_6_4 seven six four 
LOG (lattice-best-path:main():lattice-best-path.cc:99) For utterance mark_7_6_5, best cost 376.542 + 22177.2 = 22553.7 over 646 frames.
mark_7_6_5 seven six five 
LOG (lattice-best-path:main():lattice-best-path.cc:99) For utterance mark_7_6_8, best cost 359.223 + 21161 = 21520.2 over 646 frames.
mark_7_6_8 seven six eight 
LOG (lattice-best-path:main():lattice-best-path.cc:99) For utterance mark_7_6_9, best cost 364.403 + 20335.3 = 20699.7 over 628 frames.
mark_7_6_9 seven six nine 
LOG (lattice-best-path:main():lattice-best-path.cc:99) For utterance mark_7_8_1, best cost 357.419 + 15863.8 = 16221.3 over 638 frames.
mark_7_8_1 seven eight one 
LOG (lattice-best-path:main():lattice-best-path.cc:99) For utterance mark_7_8_2, best cost 341.253 + 18383.2 = 18724.4 over 643 frames.
mark_7_8_2 seven eight two 
LOG (lattice-best-path:main():lattice-best-path.cc:99) For utterance mark_7_8_3, best cost 375.752 + 18731.1 = 19106.8 over 656 frames.
mark_7_8_3 seven eight three 
LOG (lattice-best-path:main():lattice-best-path.cc:99) For utterance mark_7_8_4, best cost 355.271 + 16757.6 = 17112.9 over 633 frames.
mark_7_8_4 seven eight four 
LOG (lattice-best-path:main():lattice-best-path.cc:99) For utterance mark_7_8_5, best cost 363.959 + 19809.6 = 20173.6 over 651 frames.
mark_7_8_5 seven eight five 
LOG (lattice-best-path:main():lattice-best-path.cc:99) For utterance mark_7_8_6, best cost 336.838 + 17706.2 = 18043 over 646 frames.
mark_7_8_6 seven eight six 
LOG (lattice-best-path:main():lattice-best-path.cc:99) For utterance mark_7_8_9, best cost 352.128 + 18438.8 = 18791 over 633 frames.
mark_7_8_9 seven eight nine 
LOG (lattice-best-path:main():lattice-best-path.cc:99) For utterance mark_7_9_1, best cost 366.288 + 19377.5 = 19743.8 over 620 frames.
mark_7_9_1 seven nine one 
LOG (lattice-best-path:main():lattice-best-path.cc:99) For utterance mark_7_9_2, best cost 346.57 + 24514.4 = 24861 over 625 frames.
mark_7_9_2 seven nine two 
LOG (lattice-best-path:main():lattice-best-path.cc:99) For utterance mark_7_9_3, best cost 380.887 + 22491.4 = 22872.3 over 638 frames.
mark_7_9_3 seven nine three 
LOG (lattice-best-path:main():lattice-best-path.cc:99) For utterance mark_7_9_4, best cost 360.327 + 20797.3 = 21157.7 over 614 frames.
mark_7_9_4 seven nine four 
LOG (lattice-best-path:main():lattice-best-path.cc:99) For utterance mark_7_9_5, best cost 370.459 + 22467.6 = 22838.1 over 633 frames.
mark_7_9_5 seven nine five 
LOG (lattice-best-path:main():lattice-best-path.cc:99) For utterance mark_7_9_6, best cost 342.215 + 20178.5 = 20520.7 over 628 frames.
mark_7_9_6 seven nine six 
LOG (lattice-best-path:main():lattice-best-path.cc:99) For utterance mark_7_9_8, best cost 352.872 + 21388.1 = 21741 over 633 frames.
mark_7_9_8 seven nine eight 
LOG (lattice-best-path:main():lattice-best-path.cc:99) For utterance mark_8_1_2, best cost 347.364 + 15623.4 = 15970.7 over 620 frames.
mark_8_1_2 eight one two 
LOG (lattice-best-path:main():lattice-best-path.cc:99) For utterance mark_8_1_3, best cost 382.285 + 14134 = 14516.3 over 633 frames.
mark_8_1_3 eight one three 
LOG (lattice-best-path:main():lattice-best-path.cc:99) For utterance mark_8_1_4, best cost 362.474 + 11447 = 11809.5 over 609 frames.
mark_8_1_4 eight one four 
LOG (lattice-best-path:main():lattice-best-path.cc:99) For utterance mark_8_1_5, best cost 371.004 + 15091.9 = 15462.9 over 628 frames.
mark_8_1_5 eight one five 
LOG (lattice-best-path:main():lattice-best-path.cc:99) For utterance mark_8_1_6, best cost 342.645 + 11567.9 = 11910.6 over 622 frames.
mark_8_1_6 eight one six 
LOG (lattice-best-path:main():lattice-best-path.cc:99) For utterance mark_8_1_7, best cost 379.434 + 12273.4 = 12652.9 over 638 frames.
mark_8_1_7 eight one seven 
LOG (lattice-best-path:main():lattice-best-path.cc:99) For utterance mark_8_1_9, best cost 358.78 + 13242.6 = 13601.3 over 609 frames.
mark_8_1_9 eight one nine 
LOG (lattice-best-path:main():lattice-best-path.cc:99) For utterance mark_8_2_1, best cost 351.209 + 15801.8 = 16153 over 620 frames.
mark_8_2_1 eight two one 
LOG (lattice-best-path:main():lattice-best-path.cc:99) For utterance mark_8_2_3, best cost 365.808 + 18807.8 = 19173.6 over 638 frames.
mark_8_2_3 eight two three 
LOG (lattice-best-path:main():lattice-best-path.cc:99) For utterance mark_8_2_4, best cost 345.248 + 17248.3 = 17593.6 over 614 frames.
mark_8_2_4 eight two four 
LOG (lattice-best-path:main():lattice-best-path.cc:99) For utterance mark_8_2_5, best cost 355.223 + 19848.7 = 20203.9 over 633 frames.
mark_8_2_5 eight two five 
LOG (lattice-best-path:main():lattice-best-path.cc:99) For utterance mark_8_2_6, best cost 327.118 + 16714.8 = 17041.9 over 628 frames.
mark_8_2_6 eight two six 
LOG (lattice-best-path:main():lattice-best-path.cc:99) For utterance mark_8_2_7, best cost 364.135 + 20572.7 = 20936.8 over 643 frames.
mark_8_2_7 eight two seven 
LOG (lattice-best-path:main():lattice-best-path.cc:99) For utterance mark_8_2_9, best cost 342.648 + 17577.9 = 17920.5 over 614 frames.
mark_8_2_9 eight two nine 
LOG (lattice-best-path:main():lattice-best-path.cc:99) For utterance mark_8_3_1, best cost 385.723 + 15328.2 = 15713.9 over 633 frames.
mark_8_3_1 eight three one 
LOG (lattice-best-path:main():lattice-best-path.cc:99) For utterance mark_8_3_2, best cost 386.602 + 20211.1 = 20597.7 over 638 frames.
mark_8_3_2 eight three two 
LOG (lattice-best-path:main():lattice-best-path.cc:99) For utterance mark_8_3_4, best cost 380.74 + 16773.6 = 17154.3 over 628 frames.
mark_8_3_4 eight three four 
LOG (lattice-best-path:main():lattice-best-path.cc:99) For utterance mark_8_3_5, best cost 410.222 + 18983.9 = 19394.1 over 646 frames.
mark_8_3_5 eight three five 
LOG (lattice-best-path:main():lattice-best-path.cc:99) For utterance mark_8_3_6, best cost 361.48 + 16890.9 = 17252.4 over 641 frames.
mark_8_3_6 eight three six 
LOG (lattice-best-path:main():lattice-best-path.cc:99) For utterance mark_8_3_7, best cost 398.5 + 22279.1 = 22677.6 over 656 frames.
mark_8_3_7 eight three seven 
LOG (lattice-best-path:main():lattice-best-path.cc:99) For utterance mark_8_3_9, best cost 398.084 + 17919.9 = 18318 over 628 frames.
mark_8_3_9 eight three nine 
LOG (lattice-best-path:main():lattice-best-path.cc:99) For utterance mark_8_4_1, best cost 361.053 + 9587.63 = 9948.69 over 609 frames.
mark_8_4_1 eight four one 
LOG (lattice-best-path:main():lattice-best-path.cc:99) For utterance mark_8_4_2, best cost 344.487 + 11082.5 = 11427 over 614 frames.
mark_8_4_2 eight four two 
LOG (lattice-best-path:main():lattice-best-path.cc:99) For utterance mark_8_4_3, best cost 379.609 + 11378.8 = 11758.4 over 628 frames.
mark_8_4_3 eight four three 
LOG (lattice-best-path:main():lattice-best-path.cc:99) For utterance mark_8_4_5, best cost 367.238 + 12556.1 = 12923.4 over 622 frames.
mark_8_4_5 eight four five 
LOG (lattice-best-path:main():lattice-best-path.cc:99) For utterance mark_8_4_6, best cost 340.472 + 9537.11 = 9877.58 over 617 frames.
mark_8_4_6 eight four six 
LOG (lattice-best-path:main():lattice-best-path.cc:99) For utterance mark_8_4_7, best cost 377.29 + 10321.6 = 10698.9 over 633 frames.
mark_8_4_7 eight four seven 
LOG (lattice-best-path:main():lattice-best-path.cc:99) For utterance mark_8_4_9, best cost 357.29 + 10653.6 = 11010.9 over 604 frames.
mark_8_4_9 eight four nine 
LOG (lattice-best-path:main():lattice-best-path.cc:99) For utterance mark_8_5_1, best cost 371.753 + 15864.8 = 16236.6 over 628 frames.
mark_8_5_1 eight five one 
LOG (lattice-best-path:main():lattice-best-path.cc:99) For utterance mark_8_5_2, best cost 374.528 + 20991.7 = 21366.2 over 633 frames.
mark_8_5_2 eight five two 
LOG (lattice-best-path:main():lattice-best-path.cc:99) For utterance mark_8_5_3, best cost 388.728 + 19403 = 19791.7 over 646 frames.
mark_8_5_3 eight five three 
LOG (lattice-best-path:main():lattice-best-path.cc:99) For utterance mark_8_5_4, best cost 368.91 + 15658.2 = 16027.1 over 622 frames.
mark_8_5_4 eight five four 
LOG (lattice-best-path:main():lattice-best-path.cc:99) For utterance mark_8_5_6, best cost 349.039 + 15505.7 = 15854.8 over 635 frames.
mark_8_5_6 eight five six 
LOG (lattice-best-path:main():lattice-best-path.cc:99) For utterance mark_8_5_7, best cost 385.627 + 16693.8 = 17079.5 over 651 frames.
mark_8_5_7 eight five seven 
LOG (lattice-best-path:main():lattice-best-path.cc:99) For utterance mark_8_5_9, best cost 387.337 + 17072.1 = 17459.4 over 622 frames.
mark_8_5_9 eight five nine 
LOG (lattice-best-path:main():lattice-best-path.cc:99) For utterance mark_8_6_1, best cost 364.684 + 10642.1 = 11006.8 over 622 frames.
mark_8_6_1 eight six one 
LOG (lattice-best-path:main():lattice-best-path.cc:99) For utterance mark_8_6_2, best cost 348.846 + 12368.6 = 12717.4 over 628 frames.
mark_8_6_2 eight six two 
LOG (lattice-best-path:main():lattice-best-path.cc:99) For utterance mark_8_6_3, best cost 383.273 + 12515.2 = 12898.4 over 641 frames.
mark_8_6_3 eight six three 
LOG (lattice-best-path:main():lattice-best-path.cc:99) For utterance mark_8_6_4, best cost 362.568 + 9666.64 = 10029.2 over 617 frames.
mark_8_6_4 eight six four 
LOG (lattice-best-path:main():lattice-best-path.cc:99) For utterance mark_8_6_5, best cost 370.901 + 13751.9 = 14122.8 over 635 frames.
mark_8_6_5 eight six five 
LOG (lattice-best-path:main():lattice-best-path.cc:99) For utterance mark_8_6_7, best cost 380.939 + 10690.2 = 11071.1 over 646 frames.
mark_8_6_7 eight six seven 
LOG (lattice-best-path:main():lattice-best-path.cc:99) For utterance mark_8_6_9, best cost 359.473 + 11608.2 = 11967.6 over 617 frames.
mark_8_6_9 eight six nine 
LOG (lattice-best-path:main():lattice-best-path.cc:99) For utterance mark_8_7_1, best cost 379.424 + 10679.6 = 11059 over 638 frames.
mark_8_7_1 eight seven one 
LOG (lattice-best-path:main():lattice-best-path.cc:99) For utterance mark_8_7_2, best cost 363.221 + 13258.6 = 13621.8 over 643 frames.
mark_8_7_2 eight seven two 
LOG (lattice-best-path:main():lattice-best-path.cc:99) For utterance mark_8_7_3, best cost 397.757 + 12775.3 = 13173.1 over 656 frames.
mark_8_7_3 eight seven three 
LOG (lattice-best-path:main():lattice-best-path.cc:99) For utterance mark_8_7_4, best cost 377.275 + 11777 = 12154.3 over 633 frames.
mark_8_7_4 eight seven four 
LOG (lattice-best-path:main():lattice-best-path.cc:99) For utterance mark_8_7_5, best cost 385.926 + 14284.4 = 14670.3 over 651 frames.
mark_8_7_5 eight seven five 
LOG (lattice-best-path:main():lattice-best-path.cc:99) For utterance mark_8_7_6, best cost 358.81 + 12373.1 = 12731.9 over 646 frames.
mark_8_7_6 eight seven six 
LOG (lattice-best-path:main():lattice-best-path.cc:99) For utterance mark_8_7_9, best cost 374.227 + 13474.9 = 13849.1 over 633 frames.
mark_8_7_9 eight seven nine 
LOG (lattice-best-path:main():lattice-best-path.cc:99) For utterance mark_8_9_1, best cost 357.911 + 11249.8 = 11607.8 over 609 frames.
mark_8_9_1 eight nine one 
LOG (lattice-best-path:main():lattice-best-path.cc:99) For utterance mark_8_9_2, best cost 341.344 + 12880.6 = 13222 over 614 frames.
mark_8_9_2 eight nine two 
LOG (lattice-best-path:main():lattice-best-path.cc:99) For utterance mark_8_9_3, best cost 376.467 + 13920.1 = 14296.6 over 628 frames.
mark_8_9_3 eight nine three 
LOG (lattice-best-path:main():lattice-best-path.cc:99) For utterance mark_8_9_4, best cost 355.762 + 11112.2 = 11467.9 over 604 frames.
mark_8_9_4 eight nine four 
LOG (lattice-best-path:main():lattice-best-path.cc:99) For utterance mark_8_9_5, best cost 364.095 + 14141.9 = 14506 over 622 frames.
mark_8_9_5 eight nine five 
LOG (lattice-best-path:main():lattice-best-path.cc:99) For utterance mark_8_9_6, best cost 337.362 + 11599.9 = 11937.3 over 617 frames.
mark_8_9_6 eight nine six 
LOG (lattice-best-path:main():lattice-best-path.cc:99) For utterance mark_8_9_7, best cost 374.133 + 11394 = 11768.2 over 633 frames.
mark_8_9_7 eight nine seven 
LOG (lattice-best-path:main():lattice-best-path.cc:99) For utterance mark_9_1_2, best cost 353.551 + 12709.7 = 13063.3 over 601 frames.
mark_9_1_2 nine one two 
LOG (lattice-best-path:main():lattice-best-path.cc:99) For utterance mark_9_1_3, best cost 388.449 + 12564.2 = 12952.6 over 614 frames.
mark_9_1_3 nine one three 
LOG (lattice-best-path:main():lattice-best-path.cc:99) For utterance mark_9_1_4, best cost 367.968 + 9720.84 = 10088.8 over 591 frames.
mark_9_1_4 nine one four 
LOG (lattice-best-path:main():lattice-best-path.cc:99) For utterance mark_9_1_5, best cost 376.656 + 13778.1 = 14154.8 over 609 frames.
mark_9_1_5 nine one five 
LOG (lattice-best-path:main():lattice-best-path.cc:99) For utterance mark_9_1_6, best cost 349.503 + 10556.9 = 10906.4 over 604 frames.
mark_9_1_6 nine one six 
LOG (lattice-best-path:main():lattice-best-path.cc:99) For utterance mark_9_1_7, best cost 386.302 + 11829.1 = 12215.5 over 620 frames.
mark_9_1_7 nine one seven 
LOG (lattice-best-path:main():lattice-best-path.cc:99) For utterance mark_9_1_8, best cost 332.391 + 10345.6 = 10678 over 609 frames.
mark_9_1_8 nine one eight 
LOG (lattice-best-path:main():lattice-best-path.cc:99) For utterance mark_9_2_1, best cost 356.108 + 14484.6 = 14840.7 over 601 frames.
mark_9_2_1 nine two one 
LOG (lattice-best-path:main():lattice-best-path.cc:99) For utterance mark_9_2_3, best cost 372.626 + 16998.8 = 17371.5 over 620 frames.
mark_9_2_3 nine two three 
LOG (lattice-best-path:main():lattice-best-path.cc:99) For utterance mark_9_2_4, best cost 353.342 + 14488.6 = 14841.9 over 596 frames.
mark_9_2_4 nine two four 
LOG (lattice-best-path:main():lattice-best-path.cc:99) For utterance mark_9_2_5, best cost 361.649 + 18365.7 = 18727.4 over 614 frames.
mark_9_2_5 nine two five 
LOG (lattice-best-path:main():lattice-best-path.cc:99) For utterance mark_9_2_6, best cost 333.565 + 14798 = 15131.6 over 609 frames.
mark_9_2_6 nine two six 
LOG (lattice-best-path:main():lattice-best-path.cc:99) For utterance mark_9_2_7, best cost 370.243 + 15629.6 = 15999.8 over 625 frames.
mark_9_2_7 nine two seven 
LOG (lattice-best-path:main():lattice-best-path.cc:99) For utterance mark_9_2_8, best cost 316.451 + 15911.9 = 16228.4 over 614 frames.
mark_9_2_8 nine two eight 
LOG (lattice-best-path:main():lattice-best-path.cc:99) For utterance mark_9_3_1, best cost 390.607 + 14647.1 = 15037.7 over 614 frames.
mark_9_3_1 nine three one 
LOG (lattice-best-path:main():lattice-best-path.cc:99) For utterance mark_9_3_2, best cost 393.459 + 19080.5 = 19474 over 620 frames.
mark_9_3_2 nine three two 
LOG (lattice-best-path:main():lattice-best-path.cc:99) For utterance mark_9_3_4, best cost 387.973 + 14775.8 = 15163.8 over 609 frames.
mark_9_3_4 nine three four 
LOG (lattice-best-path:main():lattice-best-path.cc:99) For utterance mark_9_3_5, best cost 417.099 + 18854 = 19271.1 over 628 frames.
mark_9_3_5 nine three five 
LOG (lattice-best-path:main():lattice-best-path.cc:99) For utterance mark_9_3_6, best cost 368.007 + 14997.2 = 15365.2 over 622 frames.
mark_9_3_6 nine three six 
LOG (lattice-best-path:main():lattice-best-path.cc:99) For utterance mark_9_3_7, best cost 404.69 + 15841.5 = 16246.2 over 638 frames.
mark_9_3_7 nine three seven 
LOG (lattice-best-path:main():lattice-best-path.cc:99) For utterance mark_9_3_8, best cost 379.157 + 16036.8 = 16416 over 628 frames.
mark_9_3_8 nine three eight 
LOG (lattice-best-path:main():lattice-best-path.cc:99) For utterance mark_9_4_1, best cost 367.968 + 12210.3 = 12578.3 over 591 frames.
mark_9_4_1 nine four one 
LOG (lattice-best-path:main():lattice-best-path.cc:99) For utterance mark_9_4_2, best cost 351.802 + 14698 = 15049.8 over 596 frames.
mark_9_4_2 nine four two 
LOG (lattice-best-path:main():lattice-best-path.cc:99) For utterance mark_9_4_3, best cost 386.301 + 15452 = 15838.3 over 609 frames.
mark_9_4_3 nine four three 
LOG (lattice-best-path:main():lattice-best-path.cc:99) For utterance mark_9_4_5, best cost 374.507 + 15493.9 = 15868.4 over 604 frames.
mark_9_4_5 nine four five 
LOG (lattice-best-path:main():lattice-best-path.cc:99) For utterance mark_9_4_6, best cost 347.451 + 14247.3 = 14594.8 over 599 frames.
mark_9_4_6 nine four six 
LOG (lattice-best-path:main():lattice-best-path.cc:99) For utterance mark_9_4_7, best cost 383.944 + 15837.9 = 16221.9 over 614 frames.
mark_9_4_7 nine four seven 
LOG (lattice-best-path:main():lattice-best-path.cc:99) For utterance mark_9_4_8, best cost 330.242 + 13621.7 = 13951.9 over 604 frames.
mark_9_4_8 nine four eight 
LOG (lattice-best-path:main():lattice-best-path.cc:99) For utterance mark_9_5_1, best cost 376.776 + 14983.1 = 15359.9 over 609 frames.
mark_9_5_1 nine five one 
LOG (lattice-best-path:main():lattice-best-path.cc:99) For utterance mark_9_5_2, best cost 381.069 + 16947.5 = 17328.6 over 614 frames.
mark_9_5_2 nine five two 
LOG (lattice-best-path:main():lattice-best-path.cc:99) For utterance mark_9_5_3, best cost 395.332 + 17360.4 = 17755.8 over 628 frames.
mark_9_5_3 nine five three 
LOG (lattice-best-path:main():lattice-best-path.cc:99) For utterance mark_9_5_4, best cost 374.627 + 14209.4 = 14584 over 604 frames.
mark_9_5_4 nine five four 
LOG (lattice-best-path:main():lattice-best-path.cc:99) For utterance mark_9_5_6, best cost 356.12 + 14828.9 = 15185 over 617 frames.
mark_9_5_6 nine five six 
LOG (lattice-best-path:main():lattice-best-path.cc:99) For utterance mark_9_5_7, best cost 392.886 + 15397 = 15789.9 over 633 frames.
mark_9_5_7 nine five seven 
LOG (lattice-best-path:main():lattice-best-path.cc:99) For utterance mark_9_5_8, best cost 339.065 + 14928.4 = 15267.4 over 622 frames.
mark_9_5_8 nine five eight 
LOG (lattice-best-path:main():lattice-best-path.cc:99) For utterance mark_9_6_1, best cost 371.599 + 11476.4 = 11848 over 604 frames.
mark_9_6_1 nine six one 
LOG (lattice-best-path:main():lattice-best-path.cc:99) For utterance mark_9_6_2, best cost 355.098 + 14472.1 = 14827.2 over 609 frames.
mark_9_6_2 nine six two 
LOG (lattice-best-path:main():lattice-best-path.cc:99) For utterance mark_9_6_3, best cost 389.964 + 14456.6 = 14846.6 over 622 frames.
mark_9_6_3 nine six three 
LOG (lattice-best-path:main():lattice-best-path.cc:99) For utterance mark_9_6_4, best cost 369.483 + 12805 = 13174.5 over 599 frames.
mark_9_6_4 nine six four 
LOG (lattice-best-path:main():lattice-best-path.cc:99) For utterance mark_9_6_5, best cost 378.171 + 15576.8 = 15955 over 617 frames.
mark_9_6_5 nine six five 
LOG (lattice-best-path:main():lattice-best-path.cc:99) For utterance mark_9_6_7, best cost 387.784 + 14236.4 = 14624.2 over 628 frames.
mark_9_6_7 nine six seven 
LOG (lattice-best-path:main():lattice-best-path.cc:99) For utterance mark_9_6_8, best cost 333.906 + 12567.4 = 12901.3 over 617 frames.
mark_9_6_8 nine six eight 
LOG (lattice-best-path:main():lattice-best-path.cc:99) For utterance mark_9_7_1, best cost 390.147 + 17229 = 17619.2 over 620 frames.
mark_9_7_1 nine seven one 
LOG (lattice-best-path:main():lattice-best-path.cc:99) For utterance mark_9_7_2, best cost 370.56 + 22812.3 = 23182.9 over 625 frames.
mark_9_7_2 nine seven two 
LOG (lattice-best-path:main():lattice-best-path.cc:99) For utterance mark_9_7_3, best cost 404.857 + 19636.9 = 20041.7 over 638 frames.
mark_9_7_3 nine seven three 
LOG (lattice-best-path:main():lattice-best-path.cc:99) For utterance mark_9_7_4, best cost 384.223 + 18102.8 = 18487 over 614 frames.
mark_9_7_4 nine seven four 
LOG (lattice-best-path:main():lattice-best-path.cc:99) For utterance mark_9_7_5, best cost 394.161 + 20312 = 20706.1 over 633 frames.
mark_9_7_5 nine seven five 
LOG (lattice-best-path:main():lattice-best-path.cc:99) For utterance mark_9_7_6, best cost 366.208 + 17826 = 18192.2 over 628 frames.
mark_9_7_6 nine seven six 
LOG (lattice-best-path:main():lattice-best-path.cc:99) For utterance mark_9_7_8, best cost 376.767 + 19167.8 = 19544.6 over 633 frames.
mark_9_7_8 nine seven eight 
LOG (lattice-best-path:main():lattice-best-path.cc:99) For utterance mark_9_8_1, best cost 357.911 + 11175.4 = 11533.3 over 609 frames.
mark_9_8_1 nine eight one 
LOG (lattice-best-path:main():lattice-best-path.cc:99) For utterance mark_9_8_2, best cost 341.344 + 13238.5 = 13579.8 over 614 frames.
mark_9_8_2 nine eight two 
LOG (lattice-best-path:main():lattice-best-path.cc:99) For utterance mark_9_8_3, best cost 376.467 + 13590.6 = 13967.1 over 628 frames.
mark_9_8_3 nine eight three 
LOG (lattice-best-path:main():lattice-best-path.cc:99) For utterance mark_9_8_4, best cost 355.762 + 10853 = 11208.8 over 604 frames.
mark_9_8_4 nine eight four 
LOG (lattice-best-path:main():lattice-best-path.cc:99) For utterance mark_9_8_5, best cost 364.095 + 14142.1 = 14506.2 over 622 frames.
mark_9_8_5 nine eight five 
LOG (lattice-best-path:main():lattice-best-path.cc:99) For utterance mark_9_8_6, best cost 337.329 + 11355.6 = 11692.9 over 617 frames.
mark_9_8_6 nine eight six 
LOG (lattice-best-path:main():lattice-best-path.cc:99) For utterance mark_9_8_7, best cost 374.095 + 11885 = 12259.1 over 633 frames.
mark_9_8_7 nine eight seven 
LOG (lattice-best-path:main():lattice-best-path.cc:124) Overall cost per frame is 26.1418 = 0.595729 [graph] + 25.546 [acoustic] over 314958 frames.
LOG (lattice-best-path:main():lattice-best-path.cc:128) Done 504 lattices, failed for 0
# Accounting: time=0 threads=1
# Ended (code 0) at Fri May  6 00:10:22 MSK 2016, elapsed time 0 seconds
