# lattice-best-path --lm-scale=14 --word-symbol-table=exp/tri1/graph/words.txt "ark:gunzip -c exp/tri1/decode/lat.*.gz|" ark,t:exp/tri1/decode/scoring/14.tra 
# Started at Fri May  6 00:10:22 MSK 2016
#
lattice-best-path --lm-scale=14 --word-symbol-table=exp/tri1/graph/words.txt 'ark:gunzip -c exp/tri1/decode/lat.*.gz|' ark,t:exp/tri1/decode/scoring/14.tra 
LOG (lattice-best-path:main():lattice-best-path.cc:99) For utterance mark_1_2_3, best cost 407.344 + 18936.6 = 19343.9 over 625 frames.
mark_1_2_3 one two three 
LOG (lattice-best-path:main():lattice-best-path.cc:99) For utterance mark_1_2_4, best cost 386.485 + 15944.2 = 16330.7 over 601 frames.
mark_1_2_4 one two four 
LOG (lattice-best-path:main():lattice-best-path.cc:99) For utterance mark_1_2_5, best cost 395.477 + 19116 = 19511.4 over 620 frames.
mark_1_2_5 one two five 
LOG (lattice-best-path:main():lattice-best-path.cc:99) For utterance mark_1_2_6, best cost 365.006 + 16034 = 16399 over 614 frames.
mark_1_2_6 one two six 
LOG (lattice-best-path:main():lattice-best-path.cc:99) For utterance mark_1_2_7, best cost 405.22 + 18420.6 = 18825.8 over 630 frames.
mark_1_2_7 one two seven 
LOG (lattice-best-path:main():lattice-best-path.cc:99) For utterance mark_1_2_8, best cost 376.93 + 17612.2 = 17989.1 over 620 frames.
mark_1_2_8 one two eight 
LOG (lattice-best-path:main():lattice-best-path.cc:99) For utterance mark_1_2_9, best cost 382.163 + 16452.7 = 16834.9 over 601 frames.
mark_1_2_9 one two nine 
LOG (lattice-best-path:main():lattice-best-path.cc:99) For utterance mark_1_3_2, best cost 429.485 + 20998.3 = 21427.8 over 625 frames.
mark_1_3_2 one three two 
LOG (lattice-best-path:main():lattice-best-path.cc:99) For utterance mark_1_3_4, best cost 422.12 + 16501.6 = 16923.8 over 614 frames.
mark_1_3_4 one three four 
LOG (lattice-best-path:main():lattice-best-path.cc:99) For utterance mark_1_3_5, best cost 455.043 + 19236 = 19691 over 633 frames.
mark_1_3_5 one three five 
LOG (lattice-best-path:main():lattice-best-path.cc:99) For utterance mark_1_3_6, best cost 402.534 + 16229.5 = 16632.1 over 628 frames.
mark_1_3_6 one three six 
LOG (lattice-best-path:main():lattice-best-path.cc:99) For utterance mark_1_3_7, best cost 442.268 + 20208.6 = 20650.9 over 643 frames.
mark_1_3_7 one three seven 
LOG (lattice-best-path:main():lattice-best-path.cc:99) For utterance mark_1_3_8, best cost 414.107 + 17857.8 = 18271.9 over 633 frames.
mark_1_3_8 one three eight 
LOG (lattice-best-path:main():lattice-best-path.cc:99) For utterance mark_1_3_9, best cost 441.626 + 16975 = 17416.6 over 614 frames.
mark_1_3_9 one three nine 
LOG (lattice-best-path:main():lattice-best-path.cc:99) For utterance mark_1_4_2, best cost 384.131 + 9943.01 = 10327.1 over 601 frames.
mark_1_4_2 one four two 
LOG (lattice-best-path:main():lattice-best-path.cc:99) For utterance mark_1_4_3, best cost 421.715 + 10683.4 = 11105.1 over 614 frames.
mark_1_4_3 one four three 
LOG (lattice-best-path:main():lattice-best-path.cc:99) For utterance mark_1_4_5, best cost 409.014 + 11612.6 = 12021.6 over 609 frames.
mark_1_4_5 one four five 
LOG (lattice-best-path:main():lattice-best-path.cc:99) For utterance mark_1_4_6, best cost 379.807 + 8863.25 = 9243.06 over 604 frames.
mark_1_4_6 one four six 
LOG (lattice-best-path:main():lattice-best-path.cc:99) For utterance mark_1_4_7, best cost 419.442 + 9442.66 = 9862.1 over 620 frames.
mark_1_4_7 one four seven 
LOG (lattice-best-path:main():lattice-best-path.cc:99) For utterance mark_1_4_8, best cost 361.344 + 7796.96 = 8158.31 over 609 frames.
mark_1_4_8 one four eight 
LOG (lattice-best-path:main():lattice-best-path.cc:99) For utterance mark_1_4_9, best cost 396.273 + 9710.42 = 10106.7 over 591 frames.
mark_1_4_9 one four nine 
LOG (lattice-best-path:main():lattice-best-path.cc:99) For utterance mark_1_5_2, best cost 416.483 + 18284 = 18700.5 over 620 frames.
mark_1_5_2 one five two 
LOG (lattice-best-path:main():lattice-best-path.cc:99) For utterance mark_1_5_3, best cost 431.627 + 16858.8 = 17290.5 over 633 frames.
mark_1_5_3 one five three 
LOG (lattice-best-path:main():lattice-best-path.cc:99) For utterance mark_1_5_4, best cost 410.433 + 13998.3 = 14408.8 over 609 frames.
mark_1_5_4 one five four 
LOG (lattice-best-path:main():lattice-best-path.cc:99) For utterance mark_1_5_6, best cost 388.931 + 13900.9 = 14289.8 over 622 frames.
mark_1_5_6 one five six 
LOG (lattice-best-path:main():lattice-best-path.cc:99) For utterance mark_1_5_7, best cost 428.492 + 15164.7 = 15593.2 over 638 frames.
mark_1_5_7 one five seven 
LOG (lattice-best-path:main():lattice-best-path.cc:99) For utterance mark_1_5_8, best cost 400.939 + 15537.6 = 15938.5 over 628 frames.
mark_1_5_8 one five eight 
LOG (lattice-best-path:main():lattice-best-path.cc:99) For utterance mark_1_5_9, best cost 428.777 + 15572.2 = 16000.9 over 609 frames.
mark_1_5_9 one five nine 
LOG (lattice-best-path:main():lattice-best-path.cc:99) For utterance mark_1_6_2, best cost 388.007 + 11389.9 = 11777.9 over 614 frames.
mark_1_6_2 one six two 
LOG (lattice-best-path:main():lattice-best-path.cc:99) For utterance mark_1_6_3, best cost 425.831 + 11371.3 = 11797.1 over 628 frames.
mark_1_6_3 one six three 
LOG (lattice-best-path:main():lattice-best-path.cc:99) For utterance mark_1_6_4, best cost 403.533 + 9105.82 = 9509.35 over 604 frames.
mark_1_6_4 one six four 
LOG (lattice-best-path:main():lattice-best-path.cc:99) For utterance mark_1_6_5, best cost 412.543 + 12541.4 = 12954 over 622 frames.
mark_1_6_5 one six five 
LOG (lattice-best-path:main():lattice-best-path.cc:99) For utterance mark_1_6_7, best cost 423.352 + 9674.18 = 10097.5 over 633 frames.
mark_1_6_7 one six seven 
LOG (lattice-best-path:main():lattice-best-path.cc:99) For utterance mark_1_6_8, best cost 365.254 + 9539.66 = 9904.91 over 622 frames.
mark_1_6_8 one six eight 
LOG (lattice-best-path:main():lattice-best-path.cc:99) For utterance mark_1_6_9, best cost 400.149 + 10340.8 = 10741 over 604 frames.
mark_1_6_9 one six nine 
LOG (lattice-best-path:main():lattice-best-path.cc:99) For utterance mark_1_7_2, best cost 404.306 + 13913.6 = 14317.9 over 630 frames.
mark_1_7_2 one seven two 
LOG (lattice-best-path:main():lattice-best-path.cc:99) For utterance mark_1_7_3, best cost 441.531 + 14914.3 = 15355.8 over 643 frames.
mark_1_7_3 one seven three 
LOG (lattice-best-path:main():lattice-best-path.cc:99) For utterance mark_1_7_4, best cost 419.362 + 12816.9 = 13236.2 over 620 frames.
mark_1_7_4 one seven four 
LOG (lattice-best-path:main():lattice-best-path.cc:99) For utterance mark_1_7_5, best cost 429.586 + 14665.6 = 15095.1 over 638 frames.
mark_1_7_5 one seven five 
LOG (lattice-best-path:main():lattice-best-path.cc:99) For utterance mark_1_7_6, best cost 399.476 + 14259.2 = 14658.7 over 633 frames.
mark_1_7_6 one seven six 
LOG (lattice-best-path:main():lattice-best-path.cc:99) For utterance mark_1_7_8, best cost 381.048 + 13289.8 = 13670.8 over 638 frames.
mark_1_7_8 one seven eight 
LOG (lattice-best-path:main():lattice-best-path.cc:99) For utterance mark_1_7_9, best cost 416.119 + 14941.2 = 15357.3 over 620 frames.
mark_1_7_9 one seven nine 
LOG (lattice-best-path:main():lattice-best-path.cc:99) For utterance mark_1_8_2, best cost 374.084 + 15501.4 = 15875.5 over 620 frames.
mark_1_8_2 one eight two 
LOG (lattice-best-path:main():lattice-best-path.cc:99) For utterance mark_1_8_3, best cost 411.692 + 13963.7 = 14375.4 over 633 frames.
mark_1_8_3 one eight three 
LOG (lattice-best-path:main():lattice-best-path.cc:99) For utterance mark_1_8_4, best cost 390.357 + 10922.1 = 11312.5 over 609 frames.
mark_1_8_4 one eight four 
LOG (lattice-best-path:main():lattice-best-path.cc:99) For utterance mark_1_8_5, best cost 399.543 + 14984.1 = 15383.7 over 628 frames.
mark_1_8_5 one eight five 
LOG (lattice-best-path:main():lattice-best-path.cc:99) For utterance mark_1_8_6, best cost 369.163 + 11308.7 = 11677.9 over 622 frames.
mark_1_8_6 one eight six 
LOG (lattice-best-path:main():lattice-best-path.cc:99) For utterance mark_1_8_7, best cost 408.582 + 12120.2 = 12528.8 over 638 frames.
mark_1_8_7 one eight seven 
LOG (lattice-best-path:main():lattice-best-path.cc:99) For utterance mark_1_8_9, best cost 386.378 + 12578.4 = 12964.8 over 609 frames.
mark_1_8_9 one eight nine 
LOG (lattice-best-path:main():lattice-best-path.cc:99) For utterance mark_1_9_2, best cost 380.747 + 12020.4 = 12401.1 over 601 frames.
mark_1_9_2 one nine two 
LOG (lattice-best-path:main():lattice-best-path.cc:99) For utterance mark_1_9_3, best cost 418.33 + 12467.3 = 12885.7 over 614 frames.
mark_1_9_3 one nine three 
LOG (lattice-best-path:main():lattice-best-path.cc:99) For utterance mark_1_9_4, best cost 396.273 + 9766.48 = 10162.8 over 591 frames.
mark_1_9_4 one nine four 
LOG (lattice-best-path:main():lattice-best-path.cc:99) For utterance mark_1_9_5, best cost 405.63 + 13549 = 13954.6 over 609 frames.
mark_1_9_5 one nine five 
LOG (lattice-best-path:main():lattice-best-path.cc:99) For utterance mark_1_9_6, best cost 376.458 + 10352.8 = 10729.3 over 604 frames.
mark_1_9_6 one nine six 
LOG (lattice-best-path:main():lattice-best-path.cc:99) For utterance mark_1_9_7, best cost 416.057 + 11312.2 = 11728.3 over 620 frames.
mark_1_9_7 one nine seven 
LOG (lattice-best-path:main():lattice-best-path.cc:99) For utterance mark_1_9_8, best cost 357.96 + 9342.02 = 9699.98 over 609 frames.
mark_1_9_8 one nine eight 
LOG (lattice-best-path:main():lattice-best-path.cc:99) For utterance mark_2_1_3, best cost 409.539 + 21525.1 = 21934.6 over 625 frames.
mark_2_1_3 two one three 
LOG (lattice-best-path:main():lattice-best-path.cc:99) For utterance mark_2_1_4, best cost 388.68 + 18740.9 = 19129.6 over 601 frames.
mark_2_1_4 two one four 
LOG (lattice-best-path:main():lattice-best-path.cc:99) For utterance mark_2_1_5, best cost 397.797 + 21552.1 = 21949.9 over 620 frames.
mark_2_1_5 two one five 
LOG (lattice-best-path:main():lattice-best-path.cc:99) For utterance mark_2_1_6, best cost 367.36 + 18236.3 = 18603.6 over 614 frames.
mark_2_1_6 two one six 
LOG (lattice-best-path:main():lattice-best-path.cc:99) For utterance mark_2_1_7, best cost 407.454 + 20454.9 = 20862.4 over 630 frames.
mark_2_1_7 two one seven 
LOG (lattice-best-path:main():lattice-best-path.cc:99) For utterance mark_2_1_8, best cost 379.028 + 20058.1 = 20437.1 over 620 frames.
mark_2_1_8 two one eight 
LOG (lattice-best-path:main():lattice-best-path.cc:99) For utterance mark_2_1_9, best cost 384.357 + 19045.2 = 19429.6 over 601 frames.
mark_2_1_9 two one nine 
LOG (lattice-best-path:main():lattice-best-path.cc:99) For utterance mark_2_3_1, best cost 407.85 + 19604.4 = 20012.2 over 625 frames.
mark_2_3_1 two three one 
LOG (lattice-best-path:main():lattice-best-path.cc:99) For utterance mark_2_3_4, best cost 405.371 + 20377.9 = 20783.2 over 620 frames.
mark_2_3_4 two three four 
LOG (lattice-best-path:main():lattice-best-path.cc:99) For utterance mark_2_3_5, best cost 437.775 + 22036.2 = 22474 over 638 frames.
mark_2_3_5 two three five 
LOG (lattice-best-path:main():lattice-best-path.cc:99) For utterance mark_2_3_6, best cost 385.389 + 21609.3 = 21994.7 over 633 frames.
mark_2_3_6 two three six 
LOG (lattice-best-path:main():lattice-best-path.cc:99) For utterance mark_2_3_7, best cost 424.753 + 22969.7 = 23394.5 over 648 frames.
mark_2_3_7 two three seven 
LOG (lattice-best-path:main():lattice-best-path.cc:99) For utterance mark_2_3_8, best cost 367.073 + 20618.6 = 20985.7 over 638 frames.
mark_2_3_8 two three eight 
LOG (lattice-best-path:main():lattice-best-path.cc:99) For utterance mark_2_3_9, best cost 424.309 + 21567.3 = 21991.6 over 620 frames.
mark_2_3_9 two three nine 
LOG (lattice-best-path:main():lattice-best-path.cc:99) For utterance mark_2_4_1, best cost 388.416 + 15306.6 = 15695 over 601 frames.
mark_2_4_1 two four one 
LOG (lattice-best-path:main():lattice-best-path.cc:99) For utterance mark_2_4_3, best cost 406.362 + 17010 = 17416.3 over 620 frames.
mark_2_4_3 two four three 
LOG (lattice-best-path:main():lattice-best-path.cc:99) For utterance mark_2_4_5, best cost 394.382 + 18567.4 = 18961.8 over 614 frames.
mark_2_4_5 two four five 
LOG (lattice-best-path:main():lattice-best-path.cc:99) For utterance mark_2_4_6, best cost 364.208 + 15006.4 = 15370.6 over 609 frames.
mark_2_4_6 two four six 
LOG (lattice-best-path:main():lattice-best-path.cc:99) For utterance mark_2_4_7, best cost 403.702 + 15786.2 = 16189.9 over 625 frames.
mark_2_4_7 two four seven 
LOG (lattice-best-path:main():lattice-best-path.cc:99) For utterance mark_2_4_8, best cost 345.593 + 15877.1 = 16222.7 over 614 frames.
mark_2_4_8 two four eight 
LOG (lattice-best-path:main():lattice-best-path.cc:99) For utterance mark_2_4_9, best cost 380.522 + 16801.1 = 17181.6 over 596 frames.
mark_2_4_9 two four nine 
LOG (lattice-best-path:main():lattice-best-path.cc:99) For utterance mark_2_5_1, best cost 399.677 + 21818.2 = 22217.9 over 620 frames.
mark_2_5_1 two five one 
LOG (lattice-best-path:main():lattice-best-path.cc:99) For utterance mark_2_5_3, best cost 415.399 + 24702.4 = 25117.8 over 638 frames.
mark_2_5_3 two five three 
LOG (lattice-best-path:main():lattice-best-path.cc:99) For utterance mark_2_5_4, best cost 393.258 + 22747.9 = 23141.2 over 614 frames.
mark_2_5_4 two five four 
LOG (lattice-best-path:main():lattice-best-path.cc:99) For utterance mark_2_5_6, best cost 373.671 + 22508.5 = 22882.2 over 628 frames.
mark_2_5_6 two five six 
LOG (lattice-best-path:main():lattice-best-path.cc:99) For utterance mark_2_5_7, best cost 413.541 + 26564.2 = 26977.7 over 643 frames.
mark_2_5_7 two five seven 
LOG (lattice-best-path:main():lattice-best-path.cc:99) For utterance mark_2_5_8, best cost 385.245 + 23976.3 = 24361.5 over 633 frames.
mark_2_5_8 two five eight 
LOG (lattice-best-path:main():lattice-best-path.cc:99) For utterance mark_2_5_9, best cost 413.067 + 23248.5 = 23661.6 over 614 frames.
mark_2_5_9 two five nine 
LOG (lattice-best-path:main():lattice-best-path.cc:99) For utterance mark_2_6_1, best cost 390.878 + 15410.7 = 15801.6 over 614 frames.
mark_2_6_1 two six one 
LOG (lattice-best-path:main():lattice-best-path.cc:99) For utterance mark_2_6_3, best cost 409.336 + 18341.6 = 18751 over 633 frames.
mark_2_6_3 two six three 
LOG (lattice-best-path:main():lattice-best-path.cc:99) For utterance mark_2_6_4, best cost 387.95 + 15526.4 = 15914.3 over 609 frames.
mark_2_6_4 two six four 
LOG (lattice-best-path:main():lattice-best-path.cc:99) For utterance mark_2_6_5, best cost 397.136 + 19506.1 = 19903.2 over 628 frames.
mark_2_6_5 two six five 
LOG (lattice-best-path:main():lattice-best-path.cc:99) For utterance mark_2_6_7, best cost 406.164 + 16569.4 = 16975.6 over 638 frames.
mark_2_6_7 two six seven 
LOG (lattice-best-path:main():lattice-best-path.cc:99) For utterance mark_2_6_8, best cost 378.6 + 17293.4 = 17672 over 628 frames.
mark_2_6_8 two six eight 
LOG (lattice-best-path:main():lattice-best-path.cc:99) For utterance mark_2_6_9, best cost 384.022 + 17129.3 = 17513.4 over 609 frames.
mark_2_6_9 two six nine 
LOG (lattice-best-path:main():lattice-best-path.cc:99) For utterance mark_2_7_1, best cost 404.422 + 13690.1 = 14094.5 over 630 frames.
mark_2_7_1 two seven one 
LOG (lattice-best-path:main():lattice-best-path.cc:99) For utterance mark_2_7_3, best cost 424.164 + 15667.8 = 16092 over 648 frames.
mark_2_7_3 two seven three 
LOG (lattice-best-path:main():lattice-best-path.cc:99) For utterance mark_2_7_4, best cost 402.108 + 13743.3 = 14145.4 over 625 frames.
mark_2_7_4 two seven four 
LOG (lattice-best-path:main():lattice-best-path.cc:99) For utterance mark_2_7_5, best cost 411.464 + 17465.7 = 17877.2 over 643 frames.
mark_2_7_5 two seven five 
LOG (lattice-best-path:main():lattice-best-path.cc:99) For utterance mark_2_7_6, best cost 382.222 + 14674 = 15056.2 over 638 frames.
mark_2_7_6 two seven six 
LOG (lattice-best-path:main():lattice-best-path.cc:99) For utterance mark_2_7_8, best cost 363.818 + 13569 = 13932.8 over 643 frames.
mark_2_7_8 two seven eight 
LOG (lattice-best-path:main():lattice-best-path.cc:99) For utterance mark_2_7_9, best cost 398.723 + 16011.1 = 16409.8 over 625 frames.
mark_2_7_9 two seven nine 
LOG (lattice-best-path:main():lattice-best-path.cc:99) For utterance mark_2_8_1, best cost 381.025 + 18737.3 = 19118.3 over 620 frames.
mark_2_8_1 two eight one 
LOG (lattice-best-path:main():lattice-best-path.cc:99) For utterance mark_2_8_3, best cost 396.747 + 21975.3 = 22372 over 638 frames.
mark_2_8_3 two eight three 
LOG (lattice-best-path:main():lattice-best-path.cc:99) For utterance mark_2_8_4, best cost 374.606 + 20239.2 = 20613.8 over 614 frames.
mark_2_8_4 two eight four 
LOG (lattice-best-path:main():lattice-best-path.cc:99) For utterance mark_2_8_5, best cost 385.228 + 22387.3 = 22772.5 over 633 frames.
mark_2_8_5 two eight five 
LOG (lattice-best-path:main():lattice-best-path.cc:99) For utterance mark_2_8_6, best cost 355.1 + 19591.1 = 19946.2 over 628 frames.
mark_2_8_6 two eight six 
LOG (lattice-best-path:main():lattice-best-path.cc:99) For utterance mark_2_8_7, best cost 394.969 + 23673.2 = 24068.1 over 643 frames.
mark_2_8_7 two eight seven 
LOG (lattice-best-path:main():lattice-best-path.cc:99) For utterance mark_2_8_9, best cost 371.931 + 20425.1 = 20797 over 614 frames.
mark_2_8_9 two eight nine 
LOG (lattice-best-path:main():lattice-best-path.cc:99) For utterance mark_2_9_1, best cost 384.437 + 16181.7 = 16566.2 over 601 frames.
mark_2_9_1 two nine one 
LOG (lattice-best-path:main():lattice-best-path.cc:99) For utterance mark_2_9_3, best cost 402.226 + 18748.7 = 19150.9 over 620 frames.
mark_2_9_3 two nine three 
LOG (lattice-best-path:main():lattice-best-path.cc:99) For utterance mark_2_9_4, best cost 381.6 + 16387.6 = 16769.2 over 596 frames.
mark_2_9_4 two nine four 
LOG (lattice-best-path:main():lattice-best-path.cc:99) For utterance mark_2_9_5, best cost 389.468 + 20341.9 = 20731.4 over 614 frames.
mark_2_9_5 two nine five 
LOG (lattice-best-path:main():lattice-best-path.cc:99) For utterance mark_2_9_6, best cost 360.264 + 16628.3 = 16988.5 over 609 frames.
mark_2_9_6 two nine six 
LOG (lattice-best-path:main():lattice-best-path.cc:99) For utterance mark_2_9_7, best cost 399.723 + 17283.9 = 17683.6 over 625 frames.
mark_2_9_7 two nine seven 
LOG (lattice-best-path:main():lattice-best-path.cc:99) For utterance mark_2_9_8, best cost 341.614 + 17274.9 = 17616.5 over 614 frames.
mark_2_9_8 two nine eight 
LOG (lattice-best-path:main():lattice-best-path.cc:99) For utterance mark_3_1_2, best cost 409.483 + 24225.4 = 24634.9 over 625 frames.
mark_3_1_2 three one two 
LOG (lattice-best-path:main():lattice-best-path.cc:99) For utterance mark_3_1_4, best cost 424.299 + 19140.2 = 19564.5 over 614 frames.
mark_3_1_4 three one four 
LOG (lattice-best-path:main():lattice-best-path.cc:99) For utterance mark_3_1_5, best cost 434.921 + 21352.9 = 21787.8 over 633 frames.
mark_3_1_5 three one five 
LOG (lattice-best-path:main():lattice-best-path.cc:99) For utterance mark_3_1_6, best cost 404.633 + 19301 = 19705.6 over 628 frames.
mark_3_1_6 three one six 
LOG (lattice-best-path:main():lattice-best-path.cc:99) For utterance mark_3_1_7, best cost 444.497 + 23228.9 = 23673.4 over 643 frames.
mark_3_1_7 three one seven 
LOG (lattice-best-path:main():lattice-best-path.cc:99) For utterance mark_3_1_8, best cost 416.27 + 20458.1 = 20874.3 over 633 frames.
mark_3_1_8 three one eight 
LOG (lattice-best-path:main():lattice-best-path.cc:99) For utterance mark_3_1_9, best cost 421.624 + 19531 = 19952.6 over 614 frames.
mark_3_1_9 three one nine 
LOG (lattice-best-path:main():lattice-best-path.cc:99) For utterance mark_3_2_1, best cost 429.423 + 22417.4 = 22846.8 over 625 frames.
mark_3_2_1 three two one 
LOG (lattice-best-path:main():lattice-best-path.cc:99) For utterance mark_3_2_4, best cost 427.109 + 23442.2 = 23869.3 over 620 frames.
mark_3_2_4 three two four 
LOG (lattice-best-path:main():lattice-best-path.cc:99) For utterance mark_3_2_5, best cost 437.333 + 24642.8 = 25080.1 over 638 frames.
mark_3_2_5 three two five 
LOG (lattice-best-path:main():lattice-best-path.cc:99) For utterance mark_3_2_6, best cost 407.189 + 24175.4 = 24582.6 over 633 frames.
mark_3_2_6 three two six 
LOG (lattice-best-path:main():lattice-best-path.cc:99) For utterance mark_3_2_7, best cost 446.548 + 26050.9 = 26497.4 over 648 frames.
mark_3_2_7 three two seven 
LOG (lattice-best-path:main():lattice-best-path.cc:99) For utterance mark_3_2_8, best cost 388.796 + 23454.5 = 23843.3 over 638 frames.
mark_3_2_8 three two eight 
LOG (lattice-best-path:main():lattice-best-path.cc:99) For utterance mark_3_2_9, best cost 423.866 + 24270.5 = 24694.3 over 620 frames.
mark_3_2_9 three two nine 
LOG (lattice-best-path:main():lattice-best-path.cc:99) For utterance mark_3_4_1, best cost 425.71 + 15864.8 = 16290.5 over 614 frames.
mark_3_4_1 three four one 
LOG (lattice-best-path:main():lattice-best-path.cc:99) For utterance mark_3_4_2, best cost 406.459 + 20299.1 = 20705.6 over 620 frames.
mark_3_4_2 three four two 
LOG (lattice-best-path:main():lattice-best-path.cc:99) For utterance mark_3_4_5, best cost 431.918 + 19815.9 = 20247.8 over 628 frames.
mark_3_4_5 three four five 
LOG (lattice-best-path:main():lattice-best-path.cc:99) For utterance mark_3_4_6, best cost 401.538 + 16158.8 = 16560.3 over 622 frames.
mark_3_4_6 three four six 
LOG (lattice-best-path:main():lattice-best-path.cc:99) For utterance mark_3_4_7, best cost 440.997 + 17232 = 17673 over 638 frames.
mark_3_4_7 three four seven 
LOG (lattice-best-path:main():lattice-best-path.cc:99) For utterance mark_3_4_8, best cost 413.395 + 17144.1 = 17557.5 over 628 frames.
mark_3_4_8 three four eight 
LOG (lattice-best-path:main():lattice-best-path.cc:99) For utterance mark_3_4_9, best cost 418.753 + 16851 = 17269.7 over 609 frames.
mark_3_4_9 three four nine 
LOG (lattice-best-path:main():lattice-best-path.cc:99) For utterance mark_3_5_1, best cost 459.314 + 21875.1 = 22334.4 over 633 frames.
mark_3_5_1 three five one 
LOG (lattice-best-path:main():lattice-best-path.cc:99) For utterance mark_3_5_2, best cost 460.24 + 26554.8 = 27015 over 638 frames.
mark_3_5_2 three five two 
LOG (lattice-best-path:main():lattice-best-path.cc:99) For utterance mark_3_5_4, best cost 453.947 + 23573.5 = 24027.5 over 628 frames.
mark_3_5_4 three five four 
LOG (lattice-best-path:main():lattice-best-path.cc:99) For utterance mark_3_5_6, best cost 433.308 + 23485 = 23918.3 over 641 frames.
mark_3_5_6 three five six 
LOG (lattice-best-path:main():lattice-best-path.cc:99) For utterance mark_3_5_7, best cost 473.211 + 28482.4 = 28955.6 over 656 frames.
mark_3_5_7 three five seven 
LOG (lattice-best-path:main():lattice-best-path.cc:99) For utterance mark_3_5_8, best cost 444.72 + 24176 = 24620.8 over 646 frames.
mark_3_5_8 three five eight 
LOG (lattice-best-path:main():lattice-best-path.cc:99) For utterance mark_3_5_9, best cost 472.597 + 23647.2 = 24119.8 over 628 frames.
mark_3_5_9 three five nine 
LOG (lattice-best-path:main():lattice-best-path.cc:99) For utterance mark_3_6_1, best cost 428.296 + 17081.4 = 17509.7 over 628 frames.
mark_3_6_1 three six one 
LOG (lattice-best-path:main():lattice-best-path.cc:99) For utterance mark_3_6_2, best cost 408.718 + 21908.4 = 22317.2 over 633 frames.
mark_3_6_2 three six two 
LOG (lattice-best-path:main():lattice-best-path.cc:99) For utterance mark_3_6_4, best cost 425.042 + 17261.6 = 17686.7 over 622 frames.
mark_3_6_4 three six four 
LOG (lattice-best-path:main():lattice-best-path.cc:99) For utterance mark_3_6_5, best cost 434.389 + 21052.5 = 21486.9 over 641 frames.
mark_3_6_5 three six five 
LOG (lattice-best-path:main():lattice-best-path.cc:99) For utterance mark_3_6_7, best cost 443.46 + 18092.3 = 18535.8 over 651 frames.
mark_3_6_7 three six seven 
LOG (lattice-best-path:main():lattice-best-path.cc:99) For utterance mark_3_6_8, best cost 415.686 + 18300.1 = 18715.8 over 641 frames.
mark_3_6_8 three six eight 
LOG (lattice-best-path:main():lattice-best-path.cc:99) For utterance mark_3_6_9, best cost 421.012 + 18164.7 = 18585.7 over 622 frames.
mark_3_6_9 three six nine 
LOG (lattice-best-path:main():lattice-best-path.cc:99) For utterance mark_3_7_1, best cost 441.518 + 15327.1 = 15768.6 over 643 frames.
mark_3_7_1 three seven one 
LOG (lattice-best-path:main():lattice-best-path.cc:99) For utterance mark_3_7_2, best cost 423.79 + 16953.2 = 17377 over 648 frames.
mark_3_7_2 three seven two 
LOG (lattice-best-path:main():lattice-best-path.cc:99) For utterance mark_3_7_4, best cost 439.204 + 14952.3 = 15391.5 over 638 frames.
mark_3_7_4 three seven four 
LOG (lattice-best-path:main():lattice-best-path.cc:99) For utterance mark_3_7_5, best cost 448.122 + 18462.2 = 18910.3 over 656 frames.
mark_3_7_5 three seven five 
LOG (lattice-best-path:main():lattice-best-path.cc:99) For utterance mark_3_7_6, best cost 419.356 + 15520.8 = 15940.2 over 651 frames.
mark_3_7_6 three seven six 
LOG (lattice-best-path:main():lattice-best-path.cc:99) For utterance mark_3_7_8, best cost 400.89 + 15007.1 = 15408 over 656 frames.
mark_3_7_8 three seven eight 
LOG (lattice-best-path:main():lattice-best-path.cc:99) For utterance mark_3_7_9, best cost 435.764 + 16596.9 = 17032.7 over 638 frames.
mark_3_7_9 three seven nine 
LOG (lattice-best-path:main():lattice-best-path.cc:99) For utterance mark_3_8_1, best cost 418.162 + 19221.5 = 19639.7 over 633 frames.
mark_3_8_1 three eight one 
LOG (lattice-best-path:main():lattice-best-path.cc:99) For utterance mark_3_8_2, best cost 396.927 + 23924.7 = 24321.7 over 638 frames.
mark_3_8_2 three eight two 
LOG (lattice-best-path:main():lattice-best-path.cc:99) For utterance mark_3_8_4, best cost 412.795 + 20548.2 = 20961 over 628 frames.
mark_3_8_4 three eight four 
LOG (lattice-best-path:main():lattice-best-path.cc:99) For utterance mark_3_8_5, best cost 422.365 + 22437 = 22859.4 over 646 frames.
mark_3_8_5 three eight five 
LOG (lattice-best-path:main():lattice-best-path.cc:99) For utterance mark_3_8_6, best cost 392.237 + 20930.3 = 21322.5 over 641 frames.
mark_3_8_6 three eight six 
LOG (lattice-best-path:main():lattice-best-path.cc:99) For utterance mark_3_8_7, best cost 432.204 + 26036.7 = 26468.9 over 656 frames.
mark_3_8_7 three eight seven 
LOG (lattice-best-path:main():lattice-best-path.cc:99) For utterance mark_3_8_9, best cost 409.123 + 21159.3 = 21568.4 over 628 frames.
mark_3_8_9 three eight nine 
LOG (lattice-best-path:main():lattice-best-path.cc:99) For utterance mark_3_9_1, best cost 443.912 + 16773 = 17216.9 over 614 frames.
mark_3_9_1 three nine one 
LOG (lattice-best-path:main():lattice-best-path.cc:99) For utterance mark_3_9_2, best cost 424.661 + 21509.2 = 21933.9 over 620 frames.
mark_3_9_2 three nine two 
LOG (lattice-best-path:main():lattice-best-path.cc:99) For utterance mark_3_9_4, best cost 440.934 + 17334.9 = 17775.8 over 609 frames.
mark_3_9_4 three nine four 
LOG (lattice-best-path:main():lattice-best-path.cc:99) For utterance mark_3_9_5, best cost 450.12 + 20972.4 = 21422.6 over 628 frames.
mark_3_9_5 three nine five 
LOG (lattice-best-path:main():lattice-best-path.cc:99) For utterance mark_3_9_6, best cost 419.74 + 17088.3 = 17508.1 over 622 frames.
mark_3_9_6 three nine six 
LOG (lattice-best-path:main():lattice-best-path.cc:99) For utterance mark_3_9_7, best cost 459.199 + 17656.1 = 18115.3 over 638 frames.
mark_3_9_7 three nine seven 
LOG (lattice-best-path:main():lattice-best-path.cc:99) For utterance mark_3_9_8, best cost 431.565 + 18261.9 = 18693.4 over 628 frames.
mark_3_9_8 three nine eight 
LOG (lattice-best-path:main():lattice-best-path.cc:99) For utterance mark_4_1_2, best cost 384.131 + 10624.1 = 11008.2 over 601 frames.
mark_4_1_2 four one two 
LOG (lattice-best-path:main():lattice-best-path.cc:99) For utterance mark_4_1_3, best cost 421.715 + 10398.2 = 10819.9 over 614 frames.
mark_4_1_3 four one three 
LOG (lattice-best-path:main():lattice-best-path.cc:99) For utterance mark_4_1_5, best cost 409.014 + 11382.9 = 11791.9 over 609 frames.
mark_4_1_5 four one five 
LOG (lattice-best-path:main():lattice-best-path.cc:99) For utterance mark_4_1_6, best cost 379.772 + 8438.35 = 8818.12 over 604 frames.
mark_4_1_6 four one six 
LOG (lattice-best-path:main():lattice-best-path.cc:99) For utterance mark_4_1_7, best cost 419.362 + 9571.91 = 9991.27 over 620 frames.
mark_4_1_7 four one seven 
LOG (lattice-best-path:main():lattice-best-path.cc:99) For utterance mark_4_1_8, best cost 361.344 + 7907.46 = 8268.8 over 609 frames.
mark_4_1_8 four one eight 
LOG (lattice-best-path:main():lattice-best-path.cc:99) For utterance mark_4_1_9, best cost 396.273 + 9954.7 = 10351 over 591 frames.
mark_4_1_9 four one nine 
LOG (lattice-best-path:main():lattice-best-path.cc:99) For utterance mark_4_2_1, best cost 386.885 + 12580 = 12966.9 over 601 frames.
mark_4_2_1 four two one 
LOG (lattice-best-path:main():lattice-best-path.cc:99) For utterance mark_4_2_3, best cost 404.674 + 14621.6 = 15026.3 over 620 frames.
mark_4_2_3 four two three 
LOG (lattice-best-path:main():lattice-best-path.cc:99) For utterance mark_4_2_5, best cost 392.852 + 16324.7 = 16717.5 over 614 frames.
mark_4_2_5 four two five 
LOG (lattice-best-path:main():lattice-best-path.cc:99) For utterance mark_4_2_6, best cost 362.694 + 12727.8 = 13090.5 over 609 frames.
mark_4_2_6 four two six 
LOG (lattice-best-path:main():lattice-best-path.cc:99) For utterance mark_4_2_7, best cost 402.164 + 13804.5 = 14206.7 over 625 frames.
mark_4_2_7 four two seven 
LOG (lattice-best-path:main():lattice-best-path.cc:99) For utterance mark_4_2_8, best cost 344.063 + 13476.5 = 13820.6 over 614 frames.
mark_4_2_8 four two eight 
LOG (lattice-best-path:main():lattice-best-path.cc:99) For utterance mark_4_2_9, best cost 378.992 + 14397.6 = 14776.6 over 596 frames.
mark_4_2_9 four two nine 
LOG (lattice-best-path:main():lattice-best-path.cc:99) For utterance mark_4_3_1, best cost 424.039 + 12822.1 = 13246.2 over 614 frames.
mark_4_3_1 four three one 
LOG (lattice-best-path:main():lattice-best-path.cc:99) For utterance mark_4_3_2, best cost 427.109 + 17003.7 = 17430.8 over 620 frames.
mark_4_3_2 four three two 
LOG (lattice-best-path:main():lattice-best-path.cc:99) For utterance mark_4_3_5, best cost 452.568 + 16708.4 = 17161 over 628 frames.
mark_4_3_5 four three five 
LOG (lattice-best-path:main():lattice-best-path.cc:99) For utterance mark_4_3_6, best cost 399.75 + 13092.7 = 13492.4 over 622 frames.
mark_4_3_6 four three six 
LOG (lattice-best-path:main():lattice-best-path.cc:99) For utterance mark_4_3_7, best cost 439.204 + 13207.5 = 13646.7 over 638 frames.
mark_4_3_7 four three seven 
LOG (lattice-best-path:main():lattice-best-path.cc:99) For utterance mark_4_3_8, best cost 411.707 + 13899.9 = 14311.6 over 628 frames.
mark_4_3_8 four three eight 
LOG (lattice-best-path:main():lattice-best-path.cc:99) For utterance mark_4_3_9, best cost 439.403 + 14255.4 = 14694.8 over 609 frames.
mark_4_3_9 four three nine 
LOG (lattice-best-path:main():lattice-best-path.cc:99) For utterance mark_4_5_1, best cost 409.143 + 12953 = 13362.1 over 609 frames.
mark_4_5_1 four five one 
LOG (lattice-best-path:main():lattice-best-path.cc:99) For utterance mark_4_5_2, best cost 413.766 + 14604.8 = 15018.6 over 614 frames.
mark_4_5_2 four five two 
LOG (lattice-best-path:main():lattice-best-path.cc:99) For utterance mark_4_5_3, best cost 429.127 + 15204 = 15633.1 over 628 frames.
mark_4_5_3 four five three 
LOG (lattice-best-path:main():lattice-best-path.cc:99) For utterance mark_4_5_6, best cost 386.949 + 12581.9 = 12968.8 over 617 frames.
mark_4_5_6 four five six 
LOG (lattice-best-path:main():lattice-best-path.cc:99) For utterance mark_4_5_7, best cost 426.492 + 13369.7 = 13796.1 over 633 frames.
mark_4_5_7 four five seven 
LOG (lattice-best-path:main():lattice-best-path.cc:99) For utterance mark_4_5_8, best cost 368.532 + 12622.4 = 12990.9 over 622 frames.
mark_4_5_8 four five eight 
LOG (lattice-best-path:main():lattice-best-path.cc:99) For utterance mark_4_5_9, best cost 425.909 + 13864.7 = 14290.6 over 604 frames.
mark_4_5_9 four five nine 
LOG (lattice-best-path:main():lattice-best-path.cc:99) For utterance mark_4_6_1, best cost 403.568 + 9419.45 = 9823.02 over 604 frames.
mark_4_6_1 four six one 
LOG (lattice-best-path:main():lattice-best-path.cc:99) For utterance mark_4_6_2, best cost 385.728 + 12213.8 = 12599.5 over 609 frames.
mark_4_6_2 four six two 
LOG (lattice-best-path:main():lattice-best-path.cc:99) For utterance mark_4_6_3, best cost 423.311 + 12199.3 = 12622.6 over 622 frames.
mark_4_6_3 four six three 
LOG (lattice-best-path:main():lattice-best-path.cc:99) For utterance mark_4_6_5, best cost 410.611 + 13401.2 = 13811.8 over 617 frames.
mark_4_6_5 four six five 
LOG (lattice-best-path:main():lattice-best-path.cc:99) For utterance mark_4_6_7, best cost 421.054 + 12281.9 = 12703 over 628 frames.
mark_4_6_7 four six seven 
LOG (lattice-best-path:main():lattice-best-path.cc:99) For utterance mark_4_6_8, best cost 362.94 + 10057.4 = 10420.3 over 617 frames.
mark_4_6_8 four six eight 
LOG (lattice-best-path:main():lattice-best-path.cc:99) For utterance mark_4_6_9, best cost 397.87 + 12108.5 = 12506.4 over 599 frames.
mark_4_6_9 four six nine 
LOG (lattice-best-path:main():lattice-best-path.cc:99) For utterance mark_4_7_1, best cost 423.543 + 14767.5 = 15191.1 over 620 frames.
mark_4_7_1 four seven one 
LOG (lattice-best-path:main():lattice-best-path.cc:99) For utterance mark_4_7_2, best cost 402.449 + 20948.7 = 21351.1 over 625 frames.
mark_4_7_2 four seven two 
LOG (lattice-best-path:main():lattice-best-path.cc:99) For utterance mark_4_7_3, best cost 439.265 + 17712.2 = 18151.4 over 638 frames.
mark_4_7_3 four seven three 
LOG (lattice-best-path:main():lattice-best-path.cc:99) For utterance mark_4_7_5, best cost 427.865 + 18525.2 = 18953 over 633 frames.
mark_4_7_5 four seven five 
LOG (lattice-best-path:main():lattice-best-path.cc:99) For utterance mark_4_7_6, best cost 397.582 + 15336 = 15733.6 over 628 frames.
mark_4_7_6 four seven six 
LOG (lattice-best-path:main():lattice-best-path.cc:99) For utterance mark_4_7_8, best cost 409.094 + 17269.2 = 17678.3 over 633 frames.
mark_4_7_8 four seven eight 
LOG (lattice-best-path:main():lattice-best-path.cc:99) For utterance mark_4_7_9, best cost 414.505 + 16091.8 = 16506.3 over 614 frames.
mark_4_7_9 four seven nine 
LOG (lattice-best-path:main():lattice-best-path.cc:99) For utterance mark_4_8_1, best cost 388.827 + 9422.86 = 9811.69 over 609 frames.
mark_4_8_1 four eight one 
LOG (lattice-best-path:main():lattice-best-path.cc:99) For utterance mark_4_8_2, best cost 370.986 + 10932.6 = 11303.6 over 614 frames.
mark_4_8_2 four eight two 
LOG (lattice-best-path:main():lattice-best-path.cc:99) For utterance mark_4_8_3, best cost 408.81 + 11286.8 = 11695.6 over 628 frames.
mark_4_8_3 four eight three 
LOG (lattice-best-path:main():lattice-best-path.cc:99) For utterance mark_4_8_5, best cost 395.487 + 12436.9 = 12832.4 over 622 frames.
mark_4_8_5 four eight five 
LOG (lattice-best-path:main():lattice-best-path.cc:99) For utterance mark_4_8_6, best cost 366.662 + 9314.63 = 9681.3 over 617 frames.
mark_4_8_6 four eight six 
LOG (lattice-best-path:main():lattice-best-path.cc:99) For utterance mark_4_8_7, best cost 406.336 + 9539.21 = 9945.54 over 633 frames.
mark_4_8_7 four eight seven 
LOG (lattice-best-path:main():lattice-best-path.cc:99) For utterance mark_4_8_9, best cost 383.128 + 10431.2 = 10814.4 over 604 frames.
mark_4_8_9 four eight nine 
LOG (lattice-best-path:main():lattice-best-path.cc:99) For utterance mark_4_9_1, best cost 396.273 + 12503.1 = 12899.3 over 591 frames.
mark_4_9_1 four nine one 
LOG (lattice-best-path:main():lattice-best-path.cc:99) For utterance mark_4_9_2, best cost 378.864 + 14499.6 = 14878.5 over 596 frames.
mark_4_9_2 four nine two 
LOG (lattice-best-path:main():lattice-best-path.cc:99) For utterance mark_4_9_3, best cost 416.016 + 15389.4 = 15805.4 over 609 frames.
mark_4_9_3 four nine three 
LOG (lattice-best-path:main():lattice-best-path.cc:99) For utterance mark_4_9_5, best cost 403.316 + 15668.2 = 16071.5 over 604 frames.
mark_4_9_5 four nine five 
LOG (lattice-best-path:main():lattice-best-path.cc:99) For utterance mark_4_9_6, best cost 374.144 + 13843.3 = 14217.4 over 599 frames.
mark_4_9_6 four nine six 
LOG (lattice-best-path:main():lattice-best-path.cc:99) For utterance mark_4_9_7, best cost 413.479 + 15107.9 = 15521.4 over 614 frames.
mark_4_9_7 four nine seven 
LOG (lattice-best-path:main():lattice-best-path.cc:99) For utterance mark_4_9_8, best cost 355.645 + 13350.6 = 13706.2 over 604 frames.
mark_4_9_8 four nine eight 
LOG (lattice-best-path:main():lattice-best-path.cc:99) For utterance mark_5_1_2, best cost 394.401 + 19712.6 = 20107 over 620 frames.
mark_5_1_2 five one two 
LOG (lattice-best-path:main():lattice-best-path.cc:99) For utterance mark_5_1_3, best cost 432.009 + 18361.9 = 18793.9 over 633 frames.
mark_5_1_3 five one three 
LOG (lattice-best-path:main():lattice-best-path.cc:99) For utterance mark_5_1_4, best cost 410.674 + 15614.1 = 16024.8 over 609 frames.
mark_5_1_4 five one four 
LOG (lattice-best-path:main():lattice-best-path.cc:99) For utterance mark_5_1_6, best cost 389.319 + 15917.6 = 16306.9 over 622 frames.
mark_5_1_6 five one six 
LOG (lattice-best-path:main():lattice-best-path.cc:99) For utterance mark_5_1_7, best cost 428.938 + 16127.9 = 16556.8 over 638 frames.
mark_5_1_7 five one seven 
LOG (lattice-best-path:main():lattice-best-path.cc:99) For utterance mark_5_1_8, best cost 401.337 + 16749.6 = 17150.9 over 628 frames.
mark_5_1_8 five one eight 
LOG (lattice-best-path:main():lattice-best-path.cc:99) For utterance mark_5_1_9, best cost 406.695 + 17125.9 = 17532.6 over 609 frames.
mark_5_1_9 five one nine 
LOG (lattice-best-path:main():lattice-best-path.cc:99) For utterance mark_5_2_1, best cost 421.005 + 20494.8 = 20915.8 over 620 frames.
mark_5_2_1 five two one 
LOG (lattice-best-path:main():lattice-best-path.cc:99) For utterance mark_5_2_3, best cost 436.727 + 23101.4 = 23538.1 over 638 frames.
mark_5_2_3 five two three 
LOG (lattice-best-path:main():lattice-best-path.cc:99) For utterance mark_5_2_4, best cost 414.586 + 21297.7 = 21712.3 over 614 frames.
mark_5_2_4 five two four 
LOG (lattice-best-path:main():lattice-best-path.cc:99) For utterance mark_5_2_6, best cost 395.026 + 20936.6 = 21331.6 over 628 frames.
mark_5_2_6 five two six 
LOG (lattice-best-path:main():lattice-best-path.cc:99) For utterance mark_5_2_7, best cost 434.942 + 25073.7 = 25508.6 over 643 frames.
mark_5_2_7 five two seven 
LOG (lattice-best-path:main():lattice-best-path.cc:99) For utterance mark_5_2_8, best cost 406.557 + 22152.8 = 22559.4 over 633 frames.
mark_5_2_8 five two eight 
LOG (lattice-best-path:main():lattice-best-path.cc:99) For utterance mark_5_2_9, best cost 411.911 + 21769.1 = 22181 over 614 frames.
mark_5_2_9 five two nine 
LOG (lattice-best-path:main():lattice-best-path.cc:99) For utterance mark_5_3_1, best cost 435.711 + 19315.3 = 19751 over 633 frames.
mark_5_3_1 five three one 
LOG (lattice-best-path:main():lattice-best-path.cc:99) For utterance mark_5_3_2, best cost 436.657 + 23833.6 = 24270.3 over 638 frames.
mark_5_3_2 five three two 
LOG (lattice-best-path:main():lattice-best-path.cc:99) For utterance mark_5_3_4, best cost 430.344 + 20503.9 = 20934.3 over 628 frames.
mark_5_3_4 five three four 
LOG (lattice-best-path:main():lattice-best-path.cc:99) For utterance mark_5_3_6, best cost 409.705 + 21274 = 21683.7 over 641 frames.
mark_5_3_6 five three six 
LOG (lattice-best-path:main():lattice-best-path.cc:99) For utterance mark_5_3_7, best cost 449.496 + 26063.6 = 26513.1 over 656 frames.
mark_5_3_7 five three seven 
LOG (lattice-best-path:main():lattice-best-path.cc:99) For utterance mark_5_3_8, best cost 421.279 + 21738 = 22159.3 over 646 frames.
mark_5_3_8 five three eight 
LOG (lattice-best-path:main():lattice-best-path.cc:99) For utterance mark_5_3_9, best cost 449.022 + 21738.7 = 22187.8 over 628 frames.
mark_5_3_9 five three nine 
LOG (lattice-best-path:main():lattice-best-path.cc:99) For utterance mark_5_4_1, best cost 409.143 + 13294.1 = 13703.3 over 609 frames.
mark_5_4_1 five four one 
LOG (lattice-best-path:main():lattice-best-path.cc:99) For utterance mark_5_4_2, best cost 391.303 + 15406 = 15797.3 over 614 frames.
mark_5_4_2 five four two 
LOG (lattice-best-path:main():lattice-best-path.cc:99) For utterance mark_5_4_3, best cost 429.127 + 15713.6 = 16142.7 over 628 frames.
mark_5_4_3 five four three 
LOG (lattice-best-path:main():lattice-best-path.cc:99) For utterance mark_5_4_6, best cost 387.013 + 13452.3 = 13839.4 over 617 frames.
mark_5_4_6 five four six 
LOG (lattice-best-path:main():lattice-best-path.cc:99) For utterance mark_5_4_7, best cost 426.653 + 13306.6 = 13733.3 over 633 frames.
mark_5_4_7 five four seven 
LOG (lattice-best-path:main():lattice-best-path.cc:99) For utterance mark_5_4_8, best cost 368.515 + 13518 = 13886.5 over 622 frames.
mark_5_4_8 five four eight 
LOG (lattice-best-path:main():lattice-best-path.cc:99) For utterance mark_5_4_9, best cost 403.445 + 14621.3 = 15024.7 over 604 frames.
mark_5_4_9 five four nine 
LOG (lattice-best-path:main():lattice-best-path.cc:99) For utterance mark_5_6_1, best cost 412.922 + 14455 = 14867.9 over 622 frames.
mark_5_6_1 five six one 
LOG (lattice-best-path:main():lattice-best-path.cc:99) For utterance mark_5_6_2, best cost 395.916 + 16171.7 = 16567.6 over 628 frames.
mark_5_6_2 five six two 
LOG (lattice-best-path:main():lattice-best-path.cc:99) For utterance mark_5_6_3, best cost 432.957 + 16053.4 = 16486.3 over 641 frames.
mark_5_6_3 five six three 
LOG (lattice-best-path:main():lattice-best-path.cc:99) For utterance mark_5_6_4, best cost 410.659 + 13726.2 = 14136.9 over 617 frames.
mark_5_6_4 five six four 
LOG (lattice-best-path:main():lattice-best-path.cc:99) For utterance mark_5_6_7, best cost 430.432 + 14705.9 = 15136.4 over 646 frames.
mark_5_6_7 five six seven 
LOG (lattice-best-path:main():lattice-best-path.cc:99) For utterance mark_5_6_8, best cost 372.345 + 14921 = 15293.4 over 635 frames.
mark_5_6_8 five six eight 
LOG (lattice-best-path:main():lattice-best-path.cc:99) For utterance mark_5_6_9, best cost 407.224 + 15725.4 = 16132.6 over 617 frames.
mark_5_6_9 five six nine 
LOG (lattice-best-path:main():lattice-best-path.cc:99) For utterance mark_5_7_1, best cost 428.806 + 14485.3 = 14914.1 over 638 frames.
mark_5_7_1 five seven one 
LOG (lattice-best-path:main():lattice-best-path.cc:99) For utterance mark_5_7_2, best cost 411.453 + 17352.2 = 17763.7 over 643 frames.
mark_5_7_2 five seven two 
LOG (lattice-best-path:main():lattice-best-path.cc:99) For utterance mark_5_7_3, best cost 448.549 + 17733.7 = 18182.2 over 656 frames.
mark_5_7_3 five seven three 
LOG (lattice-best-path:main():lattice-best-path.cc:99) For utterance mark_5_7_4, best cost 426.492 + 16194 = 16620.5 over 633 frames.
mark_5_7_4 five seven four 
LOG (lattice-best-path:main():lattice-best-path.cc:99) For utterance mark_5_7_6, best cost 406.607 + 16725.8 = 17132.4 over 646 frames.
mark_5_7_6 five seven six 
LOG (lattice-best-path:main():lattice-best-path.cc:99) For utterance mark_5_7_8, best cost 388.179 + 15351.4 = 15739.6 over 651 frames.
mark_5_7_8 five seven eight 
LOG (lattice-best-path:main():lattice-best-path.cc:99) For utterance mark_5_7_9, best cost 423.25 + 17224 = 17647.3 over 633 frames.
mark_5_7_9 five seven nine 
LOG (lattice-best-path:main():lattice-best-path.cc:99) For utterance mark_5_8_1, best cost 400.748 + 16971.2 = 17372 over 628 frames.
mark_5_8_1 five eight one 
LOG (lattice-best-path:main():lattice-best-path.cc:99) For utterance mark_5_8_2, best cost 381.272 + 22349.6 = 22730.9 over 633 frames.
mark_5_8_2 five eight two 
LOG (lattice-best-path:main():lattice-best-path.cc:99) For utterance mark_5_8_3, best cost 419.028 + 20852.3 = 21271.3 over 646 frames.
mark_5_8_3 five eight three 
LOG (lattice-best-path:main():lattice-best-path.cc:99) For utterance mark_5_8_4, best cost 397.544 + 17097.5 = 17495 over 622 frames.
mark_5_8_4 five eight four 
LOG (lattice-best-path:main():lattice-best-path.cc:99) For utterance mark_5_8_6, best cost 376.35 + 16971.3 = 17347.6 over 635 frames.
mark_5_8_6 five eight six 
LOG (lattice-best-path:main():lattice-best-path.cc:99) For utterance mark_5_8_7, best cost 415.809 + 17946.7 = 18362.5 over 651 frames.
mark_5_8_7 five eight seven 
LOG (lattice-best-path:main():lattice-best-path.cc:99) For utterance mark_5_8_9, best cost 393.566 + 18118.5 = 18512.1 over 622 frames.
mark_5_8_9 five eight nine 
LOG (lattice-best-path:main():lattice-best-path.cc:99) For utterance mark_5_9_1, best cost 428.223 + 15504.1 = 15932.3 over 609 frames.
mark_5_9_1 five nine one 
LOG (lattice-best-path:main():lattice-best-path.cc:99) For utterance mark_5_9_2, best cost 410.382 + 16994.9 = 17405.2 over 614 frames.
mark_5_9_2 five nine two 
LOG (lattice-best-path:main():lattice-best-path.cc:99) For utterance mark_5_9_3, best cost 448.206 + 17716.1 = 18164.3 over 628 frames.
mark_5_9_3 five nine three 
LOG (lattice-best-path:main():lattice-best-path.cc:99) For utterance mark_5_9_4, best cost 425.908 + 14907.7 = 15333.6 over 604 frames.
mark_5_9_4 five nine four 
LOG (lattice-best-path:main():lattice-best-path.cc:99) For utterance mark_5_9_6, best cost 406.058 + 15277.1 = 15683.2 over 617 frames.
mark_5_9_6 five nine six 
LOG (lattice-best-path:main():lattice-best-path.cc:99) For utterance mark_5_9_7, best cost 445.692 + 15595 = 16040.7 over 633 frames.
mark_5_9_7 five nine seven 
LOG (lattice-best-path:main():lattice-best-path.cc:99) For utterance mark_5_9_8, best cost 387.595 + 15380.9 = 15768.5 over 622 frames.
mark_5_9_8 five nine eight 
LOG (lattice-best-path:main():lattice-best-path.cc:99) For utterance mark_6_1_2, best cost 364.281 + 9192.24 = 9556.52 over 614 frames.
mark_6_1_2 six one two 
LOG (lattice-best-path:main():lattice-best-path.cc:99) For utterance mark_6_1_3, best cost 402.105 + 9803.32 = 10205.4 over 628 frames.
mark_6_1_3 six one three 
LOG (lattice-best-path:main():lattice-best-path.cc:99) For utterance mark_6_1_4, best cost 379.807 + 6669.75 = 7049.56 over 604 frames.
mark_6_1_4 six one four 
LOG (lattice-best-path:main():lattice-best-path.cc:99) For utterance mark_6_1_5, best cost 388.782 + 10806.2 = 11195 over 622 frames.
mark_6_1_5 six one five 
LOG (lattice-best-path:main():lattice-best-path.cc:99) For utterance mark_6_1_7, best cost 399.551 + 7277.38 = 7676.93 over 633 frames.
mark_6_1_7 six one seven 
LOG (lattice-best-path:main():lattice-best-path.cc:99) For utterance mark_6_1_8, best cost 341.493 + 7310.56 = 7652.05 over 622 frames.
mark_6_1_8 six one eight 
LOG (lattice-best-path:main():lattice-best-path.cc:99) For utterance mark_6_1_9, best cost 376.423 + 8573.45 = 8949.87 over 604 frames.
mark_6_1_9 six one nine 
LOG (lattice-best-path:main():lattice-best-path.cc:99) For utterance mark_6_2_1, best cost 367.035 + 11664.5 = 12031.5 over 614 frames.
mark_6_2_1 six two one 
LOG (lattice-best-path:main():lattice-best-path.cc:99) For utterance mark_6_2_3, best cost 385.391 + 14616.8 = 15002.1 over 633 frames.
mark_6_2_3 six two three 
LOG (lattice-best-path:main():lattice-best-path.cc:99) For utterance mark_6_2_4, best cost 364.056 + 11561.3 = 11925.4 over 609 frames.
mark_6_2_4 six two four 
LOG (lattice-best-path:main():lattice-best-path.cc:99) For utterance mark_6_2_5, best cost 373.242 + 15361.4 = 15734.6 over 628 frames.
mark_6_2_5 six two five 
LOG (lattice-best-path:main():lattice-best-path.cc:99) For utterance mark_6_2_7, best cost 382.241 + 12603.7 = 12985.9 over 638 frames.
mark_6_2_7 six two seven 
LOG (lattice-best-path:main():lattice-best-path.cc:99) For utterance mark_6_2_8, best cost 354.719 + 12651.1 = 13005.8 over 628 frames.
mark_6_2_8 six two eight 
LOG (lattice-best-path:main():lattice-best-path.cc:99) For utterance mark_6_2_9, best cost 360.077 + 12877.8 = 13237.9 over 609 frames.
mark_6_2_9 six two nine 
LOG (lattice-best-path:main():lattice-best-path.cc:99) For utterance mark_6_3_1, best cost 404.413 + 11862.9 = 12267.3 over 628 frames.
mark_6_3_1 six three one 
LOG (lattice-best-path:main():lattice-best-path.cc:99) For utterance mark_6_3_2, best cost 407.259 + 17117.2 = 17524.4 over 633 frames.
mark_6_3_2 six three two 
LOG (lattice-best-path:main():lattice-best-path.cc:99) For utterance mark_6_3_4, best cost 401.351 + 11855.9 = 12257.2 over 622 frames.
mark_6_3_4 six three four 
LOG (lattice-best-path:main():lattice-best-path.cc:99) For utterance mark_6_3_5, best cost 432.718 + 16369.2 = 16801.9 over 641 frames.
mark_6_3_5 six three five 
LOG (lattice-best-path:main():lattice-best-path.cc:99) For utterance mark_6_3_7, best cost 419.354 + 12948.5 = 13367.8 over 651 frames.
mark_6_3_7 six three seven 
LOG (lattice-best-path:main():lattice-best-path.cc:99) For utterance mark_6_3_8, best cost 391.856 + 13623.8 = 14015.6 over 641 frames.
mark_6_3_8 six three eight 
LOG (lattice-best-path:main():lattice-best-path.cc:99) For utterance mark_6_3_9, best cost 419.553 + 13301.1 = 13720.6 over 622 frames.
mark_6_3_9 six three nine 
LOG (lattice-best-path:main():lattice-best-path.cc:99) For utterance mark_6_4_1, best cost 379.807 + 6883.86 = 7263.66 over 604 frames.
mark_6_4_1 six four one 
LOG (lattice-best-path:main():lattice-best-path.cc:99) For utterance mark_6_4_2, best cost 361.967 + 9374.38 = 9736.35 over 609 frames.
mark_6_4_2 six four two 
LOG (lattice-best-path:main():lattice-best-path.cc:99) For utterance mark_6_4_3, best cost 399.55 + 9393.55 = 9793.1 over 622 frames.
mark_6_4_3 six four three 
LOG (lattice-best-path:main():lattice-best-path.cc:99) For utterance mark_6_4_5, best cost 386.85 + 11230.3 = 11617.1 over 617 frames.
mark_6_4_5 six four five 
LOG (lattice-best-path:main():lattice-best-path.cc:99) For utterance mark_6_4_7, best cost 397.237 + 9703.93 = 10101.2 over 628 frames.
mark_6_4_7 six four seven 
LOG (lattice-best-path:main():lattice-best-path.cc:99) For utterance mark_6_4_8, best cost 339.179 + 7502.03 = 7841.21 over 617 frames.
mark_6_4_8 six four eight 
LOG (lattice-best-path:main():lattice-best-path.cc:99) For utterance mark_6_4_9, best cost 374.109 + 9573.49 = 9947.59 over 599 frames.
mark_6_4_9 six four nine 
LOG (lattice-best-path:main():lattice-best-path.cc:99) For utterance mark_6_5_1, best cost 389.293 + 11817.1 = 12206.4 over 622 frames.
mark_6_5_1 six five one 
LOG (lattice-best-path:main():lattice-best-path.cc:99) For utterance mark_6_5_2, best cost 394.7 + 14361.8 = 14756.5 over 628 frames.
mark_6_5_2 six five two 
LOG (lattice-best-path:main():lattice-best-path.cc:99) For utterance mark_6_5_3, best cost 409.276 + 14183.8 = 14593.1 over 641 frames.
mark_6_5_3 six five three 
LOG (lattice-best-path:main():lattice-best-path.cc:99) For utterance mark_6_5_4, best cost 386.979 + 11102.8 = 11489.8 over 617 frames.
mark_6_5_4 six five four 
LOG (lattice-best-path:main():lattice-best-path.cc:99) For utterance mark_6_5_7, best cost 406.698 + 11997.8 = 12404.5 over 646 frames.
mark_6_5_7 six five seven 
LOG (lattice-best-path:main():lattice-best-path.cc:99) For utterance mark_6_5_8, best cost 348.681 + 12649.3 = 12997.9 over 635 frames.
mark_6_5_8 six five eight 
LOG (lattice-best-path:main():lattice-best-path.cc:99) For utterance mark_6_5_9, best cost 406.058 + 13128.7 = 13534.8 over 617 frames.
mark_6_5_9 six five nine 
LOG (lattice-best-path:main():lattice-best-path.cc:99) For utterance mark_6_7_1, best cost 403.772 + 12463 = 12866.8 over 633 frames.
mark_6_7_1 six seven one 
LOG (lattice-best-path:main():lattice-best-path.cc:99) For utterance mark_6_7_2, best cost 382.537 + 17017.6 = 17400.1 over 638 frames.
mark_6_7_2 six seven two 
LOG (lattice-best-path:main():lattice-best-path.cc:99) For utterance mark_6_7_3, best cost 419.454 + 15422.7 = 15842.2 over 651 frames.
mark_6_7_3 six seven three 
LOG (lattice-best-path:main():lattice-best-path.cc:99) For utterance mark_6_7_4, best cost 398.365 + 14031.9 = 14430.3 over 628 frames.
mark_6_7_4 six seven four 
LOG (lattice-best-path:main():lattice-best-path.cc:99) For utterance mark_6_7_5, best cost 407.868 + 15846 = 16253.9 over 646 frames.
mark_6_7_5 six seven five 
LOG (lattice-best-path:main():lattice-best-path.cc:99) For utterance mark_6_7_8, best cost 389.283 + 14940.3 = 15329.6 over 646 frames.
mark_6_7_8 six seven eight 
LOG (lattice-best-path:main():lattice-best-path.cc:99) For utterance mark_6_7_9, best cost 394.693 + 14647.8 = 15042.5 over 628 frames.
mark_6_7_9 six seven nine 
LOG (lattice-best-path:main():lattice-best-path.cc:99) For utterance mark_6_8_1, best cost 368.976 + 7891.3 = 8260.28 over 622 frames.
mark_6_8_1 six eight one 
LOG (lattice-best-path:main():lattice-best-path.cc:99) For utterance mark_6_8_2, best cost 351.919 + 9433.42 = 9785.33 over 628 frames.
mark_6_8_2 six eight two 
LOG (lattice-best-path:main():lattice-best-path.cc:99) For utterance mark_6_8_3, best cost 388.96 + 9966.35 = 10355.3 over 641 frames.
mark_6_8_3 six eight three 
LOG (lattice-best-path:main():lattice-best-path.cc:99) For utterance mark_6_8_4, best cost 366.662 + 6841.64 = 7208.3 over 617 frames.
mark_6_8_4 six eight four 
LOG (lattice-best-path:main():lattice-best-path.cc:99) For utterance mark_6_8_5, best cost 375.637 + 11105.5 = 11481.1 over 635 frames.
mark_6_8_5 six eight five 
LOG (lattice-best-path:main():lattice-best-path.cc:99) For utterance mark_6_8_7, best cost 386.406 + 8013.26 = 8399.66 over 646 frames.
mark_6_8_7 six eight seven 
LOG (lattice-best-path:main():lattice-best-path.cc:99) For utterance mark_6_8_9, best cost 363.278 + 8956.99 = 9320.26 over 617 frames.
mark_6_8_9 six eight nine 
LOG (lattice-best-path:main():lattice-best-path.cc:99) For utterance mark_6_9_1, best cost 376.423 + 9076.65 = 9453.07 over 604 frames.
mark_6_9_1 six nine one 
LOG (lattice-best-path:main():lattice-best-path.cc:99) For utterance mark_6_9_2, best cost 358.582 + 12084.5 = 12443.1 over 609 frames.
mark_6_9_2 six nine two 
LOG (lattice-best-path:main():lattice-best-path.cc:99) For utterance mark_6_9_3, best cost 396.166 + 11927 = 12323.2 over 622 frames.
mark_6_9_3 six nine three 
LOG (lattice-best-path:main():lattice-best-path.cc:99) For utterance mark_6_9_4, best cost 374.109 + 10410 = 10784.1 over 599 frames.
mark_6_9_4 six nine four 
LOG (lattice-best-path:main():lattice-best-path.cc:99) For utterance mark_6_9_5, best cost 383.465 + 12845.3 = 13228.8 over 617 frames.
mark_6_9_5 six nine five 
LOG (lattice-best-path:main():lattice-best-path.cc:99) For utterance mark_6_9_7, best cost 393.893 + 11681.8 = 12075.6 over 628 frames.
mark_6_9_7 six nine seven 
LOG (lattice-best-path:main():lattice-best-path.cc:99) For utterance mark_6_9_8, best cost 335.795 + 9513.49 = 9849.29 over 617 frames.
mark_6_9_8 six nine eight 
LOG (lattice-best-path:main():lattice-best-path.cc:99) For utterance mark_7_1_2, best cost 381.952 + 17673.3 = 18055.2 over 630 frames.
mark_7_1_2 seven one two 
LOG (lattice-best-path:main():lattice-best-path.cc:99) For utterance mark_7_1_3, best cost 419.105 + 18666.1 = 19085.2 over 643 frames.
mark_7_1_3 seven one three 
LOG (lattice-best-path:main():lattice-best-path.cc:99) For utterance mark_7_1_4, best cost 397.048 + 16838.5 = 17235.5 over 620 frames.
mark_7_1_4 seven one four 
LOG (lattice-best-path:main():lattice-best-path.cc:99) For utterance mark_7_1_5, best cost 407.272 + 18449.1 = 18856.4 over 638 frames.
mark_7_1_5 seven one five 
LOG (lattice-best-path:main():lattice-best-path.cc:99) For utterance mark_7_1_6, best cost 377.197 + 18178.8 = 18556 over 633 frames.
mark_7_1_6 seven one six 
LOG (lattice-best-path:main():lattice-best-path.cc:99) For utterance mark_7_1_8, best cost 358.734 + 16673 = 17031.8 over 638 frames.
mark_7_1_8 seven one eight 
LOG (lattice-best-path:main():lattice-best-path.cc:99) For utterance mark_7_1_9, best cost 393.805 + 18308.9 = 18702.7 over 620 frames.
mark_7_1_9 seven one nine 
LOG (lattice-best-path:main():lattice-best-path.cc:99) For utterance mark_7_2_1, best cost 378.127 + 16299.1 = 16677.3 over 630 frames.
mark_7_2_1 seven two one 
LOG (lattice-best-path:main():lattice-best-path.cc:99) For utterance mark_7_2_3, best cost 397.87 + 18326 = 18723.9 over 648 frames.
mark_7_2_3 seven two three 
LOG (lattice-best-path:main():lattice-best-path.cc:99) For utterance mark_7_2_4, best cost 375.813 + 16181.9 = 16557.7 over 625 frames.
mark_7_2_4 seven two four 
LOG (lattice-best-path:main():lattice-best-path.cc:99) For utterance mark_7_2_5, best cost 385.17 + 19836 = 20221.2 over 643 frames.
mark_7_2_5 seven two five 
LOG (lattice-best-path:main():lattice-best-path.cc:99) For utterance mark_7_2_6, best cost 355.909 + 17084.2 = 17440.1 over 638 frames.
mark_7_2_6 seven two six 
LOG (lattice-best-path:main():lattice-best-path.cc:99) For utterance mark_7_2_8, best cost 337.499 + 16074.5 = 16412 over 643 frames.
mark_7_2_8 seven two eight 
LOG (lattice-best-path:main():lattice-best-path.cc:99) For utterance mark_7_2_9, best cost 372.429 + 17836.2 = 18208.7 over 625 frames.
mark_7_2_9 seven two nine 
LOG (lattice-best-path:main():lattice-best-path.cc:99) For utterance mark_7_3_1, best cost 415.213 + 15592.4 = 16007.6 over 643 frames.
mark_7_3_1 seven three one 
LOG (lattice-best-path:main():lattice-best-path.cc:99) For utterance mark_7_3_2, best cost 419.575 + 17617.6 = 18037.2 over 648 frames.
mark_7_3_2 seven three two 
LOG (lattice-best-path:main():lattice-best-path.cc:99) For utterance mark_7_3_4, best cost 412.899 + 15807.9 = 16220.8 over 638 frames.
mark_7_3_4 seven three four 
LOG (lattice-best-path:main():lattice-best-path.cc:99) For utterance mark_7_3_5, best cost 444.457 + 19100.8 = 19545.3 over 656 frames.
mark_7_3_5 seven three five 
LOG (lattice-best-path:main():lattice-best-path.cc:99) For utterance mark_7_3_6, best cost 392.968 + 16009.7 = 16402.7 over 651 frames.
mark_7_3_6 seven three six 
LOG (lattice-best-path:main():lattice-best-path.cc:99) For utterance mark_7_3_8, best cost 374.601 + 15296.7 = 15671.3 over 656 frames.
mark_7_3_8 seven three eight 
LOG (lattice-best-path:main():lattice-best-path.cc:99) For utterance mark_7_3_9, best cost 431.717 + 16982.7 = 17414.4 over 638 frames.
mark_7_3_9 seven three nine 
LOG (lattice-best-path:main():lattice-best-path.cc:99) For utterance mark_7_4_1, best cost 398.136 + 18956.1 = 19354.3 over 620 frames.
mark_7_4_1 seven four one 
LOG (lattice-best-path:main():lattice-best-path.cc:99) For utterance mark_7_4_2, best cost 376.901 + 24305.4 = 24682.3 over 625 frames.
mark_7_4_2 seven four two 
LOG (lattice-best-path:main():lattice-best-path.cc:99) For utterance mark_7_4_3, best cost 413.858 + 21583.6 = 21997.4 over 638 frames.
mark_7_4_3 seven four three 
LOG (lattice-best-path:main():lattice-best-path.cc:99) For utterance mark_7_4_5, best cost 402.459 + 22567.7 = 22970.1 over 633 frames.
mark_7_4_5 seven four five 
LOG (lattice-best-path:main():lattice-best-path.cc:99) For utterance mark_7_4_6, best cost 372.176 + 19503.7 = 19875.9 over 628 frames.
mark_7_4_6 seven four six 
LOG (lattice-best-path:main():lattice-best-path.cc:99) For utterance mark_7_4_8, best cost 383.687 + 21219.9 = 21603.6 over 633 frames.
mark_7_4_8 seven four eight 
LOG (lattice-best-path:main():lattice-best-path.cc:99) For utterance mark_7_4_9, best cost 389.042 + 20200.5 = 20589.5 over 614 frames.
mark_7_4_9 seven four nine 
LOG (lattice-best-path:main():lattice-best-path.cc:99) For utterance mark_7_5_1, best cost 403.694 + 16652 = 17055.7 over 638 frames.
mark_7_5_1 seven five one 
LOG (lattice-best-path:main():lattice-best-path.cc:99) For utterance mark_7_5_2, best cost 408.747 + 19417.2 = 19825.9 over 643 frames.
mark_7_5_2 seven five two 
LOG (lattice-best-path:main():lattice-best-path.cc:99) For utterance mark_7_5_3, best cost 423.409 + 19700.8 = 20124.3 over 656 frames.
mark_7_5_3 seven five three 
LOG (lattice-best-path:main():lattice-best-path.cc:99) For utterance mark_7_5_4, best cost 401.353 + 18035.5 = 18436.9 over 633 frames.
mark_7_5_4 seven five four 
LOG (lattice-best-path:main():lattice-best-path.cc:99) For utterance mark_7_5_6, best cost 381.541 + 18510.2 = 18891.7 over 646 frames.
mark_7_5_6 seven five six 
LOG (lattice-best-path:main():lattice-best-path.cc:99) For utterance mark_7_5_8, best cost 363.055 + 17692.2 = 18055.3 over 651 frames.
mark_7_5_8 seven five eight 
LOG (lattice-best-path:main():lattice-best-path.cc:99) For utterance mark_7_5_9, best cost 420.6 + 19545.5 = 19966.1 over 633 frames.
mark_7_5_9 seven five nine 
LOG (lattice-best-path:main():lattice-best-path.cc:99) For utterance mark_7_6_1, best cost 401.39 + 18469.3 = 18870.7 over 633 frames.
mark_7_6_1 seven six one 
LOG (lattice-best-path:main():lattice-best-path.cc:99) For utterance mark_7_6_2, best cost 380.069 + 23220.2 = 23600.3 over 638 frames.
mark_7_6_2 seven six two 
LOG (lattice-best-path:main():lattice-best-path.cc:99) For utterance mark_7_6_3, best cost 417.026 + 21403.5 = 21820.5 over 651 frames.
mark_7_6_3 seven six three 
LOG (lattice-best-path:main():lattice-best-path.cc:99) For utterance mark_7_6_4, best cost 395.937 + 19908.7 = 20304.7 over 628 frames.
mark_7_6_4 seven six four 
LOG (lattice-best-path:main():lattice-best-path.cc:99) For utterance mark_7_6_5, best cost 405.506 + 22177.2 = 22582.7 over 646 frames.
mark_7_6_5 seven six five 
LOG (lattice-best-path:main():lattice-best-path.cc:99) For utterance mark_7_6_8, best cost 386.855 + 21161 = 21547.8 over 646 frames.
mark_7_6_8 seven six eight 
LOG (lattice-best-path:main():lattice-best-path.cc:99) For utterance mark_7_6_9, best cost 392.434 + 20335.3 = 20727.8 over 628 frames.
mark_7_6_9 seven six nine 
LOG (lattice-best-path:main():lattice-best-path.cc:99) For utterance mark_7_8_1, best cost 384.913 + 15863.8 = 16248.7 over 638 frames.
mark_7_8_1 seven eight one 
LOG (lattice-best-path:main():lattice-best-path.cc:99) For utterance mark_7_8_2, best cost 367.503 + 18383.2 = 18750.7 over 643 frames.
mark_7_8_2 seven eight two 
LOG (lattice-best-path:main():lattice-best-path.cc:99) For utterance mark_7_8_3, best cost 404.656 + 18731.1 = 19135.7 over 656 frames.
mark_7_8_3 seven eight three 
LOG (lattice-best-path:main():lattice-best-path.cc:99) For utterance mark_7_8_4, best cost 382.599 + 16757.6 = 17140.2 over 633 frames.
mark_7_8_4 seven eight four 
LOG (lattice-best-path:main():lattice-best-path.cc:99) For utterance mark_7_8_5, best cost 391.956 + 19809.6 = 20201.6 over 651 frames.
mark_7_8_5 seven eight five 
LOG (lattice-best-path:main():lattice-best-path.cc:99) For utterance mark_7_8_6, best cost 362.749 + 17706.2 = 18068.9 over 646 frames.
mark_7_8_6 seven eight six 
LOG (lattice-best-path:main():lattice-best-path.cc:99) For utterance mark_7_8_9, best cost 379.215 + 18438.8 = 18818 over 633 frames.
mark_7_8_9 seven eight nine 
LOG (lattice-best-path:main():lattice-best-path.cc:99) For utterance mark_7_9_1, best cost 394.464 + 19377.5 = 19772 over 620 frames.
mark_7_9_1 seven nine one 
LOG (lattice-best-path:main():lattice-best-path.cc:99) For utterance mark_7_9_2, best cost 373.229 + 24514.4 = 24887.6 over 625 frames.
mark_7_9_2 seven nine two 
LOG (lattice-best-path:main():lattice-best-path.cc:99) For utterance mark_7_9_3, best cost 410.186 + 22491.4 = 22901.6 over 638 frames.
mark_7_9_3 seven nine three 
LOG (lattice-best-path:main():lattice-best-path.cc:99) For utterance mark_7_9_4, best cost 388.045 + 20797.3 = 21185.4 over 614 frames.
mark_7_9_4 seven nine four 
LOG (lattice-best-path:main():lattice-best-path.cc:99) For utterance mark_7_9_5, best cost 398.956 + 22467.6 = 22866.6 over 633 frames.
mark_7_9_5 seven nine five 
LOG (lattice-best-path:main():lattice-best-path.cc:99) For utterance mark_7_9_6, best cost 368.539 + 20178.5 = 20547 over 628 frames.
mark_7_9_6 seven nine six 
LOG (lattice-best-path:main():lattice-best-path.cc:99) For utterance mark_7_9_8, best cost 380.015 + 21388.1 = 21768.1 over 633 frames.
mark_7_9_8 seven nine eight 
LOG (lattice-best-path:main():lattice-best-path.cc:99) For utterance mark_8_1_2, best cost 374.084 + 15623.4 = 15997.5 over 620 frames.
mark_8_1_2 eight one two 
LOG (lattice-best-path:main():lattice-best-path.cc:99) For utterance mark_8_1_3, best cost 411.692 + 14134 = 14545.7 over 633 frames.
mark_8_1_3 eight one three 
LOG (lattice-best-path:main():lattice-best-path.cc:99) For utterance mark_8_1_4, best cost 390.357 + 11447 = 11837.4 over 609 frames.
mark_8_1_4 eight one four 
LOG (lattice-best-path:main():lattice-best-path.cc:99) For utterance mark_8_1_5, best cost 399.543 + 15091.9 = 15491.5 over 628 frames.
mark_8_1_5 eight one five 
LOG (lattice-best-path:main():lattice-best-path.cc:99) For utterance mark_8_1_6, best cost 369.002 + 11567.9 = 11936.9 over 622 frames.
mark_8_1_6 eight one six 
LOG (lattice-best-path:main():lattice-best-path.cc:99) For utterance mark_8_1_7, best cost 408.622 + 12273.4 = 12682.1 over 638 frames.
mark_8_1_7 eight one seven 
LOG (lattice-best-path:main():lattice-best-path.cc:99) For utterance mark_8_1_9, best cost 386.378 + 13242.6 = 13628.9 over 609 frames.
mark_8_1_9 eight one nine 
LOG (lattice-best-path:main():lattice-best-path.cc:99) For utterance mark_8_2_1, best cost 378.225 + 15801.8 = 16180 over 620 frames.
mark_8_2_1 eight two one 
LOG (lattice-best-path:main():lattice-best-path.cc:99) For utterance mark_8_2_3, best cost 393.947 + 18807.8 = 19201.8 over 638 frames.
mark_8_2_3 eight two three 
LOG (lattice-best-path:main():lattice-best-path.cc:99) For utterance mark_8_2_4, best cost 371.806 + 17248.3 = 17620.1 over 614 frames.
mark_8_2_4 eight two four 
LOG (lattice-best-path:main():lattice-best-path.cc:99) For utterance mark_8_2_5, best cost 382.548 + 19848.7 = 20231.2 over 633 frames.
mark_8_2_5 eight two five 
LOG (lattice-best-path:main():lattice-best-path.cc:99) For utterance mark_8_2_6, best cost 352.281 + 16714.8 = 17067.1 over 628 frames.
mark_8_2_6 eight two six 
LOG (lattice-best-path:main():lattice-best-path.cc:99) For utterance mark_8_2_7, best cost 392.146 + 20572.7 = 20964.8 over 643 frames.
mark_8_2_7 eight two seven 
LOG (lattice-best-path:main():lattice-best-path.cc:99) For utterance mark_8_2_9, best cost 369.006 + 17577.9 = 17946.9 over 614 frames.
mark_8_2_9 eight two nine 
LOG (lattice-best-path:main():lattice-best-path.cc:99) For utterance mark_8_3_1, best cost 415.394 + 15328.2 = 15743.6 over 633 frames.
mark_8_3_1 eight three one 
LOG (lattice-best-path:main():lattice-best-path.cc:99) For utterance mark_8_3_2, best cost 416.34 + 20211.1 = 20627.4 over 638 frames.
mark_8_3_2 eight three two 
LOG (lattice-best-path:main():lattice-best-path.cc:99) For utterance mark_8_3_4, best cost 410.027 + 16773.6 = 17183.6 over 628 frames.
mark_8_3_4 eight three four 
LOG (lattice-best-path:main():lattice-best-path.cc:99) For utterance mark_8_3_5, best cost 441.778 + 18983.9 = 19425.7 over 646 frames.
mark_8_3_5 eight three five 
LOG (lattice-best-path:main():lattice-best-path.cc:99) For utterance mark_8_3_6, best cost 389.286 + 16890.9 = 17280.2 over 641 frames.
mark_8_3_6 eight three six 
LOG (lattice-best-path:main():lattice-best-path.cc:99) For utterance mark_8_3_7, best cost 429.154 + 22279.1 = 22708.2 over 656 frames.
mark_8_3_7 eight three seven 
LOG (lattice-best-path:main():lattice-best-path.cc:99) For utterance mark_8_3_9, best cost 428.706 + 17919.9 = 18348.6 over 628 frames.
mark_8_3_9 eight three nine 
LOG (lattice-best-path:main():lattice-best-path.cc:99) For utterance mark_8_4_1, best cost 388.827 + 9587.63 = 9976.46 over 609 frames.
mark_8_4_1 eight four one 
LOG (lattice-best-path:main():lattice-best-path.cc:99) For utterance mark_8_4_2, best cost 370.986 + 11082.5 = 11453.5 over 614 frames.
mark_8_4_2 eight four two 
LOG (lattice-best-path:main():lattice-best-path.cc:99) For utterance mark_8_4_3, best cost 408.81 + 11378.8 = 11787.6 over 628 frames.
mark_8_4_3 eight four three 
LOG (lattice-best-path:main():lattice-best-path.cc:99) For utterance mark_8_4_5, best cost 395.487 + 12556.1 = 12951.6 over 622 frames.
mark_8_4_5 eight four five 
LOG (lattice-best-path:main():lattice-best-path.cc:99) For utterance mark_8_4_6, best cost 366.662 + 9537.11 = 9903.77 over 617 frames.
mark_8_4_6 eight four six 
LOG (lattice-best-path:main():lattice-best-path.cc:99) For utterance mark_8_4_7, best cost 406.313 + 10321.6 = 10727.9 over 633 frames.
mark_8_4_7 eight four seven 
LOG (lattice-best-path:main():lattice-best-path.cc:99) For utterance mark_8_4_9, best cost 384.774 + 10653.6 = 11038.4 over 604 frames.
mark_8_4_9 eight four nine 
LOG (lattice-best-path:main():lattice-best-path.cc:99) For utterance mark_8_5_1, best cost 400.35 + 15864.8 = 16265.2 over 628 frames.
mark_8_5_1 eight five one 
LOG (lattice-best-path:main():lattice-best-path.cc:99) For utterance mark_8_5_2, best cost 403.337 + 20991.7 = 21395 over 633 frames.
mark_8_5_2 eight five two 
LOG (lattice-best-path:main():lattice-best-path.cc:99) For utterance mark_8_5_3, best cost 418.63 + 19403 = 19821.6 over 646 frames.
mark_8_5_3 eight five three 
LOG (lattice-best-path:main():lattice-best-path.cc:99) For utterance mark_8_5_4, best cost 397.288 + 15658.2 = 16055.5 over 622 frames.
mark_8_5_4 eight five four 
LOG (lattice-best-path:main():lattice-best-path.cc:99) For utterance mark_8_5_6, best cost 375.888 + 15505.7 = 15881.6 over 635 frames.
mark_8_5_6 eight five six 
LOG (lattice-best-path:main():lattice-best-path.cc:99) For utterance mark_8_5_7, best cost 415.291 + 16693.8 = 17109.1 over 651 frames.
mark_8_5_7 eight five seven 
LOG (lattice-best-path:main():lattice-best-path.cc:99) For utterance mark_8_5_9, best cost 417.132 + 17072.1 = 17489.2 over 622 frames.
mark_8_5_9 eight five nine 
LOG (lattice-best-path:main():lattice-best-path.cc:99) For utterance mark_8_6_1, best cost 392.737 + 10642.1 = 11034.9 over 622 frames.
mark_8_6_1 eight six one 
LOG (lattice-best-path:main():lattice-best-path.cc:99) For utterance mark_8_6_2, best cost 375.68 + 12368.6 = 12744.3 over 628 frames.
mark_8_6_2 eight six two 
LOG (lattice-best-path:main():lattice-best-path.cc:99) For utterance mark_8_6_3, best cost 412.756 + 12515.2 = 12927.9 over 641 frames.
mark_8_6_3 eight six three 
LOG (lattice-best-path:main():lattice-best-path.cc:99) For utterance mark_8_6_4, best cost 390.458 + 9666.64 = 10057.1 over 617 frames.
mark_8_6_4 eight six four 
LOG (lattice-best-path:main():lattice-best-path.cc:99) For utterance mark_8_6_5, best cost 399.432 + 13751.9 = 14151.3 over 635 frames.
mark_8_6_5 eight six five 
LOG (lattice-best-path:main():lattice-best-path.cc:99) For utterance mark_8_6_7, best cost 410.242 + 10690.2 = 11100.4 over 646 frames.
mark_8_6_7 eight six seven 
LOG (lattice-best-path:main():lattice-best-path.cc:99) For utterance mark_8_6_9, best cost 387.125 + 11608.2 = 11995.3 over 617 frames.
mark_8_6_9 eight six nine 
LOG (lattice-best-path:main():lattice-best-path.cc:99) For utterance mark_8_7_1, best cost 408.611 + 10679.6 = 11088.2 over 638 frames.
mark_8_7_1 eight seven one 
LOG (lattice-best-path:main():lattice-best-path.cc:99) For utterance mark_8_7_2, best cost 391.161 + 13258.6 = 13649.7 over 643 frames.
mark_8_7_2 eight seven two 
LOG (lattice-best-path:main():lattice-best-path.cc:99) For utterance mark_8_7_3, best cost 428.353 + 12775.3 = 13203.7 over 656 frames.
mark_8_7_3 eight seven three 
LOG (lattice-best-path:main():lattice-best-path.cc:99) For utterance mark_8_7_4, best cost 406.296 + 11777 = 12183.3 over 633 frames.
mark_8_7_4 eight seven four 
LOG (lattice-best-path:main():lattice-best-path.cc:99) For utterance mark_8_7_5, best cost 415.613 + 14284.4 = 14700 over 651 frames.
mark_8_7_5 eight seven five 
LOG (lattice-best-path:main():lattice-best-path.cc:99) For utterance mark_8_7_6, best cost 386.411 + 12373.1 = 12759.5 over 646 frames.
mark_8_7_6 eight seven six 
LOG (lattice-best-path:main():lattice-best-path.cc:99) For utterance mark_8_7_9, best cost 403.014 + 13474.9 = 13877.9 over 633 frames.
mark_8_7_9 eight seven nine 
LOG (lattice-best-path:main():lattice-best-path.cc:99) For utterance mark_8_9_1, best cost 385.442 + 11249.8 = 11635.3 over 609 frames.
mark_8_9_1 eight nine one 
LOG (lattice-best-path:main():lattice-best-path.cc:99) For utterance mark_8_9_2, best cost 367.602 + 12880.6 = 13248.2 over 614 frames.
mark_8_9_2 eight nine two 
LOG (lattice-best-path:main():lattice-best-path.cc:99) For utterance mark_8_9_3, best cost 405.426 + 13920.1 = 14325.5 over 628 frames.
mark_8_9_3 eight nine three 
LOG (lattice-best-path:main():lattice-best-path.cc:99) For utterance mark_8_9_4, best cost 383.128 + 11112.2 = 11495.3 over 604 frames.
mark_8_9_4 eight nine four 
LOG (lattice-best-path:main():lattice-best-path.cc:99) For utterance mark_8_9_5, best cost 392.103 + 14141.9 = 14534 over 622 frames.
mark_8_9_5 eight nine five 
LOG (lattice-best-path:main():lattice-best-path.cc:99) For utterance mark_8_9_6, best cost 363.312 + 11599.9 = 11963.3 over 617 frames.
mark_8_9_6 eight nine six 
LOG (lattice-best-path:main():lattice-best-path.cc:99) For utterance mark_8_9_7, best cost 402.912 + 11394 = 11796.9 over 633 frames.
mark_8_9_7 eight nine seven 
LOG (lattice-best-path:main():lattice-best-path.cc:99) For utterance mark_9_1_2, best cost 380.747 + 12709.7 = 13090.5 over 601 frames.
mark_9_1_2 nine one two 
LOG (lattice-best-path:main():lattice-best-path.cc:99) For utterance mark_9_1_3, best cost 418.33 + 12564.2 = 12982.5 over 614 frames.
mark_9_1_3 nine one three 
LOG (lattice-best-path:main():lattice-best-path.cc:99) For utterance mark_9_1_4, best cost 396.273 + 9720.84 = 10117.1 over 591 frames.
mark_9_1_4 nine one four 
LOG (lattice-best-path:main():lattice-best-path.cc:99) For utterance mark_9_1_5, best cost 405.63 + 13778.1 = 14183.7 over 609 frames.
mark_9_1_5 nine one five 
LOG (lattice-best-path:main():lattice-best-path.cc:99) For utterance mark_9_1_6, best cost 376.388 + 10556.9 = 10933.3 over 604 frames.
mark_9_1_6 nine one six 
LOG (lattice-best-path:main():lattice-best-path.cc:99) For utterance mark_9_1_7, best cost 416.017 + 11829.1 = 12245.2 over 620 frames.
mark_9_1_7 nine one seven 
LOG (lattice-best-path:main():lattice-best-path.cc:99) For utterance mark_9_1_8, best cost 357.959 + 10345.6 = 10703.6 over 609 frames.
mark_9_1_8 nine one eight 
LOG (lattice-best-path:main():lattice-best-path.cc:99) For utterance mark_9_2_1, best cost 383.501 + 14484.6 = 14868.1 over 601 frames.
mark_9_2_1 nine two one 
LOG (lattice-best-path:main():lattice-best-path.cc:99) For utterance mark_9_2_3, best cost 401.29 + 16998.8 = 17400.1 over 620 frames.
mark_9_2_3 nine two three 
LOG (lattice-best-path:main():lattice-best-path.cc:99) For utterance mark_9_2_4, best cost 380.522 + 14488.6 = 14869.1 over 596 frames.
mark_9_2_4 nine two four 
LOG (lattice-best-path:main():lattice-best-path.cc:99) For utterance mark_9_2_5, best cost 389.468 + 18365.7 = 18755.2 over 614 frames.
mark_9_2_5 nine two five 
LOG (lattice-best-path:main():lattice-best-path.cc:99) For utterance mark_9_2_6, best cost 359.223 + 14798 = 15157.2 over 609 frames.
mark_9_2_6 nine two six 
LOG (lattice-best-path:main():lattice-best-path.cc:99) For utterance mark_9_2_7, best cost 398.723 + 15629.6 = 16028.3 over 625 frames.
mark_9_2_7 nine two seven 
LOG (lattice-best-path:main():lattice-best-path.cc:99) For utterance mark_9_2_8, best cost 340.793 + 15911.9 = 16252.7 over 614 frames.
mark_9_2_8 nine two eight 
LOG (lattice-best-path:main():lattice-best-path.cc:99) For utterance mark_9_3_1, best cost 420.654 + 14647.1 = 15067.8 over 614 frames.
mark_9_3_1 nine three one 
LOG (lattice-best-path:main():lattice-best-path.cc:99) For utterance mark_9_3_2, best cost 423.725 + 19080.5 = 19504.2 over 620 frames.
mark_9_3_2 nine three two 
LOG (lattice-best-path:main():lattice-best-path.cc:99) For utterance mark_9_3_4, best cost 417.817 + 14775.8 = 15193.6 over 609 frames.
mark_9_3_4 nine three four 
LOG (lattice-best-path:main():lattice-best-path.cc:99) For utterance mark_9_3_5, best cost 449.184 + 18854 = 19303.2 over 628 frames.
mark_9_3_5 nine three five 
LOG (lattice-best-path:main():lattice-best-path.cc:99) For utterance mark_9_3_6, best cost 396.315 + 14997.2 = 15393.5 over 622 frames.
mark_9_3_6 nine three six 
LOG (lattice-best-path:main():lattice-best-path.cc:99) For utterance mark_9_3_7, best cost 435.82 + 15841.5 = 16277.3 over 638 frames.
mark_9_3_7 nine three seven 
LOG (lattice-best-path:main():lattice-best-path.cc:99) For utterance mark_9_3_8, best cost 408.323 + 16036.8 = 16445.1 over 628 frames.
mark_9_3_8 nine three eight 
LOG (lattice-best-path:main():lattice-best-path.cc:99) For utterance mark_9_4_1, best cost 396.273 + 12210.3 = 12606.6 over 591 frames.
mark_9_4_1 nine four one 
LOG (lattice-best-path:main():lattice-best-path.cc:99) For utterance mark_9_4_2, best cost 378.863 + 14698 = 15076.8 over 596 frames.
mark_9_4_2 nine four two 
LOG (lattice-best-path:main():lattice-best-path.cc:99) For utterance mark_9_4_3, best cost 416.016 + 15452 = 15868 over 609 frames.
mark_9_4_3 nine four three 
LOG (lattice-best-path:main():lattice-best-path.cc:99) For utterance mark_9_4_5, best cost 403.316 + 15493.9 = 15897.2 over 604 frames.
mark_9_4_5 nine four five 
LOG (lattice-best-path:main():lattice-best-path.cc:99) For utterance mark_9_4_6, best cost 374.178 + 14247.3 = 14621.5 over 599 frames.
mark_9_4_6 nine four six 
LOG (lattice-best-path:main():lattice-best-path.cc:99) For utterance mark_9_4_7, best cost 413.478 + 15837.9 = 16251.4 over 614 frames.
mark_9_4_7 nine four seven 
LOG (lattice-best-path:main():lattice-best-path.cc:99) For utterance mark_9_4_8, best cost 355.645 + 13621.7 = 13977.3 over 604 frames.
mark_9_4_8 nine four eight 
LOG (lattice-best-path:main():lattice-best-path.cc:99) For utterance mark_9_5_1, best cost 405.759 + 14983.1 = 15388.9 over 609 frames.
mark_9_5_1 nine five one 
LOG (lattice-best-path:main():lattice-best-path.cc:99) For utterance mark_9_5_2, best cost 410.382 + 16947.5 = 17357.9 over 614 frames.
mark_9_5_2 nine five two 
LOG (lattice-best-path:main():lattice-best-path.cc:99) For utterance mark_9_5_3, best cost 425.743 + 17360.4 = 17786.2 over 628 frames.
mark_9_5_3 nine five three 
LOG (lattice-best-path:main():lattice-best-path.cc:99) For utterance mark_9_5_4, best cost 403.445 + 14209.4 = 14612.8 over 604 frames.
mark_9_5_4 nine five four 
LOG (lattice-best-path:main():lattice-best-path.cc:99) For utterance mark_9_5_6, best cost 383.514 + 14828.9 = 15212.4 over 617 frames.
mark_9_5_6 nine five six 
LOG (lattice-best-path:main():lattice-best-path.cc:99) For utterance mark_9_5_7, best cost 423.108 + 15397 = 15820.1 over 633 frames.
mark_9_5_7 nine five seven 
LOG (lattice-best-path:main():lattice-best-path.cc:99) For utterance mark_9_5_8, best cost 365.147 + 14928.4 = 15293.5 over 622 frames.
mark_9_5_8 nine five eight 
LOG (lattice-best-path:main():lattice-best-path.cc:99) For utterance mark_9_6_1, best cost 400.184 + 11476.4 = 11876.6 over 604 frames.
mark_9_6_1 nine six one 
LOG (lattice-best-path:main():lattice-best-path.cc:99) For utterance mark_9_6_2, best cost 382.413 + 14472.1 = 14854.6 over 609 frames.
mark_9_6_2 nine six two 
LOG (lattice-best-path:main():lattice-best-path.cc:99) For utterance mark_9_6_3, best cost 419.961 + 14456.6 = 14876.6 over 622 frames.
mark_9_6_3 nine six three 
LOG (lattice-best-path:main():lattice-best-path.cc:99) For utterance mark_9_6_4, best cost 397.905 + 12805 = 13202.9 over 599 frames.
mark_9_6_4 nine six four 
LOG (lattice-best-path:main():lattice-best-path.cc:99) For utterance mark_9_6_5, best cost 407.261 + 15576.8 = 15984 over 617 frames.
mark_9_6_5 nine six five 
LOG (lattice-best-path:main():lattice-best-path.cc:99) For utterance mark_9_6_7, best cost 417.614 + 14236.4 = 14654.1 over 628 frames.
mark_9_6_7 nine six seven 
LOG (lattice-best-path:main():lattice-best-path.cc:99) For utterance mark_9_6_8, best cost 359.591 + 12567.4 = 12927 over 617 frames.
mark_9_6_8 nine six eight 
LOG (lattice-best-path:main():lattice-best-path.cc:99) For utterance mark_9_7_1, best cost 420.158 + 17229 = 17649.2 over 620 frames.
mark_9_7_1 nine seven one 
LOG (lattice-best-path:main():lattice-best-path.cc:99) For utterance mark_9_7_2, best cost 399.065 + 22812.3 = 23211.4 over 625 frames.
mark_9_7_2 nine seven two 
LOG (lattice-best-path:main():lattice-best-path.cc:99) For utterance mark_9_7_3, best cost 436 + 19636.9 = 20072.9 over 638 frames.
mark_9_7_3 nine seven three 
LOG (lattice-best-path:main():lattice-best-path.cc:99) For utterance mark_9_7_4, best cost 413.779 + 18102.8 = 18516.5 over 614 frames.
mark_9_7_4 nine seven four 
LOG (lattice-best-path:main():lattice-best-path.cc:99) For utterance mark_9_7_5, best cost 424.481 + 20312 = 20736.5 over 633 frames.
mark_9_7_5 nine seven five 
LOG (lattice-best-path:main():lattice-best-path.cc:99) For utterance mark_9_7_6, best cost 394.378 + 17826 = 18220.3 over 628 frames.
mark_9_7_6 nine seven six 
LOG (lattice-best-path:main():lattice-best-path.cc:99) For utterance mark_9_7_8, best cost 405.75 + 19167.8 = 19573.6 over 633 frames.
mark_9_7_8 nine seven eight 
LOG (lattice-best-path:main():lattice-best-path.cc:99) For utterance mark_9_8_1, best cost 385.442 + 11175.4 = 11560.9 over 609 frames.
mark_9_8_1 nine eight one 
LOG (lattice-best-path:main():lattice-best-path.cc:99) For utterance mark_9_8_2, best cost 367.602 + 13238.5 = 13606.1 over 614 frames.
mark_9_8_2 nine eight two 
LOG (lattice-best-path:main():lattice-best-path.cc:99) For utterance mark_9_8_3, best cost 405.426 + 13590.6 = 13996 over 628 frames.
mark_9_8_3 nine eight three 
LOG (lattice-best-path:main():lattice-best-path.cc:99) For utterance mark_9_8_4, best cost 383.128 + 10853 = 11236.1 over 604 frames.
mark_9_8_4 nine eight four 
LOG (lattice-best-path:main():lattice-best-path.cc:99) For utterance mark_9_8_5, best cost 392.103 + 14142.1 = 14534.2 over 622 frames.
mark_9_8_5 nine eight five 
LOG (lattice-best-path:main():lattice-best-path.cc:99) For utterance mark_9_8_6, best cost 363.277 + 11355.6 = 11718.9 over 617 frames.
mark_9_8_6 nine eight six 
LOG (lattice-best-path:main():lattice-best-path.cc:99) For utterance mark_9_8_7, best cost 402.872 + 11885 = 12287.8 over 633 frames.
mark_9_8_7 nine eight seven 
LOG (lattice-best-path:main():lattice-best-path.cc:124) Overall cost per frame is 26.1876 = 0.641554 [graph] + 25.546 [acoustic] over 314958 frames.
LOG (lattice-best-path:main():lattice-best-path.cc:128) Done 504 lattices, failed for 0
# Accounting: time=0 threads=1
# Ended (code 0) at Fri May  6 00:10:22 MSK 2016, elapsed time 0 seconds
