# lattice-best-path --lm-scale=18 --word-symbol-table=exp/tri1/graph/words.txt "ark:gunzip -c exp/tri1/decode/lat.*.gz|" ark,t:exp/tri1/decode/scoring/18.tra 
# Started at Fri May  6 00:10:22 MSK 2016
#
lattice-best-path --lm-scale=18 --word-symbol-table=exp/tri1/graph/words.txt 'ark:gunzip -c exp/tri1/decode/lat.*.gz|' ark,t:exp/tri1/decode/scoring/18.tra 
LOG (lattice-best-path:main():lattice-best-path.cc:99) For utterance mark_1_2_3, best cost 523.728 + 18936.6 = 19460.3 over 625 frames.
mark_1_2_3 one two three 
LOG (lattice-best-path:main():lattice-best-path.cc:99) For utterance mark_1_2_4, best cost 496.909 + 15944.2 = 16441.1 over 601 frames.
mark_1_2_4 one two four 
LOG (lattice-best-path:main():lattice-best-path.cc:99) For utterance mark_1_2_5, best cost 508.471 + 19116 = 19624.4 over 620 frames.
mark_1_2_5 one two five 
LOG (lattice-best-path:main():lattice-best-path.cc:99) For utterance mark_1_2_6, best cost 469.293 + 16034 = 16503.3 over 614 frames.
mark_1_2_6 one two six 
LOG (lattice-best-path:main():lattice-best-path.cc:99) For utterance mark_1_2_7, best cost 520.997 + 18420.6 = 18941.6 over 630 frames.
mark_1_2_7 one two seven 
LOG (lattice-best-path:main():lattice-best-path.cc:99) For utterance mark_1_2_8, best cost 484.625 + 17612.2 = 18096.8 over 620 frames.
mark_1_2_8 one two eight 
LOG (lattice-best-path:main():lattice-best-path.cc:99) For utterance mark_1_2_9, best cost 491.352 + 16452.7 = 16944.1 over 601 frames.
mark_1_2_9 one two nine 
LOG (lattice-best-path:main():lattice-best-path.cc:99) For utterance mark_1_3_2, best cost 552.196 + 20998.3 = 21550.5 over 625 frames.
mark_1_3_2 one three two 
LOG (lattice-best-path:main():lattice-best-path.cc:99) For utterance mark_1_3_4, best cost 542.726 + 16501.6 = 17044.4 over 614 frames.
mark_1_3_4 one three four 
LOG (lattice-best-path:main():lattice-best-path.cc:99) For utterance mark_1_3_5, best cost 585.055 + 19236 = 19821 over 633 frames.
mark_1_3_5 one three five 
LOG (lattice-best-path:main():lattice-best-path.cc:99) For utterance mark_1_3_6, best cost 517.543 + 16229.5 = 16747.1 over 628 frames.
mark_1_3_6 one three six 
LOG (lattice-best-path:main():lattice-best-path.cc:99) For utterance mark_1_3_7, best cost 568.631 + 20208.6 = 20777.3 over 643 frames.
mark_1_3_7 one three seven 
LOG (lattice-best-path:main():lattice-best-path.cc:99) For utterance mark_1_3_8, best cost 532.423 + 17857.8 = 18390.2 over 633 frames.
mark_1_3_8 one three eight 
LOG (lattice-best-path:main():lattice-best-path.cc:99) For utterance mark_1_3_9, best cost 567.805 + 16975 = 17542.8 over 614 frames.
mark_1_3_9 one three nine 
LOG (lattice-best-path:main():lattice-best-path.cc:99) For utterance mark_1_4_2, best cost 493.883 + 9943.01 = 10436.9 over 601 frames.
mark_1_4_2 one four two 
LOG (lattice-best-path:main():lattice-best-path.cc:99) For utterance mark_1_4_3, best cost 542.205 + 10683.4 = 11225.6 over 614 frames.
mark_1_4_3 one four three 
LOG (lattice-best-path:main():lattice-best-path.cc:99) For utterance mark_1_4_5, best cost 525.875 + 11612.6 = 12138.5 over 609 frames.
mark_1_4_5 one four five 
LOG (lattice-best-path:main():lattice-best-path.cc:99) For utterance mark_1_4_6, best cost 488.323 + 8863.25 = 9351.57 over 604 frames.
mark_1_4_6 one four six 
LOG (lattice-best-path:main():lattice-best-path.cc:99) For utterance mark_1_4_7, best cost 539.282 + 9442.66 = 9981.94 over 620 frames.
mark_1_4_7 one four seven 
LOG (lattice-best-path:main():lattice-best-path.cc:99) For utterance mark_1_4_8, best cost 464.585 + 7796.96 = 8261.55 over 609 frames.
mark_1_4_8 one four eight 
LOG (lattice-best-path:main():lattice-best-path.cc:99) For utterance mark_1_4_9, best cost 509.494 + 9710.42 = 10219.9 over 591 frames.
mark_1_4_9 one four nine 
LOG (lattice-best-path:main():lattice-best-path.cc:99) For utterance mark_1_5_2, best cost 535.478 + 18284 = 18819.5 over 620 frames.
mark_1_5_2 one five two 
LOG (lattice-best-path:main():lattice-best-path.cc:99) For utterance mark_1_5_3, best cost 554.949 + 16858.8 = 17413.8 over 633 frames.
mark_1_5_3 one five three 
LOG (lattice-best-path:main():lattice-best-path.cc:99) For utterance mark_1_5_4, best cost 527.7 + 13998.3 = 14526 over 609 frames.
mark_1_5_4 one five four 
LOG (lattice-best-path:main():lattice-best-path.cc:99) For utterance mark_1_5_6, best cost 500.054 + 13900.9 = 14401 over 622 frames.
mark_1_5_6 one five six 
LOG (lattice-best-path:main():lattice-best-path.cc:99) For utterance mark_1_5_7, best cost 550.918 + 15164.7 = 15715.6 over 638 frames.
mark_1_5_7 one five seven 
LOG (lattice-best-path:main():lattice-best-path.cc:99) For utterance mark_1_5_8, best cost 515.493 + 15537.6 = 16053.1 over 628 frames.
mark_1_5_8 one five eight 
LOG (lattice-best-path:main():lattice-best-path.cc:99) For utterance mark_1_5_9, best cost 551.284 + 15572.2 = 16123.5 over 609 frames.
mark_1_5_9 one five nine 
LOG (lattice-best-path:main():lattice-best-path.cc:99) For utterance mark_1_6_2, best cost 498.866 + 11389.9 = 11888.8 over 614 frames.
mark_1_6_2 one six two 
LOG (lattice-best-path:main():lattice-best-path.cc:99) For utterance mark_1_6_3, best cost 547.497 + 11371.3 = 11918.8 over 628 frames.
mark_1_6_3 one six three 
LOG (lattice-best-path:main():lattice-best-path.cc:99) For utterance mark_1_6_4, best cost 518.828 + 9105.82 = 9624.65 over 604 frames.
mark_1_6_4 one six four 
LOG (lattice-best-path:main():lattice-best-path.cc:99) For utterance mark_1_6_5, best cost 530.412 + 12541.4 = 13071.8 over 622 frames.
mark_1_6_5 one six five 
LOG (lattice-best-path:main():lattice-best-path.cc:99) For utterance mark_1_6_7, best cost 544.31 + 9674.18 = 10218.5 over 633 frames.
mark_1_6_7 one six seven 
LOG (lattice-best-path:main():lattice-best-path.cc:99) For utterance mark_1_6_8, best cost 469.613 + 9539.66 = 10009.3 over 622 frames.
mark_1_6_8 one six eight 
LOG (lattice-best-path:main():lattice-best-path.cc:99) For utterance mark_1_6_9, best cost 514.477 + 10340.8 = 10855.3 over 604 frames.
mark_1_6_9 one six nine 
LOG (lattice-best-path:main():lattice-best-path.cc:99) For utterance mark_1_7_2, best cost 519.822 + 13913.6 = 14433.4 over 630 frames.
mark_1_7_2 one seven two 
LOG (lattice-best-path:main():lattice-best-path.cc:99) For utterance mark_1_7_3, best cost 567.683 + 14914.3 = 15482 over 643 frames.
mark_1_7_3 one seven three 
LOG (lattice-best-path:main():lattice-best-path.cc:99) For utterance mark_1_7_4, best cost 539.179 + 12816.9 = 13356 over 620 frames.
mark_1_7_4 one seven four 
LOG (lattice-best-path:main():lattice-best-path.cc:99) For utterance mark_1_7_5, best cost 552.324 + 14665.6 = 15217.9 over 638 frames.
mark_1_7_5 one seven five 
LOG (lattice-best-path:main():lattice-best-path.cc:99) For utterance mark_1_7_6, best cost 513.612 + 14259.2 = 14772.8 over 633 frames.
mark_1_7_6 one seven six 
LOG (lattice-best-path:main():lattice-best-path.cc:99) For utterance mark_1_7_8, best cost 489.919 + 13289.8 = 13779.7 over 638 frames.
mark_1_7_8 one seven eight 
LOG (lattice-best-path:main():lattice-best-path.cc:99) For utterance mark_1_7_9, best cost 535.01 + 14941.2 = 15476.2 over 620 frames.
mark_1_7_9 one seven nine 
LOG (lattice-best-path:main():lattice-best-path.cc:99) For utterance mark_1_8_2, best cost 480.965 + 15501.4 = 15982.3 over 620 frames.
mark_1_8_2 one eight two 
LOG (lattice-best-path:main():lattice-best-path.cc:99) For utterance mark_1_8_3, best cost 529.318 + 13963.7 = 14493 over 633 frames.
mark_1_8_3 one eight three 
LOG (lattice-best-path:main():lattice-best-path.cc:99) For utterance mark_1_8_4, best cost 501.887 + 10922.1 = 11424 over 609 frames.
mark_1_8_4 one eight four 
LOG (lattice-best-path:main():lattice-best-path.cc:99) For utterance mark_1_8_5, best cost 513.698 + 14984.1 = 15497.8 over 628 frames.
mark_1_8_5 one eight five 
LOG (lattice-best-path:main():lattice-best-path.cc:99) For utterance mark_1_8_6, best cost 474.638 + 11308.7 = 11783.4 over 622 frames.
mark_1_8_6 one eight six 
LOG (lattice-best-path:main():lattice-best-path.cc:99) For utterance mark_1_8_7, best cost 525.319 + 12120.2 = 12645.5 over 638 frames.
mark_1_8_7 one eight seven 
LOG (lattice-best-path:main():lattice-best-path.cc:99) For utterance mark_1_8_9, best cost 496.772 + 12578.4 = 13075.2 over 609 frames.
mark_1_8_9 one eight nine 
LOG (lattice-best-path:main():lattice-best-path.cc:99) For utterance mark_1_9_2, best cost 489.532 + 12020.4 = 12509.9 over 601 frames.
mark_1_9_2 one nine two 
LOG (lattice-best-path:main():lattice-best-path.cc:99) For utterance mark_1_9_3, best cost 537.853 + 12467.3 = 13005.2 over 614 frames.
mark_1_9_3 one nine three 
LOG (lattice-best-path:main():lattice-best-path.cc:99) For utterance mark_1_9_4, best cost 509.494 + 9766.48 = 10276 over 591 frames.
mark_1_9_4 one nine four 
LOG (lattice-best-path:main():lattice-best-path.cc:99) For utterance mark_1_9_5, best cost 521.524 + 13549 = 14070.5 over 609 frames.
mark_1_9_5 one nine five 
LOG (lattice-best-path:main():lattice-best-path.cc:99) For utterance mark_1_9_6, best cost 484.017 + 10352.8 = 10836.8 over 604 frames.
mark_1_9_6 one nine six 
LOG (lattice-best-path:main():lattice-best-path.cc:99) For utterance mark_1_9_7, best cost 534.931 + 11312.2 = 11847.1 over 620 frames.
mark_1_9_7 one nine seven 
LOG (lattice-best-path:main():lattice-best-path.cc:99) For utterance mark_1_9_8, best cost 460.234 + 9342.02 = 9802.26 over 609 frames.
mark_1_9_8 one nine eight 
LOG (lattice-best-path:main():lattice-best-path.cc:99) For utterance mark_2_1_3, best cost 526.55 + 21525.1 = 22051.6 over 625 frames.
mark_2_1_3 two one three 
LOG (lattice-best-path:main():lattice-best-path.cc:99) For utterance mark_2_1_4, best cost 499.731 + 18740.9 = 19240.7 over 601 frames.
mark_2_1_4 two one four 
LOG (lattice-best-path:main():lattice-best-path.cc:99) For utterance mark_2_1_5, best cost 511.454 + 21552.1 = 22063.6 over 620 frames.
mark_2_1_5 two one five 
LOG (lattice-best-path:main():lattice-best-path.cc:99) For utterance mark_2_1_6, best cost 472.32 + 18236.3 = 18708.6 over 614 frames.
mark_2_1_6 two one six 
LOG (lattice-best-path:main():lattice-best-path.cc:99) For utterance mark_2_1_7, best cost 523.87 + 20454.9 = 20978.8 over 630 frames.
mark_2_1_7 two one seven 
LOG (lattice-best-path:main():lattice-best-path.cc:99) For utterance mark_2_1_8, best cost 487.322 + 20058.1 = 20545.4 over 620 frames.
mark_2_1_8 two one eight 
LOG (lattice-best-path:main():lattice-best-path.cc:99) For utterance mark_2_1_9, best cost 494.174 + 19045.2 = 19539.4 over 601 frames.
mark_2_1_9 two one nine 
LOG (lattice-best-path:main():lattice-best-path.cc:99) For utterance mark_2_3_1, best cost 524.378 + 19604.4 = 20128.8 over 625 frames.
mark_2_3_1 two three one 
LOG (lattice-best-path:main():lattice-best-path.cc:99) For utterance mark_2_3_4, best cost 521.191 + 20377.9 = 20899.1 over 620 frames.
mark_2_3_4 two three four 
LOG (lattice-best-path:main():lattice-best-path.cc:99) For utterance mark_2_3_5, best cost 562.854 + 22036.2 = 22599.1 over 638 frames.
mark_2_3_5 two three five 
LOG (lattice-best-path:main():lattice-best-path.cc:99) For utterance mark_2_3_6, best cost 495.5 + 21609.3 = 22104.8 over 633 frames.
mark_2_3_6 two three six 
LOG (lattice-best-path:main():lattice-best-path.cc:99) For utterance mark_2_3_7, best cost 546.111 + 22969.7 = 23515.8 over 648 frames.
mark_2_3_7 two three seven 
LOG (lattice-best-path:main():lattice-best-path.cc:99) For utterance mark_2_3_8, best cost 471.951 + 20618.6 = 21090.5 over 638 frames.
mark_2_3_8 two three eight 
LOG (lattice-best-path:main():lattice-best-path.cc:99) For utterance mark_2_3_9, best cost 545.54 + 21567.3 = 22112.8 over 620 frames.
mark_2_3_9 two three nine 
LOG (lattice-best-path:main():lattice-best-path.cc:99) For utterance mark_2_4_1, best cost 499.391 + 15306.6 = 15806 over 601 frames.
mark_2_4_1 two four one 
LOG (lattice-best-path:main():lattice-best-path.cc:99) For utterance mark_2_4_3, best cost 522.466 + 17010 = 17532.4 over 620 frames.
mark_2_4_3 two four three 
LOG (lattice-best-path:main():lattice-best-path.cc:99) For utterance mark_2_4_5, best cost 507.063 + 18567.4 = 19074.4 over 614 frames.
mark_2_4_5 two four five 
LOG (lattice-best-path:main():lattice-best-path.cc:99) For utterance mark_2_4_6, best cost 468.267 + 15006.4 = 15474.6 over 609 frames.
mark_2_4_6 two four six 
LOG (lattice-best-path:main():lattice-best-path.cc:99) For utterance mark_2_4_7, best cost 519.045 + 15786.2 = 16305.3 over 625 frames.
mark_2_4_7 two four seven 
LOG (lattice-best-path:main():lattice-best-path.cc:99) For utterance mark_2_4_8, best cost 444.334 + 15877.1 = 16321.5 over 614 frames.
mark_2_4_8 two four eight 
LOG (lattice-best-path:main():lattice-best-path.cc:99) For utterance mark_2_4_9, best cost 489.243 + 16801.1 = 17290.3 over 596 frames.
mark_2_4_9 two four nine 
LOG (lattice-best-path:main():lattice-best-path.cc:99) For utterance mark_2_5_1, best cost 513.871 + 21818.2 = 22332.1 over 620 frames.
mark_2_5_1 two five one 
LOG (lattice-best-path:main():lattice-best-path.cc:99) For utterance mark_2_5_3, best cost 534.085 + 24702.4 = 25236.5 over 638 frames.
mark_2_5_3 two five three 
LOG (lattice-best-path:main():lattice-best-path.cc:99) For utterance mark_2_5_4, best cost 505.617 + 22747.9 = 23253.6 over 614 frames.
mark_2_5_4 two five four 
LOG (lattice-best-path:main():lattice-best-path.cc:99) For utterance mark_2_5_6, best cost 480.434 + 22508.5 = 22988.9 over 628 frames.
mark_2_5_6 two five six 
LOG (lattice-best-path:main():lattice-best-path.cc:99) For utterance mark_2_5_7, best cost 531.695 + 26564.2 = 27095.9 over 643 frames.
mark_2_5_7 two five seven 
LOG (lattice-best-path:main():lattice-best-path.cc:99) For utterance mark_2_5_8, best cost 495.314 + 23976.3 = 24471.6 over 633 frames.
mark_2_5_8 two five eight 
LOG (lattice-best-path:main():lattice-best-path.cc:99) For utterance mark_2_5_9, best cost 531.086 + 23248.5 = 23779.6 over 614 frames.
mark_2_5_9 two five nine 
LOG (lattice-best-path:main():lattice-best-path.cc:99) For utterance mark_2_6_1, best cost 502.557 + 15410.7 = 15913.2 over 614 frames.
mark_2_6_1 two six one 
LOG (lattice-best-path:main():lattice-best-path.cc:99) For utterance mark_2_6_3, best cost 526.29 + 18341.6 = 18867.9 over 633 frames.
mark_2_6_3 two six three 
LOG (lattice-best-path:main():lattice-best-path.cc:99) For utterance mark_2_6_4, best cost 498.793 + 15526.4 = 16025.1 over 609 frames.
mark_2_6_4 two six four 
LOG (lattice-best-path:main():lattice-best-path.cc:99) For utterance mark_2_6_5, best cost 510.604 + 19506.1 = 20016.7 over 628 frames.
mark_2_6_5 two six five 
LOG (lattice-best-path:main():lattice-best-path.cc:99) For utterance mark_2_6_7, best cost 522.211 + 16569.4 = 17091.6 over 638 frames.
mark_2_6_7 two six seven 
LOG (lattice-best-path:main():lattice-best-path.cc:99) For utterance mark_2_6_8, best cost 486.771 + 17293.4 = 17780.1 over 628 frames.
mark_2_6_8 two six eight 
LOG (lattice-best-path:main():lattice-best-path.cc:99) For utterance mark_2_6_9, best cost 493.743 + 17129.3 = 17623.1 over 609 frames.
mark_2_6_9 two six nine 
LOG (lattice-best-path:main():lattice-best-path.cc:99) For utterance mark_2_7_1, best cost 519.971 + 13690.1 = 14210 over 630 frames.
mark_2_7_1 two seven one 
LOG (lattice-best-path:main():lattice-best-path.cc:99) For utterance mark_2_7_3, best cost 545.354 + 15667.8 = 16213.2 over 648 frames.
mark_2_7_3 two seven three 
LOG (lattice-best-path:main():lattice-best-path.cc:99) For utterance mark_2_7_4, best cost 516.995 + 13743.3 = 14260.3 over 625 frames.
mark_2_7_4 two seven four 
LOG (lattice-best-path:main():lattice-best-path.cc:99) For utterance mark_2_7_5, best cost 529.025 + 17465.7 = 17994.7 over 643 frames.
mark_2_7_5 two seven five 
LOG (lattice-best-path:main():lattice-best-path.cc:99) For utterance mark_2_7_6, best cost 491.428 + 14674 = 15165.4 over 638 frames.
mark_2_7_6 two seven six 
LOG (lattice-best-path:main():lattice-best-path.cc:99) For utterance mark_2_7_8, best cost 467.766 + 13569 = 14036.8 over 643 frames.
mark_2_7_8 two seven eight 
LOG (lattice-best-path:main():lattice-best-path.cc:99) For utterance mark_2_7_9, best cost 512.644 + 16011.1 = 16523.7 over 625 frames.
mark_2_7_9 two seven nine 
LOG (lattice-best-path:main():lattice-best-path.cc:99) For utterance mark_2_8_1, best cost 489.889 + 18737.3 = 19227.2 over 620 frames.
mark_2_8_1 two eight one 
LOG (lattice-best-path:main():lattice-best-path.cc:99) For utterance mark_2_8_3, best cost 510.103 + 21975.3 = 22485.4 over 638 frames.
mark_2_8_3 two eight three 
LOG (lattice-best-path:main():lattice-best-path.cc:99) For utterance mark_2_8_4, best cost 481.636 + 20239.2 = 20720.8 over 614 frames.
mark_2_8_4 two eight four 
LOG (lattice-best-path:main():lattice-best-path.cc:99) For utterance mark_2_8_5, best cost 495.293 + 22387.3 = 22882.6 over 633 frames.
mark_2_8_5 two eight five 
LOG (lattice-best-path:main():lattice-best-path.cc:99) For utterance mark_2_8_6, best cost 456.557 + 19591.1 = 20047.6 over 628 frames.
mark_2_8_6 two eight six 
LOG (lattice-best-path:main():lattice-best-path.cc:99) For utterance mark_2_8_7, best cost 507.818 + 23673.2 = 24181 over 643 frames.
mark_2_8_7 two eight seven 
LOG (lattice-best-path:main():lattice-best-path.cc:99) For utterance mark_2_8_9, best cost 478.197 + 20425.1 = 20903.3 over 614 frames.
mark_2_8_9 two eight nine 
LOG (lattice-best-path:main():lattice-best-path.cc:99) For utterance mark_2_9_1, best cost 494.276 + 16181.7 = 16676 over 601 frames.
mark_2_9_1 two nine one 
LOG (lattice-best-path:main():lattice-best-path.cc:99) For utterance mark_2_9_3, best cost 517.147 + 18748.7 = 19265.8 over 620 frames.
mark_2_9_3 two nine three 
LOG (lattice-best-path:main():lattice-best-path.cc:99) For utterance mark_2_9_4, best cost 490.628 + 16387.6 = 16878.3 over 596 frames.
mark_2_9_4 two nine four 
LOG (lattice-best-path:main():lattice-best-path.cc:99) For utterance mark_2_9_5, best cost 500.744 + 20341.9 = 20842.7 over 614 frames.
mark_2_9_5 two nine five 
LOG (lattice-best-path:main():lattice-best-path.cc:99) For utterance mark_2_9_6, best cost 463.197 + 16628.3 = 17091.5 over 609 frames.
mark_2_9_6 two nine six 
LOG (lattice-best-path:main():lattice-best-path.cc:99) For utterance mark_2_9_7, best cost 513.93 + 17283.9 = 17797.8 over 625 frames.
mark_2_9_7 two nine seven 
LOG (lattice-best-path:main():lattice-best-path.cc:99) For utterance mark_2_9_8, best cost 439.218 + 17274.9 = 17714.1 over 614 frames.
mark_2_9_8 two nine eight 
LOG (lattice-best-path:main():lattice-best-path.cc:99) For utterance mark_3_1_2, best cost 526.479 + 24225.4 = 24751.8 over 625 frames.
mark_3_1_2 three one two 
LOG (lattice-best-path:main():lattice-best-path.cc:99) For utterance mark_3_1_4, best cost 545.527 + 19140.2 = 19685.7 over 614 frames.
mark_3_1_4 three one four 
LOG (lattice-best-path:main():lattice-best-path.cc:99) For utterance mark_3_1_5, best cost 559.184 + 21352.9 = 21912.1 over 633 frames.
mark_3_1_5 three one five 
LOG (lattice-best-path:main():lattice-best-path.cc:99) For utterance mark_3_1_6, best cost 520.242 + 19301 = 19821.2 over 628 frames.
mark_3_1_6 three one six 
LOG (lattice-best-path:main():lattice-best-path.cc:99) For utterance mark_3_1_7, best cost 571.497 + 23228.9 = 23800.4 over 643 frames.
mark_3_1_7 three one seven 
LOG (lattice-best-path:main():lattice-best-path.cc:99) For utterance mark_3_1_8, best cost 535.204 + 20458.1 = 20993.3 over 633 frames.
mark_3_1_8 three one eight 
LOG (lattice-best-path:main():lattice-best-path.cc:99) For utterance mark_3_1_9, best cost 542.088 + 19531 = 20073.1 over 614 frames.
mark_3_1_9 three one nine 
LOG (lattice-best-path:main():lattice-best-path.cc:99) For utterance mark_3_2_1, best cost 552.116 + 22417.4 = 22969.5 over 625 frames.
mark_3_2_1 three two one 
LOG (lattice-best-path:main():lattice-best-path.cc:99) For utterance mark_3_2_4, best cost 549.141 + 23442.2 = 23991.3 over 620 frames.
mark_3_2_4 three two four 
LOG (lattice-best-path:main():lattice-best-path.cc:99) For utterance mark_3_2_5, best cost 562.286 + 24642.8 = 25205.1 over 638 frames.
mark_3_2_5 three two five 
LOG (lattice-best-path:main():lattice-best-path.cc:99) For utterance mark_3_2_6, best cost 523.529 + 24175.4 = 24699 over 633 frames.
mark_3_2_6 three two six 
LOG (lattice-best-path:main():lattice-best-path.cc:99) For utterance mark_3_2_7, best cost 574.134 + 26050.9 = 26625 over 648 frames.
mark_3_2_7 three two seven 
LOG (lattice-best-path:main():lattice-best-path.cc:99) For utterance mark_3_2_8, best cost 499.88 + 23454.5 = 23954.4 over 638 frames.
mark_3_2_8 three two eight 
LOG (lattice-best-path:main():lattice-best-path.cc:99) For utterance mark_3_2_9, best cost 544.971 + 24270.5 = 24815.4 over 620 frames.
mark_3_2_9 three two nine 
LOG (lattice-best-path:main():lattice-best-path.cc:99) For utterance mark_3_4_1, best cost 547.342 + 15864.8 = 16412.2 over 614 frames.
mark_3_4_1 three four one 
LOG (lattice-best-path:main():lattice-best-path.cc:99) For utterance mark_3_4_2, best cost 522.59 + 20299.1 = 20821.7 over 620 frames.
mark_3_4_2 three four two 
LOG (lattice-best-path:main():lattice-best-path.cc:99) For utterance mark_3_4_5, best cost 555.323 + 19815.9 = 20371.2 over 628 frames.
mark_3_4_5 three four five 
LOG (lattice-best-path:main():lattice-best-path.cc:99) For utterance mark_3_4_6, best cost 516.263 + 16158.8 = 16675 over 622 frames.
mark_3_4_6 three four six 
LOG (lattice-best-path:main():lattice-best-path.cc:99) For utterance mark_3_4_7, best cost 566.996 + 17232 = 17799 over 638 frames.
mark_3_4_7 three four seven 
LOG (lattice-best-path:main():lattice-best-path.cc:99) For utterance mark_3_4_8, best cost 531.508 + 17144.1 = 17675.6 over 628 frames.
mark_3_4_8 three four eight 
LOG (lattice-best-path:main():lattice-best-path.cc:99) For utterance mark_3_4_9, best cost 538.397 + 16851 = 17389.3 over 609 frames.
mark_3_4_9 three four nine 
LOG (lattice-best-path:main():lattice-best-path.cc:99) For utterance mark_3_5_1, best cost 590.547 + 21875.1 = 22465.7 over 633 frames.
mark_3_5_1 three five one 
LOG (lattice-best-path:main():lattice-best-path.cc:99) For utterance mark_3_5_2, best cost 591.737 + 26554.8 = 27146.5 over 638 frames.
mark_3_5_2 three five two 
LOG (lattice-best-path:main():lattice-best-path.cc:99) For utterance mark_3_5_4, best cost 583.646 + 23573.5 = 24157.2 over 628 frames.
mark_3_5_4 three five four 
LOG (lattice-best-path:main():lattice-best-path.cc:99) For utterance mark_3_5_6, best cost 557.11 + 23485 = 24042.1 over 641 frames.
mark_3_5_6 three five six 
LOG (lattice-best-path:main():lattice-best-path.cc:99) For utterance mark_3_5_7, best cost 608.414 + 28482.4 = 29090.8 over 656 frames.
mark_3_5_7 three five seven 
LOG (lattice-best-path:main():lattice-best-path.cc:99) For utterance mark_3_5_8, best cost 571.783 + 24176 = 24747.8 over 646 frames.
mark_3_5_8 three five eight 
LOG (lattice-best-path:main():lattice-best-path.cc:99) For utterance mark_3_5_9, best cost 607.625 + 23647.2 = 24254.9 over 628 frames.
mark_3_5_9 three five nine 
LOG (lattice-best-path:main():lattice-best-path.cc:99) For utterance mark_3_6_1, best cost 550.666 + 17081.4 = 17632 over 628 frames.
mark_3_6_1 three six one 
LOG (lattice-best-path:main():lattice-best-path.cc:99) For utterance mark_3_6_2, best cost 525.494 + 21908.4 = 22433.9 over 633 frames.
mark_3_6_2 three six two 
LOG (lattice-best-path:main():lattice-best-path.cc:99) For utterance mark_3_6_4, best cost 546.482 + 17261.6 = 17808.1 over 622 frames.
mark_3_6_4 three six four 
LOG (lattice-best-path:main():lattice-best-path.cc:99) For utterance mark_3_6_5, best cost 558.501 + 21052.5 = 21611 over 641 frames.
mark_3_6_5 three six five 
LOG (lattice-best-path:main():lattice-best-path.cc:99) For utterance mark_3_6_7, best cost 570.162 + 18092.3 = 18662.5 over 651 frames.
mark_3_6_7 three six seven 
LOG (lattice-best-path:main():lattice-best-path.cc:99) For utterance mark_3_6_8, best cost 534.453 + 18300.1 = 18834.5 over 641 frames.
mark_3_6_8 three six eight 
LOG (lattice-best-path:main():lattice-best-path.cc:99) For utterance mark_3_6_9, best cost 541.301 + 18164.7 = 18706 over 622 frames.
mark_3_6_9 three six nine 
LOG (lattice-best-path:main():lattice-best-path.cc:99) For utterance mark_3_7_1, best cost 567.666 + 15327.1 = 15894.8 over 643 frames.
mark_3_7_1 three seven one 
LOG (lattice-best-path:main():lattice-best-path.cc:99) For utterance mark_3_7_2, best cost 544.873 + 16953.2 = 17498.1 over 648 frames.
mark_3_7_2 three seven two 
LOG (lattice-best-path:main():lattice-best-path.cc:99) For utterance mark_3_7_4, best cost 564.691 + 14952.3 = 15517 over 638 frames.
mark_3_7_4 three seven four 
LOG (lattice-best-path:main():lattice-best-path.cc:99) For utterance mark_3_7_5, best cost 576.157 + 18462.2 = 19038.3 over 656 frames.
mark_3_7_5 three seven five 
LOG (lattice-best-path:main():lattice-best-path.cc:99) For utterance mark_3_7_6, best cost 539.172 + 15520.8 = 16060 over 651 frames.
mark_3_7_6 three seven six 
LOG (lattice-best-path:main():lattice-best-path.cc:99) For utterance mark_3_7_8, best cost 515.43 + 15007.1 = 15522.5 over 656 frames.
mark_3_7_8 three seven eight 
LOG (lattice-best-path:main():lattice-best-path.cc:99) For utterance mark_3_7_9, best cost 560.267 + 16596.9 = 17157.2 over 638 frames.
mark_3_7_9 three seven nine 
LOG (lattice-best-path:main():lattice-best-path.cc:99) For utterance mark_3_8_1, best cost 537.637 + 19221.5 = 19759.2 over 633 frames.
mark_3_8_1 three eight one 
LOG (lattice-best-path:main():lattice-best-path.cc:99) For utterance mark_3_8_2, best cost 510.335 + 23924.7 = 24435.1 over 638 frames.
mark_3_8_2 three eight two 
LOG (lattice-best-path:main():lattice-best-path.cc:99) For utterance mark_3_8_4, best cost 530.736 + 20548.2 = 21078.9 over 628 frames.
mark_3_8_4 three eight four 
LOG (lattice-best-path:main():lattice-best-path.cc:99) For utterance mark_3_8_5, best cost 543.04 + 22437 = 22980.1 over 646 frames.
mark_3_8_5 three eight five 
LOG (lattice-best-path:main():lattice-best-path.cc:99) For utterance mark_3_8_6, best cost 504.304 + 20930.3 = 21434.6 over 641 frames.
mark_3_8_6 three eight six 
LOG (lattice-best-path:main():lattice-best-path.cc:99) For utterance mark_3_8_7, best cost 555.691 + 26036.7 = 26592.4 over 656 frames.
mark_3_8_7 three eight seven 
LOG (lattice-best-path:main():lattice-best-path.cc:99) For utterance mark_3_8_9, best cost 526.016 + 21159.3 = 21685.3 over 628 frames.
mark_3_8_9 three eight nine 
LOG (lattice-best-path:main():lattice-best-path.cc:99) For utterance mark_3_9_1, best cost 570.744 + 16773 = 17343.7 over 614 frames.
mark_3_9_1 three nine one 
LOG (lattice-best-path:main():lattice-best-path.cc:99) For utterance mark_3_9_2, best cost 545.993 + 21509.2 = 22055.2 over 620 frames.
mark_3_9_2 three nine two 
LOG (lattice-best-path:main():lattice-best-path.cc:99) For utterance mark_3_9_4, best cost 566.915 + 17334.9 = 17901.8 over 609 frames.
mark_3_9_4 three nine four 
LOG (lattice-best-path:main():lattice-best-path.cc:99) For utterance mark_3_9_5, best cost 578.726 + 20972.4 = 21551.2 over 628 frames.
mark_3_9_5 three nine five 
LOG (lattice-best-path:main():lattice-best-path.cc:99) For utterance mark_3_9_6, best cost 539.665 + 17088.3 = 17628 over 622 frames.
mark_3_9_6 three nine six 
LOG (lattice-best-path:main():lattice-best-path.cc:99) For utterance mark_3_9_7, best cost 590.398 + 17656.1 = 18246.5 over 638 frames.
mark_3_9_7 three nine seven 
LOG (lattice-best-path:main():lattice-best-path.cc:99) For utterance mark_3_9_8, best cost 554.869 + 18261.9 = 18816.8 over 628 frames.
mark_3_9_8 three nine eight 
LOG (lattice-best-path:main():lattice-best-path.cc:99) For utterance mark_4_1_2, best cost 493.883 + 10624.1 = 11117.9 over 601 frames.
mark_4_1_2 four one two 
LOG (lattice-best-path:main():lattice-best-path.cc:99) For utterance mark_4_1_3, best cost 542.205 + 10398.2 = 10940.4 over 614 frames.
mark_4_1_3 four one three 
LOG (lattice-best-path:main():lattice-best-path.cc:99) For utterance mark_4_1_5, best cost 525.875 + 11382.9 = 11908.8 over 609 frames.
mark_4_1_5 four one five 
LOG (lattice-best-path:main():lattice-best-path.cc:99) For utterance mark_4_1_6, best cost 488.279 + 8438.35 = 8926.63 over 604 frames.
mark_4_1_6 four one six 
LOG (lattice-best-path:main():lattice-best-path.cc:99) For utterance mark_4_1_7, best cost 539.179 + 9571.91 = 10111.1 over 620 frames.
mark_4_1_7 four one seven 
LOG (lattice-best-path:main():lattice-best-path.cc:99) For utterance mark_4_1_8, best cost 464.585 + 7907.46 = 8372.04 over 609 frames.
mark_4_1_8 four one eight 
LOG (lattice-best-path:main():lattice-best-path.cc:99) For utterance mark_4_1_9, best cost 509.494 + 9954.7 = 10464.2 over 591 frames.
mark_4_1_9 four one nine 
LOG (lattice-best-path:main():lattice-best-path.cc:99) For utterance mark_4_2_1, best cost 497.424 + 12580 = 13077.5 over 601 frames.
mark_4_2_1 four two one 
LOG (lattice-best-path:main():lattice-best-path.cc:99) For utterance mark_4_2_3, best cost 520.295 + 14621.6 = 15141.9 over 620 frames.
mark_4_2_3 four two three 
LOG (lattice-best-path:main():lattice-best-path.cc:99) For utterance mark_4_2_5, best cost 505.096 + 16324.7 = 16829.8 over 614 frames.
mark_4_2_5 four two five 
LOG (lattice-best-path:main():lattice-best-path.cc:99) For utterance mark_4_2_6, best cost 466.321 + 12727.8 = 13194.2 over 609 frames.
mark_4_2_6 four two six 
LOG (lattice-best-path:main():lattice-best-path.cc:99) For utterance mark_4_2_7, best cost 517.068 + 13804.5 = 14321.6 over 625 frames.
mark_4_2_7 four two seven 
LOG (lattice-best-path:main():lattice-best-path.cc:99) For utterance mark_4_2_8, best cost 442.366 + 13476.5 = 13918.9 over 614 frames.
mark_4_2_8 four two eight 
LOG (lattice-best-path:main():lattice-best-path.cc:99) For utterance mark_4_2_9, best cost 487.276 + 14397.6 = 14884.9 over 596 frames.
mark_4_2_9 four two nine 
LOG (lattice-best-path:main():lattice-best-path.cc:99) For utterance mark_4_3_1, best cost 545.192 + 12822.1 = 13367.3 over 614 frames.
mark_4_3_1 four three one 
LOG (lattice-best-path:main():lattice-best-path.cc:99) For utterance mark_4_3_2, best cost 549.141 + 17003.7 = 17552.8 over 620 frames.
mark_4_3_2 four three two 
LOG (lattice-best-path:main():lattice-best-path.cc:99) For utterance mark_4_3_5, best cost 581.874 + 16708.4 = 17290.3 over 628 frames.
mark_4_3_5 four three five 
LOG (lattice-best-path:main():lattice-best-path.cc:99) For utterance mark_4_3_6, best cost 513.964 + 13092.7 = 13606.6 over 622 frames.
mark_4_3_6 four three six 
LOG (lattice-best-path:main():lattice-best-path.cc:99) For utterance mark_4_3_7, best cost 564.691 + 13207.5 = 13772.2 over 638 frames.
mark_4_3_7 four three seven 
LOG (lattice-best-path:main():lattice-best-path.cc:99) For utterance mark_4_3_8, best cost 529.338 + 13899.9 = 14429.3 over 628 frames.
mark_4_3_8 four three eight 
LOG (lattice-best-path:main():lattice-best-path.cc:99) For utterance mark_4_3_9, best cost 564.947 + 14255.4 = 14820.3 over 609 frames.
mark_4_3_9 four three nine 
LOG (lattice-best-path:main():lattice-best-path.cc:99) For utterance mark_4_5_1, best cost 526.041 + 12953 = 13479 over 609 frames.
mark_4_5_1 four five one 
LOG (lattice-best-path:main():lattice-best-path.cc:99) For utterance mark_4_5_2, best cost 531.985 + 14604.8 = 15136.8 over 614 frames.
mark_4_5_2 four five two 
LOG (lattice-best-path:main():lattice-best-path.cc:99) For utterance mark_4_5_3, best cost 551.735 + 15204 = 15755.7 over 628 frames.
mark_4_5_3 four five three 
LOG (lattice-best-path:main():lattice-best-path.cc:99) For utterance mark_4_5_6, best cost 497.506 + 12581.9 = 13079.4 over 617 frames.
mark_4_5_6 four five six 
LOG (lattice-best-path:main():lattice-best-path.cc:99) For utterance mark_4_5_7, best cost 548.347 + 13369.7 = 13918 over 633 frames.
mark_4_5_7 four five seven 
LOG (lattice-best-path:main():lattice-best-path.cc:99) For utterance mark_4_5_8, best cost 473.826 + 12622.4 = 13096.2 over 622 frames.
mark_4_5_8 four five eight 
LOG (lattice-best-path:main():lattice-best-path.cc:99) For utterance mark_4_5_9, best cost 547.597 + 13864.7 = 14412.3 over 604 frames.
mark_4_5_9 four five nine 
LOG (lattice-best-path:main():lattice-best-path.cc:99) For utterance mark_4_6_1, best cost 518.873 + 9419.45 = 9938.32 over 604 frames.
mark_4_6_1 four six one 
LOG (lattice-best-path:main():lattice-best-path.cc:99) For utterance mark_4_6_2, best cost 495.936 + 12213.8 = 12709.7 over 609 frames.
mark_4_6_2 four six two 
LOG (lattice-best-path:main():lattice-best-path.cc:99) For utterance mark_4_6_3, best cost 544.257 + 12199.3 = 12743.6 over 622 frames.
mark_4_6_3 four six three 
LOG (lattice-best-path:main():lattice-best-path.cc:99) For utterance mark_4_6_5, best cost 527.928 + 13401.2 = 13929.1 over 617 frames.
mark_4_6_5 four six five 
LOG (lattice-best-path:main():lattice-best-path.cc:99) For utterance mark_4_6_7, best cost 541.355 + 12281.9 = 12823.3 over 628 frames.
mark_4_6_7 four six seven 
LOG (lattice-best-path:main():lattice-best-path.cc:99) For utterance mark_4_6_8, best cost 466.637 + 10057.4 = 10524 over 617 frames.
mark_4_6_8 four six eight 
LOG (lattice-best-path:main():lattice-best-path.cc:99) For utterance mark_4_6_9, best cost 511.547 + 12108.5 = 12620.1 over 599 frames.
mark_4_6_9 four six nine 
LOG (lattice-best-path:main():lattice-best-path.cc:99) For utterance mark_4_7_1, best cost 544.555 + 14767.5 = 15312.1 over 620 frames.
mark_4_7_1 four seven one 
LOG (lattice-best-path:main():lattice-best-path.cc:99) For utterance mark_4_7_2, best cost 517.435 + 20948.7 = 21466.1 over 625 frames.
mark_4_7_2 four seven two 
LOG (lattice-best-path:main():lattice-best-path.cc:99) For utterance mark_4_7_3, best cost 564.769 + 17712.2 = 18277 over 638 frames.
mark_4_7_3 four seven three 
LOG (lattice-best-path:main():lattice-best-path.cc:99) For utterance mark_4_7_5, best cost 550.113 + 18525.2 = 19075.3 over 633 frames.
mark_4_7_5 four seven five 
LOG (lattice-best-path:main():lattice-best-path.cc:99) For utterance mark_4_7_6, best cost 511.177 + 15336 = 15847.2 over 628 frames.
mark_4_7_6 four seven six 
LOG (lattice-best-path:main():lattice-best-path.cc:99) For utterance mark_4_7_8, best cost 525.978 + 17269.2 = 17795.2 over 633 frames.
mark_4_7_8 four seven eight 
LOG (lattice-best-path:main():lattice-best-path.cc:99) For utterance mark_4_7_9, best cost 532.935 + 16091.8 = 16624.7 over 614 frames.
mark_4_7_9 four seven nine 
LOG (lattice-best-path:main():lattice-best-path.cc:99) For utterance mark_4_8_1, best cost 499.92 + 9422.86 = 9922.78 over 609 frames.
mark_4_8_1 four eight one 
LOG (lattice-best-path:main():lattice-best-path.cc:99) For utterance mark_4_8_2, best cost 476.982 + 10932.6 = 11409.6 over 614 frames.
mark_4_8_2 four eight two 
LOG (lattice-best-path:main():lattice-best-path.cc:99) For utterance mark_4_8_3, best cost 525.613 + 11286.8 = 11812.4 over 628 frames.
mark_4_8_3 four eight three 
LOG (lattice-best-path:main():lattice-best-path.cc:99) For utterance mark_4_8_5, best cost 508.483 + 12436.9 = 12945.4 over 622 frames.
mark_4_8_5 four eight five 
LOG (lattice-best-path:main():lattice-best-path.cc:99) For utterance mark_4_8_6, best cost 471.422 + 9314.63 = 9786.06 over 617 frames.
mark_4_8_6 four eight six 
LOG (lattice-best-path:main():lattice-best-path.cc:99) For utterance mark_4_8_7, best cost 522.433 + 9539.21 = 10061.6 over 633 frames.
mark_4_8_7 four eight seven 
LOG (lattice-best-path:main():lattice-best-path.cc:99) For utterance mark_4_8_9, best cost 492.593 + 10431.2 = 10923.8 over 604 frames.
mark_4_8_9 four eight nine 
LOG (lattice-best-path:main():lattice-best-path.cc:99) For utterance mark_4_9_1, best cost 509.494 + 12503.1 = 13012.6 over 591 frames.
mark_4_9_1 four nine one 
LOG (lattice-best-path:main():lattice-best-path.cc:99) For utterance mark_4_9_2, best cost 487.11 + 14499.6 = 14986.7 over 596 frames.
mark_4_9_2 four nine two 
LOG (lattice-best-path:main():lattice-best-path.cc:99) For utterance mark_4_9_3, best cost 534.878 + 15389.4 = 15924.3 over 609 frames.
mark_4_9_3 four nine three 
LOG (lattice-best-path:main():lattice-best-path.cc:99) For utterance mark_4_9_5, best cost 518.549 + 15668.2 = 16186.7 over 604 frames.
mark_4_9_5 four nine five 
LOG (lattice-best-path:main():lattice-best-path.cc:99) For utterance mark_4_9_6, best cost 481.042 + 13843.3 = 14324.3 over 599 frames.
mark_4_9_6 four nine six 
LOG (lattice-best-path:main():lattice-best-path.cc:99) For utterance mark_4_9_7, best cost 531.615 + 15107.9 = 15639.5 over 614 frames.
mark_4_9_7 four nine seven 
LOG (lattice-best-path:main():lattice-best-path.cc:99) For utterance mark_4_9_8, best cost 457.258 + 13350.6 = 13807.8 over 604 frames.
mark_4_9_8 four nine eight 
LOG (lattice-best-path:main():lattice-best-path.cc:99) For utterance mark_5_1_2, best cost 507.087 + 19712.6 = 20219.7 over 620 frames.
mark_5_1_2 five one two 
LOG (lattice-best-path:main():lattice-best-path.cc:99) For utterance mark_5_1_3, best cost 555.44 + 18361.9 = 18917.4 over 633 frames.
mark_5_1_3 five one three 
LOG (lattice-best-path:main():lattice-best-path.cc:99) For utterance mark_5_1_4, best cost 528.009 + 15614.1 = 16142.1 over 609 frames.
mark_5_1_4 five one four 
LOG (lattice-best-path:main():lattice-best-path.cc:99) For utterance mark_5_1_6, best cost 500.553 + 15917.6 = 16418.1 over 622 frames.
mark_5_1_6 five one six 
LOG (lattice-best-path:main():lattice-best-path.cc:99) For utterance mark_5_1_7, best cost 551.492 + 16127.9 = 16679.4 over 638 frames.
mark_5_1_7 five one seven 
LOG (lattice-best-path:main():lattice-best-path.cc:99) For utterance mark_5_1_8, best cost 516.004 + 16749.6 = 17265.6 over 628 frames.
mark_5_1_8 five one eight 
LOG (lattice-best-path:main():lattice-best-path.cc:99) For utterance mark_5_1_9, best cost 522.893 + 17125.9 = 17648.8 over 609 frames.
mark_5_1_9 five one nine 
LOG (lattice-best-path:main():lattice-best-path.cc:99) For utterance mark_5_2_1, best cost 541.293 + 20494.8 = 21036.1 over 620 frames.
mark_5_2_1 five two one 
LOG (lattice-best-path:main():lattice-best-path.cc:99) For utterance mark_5_2_3, best cost 561.507 + 23101.4 = 23662.9 over 638 frames.
mark_5_2_3 five two three 
LOG (lattice-best-path:main():lattice-best-path.cc:99) For utterance mark_5_2_4, best cost 533.039 + 21297.7 = 21830.7 over 614 frames.
mark_5_2_4 five two four 
LOG (lattice-best-path:main():lattice-best-path.cc:99) For utterance mark_5_2_6, best cost 507.891 + 20936.6 = 21444.5 over 628 frames.
mark_5_2_6 five two six 
LOG (lattice-best-path:main():lattice-best-path.cc:99) For utterance mark_5_2_7, best cost 559.211 + 25073.7 = 25632.9 over 643 frames.
mark_5_2_7 five two seven 
LOG (lattice-best-path:main():lattice-best-path.cc:99) For utterance mark_5_2_8, best cost 522.716 + 22152.8 = 22675.5 over 633 frames.
mark_5_2_8 five two eight 
LOG (lattice-best-path:main():lattice-best-path.cc:99) For utterance mark_5_2_9, best cost 529.6 + 21769.1 = 22298.7 over 614 frames.
mark_5_2_9 five two nine 
LOG (lattice-best-path:main():lattice-best-path.cc:99) For utterance mark_5_3_1, best cost 560.2 + 19315.3 = 19875.5 over 633 frames.
mark_5_3_1 five three one 
LOG (lattice-best-path:main():lattice-best-path.cc:99) For utterance mark_5_3_2, best cost 561.416 + 23833.6 = 24395.1 over 638 frames.
mark_5_3_2 five three two 
LOG (lattice-best-path:main():lattice-best-path.cc:99) For utterance mark_5_3_4, best cost 553.299 + 20503.9 = 21057.2 over 628 frames.
mark_5_3_4 five three four 
LOG (lattice-best-path:main():lattice-best-path.cc:99) For utterance mark_5_3_6, best cost 526.764 + 21274 = 21800.8 over 641 frames.
mark_5_3_6 five three six 
LOG (lattice-best-path:main():lattice-best-path.cc:99) For utterance mark_5_3_7, best cost 577.923 + 26063.6 = 26641.5 over 656 frames.
mark_5_3_7 five three seven 
LOG (lattice-best-path:main():lattice-best-path.cc:99) For utterance mark_5_3_8, best cost 541.644 + 21738 = 22279.7 over 646 frames.
mark_5_3_8 five three eight 
LOG (lattice-best-path:main():lattice-best-path.cc:99) For utterance mark_5_3_9, best cost 577.314 + 21738.7 = 22316.1 over 628 frames.
mark_5_3_9 five three nine 
LOG (lattice-best-path:main():lattice-best-path.cc:99) For utterance mark_5_4_1, best cost 526.041 + 13294.1 = 13820.2 over 609 frames.
mark_5_4_1 five four one 
LOG (lattice-best-path:main():lattice-best-path.cc:99) For utterance mark_5_4_2, best cost 503.104 + 15406 = 15909.1 over 614 frames.
mark_5_4_2 five four two 
LOG (lattice-best-path:main():lattice-best-path.cc:99) For utterance mark_5_4_3, best cost 551.735 + 15713.6 = 16265.3 over 628 frames.
mark_5_4_3 five four three 
LOG (lattice-best-path:main():lattice-best-path.cc:99) For utterance mark_5_4_6, best cost 497.589 + 13452.3 = 13949.9 over 617 frames.
mark_5_4_6 five four six 
LOG (lattice-best-path:main():lattice-best-path.cc:99) For utterance mark_5_4_7, best cost 548.554 + 13306.6 = 13855.2 over 633 frames.
mark_5_4_7 five four seven 
LOG (lattice-best-path:main():lattice-best-path.cc:99) For utterance mark_5_4_8, best cost 473.805 + 13518 = 13991.8 over 622 frames.
mark_5_4_8 five four eight 
LOG (lattice-best-path:main():lattice-best-path.cc:99) For utterance mark_5_4_9, best cost 518.715 + 14621.3 = 15140 over 604 frames.
mark_5_4_9 five four nine 
LOG (lattice-best-path:main():lattice-best-path.cc:99) For utterance mark_5_6_1, best cost 530.9 + 14455 = 14985.9 over 622 frames.
mark_5_6_1 five six one 
LOG (lattice-best-path:main():lattice-best-path.cc:99) For utterance mark_5_6_2, best cost 509.035 + 16171.7 = 16680.7 over 628 frames.
mark_5_6_2 five six two 
LOG (lattice-best-path:main():lattice-best-path.cc:99) For utterance mark_5_6_3, best cost 556.659 + 16053.4 = 16610 over 641 frames.
mark_5_6_3 five six three 
LOG (lattice-best-path:main():lattice-best-path.cc:99) For utterance mark_5_6_4, best cost 527.99 + 13726.2 = 14254.2 over 617 frames.
mark_5_6_4 five six four 
LOG (lattice-best-path:main():lattice-best-path.cc:99) For utterance mark_5_6_7, best cost 553.412 + 14705.9 = 15259.3 over 646 frames.
mark_5_6_7 five six seven 
LOG (lattice-best-path:main():lattice-best-path.cc:99) For utterance mark_5_6_8, best cost 478.729 + 14921 = 15399.8 over 635 frames.
mark_5_6_8 five six eight 
LOG (lattice-best-path:main():lattice-best-path.cc:99) For utterance mark_5_6_9, best cost 523.573 + 15725.4 = 16249 over 617 frames.
mark_5_6_9 five six nine 
LOG (lattice-best-path:main():lattice-best-path.cc:99) For utterance mark_5_7_1, best cost 551.323 + 14485.3 = 15036.6 over 638 frames.
mark_5_7_1 five seven one 
LOG (lattice-best-path:main():lattice-best-path.cc:99) For utterance mark_5_7_2, best cost 529.011 + 17352.2 = 17881.3 over 643 frames.
mark_5_7_2 five seven two 
LOG (lattice-best-path:main():lattice-best-path.cc:99) For utterance mark_5_7_3, best cost 576.706 + 17733.7 = 18310.4 over 656 frames.
mark_5_7_3 five seven three 
LOG (lattice-best-path:main():lattice-best-path.cc:99) For utterance mark_5_7_4, best cost 548.347 + 16194 = 16742.4 over 633 frames.
mark_5_7_4 five seven four 
LOG (lattice-best-path:main():lattice-best-path.cc:99) For utterance mark_5_7_6, best cost 522.78 + 16725.8 = 17248.6 over 646 frames.
mark_5_7_6 five seven six 
LOG (lattice-best-path:main():lattice-best-path.cc:99) For utterance mark_5_7_8, best cost 499.087 + 15351.4 = 15850.5 over 651 frames.
mark_5_7_8 five seven eight 
LOG (lattice-best-path:main():lattice-best-path.cc:99) For utterance mark_5_7_9, best cost 544.178 + 17224 = 17768.2 over 633 frames.
mark_5_7_9 five seven nine 
LOG (lattice-best-path:main():lattice-best-path.cc:99) For utterance mark_5_8_1, best cost 515.247 + 16971.2 = 17486.5 over 628 frames.
mark_5_8_1 five eight one 
LOG (lattice-best-path:main():lattice-best-path.cc:99) For utterance mark_5_8_2, best cost 490.206 + 22349.6 = 22839.9 over 633 frames.
mark_5_8_2 five eight two 
LOG (lattice-best-path:main():lattice-best-path.cc:99) For utterance mark_5_8_3, best cost 538.751 + 20852.3 = 21391.1 over 646 frames.
mark_5_8_3 five eight three 
LOG (lattice-best-path:main():lattice-best-path.cc:99) For utterance mark_5_8_4, best cost 511.129 + 17097.5 = 17608.6 over 622 frames.
mark_5_8_4 five eight four 
LOG (lattice-best-path:main():lattice-best-path.cc:99) For utterance mark_5_8_6, best cost 483.879 + 16971.3 = 17455.1 over 635 frames.
mark_5_8_6 five eight six 
LOG (lattice-best-path:main():lattice-best-path.cc:99) For utterance mark_5_8_7, best cost 534.612 + 17946.7 = 18481.3 over 651 frames.
mark_5_8_7 five eight seven 
LOG (lattice-best-path:main():lattice-best-path.cc:99) For utterance mark_5_8_9, best cost 506.013 + 18118.5 = 18624.5 over 622 frames.
mark_5_8_9 five eight nine 
LOG (lattice-best-path:main():lattice-best-path.cc:99) For utterance mark_5_9_1, best cost 550.572 + 15504.1 = 16054.7 over 609 frames.
mark_5_9_1 five nine one 
LOG (lattice-best-path:main():lattice-best-path.cc:99) For utterance mark_5_9_2, best cost 527.634 + 16994.9 = 17522.5 over 614 frames.
mark_5_9_2 five nine two 
LOG (lattice-best-path:main():lattice-best-path.cc:99) For utterance mark_5_9_3, best cost 576.265 + 17716.1 = 18292.3 over 628 frames.
mark_5_9_3 five nine three 
LOG (lattice-best-path:main():lattice-best-path.cc:99) For utterance mark_5_9_4, best cost 547.597 + 14907.7 = 15455.3 over 604 frames.
mark_5_9_4 five nine four 
LOG (lattice-best-path:main():lattice-best-path.cc:99) For utterance mark_5_9_6, best cost 522.074 + 15277.1 = 15799.2 over 617 frames.
mark_5_9_6 five nine six 
LOG (lattice-best-path:main():lattice-best-path.cc:99) For utterance mark_5_9_7, best cost 573.033 + 15595 = 16168 over 633 frames.
mark_5_9_7 five nine seven 
LOG (lattice-best-path:main():lattice-best-path.cc:99) For utterance mark_5_9_8, best cost 498.336 + 15380.9 = 15879.2 over 622 frames.
mark_5_9_8 five nine eight 
LOG (lattice-best-path:main():lattice-best-path.cc:99) For utterance mark_6_1_2, best cost 468.361 + 9192.24 = 9660.6 over 614 frames.
mark_6_1_2 six one two 
LOG (lattice-best-path:main():lattice-best-path.cc:99) For utterance mark_6_1_3, best cost 516.992 + 9803.32 = 10320.3 over 628 frames.
mark_6_1_3 six one three 
LOG (lattice-best-path:main():lattice-best-path.cc:99) For utterance mark_6_1_4, best cost 488.323 + 6669.75 = 7158.08 over 604 frames.
mark_6_1_4 six one four 
LOG (lattice-best-path:main():lattice-best-path.cc:99) For utterance mark_6_1_5, best cost 499.862 + 10806.2 = 11306 over 622 frames.
mark_6_1_5 six one five 
LOG (lattice-best-path:main():lattice-best-path.cc:99) For utterance mark_6_1_7, best cost 513.709 + 7277.38 = 7791.09 over 633 frames.
mark_6_1_7 six one seven 
LOG (lattice-best-path:main():lattice-best-path.cc:99) For utterance mark_6_1_8, best cost 439.063 + 7310.56 = 7749.62 over 622 frames.
mark_6_1_8 six one eight 
LOG (lattice-best-path:main():lattice-best-path.cc:99) For utterance mark_6_1_9, best cost 483.972 + 8573.45 = 9057.42 over 604 frames.
mark_6_1_9 six one nine 
LOG (lattice-best-path:main():lattice-best-path.cc:99) For utterance mark_6_2_1, best cost 471.902 + 11664.5 = 12136.4 over 614 frames.
mark_6_2_1 six two one 
LOG (lattice-best-path:main():lattice-best-path.cc:99) For utterance mark_6_2_3, best cost 495.503 + 14616.8 = 15112.3 over 633 frames.
mark_6_2_3 six two three 
LOG (lattice-best-path:main():lattice-best-path.cc:99) For utterance mark_6_2_4, best cost 468.072 + 11561.3 = 12029.4 over 609 frames.
mark_6_2_4 six two four 
LOG (lattice-best-path:main():lattice-best-path.cc:99) For utterance mark_6_2_5, best cost 479.883 + 15361.4 = 15841.3 over 628 frames.
mark_6_2_5 six two five 
LOG (lattice-best-path:main():lattice-best-path.cc:99) For utterance mark_6_2_7, best cost 491.453 + 12603.7 = 13095.1 over 638 frames.
mark_6_2_7 six two seven 
LOG (lattice-best-path:main():lattice-best-path.cc:99) For utterance mark_6_2_8, best cost 456.068 + 12651.1 = 13107.2 over 628 frames.
mark_6_2_8 six two eight 
LOG (lattice-best-path:main():lattice-best-path.cc:99) For utterance mark_6_2_9, best cost 462.957 + 12877.8 = 13340.8 over 609 frames.
mark_6_2_9 six two nine 
LOG (lattice-best-path:main():lattice-best-path.cc:99) For utterance mark_6_3_1, best cost 519.959 + 11862.9 = 12382.8 over 628 frames.
mark_6_3_1 six three one 
LOG (lattice-best-path:main():lattice-best-path.cc:99) For utterance mark_6_3_2, best cost 523.618 + 17117.2 = 17640.8 over 633 frames.
mark_6_3_2 six three two 
LOG (lattice-best-path:main():lattice-best-path.cc:99) For utterance mark_6_3_4, best cost 516.023 + 11855.9 = 12371.9 over 622 frames.
mark_6_3_4 six three four 
LOG (lattice-best-path:main():lattice-best-path.cc:99) For utterance mark_6_3_5, best cost 556.351 + 16369.2 = 16925.5 over 641 frames.
mark_6_3_5 six three five 
LOG (lattice-best-path:main():lattice-best-path.cc:99) For utterance mark_6_3_7, best cost 539.169 + 12948.5 = 13487.6 over 651 frames.
mark_6_3_7 six three seven 
LOG (lattice-best-path:main():lattice-best-path.cc:99) For utterance mark_6_3_8, best cost 503.815 + 13623.8 = 14127.6 over 641 frames.
mark_6_3_8 six three eight 
LOG (lattice-best-path:main():lattice-best-path.cc:99) For utterance mark_6_3_9, best cost 539.425 + 13301.1 = 13840.5 over 622 frames.
mark_6_3_9 six three nine 
LOG (lattice-best-path:main():lattice-best-path.cc:99) For utterance mark_6_4_1, best cost 488.324 + 6883.86 = 7372.18 over 604 frames.
mark_6_4_1 six four one 
LOG (lattice-best-path:main():lattice-best-path.cc:99) For utterance mark_6_4_2, best cost 465.386 + 9374.38 = 9839.77 over 609 frames.
mark_6_4_2 six four two 
LOG (lattice-best-path:main():lattice-best-path.cc:99) For utterance mark_6_4_3, best cost 513.707 + 9393.55 = 9907.25 over 622 frames.
mark_6_4_3 six four three 
LOG (lattice-best-path:main():lattice-best-path.cc:99) For utterance mark_6_4_5, best cost 497.378 + 11230.3 = 11727.7 over 617 frames.
mark_6_4_5 six four five 
LOG (lattice-best-path:main():lattice-best-path.cc:99) For utterance mark_6_4_7, best cost 510.733 + 9703.93 = 10214.7 over 628 frames.
mark_6_4_7 six four seven 
LOG (lattice-best-path:main():lattice-best-path.cc:99) For utterance mark_6_4_8, best cost 436.088 + 7502.03 = 7938.12 over 617 frames.
mark_6_4_8 six four eight 
LOG (lattice-best-path:main():lattice-best-path.cc:99) For utterance mark_6_4_9, best cost 480.997 + 9573.49 = 10054.5 over 599 frames.
mark_6_4_9 six four nine 
LOG (lattice-best-path:main():lattice-best-path.cc:99) For utterance mark_6_5_1, best cost 500.519 + 11817.1 = 12317.7 over 622 frames.
mark_6_5_1 six five one 
LOG (lattice-best-path:main():lattice-best-path.cc:99) For utterance mark_6_5_2, best cost 507.471 + 14361.8 = 14869.2 over 628 frames.
mark_6_5_2 six five two 
LOG (lattice-best-path:main():lattice-best-path.cc:99) For utterance mark_6_5_3, best cost 526.213 + 14183.8 = 14710 over 641 frames.
mark_6_5_3 six five three 
LOG (lattice-best-path:main():lattice-best-path.cc:99) For utterance mark_6_5_4, best cost 497.544 + 11102.8 = 11600.4 over 617 frames.
mark_6_5_4 six five four 
LOG (lattice-best-path:main():lattice-best-path.cc:99) For utterance mark_6_5_7, best cost 522.898 + 11997.8 = 12520.7 over 646 frames.
mark_6_5_7 six five seven 
LOG (lattice-best-path:main():lattice-best-path.cc:99) For utterance mark_6_5_8, best cost 448.304 + 12649.3 = 13097.6 over 635 frames.
mark_6_5_8 six five eight 
LOG (lattice-best-path:main():lattice-best-path.cc:99) For utterance mark_6_5_9, best cost 522.075 + 13128.7 = 13650.8 over 617 frames.
mark_6_5_9 six five nine 
LOG (lattice-best-path:main():lattice-best-path.cc:99) For utterance mark_6_7_1, best cost 519.136 + 12463 = 12982.1 over 633 frames.
mark_6_7_1 six seven one 
LOG (lattice-best-path:main():lattice-best-path.cc:99) For utterance mark_6_7_2, best cost 491.834 + 17017.6 = 17509.4 over 638 frames.
mark_6_7_2 six seven two 
LOG (lattice-best-path:main():lattice-best-path.cc:99) For utterance mark_6_7_3, best cost 539.298 + 15422.7 = 15962 over 651 frames.
mark_6_7_3 six seven three 
LOG (lattice-best-path:main():lattice-best-path.cc:99) For utterance mark_6_7_4, best cost 512.183 + 14031.9 = 14544.1 over 628 frames.
mark_6_7_4 six seven four 
LOG (lattice-best-path:main():lattice-best-path.cc:99) For utterance mark_6_7_5, best cost 524.401 + 15846 = 16370.4 over 646 frames.
mark_6_7_5 six seven five 
LOG (lattice-best-path:main():lattice-best-path.cc:99) For utterance mark_6_7_8, best cost 500.507 + 14940.3 = 15440.8 over 646 frames.
mark_6_7_8 six seven eight 
LOG (lattice-best-path:main():lattice-best-path.cc:99) For utterance mark_6_7_9, best cost 507.463 + 14647.8 = 15155.3 over 628 frames.
mark_6_7_9 six seven nine 
LOG (lattice-best-path:main():lattice-best-path.cc:99) For utterance mark_6_8_1, best cost 474.398 + 7891.3 = 8365.7 over 622 frames.
mark_6_8_1 six eight one 
LOG (lattice-best-path:main():lattice-best-path.cc:99) For utterance mark_6_8_2, best cost 452.468 + 9433.42 = 9885.88 over 628 frames.
mark_6_8_2 six eight two 
LOG (lattice-best-path:main():lattice-best-path.cc:99) For utterance mark_6_8_3, best cost 500.091 + 9966.35 = 10466.4 over 641 frames.
mark_6_8_3 six eight three 
LOG (lattice-best-path:main():lattice-best-path.cc:99) For utterance mark_6_8_4, best cost 471.422 + 6841.64 = 7313.06 over 617 frames.
mark_6_8_4 six eight four 
LOG (lattice-best-path:main():lattice-best-path.cc:99) For utterance mark_6_8_5, best cost 482.961 + 11105.5 = 11588.4 over 635 frames.
mark_6_8_5 six eight five 
LOG (lattice-best-path:main():lattice-best-path.cc:99) For utterance mark_6_8_7, best cost 496.807 + 8013.26 = 8510.06 over 646 frames.
mark_6_8_7 six eight seven 
LOG (lattice-best-path:main():lattice-best-path.cc:99) For utterance mark_6_8_9, best cost 467.071 + 8956.99 = 9424.06 over 617 frames.
mark_6_8_9 six eight nine 
LOG (lattice-best-path:main():lattice-best-path.cc:99) For utterance mark_6_9_1, best cost 483.972 + 9076.65 = 9560.62 over 604 frames.
mark_6_9_1 six nine one 
LOG (lattice-best-path:main():lattice-best-path.cc:99) For utterance mark_6_9_2, best cost 461.034 + 12084.5 = 12545.6 over 609 frames.
mark_6_9_2 six nine two 
LOG (lattice-best-path:main():lattice-best-path.cc:99) For utterance mark_6_9_3, best cost 509.356 + 11927 = 12436.4 over 622 frames.
mark_6_9_3 six nine three 
LOG (lattice-best-path:main():lattice-best-path.cc:99) For utterance mark_6_9_4, best cost 480.997 + 10410 = 10891 over 599 frames.
mark_6_9_4 six nine four 
LOG (lattice-best-path:main():lattice-best-path.cc:99) For utterance mark_6_9_5, best cost 493.027 + 12845.3 = 13338.3 over 617 frames.
mark_6_9_5 six nine five 
LOG (lattice-best-path:main():lattice-best-path.cc:99) For utterance mark_6_9_7, best cost 506.434 + 11681.8 = 12188.2 over 628 frames.
mark_6_9_7 six nine seven 
LOG (lattice-best-path:main():lattice-best-path.cc:99) For utterance mark_6_9_8, best cost 431.736 + 9513.49 = 9945.23 over 617 frames.
mark_6_9_8 six nine eight 
LOG (lattice-best-path:main():lattice-best-path.cc:99) For utterance mark_7_1_2, best cost 491.081 + 17673.3 = 18164.4 over 630 frames.
mark_7_1_2 seven one two 
LOG (lattice-best-path:main():lattice-best-path.cc:99) For utterance mark_7_1_3, best cost 538.849 + 18666.1 = 19205 over 643 frames.
mark_7_1_3 seven one three 
LOG (lattice-best-path:main():lattice-best-path.cc:99) For utterance mark_7_1_4, best cost 510.49 + 16838.5 = 17349 over 620 frames.
mark_7_1_4 seven one four 
LOG (lattice-best-path:main():lattice-best-path.cc:99) For utterance mark_7_1_5, best cost 523.635 + 18449.1 = 18972.8 over 638 frames.
mark_7_1_5 seven one five 
LOG (lattice-best-path:main():lattice-best-path.cc:99) For utterance mark_7_1_6, best cost 484.968 + 18178.8 = 18663.7 over 633 frames.
mark_7_1_6 seven one six 
LOG (lattice-best-path:main():lattice-best-path.cc:99) For utterance mark_7_1_8, best cost 461.23 + 16673 = 17134.3 over 638 frames.
mark_7_1_8 seven one eight 
LOG (lattice-best-path:main():lattice-best-path.cc:99) For utterance mark_7_1_9, best cost 506.321 + 18308.9 = 18815.2 over 620 frames.
mark_7_1_9 seven one nine 
LOG (lattice-best-path:main():lattice-best-path.cc:99) For utterance mark_7_2_1, best cost 486.163 + 16299.1 = 16785.3 over 630 frames.
mark_7_2_1 seven two one 
LOG (lattice-best-path:main():lattice-best-path.cc:99) For utterance mark_7_2_3, best cost 511.547 + 18326 = 18837.6 over 648 frames.
mark_7_2_3 seven two three 
LOG (lattice-best-path:main():lattice-best-path.cc:99) For utterance mark_7_2_4, best cost 483.188 + 16181.9 = 16665 over 625 frames.
mark_7_2_4 seven two four 
LOG (lattice-best-path:main():lattice-best-path.cc:99) For utterance mark_7_2_5, best cost 495.218 + 19836 = 20331.2 over 643 frames.
mark_7_2_5 seven two five 
LOG (lattice-best-path:main():lattice-best-path.cc:99) For utterance mark_7_2_6, best cost 457.597 + 17084.2 = 17541.8 over 638 frames.
mark_7_2_6 seven two six 
LOG (lattice-best-path:main():lattice-best-path.cc:99) For utterance mark_7_2_8, best cost 433.927 + 16074.5 = 16508.4 over 643 frames.
mark_7_2_8 seven two eight 
LOG (lattice-best-path:main():lattice-best-path.cc:99) For utterance mark_7_2_9, best cost 478.837 + 17836.2 = 18315.1 over 625 frames.
mark_7_2_9 seven two nine 
LOG (lattice-best-path:main():lattice-best-path.cc:99) For utterance mark_7_3_1, best cost 533.845 + 15592.4 = 16126.3 over 643 frames.
mark_7_3_1 seven three one 
LOG (lattice-best-path:main():lattice-best-path.cc:99) For utterance mark_7_3_2, best cost 539.453 + 17617.6 = 18157.1 over 648 frames.
mark_7_3_2 seven three two 
LOG (lattice-best-path:main():lattice-best-path.cc:99) For utterance mark_7_3_4, best cost 530.87 + 15807.9 = 16338.8 over 638 frames.
mark_7_3_4 seven three four 
LOG (lattice-best-path:main():lattice-best-path.cc:99) For utterance mark_7_3_5, best cost 571.445 + 19100.8 = 19672.3 over 656 frames.
mark_7_3_5 seven three five 
LOG (lattice-best-path:main():lattice-best-path.cc:99) For utterance mark_7_3_6, best cost 505.244 + 16009.7 = 16515 over 651 frames.
mark_7_3_6 seven three six 
LOG (lattice-best-path:main():lattice-best-path.cc:99) For utterance mark_7_3_8, best cost 481.63 + 15296.7 = 15778.4 over 656 frames.
mark_7_3_8 seven three eight 
LOG (lattice-best-path:main():lattice-best-path.cc:99) For utterance mark_7_3_9, best cost 555.064 + 16982.7 = 17537.7 over 638 frames.
mark_7_3_9 seven three nine 
LOG (lattice-best-path:main():lattice-best-path.cc:99) For utterance mark_7_4_1, best cost 511.889 + 18956.1 = 19468 over 620 frames.
mark_7_4_1 seven four one 
LOG (lattice-best-path:main():lattice-best-path.cc:99) For utterance mark_7_4_2, best cost 484.587 + 24305.4 = 24790 over 625 frames.
mark_7_4_2 seven four two 
LOG (lattice-best-path:main():lattice-best-path.cc:99) For utterance mark_7_4_3, best cost 532.103 + 21583.6 = 22115.7 over 638 frames.
mark_7_4_3 seven four three 
LOG (lattice-best-path:main():lattice-best-path.cc:99) For utterance mark_7_4_5, best cost 517.447 + 22567.7 = 23085.1 over 633 frames.
mark_7_4_5 seven four five 
LOG (lattice-best-path:main():lattice-best-path.cc:99) For utterance mark_7_4_6, best cost 478.511 + 19503.7 = 19982.2 over 628 frames.
mark_7_4_6 seven four six 
LOG (lattice-best-path:main():lattice-best-path.cc:99) For utterance mark_7_4_8, best cost 493.312 + 21219.9 = 21713.3 over 633 frames.
mark_7_4_8 seven four eight 
LOG (lattice-best-path:main():lattice-best-path.cc:99) For utterance mark_7_4_9, best cost 500.196 + 20200.5 = 20700.7 over 614 frames.
mark_7_4_9 seven four nine 
LOG (lattice-best-path:main():lattice-best-path.cc:99) For utterance mark_7_5_1, best cost 519.035 + 16652 = 17171 over 638 frames.
mark_7_5_1 seven five one 
LOG (lattice-best-path:main():lattice-best-path.cc:99) For utterance mark_7_5_2, best cost 525.532 + 19417.2 = 19942.7 over 643 frames.
mark_7_5_2 seven five two 
LOG (lattice-best-path:main():lattice-best-path.cc:99) For utterance mark_7_5_3, best cost 544.384 + 19700.8 = 20245.2 over 656 frames.
mark_7_5_3 seven five three 
LOG (lattice-best-path:main():lattice-best-path.cc:99) For utterance mark_7_5_4, best cost 516.025 + 18035.5 = 18551.5 over 633 frames.
mark_7_5_4 seven five four 
LOG (lattice-best-path:main():lattice-best-path.cc:99) For utterance mark_7_5_6, best cost 490.553 + 18510.2 = 19000.7 over 646 frames.
mark_7_5_6 seven five six 
LOG (lattice-best-path:main():lattice-best-path.cc:99) For utterance mark_7_5_8, best cost 466.785 + 17692.2 = 18159 over 651 frames.
mark_7_5_8 seven five eight 
LOG (lattice-best-path:main():lattice-best-path.cc:99) For utterance mark_7_5_9, best cost 540.772 + 19545.5 = 20086.3 over 633 frames.
mark_7_5_9 seven five nine 
LOG (lattice-best-path:main():lattice-best-path.cc:99) For utterance mark_7_6_1, best cost 516.073 + 18469.3 = 18985.3 over 633 frames.
mark_7_6_1 seven six one 
LOG (lattice-best-path:main():lattice-best-path.cc:99) For utterance mark_7_6_2, best cost 488.66 + 23220.2 = 23708.9 over 638 frames.
mark_7_6_2 seven six two 
LOG (lattice-best-path:main():lattice-best-path.cc:99) For utterance mark_7_6_3, best cost 536.176 + 21403.5 = 21939.6 over 651 frames.
mark_7_6_3 seven six three 
LOG (lattice-best-path:main():lattice-best-path.cc:99) For utterance mark_7_6_4, best cost 509.061 + 19908.7 = 20417.8 over 628 frames.
mark_7_6_4 seven six four 
LOG (lattice-best-path:main():lattice-best-path.cc:99) For utterance mark_7_6_5, best cost 521.365 + 22177.2 = 22698.5 over 646 frames.
mark_7_6_5 seven six five 
LOG (lattice-best-path:main():lattice-best-path.cc:99) For utterance mark_7_6_8, best cost 497.385 + 21161 = 21658.4 over 646 frames.
mark_7_6_8 seven six eight 
LOG (lattice-best-path:main():lattice-best-path.cc:99) For utterance mark_7_6_9, best cost 504.558 + 20335.3 = 20839.9 over 628 frames.
mark_7_6_9 seven six nine 
LOG (lattice-best-path:main():lattice-best-path.cc:99) For utterance mark_7_8_1, best cost 494.889 + 15863.8 = 16358.7 over 638 frames.
mark_7_8_1 seven eight one 
LOG (lattice-best-path:main():lattice-best-path.cc:99) For utterance mark_7_8_2, best cost 472.504 + 18383.2 = 18855.7 over 643 frames.
mark_7_8_2 seven eight two 
LOG (lattice-best-path:main():lattice-best-path.cc:99) For utterance mark_7_8_3, best cost 520.272 + 18731.1 = 19251.3 over 656 frames.
mark_7_8_3 seven eight three 
LOG (lattice-best-path:main():lattice-best-path.cc:99) For utterance mark_7_8_4, best cost 491.913 + 16757.6 = 17249.5 over 633 frames.
mark_7_8_4 seven eight four 
LOG (lattice-best-path:main():lattice-best-path.cc:99) For utterance mark_7_8_5, best cost 503.943 + 19809.6 = 20313.6 over 651 frames.
mark_7_8_5 seven eight five 
LOG (lattice-best-path:main():lattice-best-path.cc:99) For utterance mark_7_8_6, best cost 466.391 + 17706.2 = 18172.6 over 646 frames.
mark_7_8_6 seven eight six 
LOG (lattice-best-path:main():lattice-best-path.cc:99) For utterance mark_7_8_9, best cost 487.562 + 18438.8 = 18926.4 over 633 frames.
mark_7_8_9 seven eight nine 
LOG (lattice-best-path:main():lattice-best-path.cc:99) For utterance mark_7_9_1, best cost 507.168 + 19377.5 = 19884.7 over 620 frames.
mark_7_9_1 seven nine one 
LOG (lattice-best-path:main():lattice-best-path.cc:99) For utterance mark_7_9_2, best cost 479.866 + 24514.4 = 24994.2 over 625 frames.
mark_7_9_2 seven nine two 
LOG (lattice-best-path:main():lattice-best-path.cc:99) For utterance mark_7_9_3, best cost 527.382 + 22491.4 = 23018.8 over 638 frames.
mark_7_9_3 seven nine three 
LOG (lattice-best-path:main():lattice-best-path.cc:99) For utterance mark_7_9_4, best cost 498.915 + 20797.3 = 21296.2 over 614 frames.
mark_7_9_4 seven nine four 
LOG (lattice-best-path:main():lattice-best-path.cc:99) For utterance mark_7_9_5, best cost 512.944 + 22467.6 = 22980.6 over 633 frames.
mark_7_9_5 seven nine five 
LOG (lattice-best-path:main():lattice-best-path.cc:99) For utterance mark_7_9_6, best cost 473.836 + 20178.5 = 20652.3 over 628 frames.
mark_7_9_6 seven nine six 
LOG (lattice-best-path:main():lattice-best-path.cc:99) For utterance mark_7_9_8, best cost 488.591 + 21388.1 = 21876.7 over 633 frames.
mark_7_9_8 seven nine eight 
LOG (lattice-best-path:main():lattice-best-path.cc:99) For utterance mark_8_1_2, best cost 480.965 + 15623.4 = 16104.3 over 620 frames.
mark_8_1_2 eight one two 
LOG (lattice-best-path:main():lattice-best-path.cc:99) For utterance mark_8_1_3, best cost 529.318 + 14134 = 14663.3 over 633 frames.
mark_8_1_3 eight one three 
LOG (lattice-best-path:main():lattice-best-path.cc:99) For utterance mark_8_1_4, best cost 501.887 + 11447 = 11948.9 over 609 frames.
mark_8_1_4 eight one four 
LOG (lattice-best-path:main():lattice-best-path.cc:99) For utterance mark_8_1_5, best cost 513.698 + 15091.9 = 15605.6 over 628 frames.
mark_8_1_5 eight one five 
LOG (lattice-best-path:main():lattice-best-path.cc:99) For utterance mark_8_1_6, best cost 474.432 + 11567.9 = 12042.4 over 622 frames.
mark_8_1_6 eight one six 
LOG (lattice-best-path:main():lattice-best-path.cc:99) For utterance mark_8_1_7, best cost 525.371 + 12273.4 = 12798.8 over 638 frames.
mark_8_1_7 eight one seven 
LOG (lattice-best-path:main():lattice-best-path.cc:99) For utterance mark_8_1_9, best cost 496.772 + 13242.6 = 13739.3 over 609 frames.
mark_8_1_9 eight one nine 
LOG (lattice-best-path:main():lattice-best-path.cc:99) For utterance mark_8_2_1, best cost 486.289 + 15801.8 = 16288.1 over 620 frames.
mark_8_2_1 eight two one 
LOG (lattice-best-path:main():lattice-best-path.cc:99) For utterance mark_8_2_3, best cost 506.503 + 18807.8 = 19314.3 over 638 frames.
mark_8_2_3 eight two three 
LOG (lattice-best-path:main():lattice-best-path.cc:99) For utterance mark_8_2_4, best cost 478.036 + 17248.3 = 17726.4 over 614 frames.
mark_8_2_4 eight two four 
LOG (lattice-best-path:main():lattice-best-path.cc:99) For utterance mark_8_2_5, best cost 491.847 + 19848.7 = 20340.5 over 633 frames.
mark_8_2_5 eight two five 
LOG (lattice-best-path:main():lattice-best-path.cc:99) For utterance mark_8_2_6, best cost 452.933 + 16714.8 = 17167.7 over 628 frames.
mark_8_2_6 eight two six 
LOG (lattice-best-path:main():lattice-best-path.cc:99) For utterance mark_8_2_7, best cost 504.187 + 20572.7 = 21076.9 over 643 frames.
mark_8_2_7 eight two seven 
LOG (lattice-best-path:main():lattice-best-path.cc:99) For utterance mark_8_2_9, best cost 474.436 + 17577.9 = 18052.3 over 614 frames.
mark_8_2_9 eight two nine 
LOG (lattice-best-path:main():lattice-best-path.cc:99) For utterance mark_8_3_1, best cost 534.079 + 15328.2 = 15862.3 over 633 frames.
mark_8_3_1 eight three one 
LOG (lattice-best-path:main():lattice-best-path.cc:99) For utterance mark_8_3_2, best cost 535.294 + 20211.1 = 20746.4 over 638 frames.
mark_8_3_2 eight three two 
LOG (lattice-best-path:main():lattice-best-path.cc:99) For utterance mark_8_3_4, best cost 527.178 + 16773.6 = 17300.8 over 628 frames.
mark_8_3_4 eight three four 
LOG (lattice-best-path:main():lattice-best-path.cc:99) For utterance mark_8_3_5, best cost 568 + 18983.9 = 19551.9 over 646 frames.
mark_8_3_5 eight three five 
LOG (lattice-best-path:main():lattice-best-path.cc:99) For utterance mark_8_3_6, best cost 500.511 + 16890.9 = 17391.4 over 641 frames.
mark_8_3_6 eight three six 
LOG (lattice-best-path:main():lattice-best-path.cc:99) For utterance mark_8_3_7, best cost 551.77 + 22279.1 = 22830.8 over 656 frames.
mark_8_3_7 eight three seven 
LOG (lattice-best-path:main():lattice-best-path.cc:99) For utterance mark_8_3_9, best cost 551.193 + 17919.9 = 18471.1 over 628 frames.
mark_8_3_9 eight three nine 
LOG (lattice-best-path:main():lattice-best-path.cc:99) For utterance mark_8_4_1, best cost 499.92 + 9587.63 = 10087.6 over 609 frames.
mark_8_4_1 eight four one 
LOG (lattice-best-path:main():lattice-best-path.cc:99) For utterance mark_8_4_2, best cost 476.982 + 11082.5 = 11559.5 over 614 frames.
mark_8_4_2 eight four two 
LOG (lattice-best-path:main():lattice-best-path.cc:99) For utterance mark_8_4_3, best cost 525.613 + 11378.8 = 11904.5 over 628 frames.
mark_8_4_3 eight four three 
LOG (lattice-best-path:main():lattice-best-path.cc:99) For utterance mark_8_4_5, best cost 508.483 + 12556.1 = 13064.6 over 622 frames.
mark_8_4_5 eight four five 
LOG (lattice-best-path:main():lattice-best-path.cc:99) For utterance mark_8_4_6, best cost 471.422 + 9537.11 = 10008.5 over 617 frames.
mark_8_4_6 eight four six 
LOG (lattice-best-path:main():lattice-best-path.cc:99) For utterance mark_8_4_7, best cost 522.402 + 10321.6 = 10844 over 633 frames.
mark_8_4_7 eight four seven 
LOG (lattice-best-path:main():lattice-best-path.cc:99) For utterance mark_8_4_9, best cost 494.709 + 10653.6 = 11148.3 over 604 frames.
mark_8_4_9 eight four nine 
LOG (lattice-best-path:main():lattice-best-path.cc:99) For utterance mark_8_5_1, best cost 514.735 + 15864.8 = 16379.6 over 628 frames.
mark_8_5_1 eight five one 
LOG (lattice-best-path:main():lattice-best-path.cc:99) For utterance mark_8_5_2, best cost 518.577 + 20991.7 = 21510.2 over 633 frames.
mark_8_5_2 eight five two 
LOG (lattice-best-path:main():lattice-best-path.cc:99) For utterance mark_8_5_3, best cost 538.239 + 19403 = 19941.2 over 646 frames.
mark_8_5_3 eight five three 
LOG (lattice-best-path:main():lattice-best-path.cc:99) For utterance mark_8_5_4, best cost 510.799 + 15658.2 = 16169 over 622 frames.
mark_8_5_4 eight five four 
LOG (lattice-best-path:main():lattice-best-path.cc:99) For utterance mark_8_5_6, best cost 483.284 + 15505.7 = 15989 over 635 frames.
mark_8_5_6 eight five six 
LOG (lattice-best-path:main():lattice-best-path.cc:99) For utterance mark_8_5_7, best cost 533.945 + 16693.8 = 17227.8 over 651 frames.
mark_8_5_7 eight five seven 
LOG (lattice-best-path:main():lattice-best-path.cc:99) For utterance mark_8_5_9, best cost 536.313 + 17072.1 = 17608.4 over 622 frames.
mark_8_5_9 eight five nine 
LOG (lattice-best-path:main():lattice-best-path.cc:99) For utterance mark_8_6_1, best cost 504.948 + 10642.1 = 11147.1 over 622 frames.
mark_8_6_1 eight six one 
LOG (lattice-best-path:main():lattice-best-path.cc:99) For utterance mark_8_6_2, best cost 483.018 + 12368.6 = 12851.6 over 628 frames.
mark_8_6_2 eight six two 
LOG (lattice-best-path:main():lattice-best-path.cc:99) For utterance mark_8_6_3, best cost 530.686 + 12515.2 = 13045.8 over 641 frames.
mark_8_6_3 eight six three 
LOG (lattice-best-path:main():lattice-best-path.cc:99) For utterance mark_8_6_4, best cost 502.017 + 9666.64 = 10168.7 over 617 frames.
mark_8_6_4 eight six four 
LOG (lattice-best-path:main():lattice-best-path.cc:99) For utterance mark_8_6_5, best cost 513.556 + 13751.9 = 14265.5 over 635 frames.
mark_8_6_5 eight six five 
LOG (lattice-best-path:main():lattice-best-path.cc:99) For utterance mark_8_6_7, best cost 527.454 + 10690.2 = 11217.6 over 646 frames.
mark_8_6_7 eight six seven 
LOG (lattice-best-path:main():lattice-best-path.cc:99) For utterance mark_8_6_9, best cost 497.732 + 11608.2 = 12105.9 over 617 frames.
mark_8_6_9 eight six nine 
LOG (lattice-best-path:main():lattice-best-path.cc:99) For utterance mark_8_7_1, best cost 525.356 + 10679.6 = 11205 over 638 frames.
mark_8_7_1 eight seven one 
LOG (lattice-best-path:main():lattice-best-path.cc:99) For utterance mark_8_7_2, best cost 502.921 + 13258.6 = 13761.5 over 643 frames.
mark_8_7_2 eight seven two 
LOG (lattice-best-path:main():lattice-best-path.cc:99) For utterance mark_8_7_3, best cost 550.74 + 12775.3 = 13326 over 656 frames.
mark_8_7_3 eight seven three 
LOG (lattice-best-path:main():lattice-best-path.cc:99) For utterance mark_8_7_4, best cost 522.381 + 11777 = 12299.4 over 633 frames.
mark_8_7_4 eight seven four 
LOG (lattice-best-path:main():lattice-best-path.cc:99) For utterance mark_8_7_5, best cost 534.359 + 14284.4 = 14818.7 over 651 frames.
mark_8_7_5 eight seven five 
LOG (lattice-best-path:main():lattice-best-path.cc:99) For utterance mark_8_7_6, best cost 496.814 + 12373.1 = 12869.9 over 646 frames.
mark_8_7_6 eight seven six 
LOG (lattice-best-path:main():lattice-best-path.cc:99) For utterance mark_8_7_9, best cost 518.16 + 13474.9 = 13993 over 633 frames.
mark_8_7_9 eight seven nine 
LOG (lattice-best-path:main():lattice-best-path.cc:99) For utterance mark_8_9_1, best cost 495.569 + 11249.8 = 11745.4 over 609 frames.
mark_8_9_1 eight nine one 
LOG (lattice-best-path:main():lattice-best-path.cc:99) For utterance mark_8_9_2, best cost 472.631 + 12880.6 = 13353.3 over 614 frames.
mark_8_9_2 eight nine two 
LOG (lattice-best-path:main():lattice-best-path.cc:99) For utterance mark_8_9_3, best cost 521.262 + 13920.1 = 14441.4 over 628 frames.
mark_8_9_3 eight nine three 
LOG (lattice-best-path:main():lattice-best-path.cc:99) For utterance mark_8_9_4, best cost 492.593 + 11112.2 = 11604.8 over 604 frames.
mark_8_9_4 eight nine four 
LOG (lattice-best-path:main():lattice-best-path.cc:99) For utterance mark_8_9_5, best cost 504.132 + 14141.9 = 14646 over 622 frames.
mark_8_9_5 eight nine five 
LOG (lattice-best-path:main():lattice-best-path.cc:99) For utterance mark_8_9_6, best cost 467.116 + 11599.9 = 12067.1 over 617 frames.
mark_8_9_6 eight nine six 
LOG (lattice-best-path:main():lattice-best-path.cc:99) For utterance mark_8_9_7, best cost 518.03 + 11394 = 11912.1 over 633 frames.
mark_8_9_7 eight nine seven 
LOG (lattice-best-path:main():lattice-best-path.cc:99) For utterance mark_9_1_2, best cost 489.532 + 12709.7 = 13199.2 over 601 frames.
mark_9_1_2 nine one two 
LOG (lattice-best-path:main():lattice-best-path.cc:99) For utterance mark_9_1_3, best cost 537.853 + 12564.2 = 13102 over 614 frames.
mark_9_1_3 nine one three 
LOG (lattice-best-path:main():lattice-best-path.cc:99) For utterance mark_9_1_4, best cost 509.494 + 9720.84 = 10230.3 over 591 frames.
mark_9_1_4 nine one four 
LOG (lattice-best-path:main():lattice-best-path.cc:99) For utterance mark_9_1_5, best cost 521.524 + 13778.1 = 14299.6 over 609 frames.
mark_9_1_5 nine one five 
LOG (lattice-best-path:main():lattice-best-path.cc:99) For utterance mark_9_1_6, best cost 483.927 + 10556.9 = 11040.8 over 604 frames.
mark_9_1_6 nine one six 
LOG (lattice-best-path:main():lattice-best-path.cc:99) For utterance mark_9_1_7, best cost 534.879 + 11829.1 = 12364 over 620 frames.
mark_9_1_7 nine one seven 
LOG (lattice-best-path:main():lattice-best-path.cc:99) For utterance mark_9_1_8, best cost 460.234 + 10345.6 = 10805.8 over 609 frames.
mark_9_1_8 nine one eight 
LOG (lattice-best-path:main():lattice-best-path.cc:99) For utterance mark_9_2_1, best cost 493.073 + 14484.6 = 14977.6 over 601 frames.
mark_9_2_1 nine two one 
LOG (lattice-best-path:main():lattice-best-path.cc:99) For utterance mark_9_2_3, best cost 515.944 + 16998.8 = 17514.8 over 620 frames.
mark_9_2_3 nine two three 
LOG (lattice-best-path:main():lattice-best-path.cc:99) For utterance mark_9_2_4, best cost 489.243 + 14488.6 = 14977.8 over 596 frames.
mark_9_2_4 nine two four 
LOG (lattice-best-path:main():lattice-best-path.cc:99) For utterance mark_9_2_5, best cost 500.744 + 18365.7 = 18866.5 over 614 frames.
mark_9_2_5 nine two five 
LOG (lattice-best-path:main():lattice-best-path.cc:99) For utterance mark_9_2_6, best cost 461.859 + 14798 = 15259.9 over 609 frames.
mark_9_2_6 nine two six 
LOG (lattice-best-path:main():lattice-best-path.cc:99) For utterance mark_9_2_7, best cost 512.644 + 15629.6 = 16142.2 over 625 frames.
mark_9_2_7 nine two seven 
LOG (lattice-best-path:main():lattice-best-path.cc:99) For utterance mark_9_2_8, best cost 438.162 + 15911.9 = 16350.1 over 614 frames.
mark_9_2_8 nine two eight 
LOG (lattice-best-path:main():lattice-best-path.cc:99) For utterance mark_9_3_1, best cost 540.841 + 14647.1 = 15187.9 over 614 frames.
mark_9_3_1 nine three one 
LOG (lattice-best-path:main():lattice-best-path.cc:99) For utterance mark_9_3_2, best cost 544.789 + 19080.5 = 19625.3 over 620 frames.
mark_9_3_2 nine three two 
LOG (lattice-best-path:main():lattice-best-path.cc:99) For utterance mark_9_3_4, best cost 537.193 + 14775.8 = 15313 over 609 frames.
mark_9_3_4 nine three four 
LOG (lattice-best-path:main():lattice-best-path.cc:99) For utterance mark_9_3_5, best cost 577.522 + 18854 = 19431.6 over 628 frames.
mark_9_3_5 nine three five 
LOG (lattice-best-path:main():lattice-best-path.cc:99) For utterance mark_9_3_6, best cost 509.547 + 14997.2 = 15506.7 over 622 frames.
mark_9_3_6 nine three six 
LOG (lattice-best-path:main():lattice-best-path.cc:99) For utterance mark_9_3_7, best cost 560.34 + 15841.5 = 16401.8 over 638 frames.
mark_9_3_7 nine three seven 
LOG (lattice-best-path:main():lattice-best-path.cc:99) For utterance mark_9_3_8, best cost 524.986 + 16036.8 = 16561.8 over 628 frames.
mark_9_3_8 nine three eight 
LOG (lattice-best-path:main():lattice-best-path.cc:99) For utterance mark_9_4_1, best cost 509.494 + 12210.3 = 12719.8 over 591 frames.
mark_9_4_1 nine four one 
LOG (lattice-best-path:main():lattice-best-path.cc:99) For utterance mark_9_4_2, best cost 487.11 + 14698 = 15185.1 over 596 frames.
mark_9_4_2 nine four two 
LOG (lattice-best-path:main():lattice-best-path.cc:99) For utterance mark_9_4_3, best cost 534.878 + 15452 = 15986.9 over 609 frames.
mark_9_4_3 nine four three 
LOG (lattice-best-path:main():lattice-best-path.cc:99) For utterance mark_9_4_5, best cost 518.549 + 15493.9 = 16012.4 over 604 frames.
mark_9_4_5 nine four five 
LOG (lattice-best-path:main():lattice-best-path.cc:99) For utterance mark_9_4_6, best cost 481.087 + 14247.3 = 14728.4 over 599 frames.
mark_9_4_6 nine four six 
LOG (lattice-best-path:main():lattice-best-path.cc:99) For utterance mark_9_4_7, best cost 531.615 + 15837.9 = 16369.6 over 614 frames.
mark_9_4_7 nine four seven 
LOG (lattice-best-path:main():lattice-best-path.cc:99) For utterance mark_9_4_8, best cost 457.258 + 13621.7 = 14078.9 over 604 frames.
mark_9_4_8 nine four eight 
LOG (lattice-best-path:main():lattice-best-path.cc:99) For utterance mark_9_5_1, best cost 521.69 + 14983.1 = 15504.8 over 609 frames.
mark_9_5_1 nine five one 
LOG (lattice-best-path:main():lattice-best-path.cc:99) For utterance mark_9_5_2, best cost 527.634 + 16947.5 = 17475.2 over 614 frames.
mark_9_5_2 nine five two 
LOG (lattice-best-path:main():lattice-best-path.cc:99) For utterance mark_9_5_3, best cost 547.383 + 17360.4 = 17907.8 over 628 frames.
mark_9_5_3 nine five three 
LOG (lattice-best-path:main():lattice-best-path.cc:99) For utterance mark_9_5_4, best cost 518.715 + 14209.4 = 14728.1 over 604 frames.
mark_9_5_4 nine five four 
LOG (lattice-best-path:main():lattice-best-path.cc:99) For utterance mark_9_5_6, best cost 493.089 + 14828.9 = 15322 over 617 frames.
mark_9_5_6 nine five six 
LOG (lattice-best-path:main():lattice-best-path.cc:99) For utterance mark_9_5_7, best cost 543.996 + 15397 = 15941 over 633 frames.
mark_9_5_7 nine five seven 
LOG (lattice-best-path:main():lattice-best-path.cc:99) For utterance mark_9_5_8, best cost 469.475 + 14928.4 = 15397.8 over 622 frames.
mark_9_5_8 nine five eight 
LOG (lattice-best-path:main():lattice-best-path.cc:99) For utterance mark_9_6_1, best cost 514.522 + 11476.4 = 11990.9 over 604 frames.
mark_9_6_1 nine six one 
LOG (lattice-best-path:main():lattice-best-path.cc:99) For utterance mark_9_6_2, best cost 491.674 + 14472.1 = 14963.8 over 609 frames.
mark_9_6_2 nine six two 
LOG (lattice-best-path:main():lattice-best-path.cc:99) For utterance mark_9_6_3, best cost 539.951 + 14456.6 = 14996.6 over 622 frames.
mark_9_6_3 nine six three 
LOG (lattice-best-path:main():lattice-best-path.cc:99) For utterance mark_9_6_4, best cost 511.592 + 12805 = 13316.6 over 599 frames.
mark_9_6_4 nine six four 
LOG (lattice-best-path:main():lattice-best-path.cc:99) For utterance mark_9_6_5, best cost 523.621 + 15576.8 = 16100.4 over 617 frames.
mark_9_6_5 nine six five 
LOG (lattice-best-path:main():lattice-best-path.cc:99) For utterance mark_9_6_7, best cost 536.932 + 14236.4 = 14773.4 over 628 frames.
mark_9_6_7 nine six seven 
LOG (lattice-best-path:main():lattice-best-path.cc:99) For utterance mark_9_6_8, best cost 462.331 + 12567.4 = 13029.8 over 617 frames.
mark_9_6_8 nine six eight 
LOG (lattice-best-path:main():lattice-best-path.cc:99) For utterance mark_9_7_1, best cost 540.203 + 17229 = 17769.2 over 620 frames.
mark_9_7_1 nine seven one 
LOG (lattice-best-path:main():lattice-best-path.cc:99) For utterance mark_9_7_2, best cost 513.083 + 22812.3 = 23325.4 over 625 frames.
mark_9_7_2 nine seven two 
LOG (lattice-best-path:main():lattice-best-path.cc:99) For utterance mark_9_7_3, best cost 560.572 + 19636.9 = 20197.4 over 638 frames.
mark_9_7_3 nine seven three 
LOG (lattice-best-path:main():lattice-best-path.cc:99) For utterance mark_9_7_4, best cost 532.002 + 18102.8 = 18634.8 over 614 frames.
mark_9_7_4 nine seven four 
LOG (lattice-best-path:main():lattice-best-path.cc:99) For utterance mark_9_7_5, best cost 545.761 + 20312 = 20857.7 over 633 frames.
mark_9_7_5 nine seven five 
LOG (lattice-best-path:main():lattice-best-path.cc:99) For utterance mark_9_7_6, best cost 507.057 + 17826 = 18333 over 628 frames.
mark_9_7_6 nine seven six 
LOG (lattice-best-path:main():lattice-best-path.cc:99) For utterance mark_9_7_8, best cost 521.678 + 19167.8 = 19689.5 over 633 frames.
mark_9_7_8 nine seven eight 
LOG (lattice-best-path:main():lattice-best-path.cc:99) For utterance mark_9_8_1, best cost 495.568 + 11175.4 = 11671 over 609 frames.
mark_9_8_1 nine eight one 
LOG (lattice-best-path:main():lattice-best-path.cc:99) For utterance mark_9_8_2, best cost 472.631 + 13238.5 = 13711.1 over 614 frames.
mark_9_8_2 nine eight two 
LOG (lattice-best-path:main():lattice-best-path.cc:99) For utterance mark_9_8_3, best cost 521.262 + 13590.6 = 14111.9 over 628 frames.
mark_9_8_3 nine eight three 
LOG (lattice-best-path:main():lattice-best-path.cc:99) For utterance mark_9_8_4, best cost 492.593 + 10853 = 11345.6 over 604 frames.
mark_9_8_4 nine eight four 
LOG (lattice-best-path:main():lattice-best-path.cc:99) For utterance mark_9_8_5, best cost 504.132 + 14142.1 = 14646.2 over 622 frames.
mark_9_8_5 nine eight five 
LOG (lattice-best-path:main():lattice-best-path.cc:99) For utterance mark_9_8_6, best cost 467.071 + 11355.6 = 11822.7 over 617 frames.
mark_9_8_6 nine eight six 
LOG (lattice-best-path:main():lattice-best-path.cc:99) For utterance mark_9_8_7, best cost 517.978 + 11885 = 12403 over 633 frames.
mark_9_8_7 nine eight seven 
LOG (lattice-best-path:main():lattice-best-path.cc:124) Overall cost per frame is 26.3709 = 0.824856 [graph] + 25.546 [acoustic] over 314958 frames.
LOG (lattice-best-path:main():lattice-best-path.cc:128) Done 504 lattices, failed for 0
# Accounting: time=1 threads=1
# Ended (code 0) at Fri May  6 00:10:23 MSK 2016, elapsed time 1 seconds
