# gmm-latgen-faster --max-active=7000 --beam=13.0 --lattice-beam=6.0 --acoustic-scale=0.083333 --allow-partial=true --word-symbol-table=exp/mono/graph/words.txt exp/mono/final.mdl exp/mono/graph/HCLG.fst "ark,s,cs:apply-cmvn  --utt2spk=ark:data/test/split1/1/utt2spk scp:data/test/split1/1/cmvn.scp scp:data/test/split1/1/feats.scp ark:- | add-deltas  ark:- ark:- |" "ark:|gzip -c > exp/mono/decode/lat.1.gz" 
# Started at Thu May  5 23:31:17 MSK 2016
#
gmm-latgen-faster --max-active=7000 --beam=13.0 --lattice-beam=6.0 --acoustic-scale=0.083333 --allow-partial=true --word-symbol-table=exp/mono/graph/words.txt exp/mono/final.mdl exp/mono/graph/HCLG.fst 'ark,s,cs:apply-cmvn  --utt2spk=ark:data/test/split1/1/utt2spk scp:data/test/split1/1/cmvn.scp scp:data/test/split1/1/feats.scp ark:- | add-deltas  ark:- ark:- |' 'ark:|gzip -c > exp/mono/decode/lat.1.gz' 
add-deltas ark:- ark:- 
apply-cmvn --utt2spk=ark:data/test/split1/1/utt2spk scp:data/test/split1/1/cmvn.scp scp:data/test/split1/1/feats.scp ark:- 
mark_1_2_3 one two three 
LOG (gmm-latgen-faster:DecodeUtteranceLatticeFaster():decoder-wrappers.cc:285) Log-like per frame for utterance mark_1_2_3 is -6.30723 over 625 frames.
mark_1_2_4 one two four 
LOG (gmm-latgen-faster:DecodeUtteranceLatticeFaster():decoder-wrappers.cc:285) Log-like per frame for utterance mark_1_2_4 is -6.18436 over 601 frames.
mark_1_2_5 one two five 
LOG (gmm-latgen-faster:DecodeUtteranceLatticeFaster():decoder-wrappers.cc:285) Log-like per frame for utterance mark_1_2_5 is -6.27163 over 620 frames.
mark_1_2_6 one two six 
LOG (gmm-latgen-faster:DecodeUtteranceLatticeFaster():decoder-wrappers.cc:285) Log-like per frame for utterance mark_1_2_6 is -6.28703 over 614 frames.
mark_1_2_7 one two seven 
LOG (gmm-latgen-faster:DecodeUtteranceLatticeFaster():decoder-wrappers.cc:285) Log-like per frame for utterance mark_1_2_7 is -6.33642 over 630 frames.
mark_1_2_8 one two eight 
LOG (gmm-latgen-faster:DecodeUtteranceLatticeFaster():decoder-wrappers.cc:285) Log-like per frame for utterance mark_1_2_8 is -6.16961 over 620 frames.
mark_1_2_9 one two nine 
LOG (gmm-latgen-faster:DecodeUtteranceLatticeFaster():decoder-wrappers.cc:285) Log-like per frame for utterance mark_1_2_9 is -6.3714 over 601 frames.
mark_1_3_2 one three two 
LOG (gmm-latgen-faster:DecodeUtteranceLatticeFaster():decoder-wrappers.cc:285) Log-like per frame for utterance mark_1_3_2 is -6.29908 over 625 frames.
mark_1_3_4 one three four 
LOG (gmm-latgen-faster:DecodeUtteranceLatticeFaster():decoder-wrappers.cc:285) Log-like per frame for utterance mark_1_3_4 is -6.11152 over 614 frames.
mark_1_3_5 one three five 
LOG (gmm-latgen-faster:DecodeUtteranceLatticeFaster():decoder-wrappers.cc:285) Log-like per frame for utterance mark_1_3_5 is -6.23049 over 633 frames.
mark_1_3_6 one three six 
LOG (gmm-latgen-faster:DecodeUtteranceLatticeFaster():decoder-wrappers.cc:285) Log-like per frame for utterance mark_1_3_6 is -6.20635 over 628 frames.
mark_1_3_7 one three seven 
LOG (gmm-latgen-faster:DecodeUtteranceLatticeFaster():decoder-wrappers.cc:285) Log-like per frame for utterance mark_1_3_7 is -6.2902 over 643 frames.
mark_1_3_8 one three eight 
LOG (gmm-latgen-faster:DecodeUtteranceLatticeFaster():decoder-wrappers.cc:285) Log-like per frame for utterance mark_1_3_8 is -6.11846 over 633 frames.
mark_1_3_9 one three nine 
LOG (gmm-latgen-faster:DecodeUtteranceLatticeFaster():decoder-wrappers.cc:285) Log-like per frame for utterance mark_1_3_9 is -6.33211 over 614 frames.
mark_1_4_2 one four two 
LOG (gmm-latgen-faster:DecodeUtteranceLatticeFaster():decoder-wrappers.cc:285) Log-like per frame for utterance mark_1_4_2 is -6.13047 over 601 frames.
mark_1_4_3 one four three 
LOG (gmm-latgen-faster:DecodeUtteranceLatticeFaster():decoder-wrappers.cc:285) Log-like per frame for utterance mark_1_4_3 is -6.06052 over 614 frames.
mark_1_4_5 one four five 
LOG (gmm-latgen-faster:DecodeUtteranceLatticeFaster():decoder-wrappers.cc:285) Log-like per frame for utterance mark_1_4_5 is -6.09505 over 609 frames.
mark_1_4_6 one four six 
LOG (gmm-latgen-faster:DecodeUtteranceLatticeFaster():decoder-wrappers.cc:285) Log-like per frame for utterance mark_1_4_6 is -6.0396 over 604 frames.
mark_1_4_7 one four seven 
LOG (gmm-latgen-faster:DecodeUtteranceLatticeFaster():decoder-wrappers.cc:285) Log-like per frame for utterance mark_1_4_7 is -6.11451 over 620 frames.
mark_1_4_8 one four eight 
LOG (gmm-latgen-faster:DecodeUtteranceLatticeFaster():decoder-wrappers.cc:285) Log-like per frame for utterance mark_1_4_8 is -5.91107 over 609 frames.
mark_1_4_9 one four nine 
LOG (gmm-latgen-faster:DecodeUtteranceLatticeFaster():decoder-wrappers.cc:285) Log-like per frame for utterance mark_1_4_9 is -6.19491 over 591 frames.
mark_1_5_2 one five two 
LOG (gmm-latgen-faster:DecodeUtteranceLatticeFaster():decoder-wrappers.cc:285) Log-like per frame for utterance mark_1_5_2 is -6.32062 over 620 frames.
mark_1_5_3 one five three 
LOG (gmm-latgen-faster:DecodeUtteranceLatticeFaster():decoder-wrappers.cc:285) Log-like per frame for utterance mark_1_5_3 is -6.24879 over 633 frames.
mark_1_5_4 one five four 
LOG (gmm-latgen-faster:DecodeUtteranceLatticeFaster():decoder-wrappers.cc:285) Log-like per frame for utterance mark_1_5_4 is -6.14245 over 609 frames.
mark_1_5_6 one five six 
LOG (gmm-latgen-faster:DecodeUtteranceLatticeFaster():decoder-wrappers.cc:285) Log-like per frame for utterance mark_1_5_6 is -6.20241 over 622 frames.
mark_1_5_7 one five seven 
LOG (gmm-latgen-faster:DecodeUtteranceLatticeFaster():decoder-wrappers.cc:285) Log-like per frame for utterance mark_1_5_7 is -6.27891 over 638 frames.
mark_1_5_8 one five eight 
LOG (gmm-latgen-faster:DecodeUtteranceLatticeFaster():decoder-wrappers.cc:285) Log-like per frame for utterance mark_1_5_8 is -6.12567 over 628 frames.
mark_1_5_9 one five nine 
LOG (gmm-latgen-faster:DecodeUtteranceLatticeFaster():decoder-wrappers.cc:285) Log-like per frame for utterance mark_1_5_9 is -6.37311 over 609 frames.
mark_1_6_2 one six two 
LOG (gmm-latgen-faster:DecodeUtteranceLatticeFaster():decoder-wrappers.cc:285) Log-like per frame for utterance mark_1_6_2 is -6.21603 over 614 frames.
mark_1_6_3 one six three 
LOG (gmm-latgen-faster:DecodeUtteranceLatticeFaster():decoder-wrappers.cc:285) Log-like per frame for utterance mark_1_6_3 is -6.1235 over 628 frames.
mark_1_6_4 one six four 
LOG (gmm-latgen-faster:DecodeUtteranceLatticeFaster():decoder-wrappers.cc:285) Log-like per frame for utterance mark_1_6_4 is -6.05333 over 604 frames.
mark_1_6_5 one six five 
LOG (gmm-latgen-faster:DecodeUtteranceLatticeFaster():decoder-wrappers.cc:285) Log-like per frame for utterance mark_1_6_5 is -6.17825 over 622 frames.
mark_1_6_7 one six seven 
LOG (gmm-latgen-faster:DecodeUtteranceLatticeFaster():decoder-wrappers.cc:285) Log-like per frame for utterance mark_1_6_7 is -6.19636 over 633 frames.
mark_1_6_8 one six eight 
LOG (gmm-latgen-faster:DecodeUtteranceLatticeFaster():decoder-wrappers.cc:285) Log-like per frame for utterance mark_1_6_8 is -6.00746 over 622 frames.
mark_1_6_9 one six nine 
LOG (gmm-latgen-faster:DecodeUtteranceLatticeFaster():decoder-wrappers.cc:285) Log-like per frame for utterance mark_1_6_9 is -6.28744 over 604 frames.
mark_1_7_2 one seven two 
LOG (gmm-latgen-faster:DecodeUtteranceLatticeFaster():decoder-wrappers.cc:285) Log-like per frame for utterance mark_1_7_2 is -6.2893 over 630 frames.
mark_1_7_3 one seven three 
LOG (gmm-latgen-faster:DecodeUtteranceLatticeFaster():decoder-wrappers.cc:285) Log-like per frame for utterance mark_1_7_3 is -6.22688 over 643 frames.
mark_1_7_4 one seven four 
LOG (gmm-latgen-faster:DecodeUtteranceLatticeFaster():decoder-wrappers.cc:285) Log-like per frame for utterance mark_1_7_4 is -6.13228 over 620 frames.
mark_1_7_5 one seven five 
LOG (gmm-latgen-faster:DecodeUtteranceLatticeFaster():decoder-wrappers.cc:285) Log-like per frame for utterance mark_1_7_5 is -6.25778 over 638 frames.
mark_1_7_6 one seven six 
LOG (gmm-latgen-faster:DecodeUtteranceLatticeFaster():decoder-wrappers.cc:285) Log-like per frame for utterance mark_1_7_6 is -6.20682 over 633 frames.
mark_1_7_8 one seven eight 
LOG (gmm-latgen-faster:DecodeUtteranceLatticeFaster():decoder-wrappers.cc:285) Log-like per frame for utterance mark_1_7_8 is -6.1075 over 638 frames.
mark_1_7_9 one seven nine 
LOG (gmm-latgen-faster:DecodeUtteranceLatticeFaster():decoder-wrappers.cc:285) Log-like per frame for utterance mark_1_7_9 is -6.36732 over 620 frames.
mark_1_8_2 one eight two 
LOG (gmm-latgen-faster:DecodeUtteranceLatticeFaster():decoder-wrappers.cc:285) Log-like per frame for utterance mark_1_8_2 is -6.12211 over 620 frames.
mark_1_8_3 one eight three 
LOG (gmm-latgen-faster:DecodeUtteranceLatticeFaster():decoder-wrappers.cc:285) Log-like per frame for utterance mark_1_8_3 is -6.07076 over 633 frames.
mark_1_8_4 one eight four 
LOG (gmm-latgen-faster:DecodeUtteranceLatticeFaster():decoder-wrappers.cc:285) Log-like per frame for utterance mark_1_8_4 is -5.94709 over 609 frames.
mark_1_8_5 one eight five 
LOG (gmm-latgen-faster:DecodeUtteranceLatticeFaster():decoder-wrappers.cc:285) Log-like per frame for utterance mark_1_8_5 is -6.07263 over 628 frames.
mark_1_8_6 one eight six 
LOG (gmm-latgen-faster:DecodeUtteranceLatticeFaster():decoder-wrappers.cc:285) Log-like per frame for utterance mark_1_8_6 is -6.04878 over 622 frames.
mark_1_8_7 one eight seven 
LOG (gmm-latgen-faster:DecodeUtteranceLatticeFaster():decoder-wrappers.cc:285) Log-like per frame for utterance mark_1_8_7 is -6.11459 over 638 frames.
mark_1_8_9 one eight nine 
LOG (gmm-latgen-faster:DecodeUtteranceLatticeFaster():decoder-wrappers.cc:285) Log-like per frame for utterance mark_1_8_9 is -6.16249 over 609 frames.
mark_1_9_2 one nine two 
LOG (gmm-latgen-faster:DecodeUtteranceLatticeFaster():decoder-wrappers.cc:285) Log-like per frame for utterance mark_1_9_2 is -6.37514 over 601 frames.
mark_1_9_3 one nine three 
LOG (gmm-latgen-faster:DecodeUtteranceLatticeFaster():decoder-wrappers.cc:285) Log-like per frame for utterance mark_1_9_3 is -6.29255 over 614 frames.
mark_1_9_4 one nine four 
LOG (gmm-latgen-faster:DecodeUtteranceLatticeFaster():decoder-wrappers.cc:285) Log-like per frame for utterance mark_1_9_4 is -6.20064 over 591 frames.
mark_1_9_5 one nine five 
LOG (gmm-latgen-faster:DecodeUtteranceLatticeFaster():decoder-wrappers.cc:285) Log-like per frame for utterance mark_1_9_5 is -6.34978 over 609 frames.
mark_1_9_6 one nine six 
LOG (gmm-latgen-faster:DecodeUtteranceLatticeFaster():decoder-wrappers.cc:285) Log-like per frame for utterance mark_1_9_6 is -6.27934 over 604 frames.
mark_1_9_7 one nine seven 
LOG (gmm-latgen-faster:DecodeUtteranceLatticeFaster():decoder-wrappers.cc:285) Log-like per frame for utterance mark_1_9_7 is -6.35841 over 620 frames.
mark_1_9_8 one nine eight 
LOG (gmm-latgen-faster:DecodeUtteranceLatticeFaster():decoder-wrappers.cc:285) Log-like per frame for utterance mark_1_9_8 is -6.15842 over 609 frames.
mark_2_1_3 two one three 
LOG (gmm-latgen-faster:DecodeUtteranceLatticeFaster():decoder-wrappers.cc:285) Log-like per frame for utterance mark_2_1_3 is -6.42107 over 625 frames.
mark_2_1_4 two one four 
LOG (gmm-latgen-faster:DecodeUtteranceLatticeFaster():decoder-wrappers.cc:285) Log-like per frame for utterance mark_2_1_4 is -6.2822 over 601 frames.
mark_2_1_5 two one five 
LOG (gmm-latgen-faster:DecodeUtteranceLatticeFaster():decoder-wrappers.cc:285) Log-like per frame for utterance mark_2_1_5 is -6.36658 over 620 frames.
mark_2_1_6 two one six 
LOG (gmm-latgen-faster:DecodeUtteranceLatticeFaster():decoder-wrappers.cc:285) Log-like per frame for utterance mark_2_1_6 is -6.35739 over 614 frames.
mark_2_1_7 two one seven 
LOG (gmm-latgen-faster:DecodeUtteranceLatticeFaster():decoder-wrappers.cc:285) Log-like per frame for utterance mark_2_1_7 is -6.43335 over 630 frames.
mark_2_1_8 two one eight 
LOG (gmm-latgen-faster:DecodeUtteranceLatticeFaster():decoder-wrappers.cc:285) Log-like per frame for utterance mark_2_1_8 is -6.27584 over 620 frames.
mark_2_1_9 two one nine 
LOG (gmm-latgen-faster:DecodeUtteranceLatticeFaster():decoder-wrappers.cc:285) Log-like per frame for utterance mark_2_1_9 is -6.47894 over 601 frames.
mark_2_3_1 two three one 
LOG (gmm-latgen-faster:DecodeUtteranceLatticeFaster():decoder-wrappers.cc:285) Log-like per frame for utterance mark_2_3_1 is -6.33469 over 625 frames.
mark_2_3_4 two three four 
LOG (gmm-latgen-faster:DecodeUtteranceLatticeFaster():decoder-wrappers.cc:285) Log-like per frame for utterance mark_2_3_4 is -6.50027 over 620 frames.
mark_2_3_5 two three five 
LOG (gmm-latgen-faster:DecodeUtteranceLatticeFaster():decoder-wrappers.cc:285) Log-like per frame for utterance mark_2_3_5 is -6.61572 over 638 frames.
mark_2_3_6 two three six 
LOG (gmm-latgen-faster:DecodeUtteranceLatticeFaster():decoder-wrappers.cc:285) Log-like per frame for utterance mark_2_3_6 is -6.56225 over 633 frames.
mark_2_3_7 two three seven 
LOG (gmm-latgen-faster:DecodeUtteranceLatticeFaster():decoder-wrappers.cc:285) Log-like per frame for utterance mark_2_3_7 is -6.62167 over 648 frames.
mark_2_3_8 two three eight 
LOG (gmm-latgen-faster:DecodeUtteranceLatticeFaster():decoder-wrappers.cc:285) Log-like per frame for utterance mark_2_3_8 is -6.44915 over 638 frames.
mark_2_3_9 two three nine 
LOG (gmm-latgen-faster:DecodeUtteranceLatticeFaster():decoder-wrappers.cc:285) Log-like per frame for utterance mark_2_3_9 is -6.73235 over 620 frames.
mark_2_4_1 two four one 
LOG (gmm-latgen-faster:DecodeUtteranceLatticeFaster():decoder-wrappers.cc:285) Log-like per frame for utterance mark_2_4_1 is -6.23237 over 601 frames.
mark_2_4_3 two four three 
LOG (gmm-latgen-faster:DecodeUtteranceLatticeFaster():decoder-wrappers.cc:285) Log-like per frame for utterance mark_2_4_3 is -6.48616 over 620 frames.
mark_2_4_5 two four five 
LOG (gmm-latgen-faster:DecodeUtteranceLatticeFaster():decoder-wrappers.cc:285) Log-like per frame for utterance mark_2_4_5 is -6.49336 over 614 frames.
mark_2_4_6 two four six 
LOG (gmm-latgen-faster:DecodeUtteranceLatticeFaster():decoder-wrappers.cc:285) Log-like per frame for utterance mark_2_4_6 is -6.44778 over 609 frames.
mark_2_4_7 two four seven 
LOG (gmm-latgen-faster:DecodeUtteranceLatticeFaster():decoder-wrappers.cc:285) Log-like per frame for utterance mark_2_4_7 is -6.51304 over 625 frames.
mark_2_4_8 two four eight 
LOG (gmm-latgen-faster:DecodeUtteranceLatticeFaster():decoder-wrappers.cc:285) Log-like per frame for utterance mark_2_4_8 is -6.33106 over 614 frames.
mark_2_4_9 two four nine 
LOG (gmm-latgen-faster:DecodeUtteranceLatticeFaster():decoder-wrappers.cc:285) Log-like per frame for utterance mark_2_4_9 is -6.60099 over 596 frames.
mark_2_5_1 two five one 
LOG (gmm-latgen-faster:DecodeUtteranceLatticeFaster():decoder-wrappers.cc:285) Log-like per frame for utterance mark_2_5_1 is -6.41057 over 620 frames.
mark_2_5_3 two five three 
LOG (gmm-latgen-faster:DecodeUtteranceLatticeFaster():decoder-wrappers.cc:285) Log-like per frame for utterance mark_2_5_3 is -6.64007 over 638 frames.
mark_2_5_4 two five four 
LOG (gmm-latgen-faster:DecodeUtteranceLatticeFaster():decoder-wrappers.cc:285) Log-like per frame for utterance mark_2_5_4 is -6.52403 over 614 frames.
mark_2_5_6 two five six 
LOG (gmm-latgen-faster:DecodeUtteranceLatticeFaster():decoder-wrappers.cc:285) Log-like per frame for utterance mark_2_5_6 is -6.59227 over 628 frames.
mark_2_5_7 two five seven 
LOG (gmm-latgen-faster:DecodeUtteranceLatticeFaster():decoder-wrappers.cc:285) Log-like per frame for utterance mark_2_5_7 is -6.66661 over 643 frames.
mark_2_5_8 two five eight 
LOG (gmm-latgen-faster:DecodeUtteranceLatticeFaster():decoder-wrappers.cc:285) Log-like per frame for utterance mark_2_5_8 is -6.51234 over 633 frames.
mark_2_5_9 two five nine 
LOG (gmm-latgen-faster:DecodeUtteranceLatticeFaster():decoder-wrappers.cc:285) Log-like per frame for utterance mark_2_5_9 is -6.73499 over 614 frames.
mark_2_6_1 two six one 
LOG (gmm-latgen-faster:DecodeUtteranceLatticeFaster():decoder-wrappers.cc:285) Log-like per frame for utterance mark_2_6_1 is -6.34568 over 614 frames.
mark_2_6_3 two six three 
LOG (gmm-latgen-faster:DecodeUtteranceLatticeFaster():decoder-wrappers.cc:285) Log-like per frame for utterance mark_2_6_3 is -6.57244 over 633 frames.
mark_2_6_4 two six four 
LOG (gmm-latgen-faster:DecodeUtteranceLatticeFaster():decoder-wrappers.cc:285) Log-like per frame for utterance mark_2_6_4 is -6.46867 over 609 frames.
mark_2_6_5 two six five 
LOG (gmm-latgen-faster:DecodeUtteranceLatticeFaster():decoder-wrappers.cc:285) Log-like per frame for utterance mark_2_6_5 is -6.58119 over 628 frames.
mark_2_6_7 two six seven 
LOG (gmm-latgen-faster:DecodeUtteranceLatticeFaster():decoder-wrappers.cc:285) Log-like per frame for utterance mark_2_6_7 is -6.60863 over 638 frames.
mark_2_6_8 two six eight 
LOG (gmm-latgen-faster:DecodeUtteranceLatticeFaster():decoder-wrappers.cc:285) Log-like per frame for utterance mark_2_6_8 is -6.44559 over 628 frames.
mark_2_6_9 two six nine 
LOG (gmm-latgen-faster:DecodeUtteranceLatticeFaster():decoder-wrappers.cc:285) Log-like per frame for utterance mark_2_6_9 is -6.69816 over 609 frames.
mark_2_7_1 two seven one 
LOG (gmm-latgen-faster:DecodeUtteranceLatticeFaster():decoder-wrappers.cc:285) Log-like per frame for utterance mark_2_7_1 is -6.29498 over 630 frames.
mark_2_7_3 two seven three 
LOG (gmm-latgen-faster:DecodeUtteranceLatticeFaster():decoder-wrappers.cc:285) Log-like per frame for utterance mark_2_7_3 is -6.56033 over 648 frames.
mark_2_7_4 two seven four 
LOG (gmm-latgen-faster:DecodeUtteranceLatticeFaster():decoder-wrappers.cc:285) Log-like per frame for utterance mark_2_7_4 is -6.49561 over 625 frames.
mark_2_7_5 two seven five 
LOG (gmm-latgen-faster:DecodeUtteranceLatticeFaster():decoder-wrappers.cc:285) Log-like per frame for utterance mark_2_7_5 is -6.60658 over 643 frames.
mark_2_7_6 two seven six 
LOG (gmm-latgen-faster:DecodeUtteranceLatticeFaster():decoder-wrappers.cc:285) Log-like per frame for utterance mark_2_7_6 is -6.5612 over 638 frames.
mark_2_7_8 two seven eight 
LOG (gmm-latgen-faster:DecodeUtteranceLatticeFaster():decoder-wrappers.cc:285) Log-like per frame for utterance mark_2_7_8 is -6.42999 over 643 frames.
mark_2_7_9 two seven nine 
LOG (gmm-latgen-faster:DecodeUtteranceLatticeFaster():decoder-wrappers.cc:285) Log-like per frame for utterance mark_2_7_9 is -6.72735 over 625 frames.
mark_2_8_1 two eight one 
LOG (gmm-latgen-faster:DecodeUtteranceLatticeFaster():decoder-wrappers.cc:285) Log-like per frame for utterance mark_2_8_1 is -6.25307 over 620 frames.
mark_2_8_3 two eight three 
LOG (gmm-latgen-faster:DecodeUtteranceLatticeFaster():decoder-wrappers.cc:285) Log-like per frame for utterance mark_2_8_3 is -6.499 over 638 frames.
mark_2_8_4 two eight four 
LOG (gmm-latgen-faster:DecodeUtteranceLatticeFaster():decoder-wrappers.cc:285) Log-like per frame for utterance mark_2_8_4 is -6.37025 over 614 frames.
mark_2_8_5 two eight five 
LOG (gmm-latgen-faster:DecodeUtteranceLatticeFaster():decoder-wrappers.cc:285) Log-like per frame for utterance mark_2_8_5 is -6.45079 over 633 frames.
mark_2_8_6 two eight six 
LOG (gmm-latgen-faster:DecodeUtteranceLatticeFaster():decoder-wrappers.cc:285) Log-like per frame for utterance mark_2_8_6 is -6.4572 over 628 frames.
mark_2_8_7 two eight seven 
LOG (gmm-latgen-faster:DecodeUtteranceLatticeFaster():decoder-wrappers.cc:285) Log-like per frame for utterance mark_2_8_7 is -6.52787 over 643 frames.
mark_2_8_9 two eight nine 
LOG (gmm-latgen-faster:DecodeUtteranceLatticeFaster():decoder-wrappers.cc:285) Log-like per frame for utterance mark_2_8_9 is -6.56844 over 614 frames.
mark_2_9_1 two nine one 
LOG (gmm-latgen-faster:DecodeUtteranceLatticeFaster():decoder-wrappers.cc:285) Log-like per frame for utterance mark_2_9_1 is -6.45274 over 601 frames.
mark_2_9_3 two nine three 
LOG (gmm-latgen-faster:DecodeUtteranceLatticeFaster():decoder-wrappers.cc:285) Log-like per frame for utterance mark_2_9_3 is -6.69898 over 620 frames.
mark_2_9_4 two nine four 
LOG (gmm-latgen-faster:DecodeUtteranceLatticeFaster():decoder-wrappers.cc:285) Log-like per frame for utterance mark_2_9_4 is -6.59687 over 596 frames.
mark_2_9_5 two nine five 
LOG (gmm-latgen-faster:DecodeUtteranceLatticeFaster():decoder-wrappers.cc:285) Log-like per frame for utterance mark_2_9_5 is -6.7224 over 614 frames.
mark_2_9_6 two nine six 
LOG (gmm-latgen-faster:DecodeUtteranceLatticeFaster():decoder-wrappers.cc:285) Log-like per frame for utterance mark_2_9_6 is -6.67469 over 609 frames.
mark_2_9_7 two nine seven 
LOG (gmm-latgen-faster:DecodeUtteranceLatticeFaster():decoder-wrappers.cc:285) Log-like per frame for utterance mark_2_9_7 is -6.73136 over 625 frames.
mark_2_9_8 two nine eight 
LOG (gmm-latgen-faster:DecodeUtteranceLatticeFaster():decoder-wrappers.cc:285) Log-like per frame for utterance mark_2_9_8 is -6.54016 over 614 frames.
mark_3_1_2 three one two 
LOG (gmm-latgen-faster:DecodeUtteranceLatticeFaster():decoder-wrappers.cc:285) Log-like per frame for utterance mark_3_1_2 is -6.39503 over 625 frames.
mark_3_1_4 three one four 
LOG (gmm-latgen-faster:DecodeUtteranceLatticeFaster():decoder-wrappers.cc:285) Log-like per frame for utterance mark_3_1_4 is -6.24381 over 614 frames.
mark_3_1_5 three one five 
LOG (gmm-latgen-faster:DecodeUtteranceLatticeFaster():decoder-wrappers.cc:285) Log-like per frame for utterance mark_3_1_5 is -6.31908 over 633 frames.
mark_3_1_6 three one six 
LOG (gmm-latgen-faster:DecodeUtteranceLatticeFaster():decoder-wrappers.cc:285) Log-like per frame for utterance mark_3_1_6 is -6.33048 over 628 frames.
mark_3_1_7 three one seven 
LOG (gmm-latgen-faster:DecodeUtteranceLatticeFaster():decoder-wrappers.cc:285) Log-like per frame for utterance mark_3_1_7 is -6.40979 over 643 frames.
mark_3_1_8 three one eight 
LOG (gmm-latgen-faster:DecodeUtteranceLatticeFaster():decoder-wrappers.cc:285) Log-like per frame for utterance mark_3_1_8 is -6.22753 over 633 frames.
mark_3_1_9 three one nine 
LOG (gmm-latgen-faster:DecodeUtteranceLatticeFaster():decoder-wrappers.cc:285) Log-like per frame for utterance mark_3_1_9 is -6.43176 over 614 frames.
mark_3_2_1 three two one 
LOG (gmm-latgen-faster:DecodeUtteranceLatticeFaster():decoder-wrappers.cc:285) Log-like per frame for utterance mark_3_2_1 is -6.35148 over 625 frames.
mark_3_2_4 three two four 
LOG (gmm-latgen-faster:DecodeUtteranceLatticeFaster():decoder-wrappers.cc:285) Log-like per frame for utterance mark_3_2_4 is -6.50607 over 620 frames.
mark_3_2_5 three two five 
LOG (gmm-latgen-faster:DecodeUtteranceLatticeFaster():decoder-wrappers.cc:285) Log-like per frame for utterance mark_3_2_5 is -6.61012 over 638 frames.
mark_3_2_6 three two six 
LOG (gmm-latgen-faster:DecodeUtteranceLatticeFaster():decoder-wrappers.cc:285) Log-like per frame for utterance mark_3_2_6 is -6.58613 over 633 frames.
mark_3_2_7 three two seven 
LOG (gmm-latgen-faster:DecodeUtteranceLatticeFaster():decoder-wrappers.cc:285) Log-like per frame for utterance mark_3_2_7 is -6.64741 over 648 frames.
mark_3_2_8 three two eight 
LOG (gmm-latgen-faster:DecodeUtteranceLatticeFaster():decoder-wrappers.cc:285) Log-like per frame for utterance mark_3_2_8 is -6.45294 over 638 frames.
mark_3_2_9 three two nine 
LOG (gmm-latgen-faster:DecodeUtteranceLatticeFaster():decoder-wrappers.cc:285) Log-like per frame for utterance mark_3_2_9 is -6.73254 over 620 frames.
mark_3_4_1 three four one 
LOG (gmm-latgen-faster:DecodeUtteranceLatticeFaster():decoder-wrappers.cc:285) Log-like per frame for utterance mark_3_4_1 is -6.20667 over 614 frames.
mark_3_4_2 three four two 
LOG (gmm-latgen-faster:DecodeUtteranceLatticeFaster():decoder-wrappers.cc:285) Log-like per frame for utterance mark_3_4_2 is -6.49639 over 620 frames.
mark_3_4_5 three four five 
LOG (gmm-latgen-faster:DecodeUtteranceLatticeFaster():decoder-wrappers.cc:285) Log-like per frame for utterance mark_3_4_5 is -6.44825 over 628 frames.
mark_3_4_6 three four six 
LOG (gmm-latgen-faster:DecodeUtteranceLatticeFaster():decoder-wrappers.cc:285) Log-like per frame for utterance mark_3_4_6 is -6.42482 over 622 frames.
mark_3_4_7 three four seven 
LOG (gmm-latgen-faster:DecodeUtteranceLatticeFaster():decoder-wrappers.cc:285) Log-like per frame for utterance mark_3_4_7 is -6.48296 over 638 frames.
mark_3_4_8 three four eight 
LOG (gmm-latgen-faster:DecodeUtteranceLatticeFaster():decoder-wrappers.cc:285) Log-like per frame for utterance mark_3_4_8 is -6.3037 over 628 frames.
mark_3_4_9 three four nine 
LOG (gmm-latgen-faster:DecodeUtteranceLatticeFaster():decoder-wrappers.cc:285) Log-like per frame for utterance mark_3_4_9 is -6.5638 over 609 frames.
mark_3_5_1 three five one 
LOG (gmm-latgen-faster:DecodeUtteranceLatticeFaster():decoder-wrappers.cc:285) Log-like per frame for utterance mark_3_5_1 is -6.3482 over 633 frames.
mark_3_5_2 three five two 
LOG (gmm-latgen-faster:DecodeUtteranceLatticeFaster():decoder-wrappers.cc:285) Log-like per frame for utterance mark_3_5_2 is -6.63263 over 638 frames.
mark_3_5_4 three five four 
LOG (gmm-latgen-faster:DecodeUtteranceLatticeFaster():decoder-wrappers.cc:285) Log-like per frame for utterance mark_3_5_4 is -6.47283 over 628 frames.
mark_3_5_6 three five six 
LOG (gmm-latgen-faster:DecodeUtteranceLatticeFaster():decoder-wrappers.cc:285) Log-like per frame for utterance mark_3_5_6 is -6.53737 over 641 frames.
mark_3_5_7 three five seven 
LOG (gmm-latgen-faster:DecodeUtteranceLatticeFaster():decoder-wrappers.cc:285) Log-like per frame for utterance mark_3_5_7 is -6.61204 over 656 frames.
mark_3_5_8 three five eight 
LOG (gmm-latgen-faster:DecodeUtteranceLatticeFaster():decoder-wrappers.cc:285) Log-like per frame for utterance mark_3_5_8 is -6.44378 over 646 frames.
mark_3_5_9 three five nine 
LOG (gmm-latgen-faster:DecodeUtteranceLatticeFaster():decoder-wrappers.cc:285) Log-like per frame for utterance mark_3_5_9 is -6.70417 over 628 frames.
mark_3_6_1 three six one 
LOG (gmm-latgen-faster:DecodeUtteranceLatticeFaster():decoder-wrappers.cc:285) Log-like per frame for utterance mark_3_6_1 is -6.31298 over 628 frames.
mark_3_6_2 three six two 
LOG (gmm-latgen-faster:DecodeUtteranceLatticeFaster():decoder-wrappers.cc:285) Log-like per frame for utterance mark_3_6_2 is -6.57923 over 633 frames.
mark_3_6_4 three six four 
LOG (gmm-latgen-faster:DecodeUtteranceLatticeFaster():decoder-wrappers.cc:285) Log-like per frame for utterance mark_3_6_4 is -6.44191 over 622 frames.
mark_3_6_5 three six five 
LOG (gmm-latgen-faster:DecodeUtteranceLatticeFaster():decoder-wrappers.cc:285) Log-like per frame for utterance mark_3_6_5 is -6.51477 over 641 frames.
mark_3_6_7 three six seven 
LOG (gmm-latgen-faster:DecodeUtteranceLatticeFaster():decoder-wrappers.cc:285) Log-like per frame for utterance mark_3_6_7 is -6.58559 over 651 frames.
mark_3_6_8 three six eight 
LOG (gmm-latgen-faster:DecodeUtteranceLatticeFaster():decoder-wrappers.cc:285) Log-like per frame for utterance mark_3_6_8 is -6.3982 over 641 frames.
mark_3_6_9 three six nine 
LOG (gmm-latgen-faster:DecodeUtteranceLatticeFaster():decoder-wrappers.cc:285) Log-like per frame for utterance mark_3_6_9 is -6.63444 over 622 frames.
mark_3_7_1 three seven one 
LOG (gmm-latgen-faster:DecodeUtteranceLatticeFaster():decoder-wrappers.cc:285) Log-like per frame for utterance mark_3_7_1 is -6.24861 over 643 frames.
mark_3_7_2 three seven two 
LOG (gmm-latgen-faster:DecodeUtteranceLatticeFaster():decoder-wrappers.cc:285) Log-like per frame for utterance mark_3_7_2 is -6.59671 over 648 frames.
mark_3_7_4 three seven four 
LOG (gmm-latgen-faster:DecodeUtteranceLatticeFaster():decoder-wrappers.cc:285) Log-like per frame for utterance mark_3_7_4 is -6.43747 over 638 frames.
mark_3_7_5 three seven five 
LOG (gmm-latgen-faster:DecodeUtteranceLatticeFaster():decoder-wrappers.cc:285) Log-like per frame for utterance mark_3_7_5 is -6.54116 over 656 frames.
mark_3_7_6 three seven six 
LOG (gmm-latgen-faster:DecodeUtteranceLatticeFaster():decoder-wrappers.cc:285) Log-like per frame for utterance mark_3_7_6 is -6.50177 over 651 frames.
mark_3_7_8 three seven eight 
LOG (gmm-latgen-faster:DecodeUtteranceLatticeFaster():decoder-wrappers.cc:285) Log-like per frame for utterance mark_3_7_8 is -6.37319 over 656 frames.
mark_3_7_9 three seven nine 
LOG (gmm-latgen-faster:DecodeUtteranceLatticeFaster():decoder-wrappers.cc:285) Log-like per frame for utterance mark_3_7_9 is -6.65694 over 638 frames.
mark_3_8_1 three eight one 
LOG (gmm-latgen-faster:DecodeUtteranceLatticeFaster():decoder-wrappers.cc:285) Log-like per frame for utterance mark_3_8_1 is -6.19384 over 633 frames.
mark_3_8_2 three eight two 
LOG (gmm-latgen-faster:DecodeUtteranceLatticeFaster():decoder-wrappers.cc:285) Log-like per frame for utterance mark_3_8_2 is -6.47575 over 638 frames.
mark_3_8_4 three eight four 
LOG (gmm-latgen-faster:DecodeUtteranceLatticeFaster():decoder-wrappers.cc:285) Log-like per frame for utterance mark_3_8_4 is -6.3302 over 628 frames.
mark_3_8_5 three eight five 
LOG (gmm-latgen-faster:DecodeUtteranceLatticeFaster():decoder-wrappers.cc:285) Log-like per frame for utterance mark_3_8_5 is -6.40544 over 646 frames.
mark_3_8_6 three eight six 
LOG (gmm-latgen-faster:DecodeUtteranceLatticeFaster():decoder-wrappers.cc:285) Log-like per frame for utterance mark_3_8_6 is -6.42079 over 641 frames.
mark_3_8_7 three eight seven 
LOG (gmm-latgen-faster:DecodeUtteranceLatticeFaster():decoder-wrappers.cc:285) Log-like per frame for utterance mark_3_8_7 is -6.47489 over 656 frames.
mark_3_8_9 three eight nine 
LOG (gmm-latgen-faster:DecodeUtteranceLatticeFaster():decoder-wrappers.cc:285) Log-like per frame for utterance mark_3_8_9 is -6.51852 over 628 frames.
mark_3_9_1 three nine one 
LOG (gmm-latgen-faster:DecodeUtteranceLatticeFaster():decoder-wrappers.cc:285) Log-like per frame for utterance mark_3_9_1 is -6.4307 over 614 frames.
mark_3_9_2 three nine two 
LOG (gmm-latgen-faster:DecodeUtteranceLatticeFaster():decoder-wrappers.cc:285) Log-like per frame for utterance mark_3_9_2 is -6.72401 over 620 frames.
mark_3_9_4 three nine four 
LOG (gmm-latgen-faster:DecodeUtteranceLatticeFaster():decoder-wrappers.cc:285) Log-like per frame for utterance mark_3_9_4 is -6.56951 over 609 frames.
mark_3_9_5 three nine five 
LOG (gmm-latgen-faster:DecodeUtteranceLatticeFaster():decoder-wrappers.cc:285) Log-like per frame for utterance mark_3_9_5 is -6.66961 over 628 frames.
mark_3_9_6 three nine six 
LOG (gmm-latgen-faster:DecodeUtteranceLatticeFaster():decoder-wrappers.cc:285) Log-like per frame for utterance mark_3_9_6 is -6.6385 over 622 frames.
mark_3_9_7 three nine seven 
LOG (gmm-latgen-faster:DecodeUtteranceLatticeFaster():decoder-wrappers.cc:285) Log-like per frame for utterance mark_3_9_7 is -6.68127 over 638 frames.
mark_3_9_8 three nine eight 
LOG (gmm-latgen-faster:DecodeUtteranceLatticeFaster():decoder-wrappers.cc:285) Log-like per frame for utterance mark_3_9_8 is -6.5108 over 628 frames.
mark_4_1_2 four one two 
LOG (gmm-latgen-faster:DecodeUtteranceLatticeFaster():decoder-wrappers.cc:285) Log-like per frame for utterance mark_4_1_2 is -6.14093 over 601 frames.
mark_4_1_3 four one three 
LOG (gmm-latgen-faster:DecodeUtteranceLatticeFaster():decoder-wrappers.cc:285) Log-like per frame for utterance mark_4_1_3 is -6.04666 over 614 frames.
mark_4_1_5 four one five 
LOG (gmm-latgen-faster:DecodeUtteranceLatticeFaster():decoder-wrappers.cc:285) Log-like per frame for utterance mark_4_1_5 is -6.09565 over 609 frames.
mark_4_1_6 four one six 
LOG (gmm-latgen-faster:DecodeUtteranceLatticeFaster():decoder-wrappers.cc:285) Log-like per frame for utterance mark_4_1_6 is -6.03359 over 604 frames.
mark_4_1_7 four one seven 
LOG (gmm-latgen-faster:DecodeUtteranceLatticeFaster():decoder-wrappers.cc:285) Log-like per frame for utterance mark_4_1_7 is -6.12846 over 620 frames.
mark_4_1_8 four one eight 
LOG (gmm-latgen-faster:DecodeUtteranceLatticeFaster():decoder-wrappers.cc:285) Log-like per frame for utterance mark_4_1_8 is -5.92041 over 609 frames.
mark_4_1_9 four one nine 
LOG (gmm-latgen-faster:DecodeUtteranceLatticeFaster():decoder-wrappers.cc:285) Log-like per frame for utterance mark_4_1_9 is -6.22679 over 591 frames.
mark_4_2_1 four two one 
LOG (gmm-latgen-faster:DecodeUtteranceLatticeFaster():decoder-wrappers.cc:285) Log-like per frame for utterance mark_4_2_1 is -6.20011 over 601 frames.
mark_4_2_3 four two three 
LOG (gmm-latgen-faster:DecodeUtteranceLatticeFaster():decoder-wrappers.cc:285) Log-like per frame for utterance mark_4_2_3 is -6.43982 over 620 frames.
mark_4_2_5 four two five 
LOG (gmm-latgen-faster:DecodeUtteranceLatticeFaster():decoder-wrappers.cc:285) Log-like per frame for utterance mark_4_2_5 is -6.45927 over 614 frames.
mark_4_2_6 four two six 
LOG (gmm-latgen-faster:DecodeUtteranceLatticeFaster():decoder-wrappers.cc:285) Log-like per frame for utterance mark_4_2_6 is -6.41514 over 609 frames.
mark_4_2_7 four two seven 
LOG (gmm-latgen-faster:DecodeUtteranceLatticeFaster():decoder-wrappers.cc:285) Log-like per frame for utterance mark_4_2_7 is -6.49606 over 625 frames.
mark_4_2_8 four two eight 
LOG (gmm-latgen-faster:DecodeUtteranceLatticeFaster():decoder-wrappers.cc:285) Log-like per frame for utterance mark_4_2_8 is -6.29765 over 614 frames.
mark_4_2_9 four two nine 
LOG (gmm-latgen-faster:DecodeUtteranceLatticeFaster():decoder-wrappers.cc:285) Log-like per frame for utterance mark_4_2_9 is -6.59279 over 596 frames.
mark_4_3_1 four three one 
LOG (gmm-latgen-faster:DecodeUtteranceLatticeFaster():decoder-wrappers.cc:285) Log-like per frame for utterance mark_4_3_1 is -6.15751 over 614 frames.
mark_4_3_2 four three two 
LOG (gmm-latgen-faster:DecodeUtteranceLatticeFaster():decoder-wrappers.cc:285) Log-like per frame for utterance mark_4_3_2 is -6.47042 over 620 frames.
mark_4_3_5 four three five 
LOG (gmm-latgen-faster:DecodeUtteranceLatticeFaster():decoder-wrappers.cc:285) Log-like per frame for utterance mark_4_3_5 is -6.40704 over 628 frames.
mark_4_3_6 four three six 
LOG (gmm-latgen-faster:DecodeUtteranceLatticeFaster():decoder-wrappers.cc:285) Log-like per frame for utterance mark_4_3_6 is -6.36265 over 622 frames.
mark_4_3_7 four three seven 
LOG (gmm-latgen-faster:DecodeUtteranceLatticeFaster():decoder-wrappers.cc:285) Log-like per frame for utterance mark_4_3_7 is -6.4165 over 638 frames.
mark_4_3_8 four three eight 
LOG (gmm-latgen-faster:DecodeUtteranceLatticeFaster():decoder-wrappers.cc:285) Log-like per frame for utterance mark_4_3_8 is -6.26159 over 628 frames.
mark_4_3_9 four three nine 
LOG (gmm-latgen-faster:DecodeUtteranceLatticeFaster():decoder-wrappers.cc:285) Log-like per frame for utterance mark_4_3_9 is -6.55138 over 609 frames.
mark_4_5_1 four five one 
LOG (gmm-latgen-faster:DecodeUtteranceLatticeFaster():decoder-wrappers.cc:285) Log-like per frame for utterance mark_4_5_1 is -6.13002 over 609 frames.
mark_4_5_2 four five two 
LOG (gmm-latgen-faster:DecodeUtteranceLatticeFaster():decoder-wrappers.cc:285) Log-like per frame for utterance mark_4_5_2 is -6.48847 over 614 frames.
mark_4_5_3 four five three 
LOG (gmm-latgen-faster:DecodeUtteranceLatticeFaster():decoder-wrappers.cc:285) Log-like per frame for utterance mark_4_5_3 is -6.39402 over 628 frames.
mark_4_5_6 four five six 
LOG (gmm-latgen-faster:DecodeUtteranceLatticeFaster():decoder-wrappers.cc:285) Log-like per frame for utterance mark_4_5_6 is -6.38075 over 617 frames.
mark_4_5_7 four five seven 
LOG (gmm-latgen-faster:DecodeUtteranceLatticeFaster():decoder-wrappers.cc:285) Log-like per frame for utterance mark_4_5_7 is -6.43713 over 633 frames.
mark_4_5_8 four five eight 
LOG (gmm-latgen-faster:DecodeUtteranceLatticeFaster():decoder-wrappers.cc:285) Log-like per frame for utterance mark_4_5_8 is -6.25925 over 622 frames.
mark_4_5_9 four five nine 
LOG (gmm-latgen-faster:DecodeUtteranceLatticeFaster():decoder-wrappers.cc:285) Log-like per frame for utterance mark_4_5_9 is -6.56638 over 604 frames.
mark_4_6_1 four six one 
LOG (gmm-latgen-faster:DecodeUtteranceLatticeFaster():decoder-wrappers.cc:285) Log-like per frame for utterance mark_4_6_1 is -6.06497 over 604 frames.
mark_4_6_2 four six two 
LOG (gmm-latgen-faster:DecodeUtteranceLatticeFaster():decoder-wrappers.cc:285) Log-like per frame for utterance mark_4_6_2 is -6.41554 over 609 frames.
mark_4_6_3 four six three 
LOG (gmm-latgen-faster:DecodeUtteranceLatticeFaster():decoder-wrappers.cc:285) Log-like per frame for utterance mark_4_6_3 is -6.3397 over 622 frames.
mark_4_6_5 four six five 
LOG (gmm-latgen-faster:DecodeUtteranceLatticeFaster():decoder-wrappers.cc:285) Log-like per frame for utterance mark_4_6_5 is -6.3863 over 617 frames.
mark_4_6_7 four six seven 
LOG (gmm-latgen-faster:DecodeUtteranceLatticeFaster():decoder-wrappers.cc:285) Log-like per frame for utterance mark_4_6_7 is -6.41324 over 628 frames.
mark_4_6_8 four six eight 
LOG (gmm-latgen-faster:DecodeUtteranceLatticeFaster():decoder-wrappers.cc:285) Log-like per frame for utterance mark_4_6_8 is -6.22384 over 617 frames.
mark_4_6_9 four six nine 
LOG (gmm-latgen-faster:DecodeUtteranceLatticeFaster():decoder-wrappers.cc:285) Log-like per frame for utterance mark_4_6_9 is -6.49647 over 599 frames.
mark_4_7_1 four seven one 
LOG (gmm-latgen-faster:DecodeUtteranceLatticeFaster():decoder-wrappers.cc:285) Log-like per frame for utterance mark_4_7_1 is -6.26783 over 620 frames.
mark_4_7_2 four seven two 
LOG (gmm-latgen-faster:DecodeUtteranceLatticeFaster():decoder-wrappers.cc:285) Log-like per frame for utterance mark_4_7_2 is -6.52702 over 625 frames.
mark_4_7_3 four seven three 
LOG (gmm-latgen-faster:DecodeUtteranceLatticeFaster():decoder-wrappers.cc:285) Log-like per frame for utterance mark_4_7_3 is -6.49053 over 638 frames.
mark_4_7_5 four seven five 
LOG (gmm-latgen-faster:DecodeUtteranceLatticeFaster():decoder-wrappers.cc:285) Log-like per frame for utterance mark_4_7_5 is -6.46059 over 633 frames.
mark_4_7_6 four seven six 
LOG (gmm-latgen-faster:DecodeUtteranceLatticeFaster():decoder-wrappers.cc:285) Log-like per frame for utterance mark_4_7_6 is -6.4672 over 628 frames.
mark_4_7_8 four seven eight 
LOG (gmm-latgen-faster:DecodeUtteranceLatticeFaster():decoder-wrappers.cc:285) Log-like per frame for utterance mark_4_7_8 is -6.36965 over 633 frames.
mark_4_7_9 four seven nine 
LOG (gmm-latgen-faster:DecodeUtteranceLatticeFaster():decoder-wrappers.cc:285) Log-like per frame for utterance mark_4_7_9 is -6.56303 over 614 frames.
mark_4_8_1 four eight one 
LOG (gmm-latgen-faster:DecodeUtteranceLatticeFaster():decoder-wrappers.cc:285) Log-like per frame for utterance mark_4_8_1 is -5.93779 over 609 frames.
mark_4_8_2 four eight two 
LOG (gmm-latgen-faster:DecodeUtteranceLatticeFaster():decoder-wrappers.cc:285) Log-like per frame for utterance mark_4_8_2 is -6.28932 over 614 frames.
mark_4_8_3 four eight three 
LOG (gmm-latgen-faster:DecodeUtteranceLatticeFaster():decoder-wrappers.cc:285) Log-like per frame for utterance mark_4_8_3 is -6.20246 over 628 frames.
mark_4_8_5 four eight five 
LOG (gmm-latgen-faster:DecodeUtteranceLatticeFaster():decoder-wrappers.cc:285) Log-like per frame for utterance mark_4_8_5 is -6.24485 over 622 frames.
mark_4_8_6 four eight six 
LOG (gmm-latgen-faster:DecodeUtteranceLatticeFaster():decoder-wrappers.cc:285) Log-like per frame for utterance mark_4_8_6 is -6.19627 over 617 frames.
mark_4_8_7 four eight seven 
LOG (gmm-latgen-faster:DecodeUtteranceLatticeFaster():decoder-wrappers.cc:285) Log-like per frame for utterance mark_4_8_7 is -6.27004 over 633 frames.
mark_4_8_9 four eight nine 
LOG (gmm-latgen-faster:DecodeUtteranceLatticeFaster():decoder-wrappers.cc:285) Log-like per frame for utterance mark_4_8_9 is -6.36375 over 604 frames.
mark_4_9_1 four nine one 
LOG (gmm-latgen-faster:DecodeUtteranceLatticeFaster():decoder-wrappers.cc:285) Log-like per frame for utterance mark_4_9_1 is -6.24064 over 591 frames.
mark_4_9_2 four nine two 
LOG (gmm-latgen-faster:DecodeUtteranceLatticeFaster():decoder-wrappers.cc:285) Log-like per frame for utterance mark_4_9_2 is -6.60674 over 596 frames.
mark_4_9_3 four nine three 
LOG (gmm-latgen-faster:DecodeUtteranceLatticeFaster():decoder-wrappers.cc:285) Log-like per frame for utterance mark_4_9_3 is -6.52262 over 609 frames.
mark_4_9_5 four nine five 
LOG (gmm-latgen-faster:DecodeUtteranceLatticeFaster():decoder-wrappers.cc:285) Log-like per frame for utterance mark_4_9_5 is -6.56728 over 604 frames.
mark_4_9_6 four nine six 
LOG (gmm-latgen-faster:DecodeUtteranceLatticeFaster():decoder-wrappers.cc:285) Log-like per frame for utterance mark_4_9_6 is -6.51353 over 599 frames.
mark_4_9_7 four nine seven 
LOG (gmm-latgen-faster:DecodeUtteranceLatticeFaster():decoder-wrappers.cc:285) Log-like per frame for utterance mark_4_9_7 is -6.57162 over 614 frames.
mark_4_9_8 four nine eight 
LOG (gmm-latgen-faster:DecodeUtteranceLatticeFaster():decoder-wrappers.cc:285) Log-like per frame for utterance mark_4_9_8 is -6.38435 over 604 frames.
mark_5_1_2 five one two 
LOG (gmm-latgen-faster:DecodeUtteranceLatticeFaster():decoder-wrappers.cc:285) Log-like per frame for utterance mark_5_1_2 is -6.33991 over 620 frames.
mark_5_1_3 five one three 
LOG (gmm-latgen-faster:DecodeUtteranceLatticeFaster():decoder-wrappers.cc:285) Log-like per frame for utterance mark_5_1_3 is -6.28245 over 633 frames.
mark_5_1_4 five one four 
LOG (gmm-latgen-faster:DecodeUtteranceLatticeFaster():decoder-wrappers.cc:285) Log-like per frame for utterance mark_5_1_4 is -6.18885 over 609 frames.
mark_5_1_6 five one six 
LOG (gmm-latgen-faster:DecodeUtteranceLatticeFaster():decoder-wrappers.cc:285) Log-like per frame for utterance mark_5_1_6 is -6.25365 over 622 frames.
mark_5_1_7 five one seven 
LOG (gmm-latgen-faster:DecodeUtteranceLatticeFaster():decoder-wrappers.cc:285) Log-like per frame for utterance mark_5_1_7 is -6.31006 over 638 frames.
mark_5_1_8 five one eight 
LOG (gmm-latgen-faster:DecodeUtteranceLatticeFaster():decoder-wrappers.cc:285) Log-like per frame for utterance mark_5_1_8 is -6.14339 over 628 frames.
mark_5_1_9 five one nine 
LOG (gmm-latgen-faster:DecodeUtteranceLatticeFaster():decoder-wrappers.cc:285) Log-like per frame for utterance mark_5_1_9 is -6.40142 over 609 frames.
mark_5_2_1 five two one 
LOG (gmm-latgen-faster:DecodeUtteranceLatticeFaster():decoder-wrappers.cc:285) Log-like per frame for utterance mark_5_2_1 is -6.44147 over 620 frames.
mark_5_2_3 five two three 
LOG (gmm-latgen-faster:DecodeUtteranceLatticeFaster():decoder-wrappers.cc:285) Log-like per frame for utterance mark_5_2_3 is -6.64298 over 638 frames.
mark_5_2_4 five two four 
LOG (gmm-latgen-faster:DecodeUtteranceLatticeFaster():decoder-wrappers.cc:285) Log-like per frame for utterance mark_5_2_4 is -6.54065 over 614 frames.
mark_5_2_6 five two six 
LOG (gmm-latgen-faster:DecodeUtteranceLatticeFaster():decoder-wrappers.cc:285) Log-like per frame for utterance mark_5_2_6 is -6.61409 over 628 frames.
mark_5_2_7 five two seven 
LOG (gmm-latgen-faster:DecodeUtteranceLatticeFaster():decoder-wrappers.cc:285) Log-like per frame for utterance mark_5_2_7 is -6.69121 over 643 frames.
mark_5_2_8 five two eight 
LOG (gmm-latgen-faster:DecodeUtteranceLatticeFaster():decoder-wrappers.cc:285) Log-like per frame for utterance mark_5_2_8 is -6.50831 over 633 frames.
mark_5_2_9 five two nine 
LOG (gmm-latgen-faster:DecodeUtteranceLatticeFaster():decoder-wrappers.cc:285) Log-like per frame for utterance mark_5_2_9 is -6.73155 over 614 frames.
mark_5_3_1 five three one 
LOG (gmm-latgen-faster:DecodeUtteranceLatticeFaster():decoder-wrappers.cc:285) Log-like per frame for utterance mark_5_3_1 is -6.34335 over 633 frames.
mark_5_3_2 five three two 
LOG (gmm-latgen-faster:DecodeUtteranceLatticeFaster():decoder-wrappers.cc:285) Log-like per frame for utterance mark_5_3_2 is -6.6279 over 638 frames.
mark_5_3_4 five three four 
LOG (gmm-latgen-faster:DecodeUtteranceLatticeFaster():decoder-wrappers.cc:285) Log-like per frame for utterance mark_5_3_4 is -6.46115 over 628 frames.
mark_5_3_6 five three six 
LOG (gmm-latgen-faster:DecodeUtteranceLatticeFaster():decoder-wrappers.cc:285) Log-like per frame for utterance mark_5_3_6 is -6.52019 over 641 frames.
mark_5_3_7 five three seven 
LOG (gmm-latgen-faster:DecodeUtteranceLatticeFaster():decoder-wrappers.cc:285) Log-like per frame for utterance mark_5_3_7 is -6.59981 over 656 frames.
mark_5_3_8 five three eight 
LOG (gmm-latgen-faster:DecodeUtteranceLatticeFaster():decoder-wrappers.cc:285) Log-like per frame for utterance mark_5_3_8 is -6.43504 over 646 frames.
mark_5_3_9 five three nine 
LOG (gmm-latgen-faster:DecodeUtteranceLatticeFaster():decoder-wrappers.cc:285) Log-like per frame for utterance mark_5_3_9 is -6.6967 over 628 frames.
mark_5_4_1 five four one 
LOG (gmm-latgen-faster:DecodeUtteranceLatticeFaster():decoder-wrappers.cc:285) Log-like per frame for utterance mark_5_4_1 is -6.12623 over 609 frames.
mark_5_4_2 five four two 
LOG (gmm-latgen-faster:DecodeUtteranceLatticeFaster():decoder-wrappers.cc:285) Log-like per frame for utterance mark_5_4_2 is -6.48414 over 614 frames.
mark_5_4_3 five four three 
LOG (gmm-latgen-faster:DecodeUtteranceLatticeFaster():decoder-wrappers.cc:285) Log-like per frame for utterance mark_5_4_3 is -6.39193 over 628 frames.
mark_5_4_6 five four six 
LOG (gmm-latgen-faster:DecodeUtteranceLatticeFaster():decoder-wrappers.cc:285) Log-like per frame for utterance mark_5_4_6 is -6.3906 over 617 frames.
mark_5_4_7 five four seven 
LOG (gmm-latgen-faster:DecodeUtteranceLatticeFaster():decoder-wrappers.cc:285) Log-like per frame for utterance mark_5_4_7 is -6.46186 over 633 frames.
mark_5_4_8 five four eight 
LOG (gmm-latgen-faster:DecodeUtteranceLatticeFaster():decoder-wrappers.cc:285) Log-like per frame for utterance mark_5_4_8 is -6.26337 over 622 frames.
mark_5_4_9 five four nine 
LOG (gmm-latgen-faster:DecodeUtteranceLatticeFaster():decoder-wrappers.cc:285) Log-like per frame for utterance mark_5_4_9 is -6.55437 over 604 frames.
mark_5_6_1 five six one 
LOG (gmm-latgen-faster:DecodeUtteranceLatticeFaster():decoder-wrappers.cc:285) Log-like per frame for utterance mark_5_6_1 is -6.21812 over 622 frames.
mark_5_6_2 five six two 
LOG (gmm-latgen-faster:DecodeUtteranceLatticeFaster():decoder-wrappers.cc:285) Log-like per frame for utterance mark_5_6_2 is -6.53597 over 628 frames.
mark_5_6_3 five six three 
LOG (gmm-latgen-faster:DecodeUtteranceLatticeFaster():decoder-wrappers.cc:285) Log-like per frame for utterance mark_5_6_3 is -6.46036 over 641 frames.
mark_5_6_4 five six four 
LOG (gmm-latgen-faster:DecodeUtteranceLatticeFaster():decoder-wrappers.cc:285) Log-like per frame for utterance mark_5_6_4 is -6.39997 over 617 frames.
mark_5_6_7 five six seven 
LOG (gmm-latgen-faster:DecodeUtteranceLatticeFaster():decoder-wrappers.cc:285) Log-like per frame for utterance mark_5_6_7 is -6.53024 over 646 frames.
mark_5_6_8 five six eight 
LOG (gmm-latgen-faster:DecodeUtteranceLatticeFaster():decoder-wrappers.cc:285) Log-like per frame for utterance mark_5_6_8 is -6.34138 over 635 frames.
mark_5_6_9 five six nine 
LOG (gmm-latgen-faster:DecodeUtteranceLatticeFaster():decoder-wrappers.cc:285) Log-like per frame for utterance mark_5_6_9 is -6.63706 over 617 frames.
mark_5_7_1 five seven one 
LOG (gmm-latgen-faster:DecodeUtteranceLatticeFaster():decoder-wrappers.cc:285) Log-like per frame for utterance mark_5_7_1 is -6.27265 over 638 frames.
mark_5_7_2 five seven two 
LOG (gmm-latgen-faster:DecodeUtteranceLatticeFaster():decoder-wrappers.cc:285) Log-like per frame for utterance mark_5_7_2 is -6.60376 over 643 frames.
mark_5_7_3 five seven three 
LOG (gmm-latgen-faster:DecodeUtteranceLatticeFaster():decoder-wrappers.cc:285) Log-like per frame for utterance mark_5_7_3 is -6.53143 over 656 frames.
mark_5_7_4 five seven four 
LOG (gmm-latgen-faster:DecodeUtteranceLatticeFaster():decoder-wrappers.cc:285) Log-like per frame for utterance mark_5_7_4 is -6.46885 over 633 frames.
mark_5_7_6 five seven six 
LOG (gmm-latgen-faster:DecodeUtteranceLatticeFaster():decoder-wrappers.cc:285) Log-like per frame for utterance mark_5_7_6 is -6.53134 over 646 frames.
mark_5_7_8 five seven eight 
LOG (gmm-latgen-faster:DecodeUtteranceLatticeFaster():decoder-wrappers.cc:285) Log-like per frame for utterance mark_5_7_8 is -6.39751 over 651 frames.
mark_5_7_9 five seven nine 
LOG (gmm-latgen-faster:DecodeUtteranceLatticeFaster():decoder-wrappers.cc:285) Log-like per frame for utterance mark_5_7_9 is -6.67793 over 633 frames.
mark_5_8_1 five eight one 
LOG (gmm-latgen-faster:DecodeUtteranceLatticeFaster():decoder-wrappers.cc:285) Log-like per frame for utterance mark_5_8_1 is -6.19677 over 628 frames.
mark_5_8_2 five eight two 
LOG (gmm-latgen-faster:DecodeUtteranceLatticeFaster():decoder-wrappers.cc:285) Log-like per frame for utterance mark_5_8_2 is -6.47444 over 633 frames.
mark_5_8_3 five eight three 
LOG (gmm-latgen-faster:DecodeUtteranceLatticeFaster():decoder-wrappers.cc:285) Log-like per frame for utterance mark_5_8_3 is -6.42961 over 646 frames.
mark_5_8_4 five eight four 
LOG (gmm-latgen-faster:DecodeUtteranceLatticeFaster():decoder-wrappers.cc:285) Log-like per frame for utterance mark_5_8_4 is -6.3108 over 622 frames.
mark_5_8_6 five eight six 
LOG (gmm-latgen-faster:DecodeUtteranceLatticeFaster():decoder-wrappers.cc:285) Log-like per frame for utterance mark_5_8_6 is -6.39562 over 635 frames.
mark_5_8_7 five eight seven 
LOG (gmm-latgen-faster:DecodeUtteranceLatticeFaster():decoder-wrappers.cc:285) Log-like per frame for utterance mark_5_8_7 is -6.45562 over 651 frames.
mark_5_8_9 five eight nine 
LOG (gmm-latgen-faster:DecodeUtteranceLatticeFaster():decoder-wrappers.cc:285) Log-like per frame for utterance mark_5_8_9 is -6.52061 over 622 frames.
mark_5_9_1 five nine one 
LOG (gmm-latgen-faster:DecodeUtteranceLatticeFaster():decoder-wrappers.cc:285) Log-like per frame for utterance mark_5_9_1 is -6.38619 over 609 frames.
mark_5_9_2 five nine two 
LOG (gmm-latgen-faster:DecodeUtteranceLatticeFaster():decoder-wrappers.cc:285) Log-like per frame for utterance mark_5_9_2 is -6.73079 over 614 frames.
mark_5_9_3 five nine three 
LOG (gmm-latgen-faster:DecodeUtteranceLatticeFaster():decoder-wrappers.cc:285) Log-like per frame for utterance mark_5_9_3 is -6.64044 over 628 frames.
mark_5_9_4 five nine four 
LOG (gmm-latgen-faster:DecodeUtteranceLatticeFaster():decoder-wrappers.cc:285) Log-like per frame for utterance mark_5_9_4 is -6.577 over 604 frames.
mark_5_9_6 five nine six 
LOG (gmm-latgen-faster:DecodeUtteranceLatticeFaster():decoder-wrappers.cc:285) Log-like per frame for utterance mark_5_9_6 is -6.63885 over 617 frames.
mark_5_9_7 five nine seven 
LOG (gmm-latgen-faster:DecodeUtteranceLatticeFaster():decoder-wrappers.cc:285) Log-like per frame for utterance mark_5_9_7 is -6.71968 over 633 frames.
mark_5_9_8 five nine eight 
LOG (gmm-latgen-faster:DecodeUtteranceLatticeFaster():decoder-wrappers.cc:285) Log-like per frame for utterance mark_5_9_8 is -6.51285 over 622 frames.
mark_6_1_2 six one two 
LOG (gmm-latgen-faster:DecodeUtteranceLatticeFaster():decoder-wrappers.cc:285) Log-like per frame for utterance mark_6_1_2 is -6.21465 over 614 frames.
mark_6_1_3 six one three 
LOG (gmm-latgen-faster:DecodeUtteranceLatticeFaster():decoder-wrappers.cc:285) Log-like per frame for utterance mark_6_1_3 is -6.13365 over 628 frames.
mark_6_1_4 six one four 
LOG (gmm-latgen-faster:DecodeUtteranceLatticeFaster():decoder-wrappers.cc:285) Log-like per frame for utterance mark_6_1_4 is -6.0253 over 604 frames.
mark_6_1_5 six one five 
LOG (gmm-latgen-faster:DecodeUtteranceLatticeFaster():decoder-wrappers.cc:285) Log-like per frame for utterance mark_6_1_5 is -6.18501 over 622 frames.
mark_6_1_7 six one seven 
LOG (gmm-latgen-faster:DecodeUtteranceLatticeFaster():decoder-wrappers.cc:285) Log-like per frame for utterance mark_6_1_7 is -6.18129 over 633 frames.
mark_6_1_8 six one eight 
LOG (gmm-latgen-faster:DecodeUtteranceLatticeFaster():decoder-wrappers.cc:285) Log-like per frame for utterance mark_6_1_8 is -5.99335 over 622 frames.
mark_6_1_9 six one nine 
LOG (gmm-latgen-faster:DecodeUtteranceLatticeFaster():decoder-wrappers.cc:285) Log-like per frame for utterance mark_6_1_9 is -6.29459 over 604 frames.
mark_6_2_1 six two one 
LOG (gmm-latgen-faster:DecodeUtteranceLatticeFaster():decoder-wrappers.cc:285) Log-like per frame for utterance mark_6_2_1 is -6.29644 over 614 frames.
mark_6_2_3 six two three 
LOG (gmm-latgen-faster:DecodeUtteranceLatticeFaster():decoder-wrappers.cc:285) Log-like per frame for utterance mark_6_2_3 is -6.52375 over 633 frames.
mark_6_2_4 six two four 
LOG (gmm-latgen-faster:DecodeUtteranceLatticeFaster():decoder-wrappers.cc:285) Log-like per frame for utterance mark_6_2_4 is -6.42093 over 609 frames.
mark_6_2_5 six two five 
LOG (gmm-latgen-faster:DecodeUtteranceLatticeFaster():decoder-wrappers.cc:285) Log-like per frame for utterance mark_6_2_5 is -6.5294 over 628 frames.
mark_6_2_7 six two seven 
LOG (gmm-latgen-faster:DecodeUtteranceLatticeFaster():decoder-wrappers.cc:285) Log-like per frame for utterance mark_6_2_7 is -6.55461 over 638 frames.
mark_6_2_8 six two eight 
LOG (gmm-latgen-faster:DecodeUtteranceLatticeFaster():decoder-wrappers.cc:285) Log-like per frame for utterance mark_6_2_8 is -6.38298 over 628 frames.
mark_6_2_9 six two nine 
LOG (gmm-latgen-faster:DecodeUtteranceLatticeFaster():decoder-wrappers.cc:285) Log-like per frame for utterance mark_6_2_9 is -6.64071 over 609 frames.
mark_6_3_1 six three one 
LOG (gmm-latgen-faster:DecodeUtteranceLatticeFaster():decoder-wrappers.cc:285) Log-like per frame for utterance mark_6_3_1 is -6.25564 over 628 frames.
mark_6_3_2 six three two 
LOG (gmm-latgen-faster:DecodeUtteranceLatticeFaster():decoder-wrappers.cc:285) Log-like per frame for utterance mark_6_3_2 is -6.55153 over 633 frames.
mark_6_3_4 six three four 
LOG (gmm-latgen-faster:DecodeUtteranceLatticeFaster():decoder-wrappers.cc:285) Log-like per frame for utterance mark_6_3_4 is -6.37463 over 622 frames.
mark_6_3_5 six three five 
LOG (gmm-latgen-faster:DecodeUtteranceLatticeFaster():decoder-wrappers.cc:285) Log-like per frame for utterance mark_6_3_5 is -6.4927 over 641 frames.
mark_6_3_7 six three seven 
LOG (gmm-latgen-faster:DecodeUtteranceLatticeFaster():decoder-wrappers.cc:285) Log-like per frame for utterance mark_6_3_7 is -6.50096 over 651 frames.
mark_6_3_8 six three eight 
LOG (gmm-latgen-faster:DecodeUtteranceLatticeFaster():decoder-wrappers.cc:285) Log-like per frame for utterance mark_6_3_8 is -6.3487 over 641 frames.
mark_6_3_9 six three nine 
LOG (gmm-latgen-faster:DecodeUtteranceLatticeFaster():decoder-wrappers.cc:285) Log-like per frame for utterance mark_6_3_9 is -6.60261 over 622 frames.
mark_6_4_1 six four one 
LOG (gmm-latgen-faster:DecodeUtteranceLatticeFaster():decoder-wrappers.cc:285) Log-like per frame for utterance mark_6_4_1 is -6.04944 over 604 frames.
mark_6_4_2 six four two 
LOG (gmm-latgen-faster:DecodeUtteranceLatticeFaster():decoder-wrappers.cc:285) Log-like per frame for utterance mark_6_4_2 is -6.39853 over 609 frames.
mark_6_4_3 six four three 
LOG (gmm-latgen-faster:DecodeUtteranceLatticeFaster():decoder-wrappers.cc:285) Log-like per frame for utterance mark_6_4_3 is -6.33695 over 622 frames.
mark_6_4_5 six four five 
LOG (gmm-latgen-faster:DecodeUtteranceLatticeFaster():decoder-wrappers.cc:285) Log-like per frame for utterance mark_6_4_5 is -6.38382 over 617 frames.
mark_6_4_7 six four seven 
LOG (gmm-latgen-faster:DecodeUtteranceLatticeFaster():decoder-wrappers.cc:285) Log-like per frame for utterance mark_6_4_7 is -6.39978 over 628 frames.
mark_6_4_8 six four eight 
LOG (gmm-latgen-faster:DecodeUtteranceLatticeFaster():decoder-wrappers.cc:285) Log-like per frame for utterance mark_6_4_8 is -6.19282 over 617 frames.
mark_6_4_9 six four nine 
LOG (gmm-latgen-faster:DecodeUtteranceLatticeFaster():decoder-wrappers.cc:285) Log-like per frame for utterance mark_6_4_9 is -6.48946 over 599 frames.
mark_6_5_1 six five one 
LOG (gmm-latgen-faster:DecodeUtteranceLatticeFaster():decoder-wrappers.cc:285) Log-like per frame for utterance mark_6_5_1 is -6.21815 over 622 frames.
mark_6_5_2 six five two 
LOG (gmm-latgen-faster:DecodeUtteranceLatticeFaster():decoder-wrappers.cc:285) Log-like per frame for utterance mark_6_5_2 is -6.54343 over 628 frames.
mark_6_5_3 six five three 
LOG (gmm-latgen-faster:DecodeUtteranceLatticeFaster():decoder-wrappers.cc:285) Log-like per frame for utterance mark_6_5_3 is -6.47207 over 641 frames.
mark_6_5_4 six five four 
LOG (gmm-latgen-faster:DecodeUtteranceLatticeFaster():decoder-wrappers.cc:285) Log-like per frame for utterance mark_6_5_4 is -6.38702 over 617 frames.
mark_6_5_7 six five seven 
LOG (gmm-latgen-faster:DecodeUtteranceLatticeFaster():decoder-wrappers.cc:285) Log-like per frame for utterance mark_6_5_7 is -6.51276 over 646 frames.
mark_6_5_8 six five eight 
LOG (gmm-latgen-faster:DecodeUtteranceLatticeFaster():decoder-wrappers.cc:285) Log-like per frame for utterance mark_6_5_8 is -6.347 over 635 frames.
mark_6_5_9 six five nine 
LOG (gmm-latgen-faster:DecodeUtteranceLatticeFaster():decoder-wrappers.cc:285) Log-like per frame for utterance mark_6_5_9 is -6.64463 over 617 frames.
mark_6_7_1 six seven one 
LOG (gmm-latgen-faster:DecodeUtteranceLatticeFaster():decoder-wrappers.cc:285) Log-like per frame for utterance mark_6_7_1 is -6.31754 over 633 frames.
mark_6_7_2 six seven two 
LOG (gmm-latgen-faster:DecodeUtteranceLatticeFaster():decoder-wrappers.cc:285) Log-like per frame for utterance mark_6_7_2 is -6.57811 over 638 frames.
mark_6_7_3 six seven three 
LOG (gmm-latgen-faster:DecodeUtteranceLatticeFaster():decoder-wrappers.cc:285) Log-like per frame for utterance mark_6_7_3 is -6.54767 over 651 frames.
mark_6_7_4 six seven four 
LOG (gmm-latgen-faster:DecodeUtteranceLatticeFaster():decoder-wrappers.cc:285) Log-like per frame for utterance mark_6_7_4 is -6.44454 over 628 frames.
mark_6_7_5 six seven five 
LOG (gmm-latgen-faster:DecodeUtteranceLatticeFaster():decoder-wrappers.cc:285) Log-like per frame for utterance mark_6_7_5 is -6.52351 over 646 frames.
mark_6_7_8 six seven eight 
LOG (gmm-latgen-faster:DecodeUtteranceLatticeFaster():decoder-wrappers.cc:285) Log-like per frame for utterance mark_6_7_8 is -6.40304 over 646 frames.
mark_6_7_9 six seven nine 
LOG (gmm-latgen-faster:DecodeUtteranceLatticeFaster():decoder-wrappers.cc:285) Log-like per frame for utterance mark_6_7_9 is -6.62911 over 628 frames.
mark_6_8_1 six eight one 
LOG (gmm-latgen-faster:DecodeUtteranceLatticeFaster():decoder-wrappers.cc:285) Log-like per frame for utterance mark_6_8_1 is -6.01572 over 622 frames.
mark_6_8_2 six eight two 
LOG (gmm-latgen-faster:DecodeUtteranceLatticeFaster():decoder-wrappers.cc:285) Log-like per frame for utterance mark_6_8_2 is -6.34418 over 628 frames.
mark_6_8_3 six eight three 
LOG (gmm-latgen-faster:DecodeUtteranceLatticeFaster():decoder-wrappers.cc:285) Log-like per frame for utterance mark_6_8_3 is -6.28021 over 641 frames.
mark_6_8_4 six eight four 
LOG (gmm-latgen-faster:DecodeUtteranceLatticeFaster():decoder-wrappers.cc:285) Log-like per frame for utterance mark_6_8_4 is -6.19459 over 617 frames.
mark_6_8_5 six eight five 
LOG (gmm-latgen-faster:DecodeUtteranceLatticeFaster():decoder-wrappers.cc:285) Log-like per frame for utterance mark_6_8_5 is -6.32621 over 635 frames.
mark_6_8_7 six eight seven 
LOG (gmm-latgen-faster:DecodeUtteranceLatticeFaster():decoder-wrappers.cc:285) Log-like per frame for utterance mark_6_8_7 is -6.33539 over 646 frames.
mark_6_8_9 six eight nine 
LOG (gmm-latgen-faster:DecodeUtteranceLatticeFaster():decoder-wrappers.cc:285) Log-like per frame for utterance mark_6_8_9 is -6.4322 over 617 frames.
mark_6_9_1 six nine one 
LOG (gmm-latgen-faster:DecodeUtteranceLatticeFaster():decoder-wrappers.cc:285) Log-like per frame for utterance mark_6_9_1 is -6.30517 over 604 frames.
mark_6_9_2 six nine two 
LOG (gmm-latgen-faster:DecodeUtteranceLatticeFaster():decoder-wrappers.cc:285) Log-like per frame for utterance mark_6_9_2 is -6.66318 over 609 frames.
mark_6_9_3 six nine three 
LOG (gmm-latgen-faster:DecodeUtteranceLatticeFaster():decoder-wrappers.cc:285) Log-like per frame for utterance mark_6_9_3 is -6.57281 over 622 frames.
mark_6_9_4 six nine four 
LOG (gmm-latgen-faster:DecodeUtteranceLatticeFaster():decoder-wrappers.cc:285) Log-like per frame for utterance mark_6_9_4 is -6.50566 over 599 frames.
mark_6_9_5 six nine five 
LOG (gmm-latgen-faster:DecodeUtteranceLatticeFaster():decoder-wrappers.cc:285) Log-like per frame for utterance mark_6_9_5 is -6.6087 over 617 frames.
mark_6_9_7 six nine seven 
LOG (gmm-latgen-faster:DecodeUtteranceLatticeFaster():decoder-wrappers.cc:285) Log-like per frame for utterance mark_6_9_7 is -6.63539 over 628 frames.
mark_6_9_8 six nine eight 
LOG (gmm-latgen-faster:DecodeUtteranceLatticeFaster():decoder-wrappers.cc:285) Log-like per frame for utterance mark_6_9_8 is -6.43642 over 617 frames.
mark_7_1_2 seven one two 
LOG (gmm-latgen-faster:DecodeUtteranceLatticeFaster():decoder-wrappers.cc:285) Log-like per frame for utterance mark_7_1_2 is -6.38887 over 630 frames.
mark_7_1_3 seven one three 
LOG (gmm-latgen-faster:DecodeUtteranceLatticeFaster():decoder-wrappers.cc:285) Log-like per frame for utterance mark_7_1_3 is -6.34871 over 643 frames.
mark_7_1_4 seven one four 
LOG (gmm-latgen-faster:DecodeUtteranceLatticeFaster():decoder-wrappers.cc:285) Log-like per frame for utterance mark_7_1_4 is -6.26132 over 620 frames.
mark_7_1_5 seven one five 
LOG (gmm-latgen-faster:DecodeUtteranceLatticeFaster():decoder-wrappers.cc:285) Log-like per frame for utterance mark_7_1_5 is -6.36243 over 638 frames.
mark_7_1_6 seven one six 
LOG (gmm-latgen-faster:DecodeUtteranceLatticeFaster():decoder-wrappers.cc:285) Log-like per frame for utterance mark_7_1_6 is -6.3359 over 633 frames.
mark_7_1_8 seven one eight 
LOG (gmm-latgen-faster:DecodeUtteranceLatticeFaster():decoder-wrappers.cc:285) Log-like per frame for utterance mark_7_1_8 is -6.19634 over 638 frames.
mark_7_1_9 seven one nine 
LOG (gmm-latgen-faster:DecodeUtteranceLatticeFaster():decoder-wrappers.cc:285) Log-like per frame for utterance mark_7_1_9 is -6.48002 over 620 frames.
mark_7_2_1 seven two one 
LOG (gmm-latgen-faster:DecodeUtteranceLatticeFaster():decoder-wrappers.cc:285) Log-like per frame for utterance mark_7_2_1 is -6.30187 over 630 frames.
mark_7_2_3 seven two three 
LOG (gmm-latgen-faster:DecodeUtteranceLatticeFaster():decoder-wrappers.cc:285) Log-like per frame for utterance mark_7_2_3 is -6.57093 over 648 frames.
mark_7_2_4 seven two four 
LOG (gmm-latgen-faster:DecodeUtteranceLatticeFaster():decoder-wrappers.cc:285) Log-like per frame for utterance mark_7_2_4 is -6.49478 over 625 frames.
mark_7_2_5 seven two five 
LOG (gmm-latgen-faster:DecodeUtteranceLatticeFaster():decoder-wrappers.cc:285) Log-like per frame for utterance mark_7_2_5 is -6.62393 over 643 frames.
mark_7_2_6 seven two six 
LOG (gmm-latgen-faster:DecodeUtteranceLatticeFaster():decoder-wrappers.cc:285) Log-like per frame for utterance mark_7_2_6 is -6.55698 over 638 frames.
mark_7_2_8 seven two eight 
LOG (gmm-latgen-faster:DecodeUtteranceLatticeFaster():decoder-wrappers.cc:285) Log-like per frame for utterance mark_7_2_8 is -6.4338 over 643 frames.
mark_7_2_9 seven two nine 
LOG (gmm-latgen-faster:DecodeUtteranceLatticeFaster():decoder-wrappers.cc:285) Log-like per frame for utterance mark_7_2_9 is -6.72372 over 625 frames.
mark_7_3_1 seven three one 
LOG (gmm-latgen-faster:DecodeUtteranceLatticeFaster():decoder-wrappers.cc:285) Log-like per frame for utterance mark_7_3_1 is -6.28733 over 643 frames.
mark_7_3_2 seven three two 
LOG (gmm-latgen-faster:DecodeUtteranceLatticeFaster():decoder-wrappers.cc:285) Log-like per frame for utterance mark_7_3_2 is -6.6333 over 648 frames.
mark_7_3_4 seven three four 
LOG (gmm-latgen-faster:DecodeUtteranceLatticeFaster():decoder-wrappers.cc:285) Log-like per frame for utterance mark_7_3_4 is -6.47085 over 638 frames.
mark_7_3_5 seven three five 
LOG (gmm-latgen-faster:DecodeUtteranceLatticeFaster():decoder-wrappers.cc:285) Log-like per frame for utterance mark_7_3_5 is -6.59592 over 656 frames.
mark_7_3_6 seven three six 
LOG (gmm-latgen-faster:DecodeUtteranceLatticeFaster():decoder-wrappers.cc:285) Log-like per frame for utterance mark_7_3_6 is -6.51657 over 651 frames.
mark_7_3_8 seven three eight 
LOG (gmm-latgen-faster:DecodeUtteranceLatticeFaster():decoder-wrappers.cc:285) Log-like per frame for utterance mark_7_3_8 is -6.41058 over 656 frames.
mark_7_3_9 seven three nine 
LOG (gmm-latgen-faster:DecodeUtteranceLatticeFaster():decoder-wrappers.cc:285) Log-like per frame for utterance mark_7_3_9 is -6.72036 over 638 frames.
mark_7_4_1 seven four one 
LOG (gmm-latgen-faster:DecodeUtteranceLatticeFaster():decoder-wrappers.cc:285) Log-like per frame for utterance mark_7_4_1 is -6.29373 over 620 frames.
mark_7_4_2 seven four two 
LOG (gmm-latgen-faster:DecodeUtteranceLatticeFaster():decoder-wrappers.cc:285) Log-like per frame for utterance mark_7_4_2 is -6.55927 over 625 frames.
mark_7_4_3 seven four three 
LOG (gmm-latgen-faster:DecodeUtteranceLatticeFaster():decoder-wrappers.cc:285) Log-like per frame for utterance mark_7_4_3 is -6.51155 over 638 frames.
mark_7_4_5 seven four five 
LOG (gmm-latgen-faster:DecodeUtteranceLatticeFaster():decoder-wrappers.cc:285) Log-like per frame for utterance mark_7_4_5 is -6.50459 over 633 frames.
mark_7_4_6 seven four six 
LOG (gmm-latgen-faster:DecodeUtteranceLatticeFaster():decoder-wrappers.cc:285) Log-like per frame for utterance mark_7_4_6 is -6.49745 over 628 frames.
mark_7_4_8 seven four eight 
LOG (gmm-latgen-faster:DecodeUtteranceLatticeFaster():decoder-wrappers.cc:285) Log-like per frame for utterance mark_7_4_8 is -6.39068 over 633 frames.
mark_7_4_9 seven four nine 
LOG (gmm-latgen-faster:DecodeUtteranceLatticeFaster():decoder-wrappers.cc:285) Log-like per frame for utterance mark_7_4_9 is -6.60688 over 614 frames.
mark_7_5_1 seven five one 
LOG (gmm-latgen-faster:DecodeUtteranceLatticeFaster():decoder-wrappers.cc:285) Log-like per frame for utterance mark_7_5_1 is -6.28155 over 638 frames.
mark_7_5_2 seven five two 
LOG (gmm-latgen-faster:DecodeUtteranceLatticeFaster():decoder-wrappers.cc:285) Log-like per frame for utterance mark_7_5_2 is -6.62279 over 643 frames.
mark_7_5_3 seven five three 
LOG (gmm-latgen-faster:DecodeUtteranceLatticeFaster():decoder-wrappers.cc:285) Log-like per frame for utterance mark_7_5_3 is -6.54143 over 656 frames.
mark_7_5_4 seven five four 
LOG (gmm-latgen-faster:DecodeUtteranceLatticeFaster():decoder-wrappers.cc:285) Log-like per frame for utterance mark_7_5_4 is -6.46049 over 633 frames.
mark_7_5_6 seven five six 
LOG (gmm-latgen-faster:DecodeUtteranceLatticeFaster():decoder-wrappers.cc:285) Log-like per frame for utterance mark_7_5_6 is -6.52985 over 646 frames.
mark_7_5_8 seven five eight 
LOG (gmm-latgen-faster:DecodeUtteranceLatticeFaster():decoder-wrappers.cc:285) Log-like per frame for utterance mark_7_5_8 is -6.42408 over 651 frames.
mark_7_5_9 seven five nine 
LOG (gmm-latgen-faster:DecodeUtteranceLatticeFaster():decoder-wrappers.cc:285) Log-like per frame for utterance mark_7_5_9 is -6.69715 over 633 frames.
mark_7_6_1 seven six one 
LOG (gmm-latgen-faster:DecodeUtteranceLatticeFaster():decoder-wrappers.cc:285) Log-like per frame for utterance mark_7_6_1 is -6.36403 over 633 frames.
mark_7_6_2 seven six two 
LOG (gmm-latgen-faster:DecodeUtteranceLatticeFaster():decoder-wrappers.cc:285) Log-like per frame for utterance mark_7_6_2 is -6.63352 over 638 frames.
mark_7_6_3 seven six three 
LOG (gmm-latgen-faster:DecodeUtteranceLatticeFaster():decoder-wrappers.cc:285) Log-like per frame for utterance mark_7_6_3 is -6.59518 over 651 frames.
mark_7_6_4 seven six four 
LOG (gmm-latgen-faster:DecodeUtteranceLatticeFaster():decoder-wrappers.cc:285) Log-like per frame for utterance mark_7_6_4 is -6.4868 over 628 frames.
mark_7_6_5 seven six five 
LOG (gmm-latgen-faster:DecodeUtteranceLatticeFaster():decoder-wrappers.cc:285) Log-like per frame for utterance mark_7_6_5 is -6.5826 over 646 frames.
mark_7_6_8 seven six eight 
LOG (gmm-latgen-faster:DecodeUtteranceLatticeFaster():decoder-wrappers.cc:285) Log-like per frame for utterance mark_7_6_8 is -6.47119 over 646 frames.
mark_7_6_9 seven six nine 
LOG (gmm-latgen-faster:DecodeUtteranceLatticeFaster():decoder-wrappers.cc:285) Log-like per frame for utterance mark_7_6_9 is -6.69163 over 628 frames.
mark_7_8_1 seven eight one 
LOG (gmm-latgen-faster:DecodeUtteranceLatticeFaster():decoder-wrappers.cc:285) Log-like per frame for utterance mark_7_8_1 is -6.16613 over 638 frames.
mark_7_8_2 seven eight two 
LOG (gmm-latgen-faster:DecodeUtteranceLatticeFaster():decoder-wrappers.cc:285) Log-like per frame for utterance mark_7_8_2 is -6.48215 over 643 frames.
mark_7_8_3 seven eight three 
LOG (gmm-latgen-faster:DecodeUtteranceLatticeFaster():decoder-wrappers.cc:285) Log-like per frame for utterance mark_7_8_3 is -6.41901 over 656 frames.
mark_7_8_4 seven eight four 
LOG (gmm-latgen-faster:DecodeUtteranceLatticeFaster():decoder-wrappers.cc:285) Log-like per frame for utterance mark_7_8_4 is -6.33916 over 633 frames.
mark_7_8_5 seven eight five 
LOG (gmm-latgen-faster:DecodeUtteranceLatticeFaster():decoder-wrappers.cc:285) Log-like per frame for utterance mark_7_8_5 is -6.45076 over 651 frames.
mark_7_8_6 seven eight six 
LOG (gmm-latgen-faster:DecodeUtteranceLatticeFaster():decoder-wrappers.cc:285) Log-like per frame for utterance mark_7_8_6 is -6.41303 over 646 frames.
mark_7_8_9 seven eight nine 
LOG (gmm-latgen-faster:DecodeUtteranceLatticeFaster():decoder-wrappers.cc:285) Log-like per frame for utterance mark_7_8_9 is -6.56009 over 633 frames.
mark_7_9_1 seven nine one 
LOG (gmm-latgen-faster:DecodeUtteranceLatticeFaster():decoder-wrappers.cc:285) Log-like per frame for utterance mark_7_9_1 is -6.4958 over 620 frames.
mark_7_9_2 seven nine two 
LOG (gmm-latgen-faster:DecodeUtteranceLatticeFaster():decoder-wrappers.cc:285) Log-like per frame for utterance mark_7_9_2 is -6.76481 over 625 frames.
mark_7_9_3 seven nine three 
LOG (gmm-latgen-faster:DecodeUtteranceLatticeFaster():decoder-wrappers.cc:285) Log-like per frame for utterance mark_7_9_3 is -6.73088 over 638 frames.
mark_7_9_4 seven nine four 
LOG (gmm-latgen-faster:DecodeUtteranceLatticeFaster():decoder-wrappers.cc:285) Log-like per frame for utterance mark_7_9_4 is -6.62522 over 614 frames.
mark_7_9_5 seven nine five 
LOG (gmm-latgen-faster:DecodeUtteranceLatticeFaster():decoder-wrappers.cc:285) Log-like per frame for utterance mark_7_9_5 is -6.6868 over 633 frames.
mark_7_9_6 seven nine six 
LOG (gmm-latgen-faster:DecodeUtteranceLatticeFaster():decoder-wrappers.cc:285) Log-like per frame for utterance mark_7_9_6 is -6.70568 over 628 frames.
mark_7_9_8 seven nine eight 
LOG (gmm-latgen-faster:DecodeUtteranceLatticeFaster():decoder-wrappers.cc:285) Log-like per frame for utterance mark_7_9_8 is -6.59362 over 633 frames.
mark_8_1_2 eight one two 
LOG (gmm-latgen-faster:DecodeUtteranceLatticeFaster():decoder-wrappers.cc:285) Log-like per frame for utterance mark_8_1_2 is -6.164 over 620 frames.
mark_8_1_3 eight one three 
LOG (gmm-latgen-faster:DecodeUtteranceLatticeFaster():decoder-wrappers.cc:285) Log-like per frame for utterance mark_8_1_3 is -6.09446 over 633 frames.
mark_8_1_4 eight one four 
LOG (gmm-latgen-faster:DecodeUtteranceLatticeFaster():decoder-wrappers.cc:285) Log-like per frame for utterance mark_8_1_4 is -5.98364 over 609 frames.
mark_8_1_5 eight one five 
LOG (gmm-latgen-faster:DecodeUtteranceLatticeFaster():decoder-wrappers.cc:285) Log-like per frame for utterance mark_8_1_5 is -6.09893 over 628 frames.
mark_8_1_6 eight one six 
LOG (gmm-latgen-faster:DecodeUtteranceLatticeFaster():decoder-wrappers.cc:285) Log-like per frame for utterance mark_8_1_6 is -6.06634 over 622 frames.
mark_8_1_7 eight one seven 
LOG (gmm-latgen-faster:DecodeUtteranceLatticeFaster():decoder-wrappers.cc:285) Log-like per frame for utterance mark_8_1_7 is -6.14068 over 638 frames.
mark_8_1_9 eight one nine 
LOG (gmm-latgen-faster:DecodeUtteranceLatticeFaster():decoder-wrappers.cc:285) Log-like per frame for utterance mark_8_1_9 is -6.21193 over 609 frames.
mark_8_2_1 eight two one 
LOG (gmm-latgen-faster:DecodeUtteranceLatticeFaster():decoder-wrappers.cc:285) Log-like per frame for utterance mark_8_2_1 is -6.21802 over 620 frames.
mark_8_2_3 eight two three 
LOG (gmm-latgen-faster:DecodeUtteranceLatticeFaster():decoder-wrappers.cc:285) Log-like per frame for utterance mark_8_2_3 is -6.45095 over 638 frames.
mark_8_2_4 eight two four 
LOG (gmm-latgen-faster:DecodeUtteranceLatticeFaster():decoder-wrappers.cc:285) Log-like per frame for utterance mark_8_2_4 is -6.35212 over 614 frames.
mark_8_2_5 eight two five 
LOG (gmm-latgen-faster:DecodeUtteranceLatticeFaster():decoder-wrappers.cc:285) Log-like per frame for utterance mark_8_2_5 is -6.42228 over 633 frames.
mark_8_2_6 eight two six 
LOG (gmm-latgen-faster:DecodeUtteranceLatticeFaster():decoder-wrappers.cc:285) Log-like per frame for utterance mark_8_2_6 is -6.42875 over 628 frames.
mark_8_2_7 eight two seven 
LOG (gmm-latgen-faster:DecodeUtteranceLatticeFaster():decoder-wrappers.cc:285) Log-like per frame for utterance mark_8_2_7 is -6.49228 over 643 frames.
mark_8_2_9 eight two nine 
LOG (gmm-latgen-faster:DecodeUtteranceLatticeFaster():decoder-wrappers.cc:285) Log-like per frame for utterance mark_8_2_9 is -6.519 over 614 frames.
mark_8_3_1 eight three one 
LOG (gmm-latgen-faster:DecodeUtteranceLatticeFaster():decoder-wrappers.cc:285) Log-like per frame for utterance mark_8_3_1 is -6.15147 over 633 frames.
mark_8_3_2 eight three two 
LOG (gmm-latgen-faster:DecodeUtteranceLatticeFaster():decoder-wrappers.cc:285) Log-like per frame for utterance mark_8_3_2 is -6.44793 over 638 frames.
mark_8_3_4 eight three four 
LOG (gmm-latgen-faster:DecodeUtteranceLatticeFaster():decoder-wrappers.cc:285) Log-like per frame for utterance mark_8_3_4 is -6.2743 over 628 frames.
mark_8_3_5 eight three five 
LOG (gmm-latgen-faster:DecodeUtteranceLatticeFaster():decoder-wrappers.cc:285) Log-like per frame for utterance mark_8_3_5 is -6.38449 over 646 frames.
mark_8_3_6 eight three six 
LOG (gmm-latgen-faster:DecodeUtteranceLatticeFaster():decoder-wrappers.cc:285) Log-like per frame for utterance mark_8_3_6 is -6.33267 over 641 frames.
mark_8_3_7 eight three seven 
LOG (gmm-latgen-faster:DecodeUtteranceLatticeFaster():decoder-wrappers.cc:285) Log-like per frame for utterance mark_8_3_7 is -6.42856 over 656 frames.
mark_8_3_9 eight three nine 
LOG (gmm-latgen-faster:DecodeUtteranceLatticeFaster():decoder-wrappers.cc:285) Log-like per frame for utterance mark_8_3_9 is -6.50304 over 628 frames.
mark_8_4_1 eight four one 
LOG (gmm-latgen-faster:DecodeUtteranceLatticeFaster():decoder-wrappers.cc:285) Log-like per frame for utterance mark_8_4_1 is -5.94374 over 609 frames.
mark_8_4_2 eight four two 
LOG (gmm-latgen-faster:DecodeUtteranceLatticeFaster():decoder-wrappers.cc:285) Log-like per frame for utterance mark_8_4_2 is -6.28546 over 614 frames.
mark_8_4_3 eight four three 
LOG (gmm-latgen-faster:DecodeUtteranceLatticeFaster():decoder-wrappers.cc:285) Log-like per frame for utterance mark_8_4_3 is -6.2024 over 628 frames.
mark_8_4_5 eight four five 
LOG (gmm-latgen-faster:DecodeUtteranceLatticeFaster():decoder-wrappers.cc:285) Log-like per frame for utterance mark_8_4_5 is -6.25139 over 622 frames.
mark_8_4_6 eight four six 
LOG (gmm-latgen-faster:DecodeUtteranceLatticeFaster():decoder-wrappers.cc:285) Log-like per frame for utterance mark_8_4_6 is -6.19994 over 617 frames.
mark_8_4_7 eight four seven 
LOG (gmm-latgen-faster:DecodeUtteranceLatticeFaster():decoder-wrappers.cc:285) Log-like per frame for utterance mark_8_4_7 is -6.27714 over 633 frames.
mark_8_4_9 eight four nine 
LOG (gmm-latgen-faster:DecodeUtteranceLatticeFaster():decoder-wrappers.cc:285) Log-like per frame for utterance mark_8_4_9 is -6.36023 over 604 frames.
mark_8_5_1 eight five one 
LOG (gmm-latgen-faster:DecodeUtteranceLatticeFaster():decoder-wrappers.cc:285) Log-like per frame for utterance mark_8_5_1 is -6.18191 over 628 frames.
mark_8_5_2 eight five two 
LOG (gmm-latgen-faster:DecodeUtteranceLatticeFaster():decoder-wrappers.cc:285) Log-like per frame for utterance mark_8_5_2 is -6.48046 over 633 frames.
mark_8_5_3 eight five three 
LOG (gmm-latgen-faster:DecodeUtteranceLatticeFaster():decoder-wrappers.cc:285) Log-like per frame for utterance mark_8_5_3 is -6.41193 over 646 frames.
mark_8_5_4 eight five four 
LOG (gmm-latgen-faster:DecodeUtteranceLatticeFaster():decoder-wrappers.cc:285) Log-like per frame for utterance mark_8_5_4 is -6.3095 over 622 frames.
mark_8_5_6 eight five six 
LOG (gmm-latgen-faster:DecodeUtteranceLatticeFaster():decoder-wrappers.cc:285) Log-like per frame for utterance mark_8_5_6 is -6.35677 over 635 frames.
mark_8_5_7 eight five seven 
LOG (gmm-latgen-faster:DecodeUtteranceLatticeFaster():decoder-wrappers.cc:285) Log-like per frame for utterance mark_8_5_7 is -6.43213 over 651 frames.
mark_8_5_9 eight five nine 
LOG (gmm-latgen-faster:DecodeUtteranceLatticeFaster():decoder-wrappers.cc:285) Log-like per frame for utterance mark_8_5_9 is -6.53074 over 622 frames.
mark_8_6_1 eight six one 
LOG (gmm-latgen-faster:DecodeUtteranceLatticeFaster():decoder-wrappers.cc:285) Log-like per frame for utterance mark_8_6_1 is -6.05235 over 622 frames.
mark_8_6_2 eight six two 
LOG (gmm-latgen-faster:DecodeUtteranceLatticeFaster():decoder-wrappers.cc:285) Log-like per frame for utterance mark_8_6_2 is -6.35961 over 628 frames.
mark_8_6_3 eight six three 
LOG (gmm-latgen-faster:DecodeUtteranceLatticeFaster():decoder-wrappers.cc:285) Log-like per frame for utterance mark_8_6_3 is -6.29369 over 641 frames.
mark_8_6_4 eight six four 
LOG (gmm-latgen-faster:DecodeUtteranceLatticeFaster():decoder-wrappers.cc:285) Log-like per frame for utterance mark_8_6_4 is -6.21397 over 617 frames.
mark_8_6_5 eight six five 
LOG (gmm-latgen-faster:DecodeUtteranceLatticeFaster():decoder-wrappers.cc:285) Log-like per frame for utterance mark_8_6_5 is -6.34501 over 635 frames.
mark_8_6_7 eight six seven 
LOG (gmm-latgen-faster:DecodeUtteranceLatticeFaster():decoder-wrappers.cc:285) Log-like per frame for utterance mark_8_6_7 is -6.35439 over 646 frames.
mark_8_6_9 eight six nine 
LOG (gmm-latgen-faster:DecodeUtteranceLatticeFaster():decoder-wrappers.cc:285) Log-like per frame for utterance mark_8_6_9 is -6.46726 over 617 frames.
mark_8_7_1 eight seven one 
LOG (gmm-latgen-faster:DecodeUtteranceLatticeFaster():decoder-wrappers.cc:285) Log-like per frame for utterance mark_8_7_1 is -6.11066 over 638 frames.
mark_8_7_2 eight seven two 
LOG (gmm-latgen-faster:DecodeUtteranceLatticeFaster():decoder-wrappers.cc:285) Log-like per frame for utterance mark_8_7_2 is -6.42301 over 643 frames.
mark_8_7_3 eight seven three 
LOG (gmm-latgen-faster:DecodeUtteranceLatticeFaster():decoder-wrappers.cc:285) Log-like per frame for utterance mark_8_7_3 is -6.35642 over 656 frames.
mark_8_7_4 eight seven four 
LOG (gmm-latgen-faster:DecodeUtteranceLatticeFaster():decoder-wrappers.cc:285) Log-like per frame for utterance mark_8_7_4 is -6.29204 over 633 frames.
mark_8_7_5 eight seven five 
LOG (gmm-latgen-faster:DecodeUtteranceLatticeFaster():decoder-wrappers.cc:285) Log-like per frame for utterance mark_8_7_5 is -6.38288 over 651 frames.
mark_8_7_6 eight seven six 
LOG (gmm-latgen-faster:DecodeUtteranceLatticeFaster():decoder-wrappers.cc:285) Log-like per frame for utterance mark_8_7_6 is -6.35208 over 646 frames.
mark_8_7_9 eight seven nine 
LOG (gmm-latgen-faster:DecodeUtteranceLatticeFaster():decoder-wrappers.cc:285) Log-like per frame for utterance mark_8_7_9 is -6.50356 over 633 frames.
mark_8_9_1 eight nine one 
LOG (gmm-latgen-faster:DecodeUtteranceLatticeFaster():decoder-wrappers.cc:285) Log-like per frame for utterance mark_8_9_1 is -6.17169 over 609 frames.
mark_8_9_2 eight nine two 
LOG (gmm-latgen-faster:DecodeUtteranceLatticeFaster():decoder-wrappers.cc:285) Log-like per frame for utterance mark_8_9_2 is -6.527 over 614 frames.
mark_8_9_3 eight nine three 
LOG (gmm-latgen-faster:DecodeUtteranceLatticeFaster():decoder-wrappers.cc:285) Log-like per frame for utterance mark_8_9_3 is -6.45049 over 628 frames.
mark_8_9_4 eight nine four 
LOG (gmm-latgen-faster:DecodeUtteranceLatticeFaster():decoder-wrappers.cc:285) Log-like per frame for utterance mark_8_9_4 is -6.38034 over 604 frames.
mark_8_9_5 eight nine five 
LOG (gmm-latgen-faster:DecodeUtteranceLatticeFaster():decoder-wrappers.cc:285) Log-like per frame for utterance mark_8_9_5 is -6.48362 over 622 frames.
mark_8_9_6 eight nine six 
LOG (gmm-latgen-faster:DecodeUtteranceLatticeFaster():decoder-wrappers.cc:285) Log-like per frame for utterance mark_8_9_6 is -6.4278 over 617 frames.
mark_8_9_7 eight nine seven 
LOG (gmm-latgen-faster:DecodeUtteranceLatticeFaster():decoder-wrappers.cc:285) Log-like per frame for utterance mark_8_9_7 is -6.50117 over 633 frames.
mark_9_1_2 nine one two 
LOG (gmm-latgen-faster:DecodeUtteranceLatticeFaster():decoder-wrappers.cc:285) Log-like per frame for utterance mark_9_1_2 is -6.38058 over 601 frames.
mark_9_1_3 nine one three 
LOG (gmm-latgen-faster:DecodeUtteranceLatticeFaster():decoder-wrappers.cc:285) Log-like per frame for utterance mark_9_1_3 is -6.29383 over 614 frames.
mark_9_1_4 nine one four 
LOG (gmm-latgen-faster:DecodeUtteranceLatticeFaster():decoder-wrappers.cc:285) Log-like per frame for utterance mark_9_1_4 is -6.2186 over 591 frames.
mark_9_1_5 nine one five 
LOG (gmm-latgen-faster:DecodeUtteranceLatticeFaster():decoder-wrappers.cc:285) Log-like per frame for utterance mark_9_1_5 is -6.35451 over 609 frames.
mark_9_1_6 nine one six 
LOG (gmm-latgen-faster:DecodeUtteranceLatticeFaster():decoder-wrappers.cc:285) Log-like per frame for utterance mark_9_1_6 is -6.27884 over 604 frames.
mark_9_1_7 nine one seven 
LOG (gmm-latgen-faster:DecodeUtteranceLatticeFaster():decoder-wrappers.cc:285) Log-like per frame for utterance mark_9_1_7 is -6.35919 over 620 frames.
mark_9_1_8 nine one eight 
LOG (gmm-latgen-faster:DecodeUtteranceLatticeFaster():decoder-wrappers.cc:285) Log-like per frame for utterance mark_9_1_8 is -6.16791 over 609 frames.
mark_9_2_1 nine two one 
LOG (gmm-latgen-faster:DecodeUtteranceLatticeFaster():decoder-wrappers.cc:285) Log-like per frame for utterance mark_9_2_1 is -6.43788 over 601 frames.
mark_9_2_3 nine two three 
LOG (gmm-latgen-faster:DecodeUtteranceLatticeFaster():decoder-wrappers.cc:285) Log-like per frame for utterance mark_9_2_3 is -6.69468 over 620 frames.
mark_9_2_4 nine two four 
LOG (gmm-latgen-faster:DecodeUtteranceLatticeFaster():decoder-wrappers.cc:285) Log-like per frame for utterance mark_9_2_4 is -6.58929 over 596 frames.
mark_9_2_5 nine two five 
LOG (gmm-latgen-faster:DecodeUtteranceLatticeFaster():decoder-wrappers.cc:285) Log-like per frame for utterance mark_9_2_5 is -6.70573 over 614 frames.
mark_9_2_6 nine two six 
LOG (gmm-latgen-faster:DecodeUtteranceLatticeFaster():decoder-wrappers.cc:285) Log-like per frame for utterance mark_9_2_6 is -6.65595 over 609 frames.
mark_9_2_7 nine two seven 
LOG (gmm-latgen-faster:DecodeUtteranceLatticeFaster():decoder-wrappers.cc:285) Log-like per frame for utterance mark_9_2_7 is -6.72343 over 625 frames.
mark_9_2_8 nine two eight 
LOG (gmm-latgen-faster:DecodeUtteranceLatticeFaster():decoder-wrappers.cc:285) Log-like per frame for utterance mark_9_2_8 is -6.54727 over 614 frames.
mark_9_3_1 nine three one 
LOG (gmm-latgen-faster:DecodeUtteranceLatticeFaster():decoder-wrappers.cc:285) Log-like per frame for utterance mark_9_3_1 is -6.40484 over 614 frames.
mark_9_3_2 nine three two 
LOG (gmm-latgen-faster:DecodeUtteranceLatticeFaster():decoder-wrappers.cc:285) Log-like per frame for utterance mark_9_3_2 is -6.70724 over 620 frames.
mark_9_3_4 nine three four 
LOG (gmm-latgen-faster:DecodeUtteranceLatticeFaster():decoder-wrappers.cc:285) Log-like per frame for utterance mark_9_3_4 is -6.53423 over 609 frames.
mark_9_3_5 nine three five 
LOG (gmm-latgen-faster:DecodeUtteranceLatticeFaster():decoder-wrappers.cc:285) Log-like per frame for utterance mark_9_3_5 is -6.6594 over 628 frames.
mark_9_3_6 nine three six 
LOG (gmm-latgen-faster:DecodeUtteranceLatticeFaster():decoder-wrappers.cc:285) Log-like per frame for utterance mark_9_3_6 is -6.61338 over 622 frames.
mark_9_3_7 nine three seven 
LOG (gmm-latgen-faster:DecodeUtteranceLatticeFaster():decoder-wrappers.cc:285) Log-like per frame for utterance mark_9_3_7 is -6.66314 over 638 frames.
mark_9_3_8 nine three eight 
LOG (gmm-latgen-faster:DecodeUtteranceLatticeFaster():decoder-wrappers.cc:285) Log-like per frame for utterance mark_9_3_8 is -6.50459 over 628 frames.
mark_9_4_1 nine four one 
LOG (gmm-latgen-faster:DecodeUtteranceLatticeFaster():decoder-wrappers.cc:285) Log-like per frame for utterance mark_9_4_1 is -6.26945 over 591 frames.
mark_9_4_2 nine four two 
LOG (gmm-latgen-faster:DecodeUtteranceLatticeFaster():decoder-wrappers.cc:285) Log-like per frame for utterance mark_9_4_2 is -6.5916 over 596 frames.
mark_9_4_3 nine four three 
LOG (gmm-latgen-faster:DecodeUtteranceLatticeFaster():decoder-wrappers.cc:285) Log-like per frame for utterance mark_9_4_3 is -6.52218 over 609 frames.
mark_9_4_5 nine four five 
LOG (gmm-latgen-faster:DecodeUtteranceLatticeFaster():decoder-wrappers.cc:285) Log-like per frame for utterance mark_9_4_5 is -6.54799 over 604 frames.
mark_9_4_6 nine four six 
LOG (gmm-latgen-faster:DecodeUtteranceLatticeFaster():decoder-wrappers.cc:285) Log-like per frame for utterance mark_9_4_6 is -6.51867 over 599 frames.
mark_9_4_7 nine four seven 
LOG (gmm-latgen-faster:DecodeUtteranceLatticeFaster():decoder-wrappers.cc:285) Log-like per frame for utterance mark_9_4_7 is -6.60663 over 614 frames.
mark_9_4_8 nine four eight 
LOG (gmm-latgen-faster:DecodeUtteranceLatticeFaster():decoder-wrappers.cc:285) Log-like per frame for utterance mark_9_4_8 is -6.39599 over 604 frames.
mark_9_5_1 nine five one 
LOG (gmm-latgen-faster:DecodeUtteranceLatticeFaster():decoder-wrappers.cc:285) Log-like per frame for utterance mark_9_5_1 is -6.3613 over 609 frames.
mark_9_5_2 nine five two 
LOG (gmm-latgen-faster:DecodeUtteranceLatticeFaster():decoder-wrappers.cc:285) Log-like per frame for utterance mark_9_5_2 is -6.72795 over 614 frames.
mark_9_5_3 nine five three 
LOG (gmm-latgen-faster:DecodeUtteranceLatticeFaster():decoder-wrappers.cc:285) Log-like per frame for utterance mark_9_5_3 is -6.63523 over 628 frames.
mark_9_5_4 nine five four 
LOG (gmm-latgen-faster:DecodeUtteranceLatticeFaster():decoder-wrappers.cc:285) Log-like per frame for utterance mark_9_5_4 is -6.55419 over 604 frames.
mark_9_5_6 nine five six 
LOG (gmm-latgen-faster:DecodeUtteranceLatticeFaster():decoder-wrappers.cc:285) Log-like per frame for utterance mark_9_5_6 is -6.60839 over 617 frames.
mark_9_5_7 nine five seven 
LOG (gmm-latgen-faster:DecodeUtteranceLatticeFaster():decoder-wrappers.cc:285) Log-like per frame for utterance mark_9_5_7 is -6.67885 over 633 frames.
mark_9_5_8 nine five eight 
LOG (gmm-latgen-faster:DecodeUtteranceLatticeFaster():decoder-wrappers.cc:285) Log-like per frame for utterance mark_9_5_8 is -6.49509 over 622 frames.
mark_9_6_1 nine six one 
LOG (gmm-latgen-faster:DecodeUtteranceLatticeFaster():decoder-wrappers.cc:285) Log-like per frame for utterance mark_9_6_1 is -6.31425 over 604 frames.
mark_9_6_2 nine six two 
LOG (gmm-latgen-faster:DecodeUtteranceLatticeFaster():decoder-wrappers.cc:285) Log-like per frame for utterance mark_9_6_2 is -6.65734 over 609 frames.
mark_9_6_3 nine six three 
LOG (gmm-latgen-faster:DecodeUtteranceLatticeFaster():decoder-wrappers.cc:285) Log-like per frame for utterance mark_9_6_3 is -6.60031 over 622 frames.
mark_9_6_4 nine six four 
LOG (gmm-latgen-faster:DecodeUtteranceLatticeFaster():decoder-wrappers.cc:285) Log-like per frame for utterance mark_9_6_4 is -6.5262 over 599 frames.
mark_9_6_5 nine six five 
LOG (gmm-latgen-faster:DecodeUtteranceLatticeFaster():decoder-wrappers.cc:285) Log-like per frame for utterance mark_9_6_5 is -6.62518 over 617 frames.
mark_9_6_7 nine six seven 
LOG (gmm-latgen-faster:DecodeUtteranceLatticeFaster():decoder-wrappers.cc:285) Log-like per frame for utterance mark_9_6_7 is -6.65121 over 628 frames.
mark_9_6_8 nine six eight 
LOG (gmm-latgen-faster:DecodeUtteranceLatticeFaster():decoder-wrappers.cc:285) Log-like per frame for utterance mark_9_6_8 is -6.45205 over 617 frames.
mark_9_7_1 nine seven one 
LOG (gmm-latgen-faster:DecodeUtteranceLatticeFaster():decoder-wrappers.cc:285) Log-like per frame for utterance mark_9_7_1 is -6.51396 over 620 frames.
mark_9_7_2 nine seven two 
LOG (gmm-latgen-faster:DecodeUtteranceLatticeFaster():decoder-wrappers.cc:285) Log-like per frame for utterance mark_9_7_2 is -6.75794 over 625 frames.
mark_9_7_3 nine seven three 
LOG (gmm-latgen-faster:DecodeUtteranceLatticeFaster():decoder-wrappers.cc:285) Log-like per frame for utterance mark_9_7_3 is -6.71507 over 638 frames.
mark_9_7_4 nine seven four 
LOG (gmm-latgen-faster:DecodeUtteranceLatticeFaster():decoder-wrappers.cc:285) Log-like per frame for utterance mark_9_7_4 is -6.62252 over 614 frames.
mark_9_7_5 nine seven five 
LOG (gmm-latgen-faster:DecodeUtteranceLatticeFaster():decoder-wrappers.cc:285) Log-like per frame for utterance mark_9_7_5 is -6.68688 over 633 frames.
mark_9_7_6 nine seven six 
LOG (gmm-latgen-faster:DecodeUtteranceLatticeFaster():decoder-wrappers.cc:285) Log-like per frame for utterance mark_9_7_6 is -6.70359 over 628 frames.
mark_9_7_8 nine seven eight 
LOG (gmm-latgen-faster:DecodeUtteranceLatticeFaster():decoder-wrappers.cc:285) Log-like per frame for utterance mark_9_7_8 is -6.59194 over 633 frames.
mark_9_8_1 nine eight one 
LOG (gmm-latgen-faster:DecodeUtteranceLatticeFaster():decoder-wrappers.cc:285) Log-like per frame for utterance mark_9_8_1 is -6.1729 over 609 frames.
mark_9_8_2 nine eight two 
LOG (gmm-latgen-faster:DecodeUtteranceLatticeFaster():decoder-wrappers.cc:285) Log-like per frame for utterance mark_9_8_2 is -6.53303 over 614 frames.
mark_9_8_3 nine eight three 
LOG (gmm-latgen-faster:DecodeUtteranceLatticeFaster():decoder-wrappers.cc:285) Log-like per frame for utterance mark_9_8_3 is -6.44375 over 628 frames.
LOG (apply-cmvn:main():apply-cmvn.cc:146) Applied cepstral mean normalization to 504 utterances, errors on 0
mark_9_8_4 nine eight four 
LOG (gmm-latgen-faster:DecodeUtteranceLatticeFaster():decoder-wrappers.cc:285) Log-like per frame for utterance mark_9_8_4 is -6.36257 over 604 frames.
mark_9_8_5 nine eight five 
LOG (gmm-latgen-faster:DecodeUtteranceLatticeFaster():decoder-wrappers.cc:285) Log-like per frame for utterance mark_9_8_5 is -6.48808 over 622 frames.
mark_9_8_6 nine eight six 
LOG (gmm-latgen-faster:DecodeUtteranceLatticeFaster():decoder-wrappers.cc:285) Log-like per frame for utterance mark_9_8_6 is -6.44567 over 617 frames.
mark_9_8_7 nine eight seven 
LOG (gmm-latgen-faster:DecodeUtteranceLatticeFaster():decoder-wrappers.cc:285) Log-like per frame for utterance mark_9_8_7 is -6.50494 over 633 frames.
LOG (gmm-latgen-faster:main():gmm-latgen-faster.cc:175) Time taken 111.372s: real-time factor assuming 100 frames/sec is 0.0353609
LOG (gmm-latgen-faster:main():gmm-latgen-faster.cc:178) Done 504 utterances, failed for 0
LOG (gmm-latgen-faster:main():gmm-latgen-faster.cc:180) Overall log-likelihood per frame is -6.41476 over 314958 frames.
# Accounting: time=112 threads=1
# Ended (code 0) at Thu May  5 23:33:09 MSK 2016, elapsed time 112 seconds
