# lattice-best-path --lm-scale=12 --word-symbol-table=exp/mono/graph/words.txt "ark:gunzip -c exp/mono/decode/lat.*.gz|" ark,t:exp/mono/decode/scoring/12.tra 
# Started at Thu May  5 23:33:09 MSK 2016
#
lattice-best-path --lm-scale=12 --word-symbol-table=exp/mono/graph/words.txt 'ark:gunzip -c exp/mono/decode/lat.*.gz|' ark,t:exp/mono/decode/scoring/12.tra 
LOG (lattice-best-path:main():lattice-best-path.cc:99) For utterance mark_1_2_3, best cost 354.937 + 46949.5 = 47304.4 over 625 frames.
mark_1_2_3 one two three 
LOG (lattice-best-path:main():lattice-best-path.cc:99) For utterance mark_1_2_4, best cost 333.516 + 44268.3 = 44601.8 over 601 frames.
mark_1_2_4 one two four 
LOG (lattice-best-path:main():lattice-best-path.cc:99) For utterance mark_1_2_5, best cost 345.791 + 46315.4 = 46661.1 over 620 frames.
mark_1_2_5 one two five 
LOG (lattice-best-path:main():lattice-best-path.cc:99) For utterance mark_1_2_6, best cost 317.178 + 46005.9 = 46323.1 over 614 frames.
mark_1_2_6 one two six 
LOG (lattice-best-path:main():lattice-best-path.cc:99) For utterance mark_1_2_7, best cost 348.211 + 47555.3 = 47903.6 over 630 frames.
mark_1_2_7 one two seven 
LOG (lattice-best-path:main():lattice-best-path.cc:99) For utterance mark_1_2_8, best cost 324.454 + 45577.6 = 45902.1 over 620 frames.
mark_1_2_8 one two eight 
LOG (lattice-best-path:main():lattice-best-path.cc:99) For utterance mark_1_2_9, best cost 311.712 + 45639 = 45950.7 over 601 frames.
mark_1_2_9 one two nine 
LOG (lattice-best-path:main():lattice-best-path.cc:99) For utterance mark_1_3_2, best cost 371.42 + 46871.9 = 47243.3 over 625 frames.
mark_1_3_2 one three two 
LOG (lattice-best-path:main():lattice-best-path.cc:99) For utterance mark_1_3_4, best cost 365.573 + 44664.3 = 45029.9 over 614 frames.
mark_1_3_4 one three four 
LOG (lattice-best-path:main():lattice-best-path.cc:99) For utterance mark_1_3_5, best cost 396.616 + 46930.3 = 47327 over 633 frames.
mark_1_3_5 one three five 
LOG (lattice-best-path:main():lattice-best-path.cc:99) For utterance mark_1_3_6, best cost 350.379 + 46420.9 = 46771.2 over 628 frames.
mark_1_3_6 one three six 
LOG (lattice-best-path:main():lattice-best-path.cc:99) For utterance mark_1_3_7, best cost 380.966 + 48154.4 = 48535.4 over 643 frames.
mark_1_3_7 one three seven 
LOG (lattice-best-path:main():lattice-best-path.cc:99) For utterance mark_1_3_8, best cost 357.544 + 46118.5 = 46476 over 633 frames.
mark_1_3_8 one three eight 
LOG (lattice-best-path:main():lattice-best-path.cc:99) For utterance mark_1_3_9, best cost 362.433 + 46292.7 = 46655.1 over 614 frames.
mark_1_3_9 one three nine 
LOG (lattice-best-path:main():lattice-best-path.cc:99) For utterance mark_1_4_2, best cost 334.587 + 43878.6 = 44213.2 over 601 frames.
mark_1_4_2 one four two 
LOG (lattice-best-path:main():lattice-best-path.cc:99) For utterance mark_1_4_3, best cost 367.988 + 44286.1 = 44654.1 over 614 frames.
mark_1_4_3 one four three 
LOG (lattice-best-path:main():lattice-best-path.cc:99) For utterance mark_1_4_5, best cost 359.238 + 44183.6 = 44542.8 over 609 frames.
mark_1_4_5 one four five 
LOG (lattice-best-path:main():lattice-best-path.cc:99) For utterance mark_1_4_6, best cost 330.754 + 43444.5 = 43775.2 over 604 frames.
mark_1_4_6 one four six 
LOG (lattice-best-path:main():lattice-best-path.cc:99) For utterance mark_1_4_7, best cost 362.396 + 45129.8 = 45492.2 over 620 frames.
mark_1_4_7 one four seven 
LOG (lattice-best-path:main():lattice-best-path.cc:99) For utterance mark_1_4_8, best cost 317.955 + 42880.3 = 43198.3 over 609 frames.
mark_1_4_8 one four eight 
LOG (lattice-best-path:main():lattice-best-path.cc:99) For utterance mark_1_4_9, best cost 347.489 + 43587 = 43934.5 over 591 frames.
mark_1_4_9 one four nine 
LOG (lattice-best-path:main():lattice-best-path.cc:99) For utterance mark_1_5_2, best cost 363.974 + 46661.7 = 47025.6 over 620 frames.
mark_1_5_2 one five two 
LOG (lattice-best-path:main():lattice-best-path.cc:99) For utterance mark_1_5_3, best cost 379.047 + 47086.9 = 47466 over 633 frames.
mark_1_5_3 one five three 
LOG (lattice-best-path:main():lattice-best-path.cc:99) For utterance mark_1_5_4, best cost 359.921 + 44529.3 = 44889.2 over 609 frames.
mark_1_5_4 one five four 
LOG (lattice-best-path:main():lattice-best-path.cc:99) For utterance mark_1_5_6, best cost 341.312 + 45953.7 = 46295 over 622 frames.
mark_1_5_6 one five six 
LOG (lattice-best-path:main():lattice-best-path.cc:99) For utterance mark_1_5_7, best cost 372.964 + 47698.6 = 48071.5 over 638 frames.
mark_1_5_7 one five seven 
LOG (lattice-best-path:main():lattice-best-path.cc:99) For utterance mark_1_5_8, best cost 349.633 + 45813.6 = 46163.2 over 628 frames.
mark_1_5_8 one five eight 
LOG (lattice-best-path:main():lattice-best-path.cc:99) For utterance mark_1_5_9, best cost 353.931 + 46220.9 = 46574.8 over 609 frames.
mark_1_5_9 one five nine 
LOG (lattice-best-path:main():lattice-best-path.cc:99) For utterance mark_1_6_2, best cost 336.904 + 45463 = 45799.9 over 614 frames.
mark_1_6_2 one six two 
LOG (lattice-best-path:main():lattice-best-path.cc:99) For utterance mark_1_6_3, best cost 370.523 + 45776.4 = 46146.9 over 628 frames.
mark_1_6_3 one six three 
LOG (lattice-best-path:main():lattice-best-path.cc:99) For utterance mark_1_6_4, best cost 351.191 + 43523.5 = 43874.7 over 604 frames.
mark_1_6_4 one six four 
LOG (lattice-best-path:main():lattice-best-path.cc:99) For utterance mark_1_6_5, best cost 361.555 + 45753.1 = 46114.6 over 622 frames.
mark_1_6_5 one six five 
LOG (lattice-best-path:main():lattice-best-path.cc:99) For utterance mark_1_6_7, best cost 364.729 + 46703 = 47067.7 over 633 frames.
mark_1_6_7 one six seven 
LOG (lattice-best-path:main():lattice-best-path.cc:99) For utterance mark_1_6_8, best cost 320.272 + 44519.6 = 44839.9 over 622 frames.
mark_1_6_8 one six eight 
LOG (lattice-best-path:main():lattice-best-path.cc:99) For utterance mark_1_6_9, best cost 349.806 + 45221.7 = 45571.5 over 604 frames.
mark_1_6_9 one six nine 
LOG (lattice-best-path:main():lattice-best-path.cc:99) For utterance mark_1_7_2, best cost 348.14 + 47199.2 = 47547.4 over 630 frames.
mark_1_7_2 one seven two 
LOG (lattice-best-path:main():lattice-best-path.cc:99) For utterance mark_1_7_3, best cost 381.541 + 47665.2 = 48046.8 over 643 frames.
mark_1_7_3 one seven three 
LOG (lattice-best-path:main():lattice-best-path.cc:99) For utterance mark_1_7_4, best cost 362.604 + 45261.8 = 45624.4 over 620 frames.
mark_1_7_4 one seven four 
LOG (lattice-best-path:main():lattice-best-path.cc:99) For utterance mark_1_7_5, best cost 373.008 + 47536.8 = 47909.8 over 638 frames.
mark_1_7_5 one seven five 
LOG (lattice-best-path:main():lattice-best-path.cc:99) For utterance mark_1_7_6, best cost 344.288 + 46802.9 = 47147.2 over 633 frames.
mark_1_7_6 one seven six 
LOG (lattice-best-path:main():lattice-best-path.cc:99) For utterance mark_1_7_8, best cost 331.519 + 46427.7 = 46759.2 over 638 frames.
mark_1_7_8 one seven eight 
LOG (lattice-best-path:main():lattice-best-path.cc:99) For utterance mark_1_7_9, best cost 359.746 + 47013.3 = 47373.1 over 620 frames.
mark_1_7_9 one seven nine 
LOG (lattice-best-path:main():lattice-best-path.cc:99) For utterance mark_1_8_2, best cost 325.181 + 45223.5 = 45548.7 over 620 frames.
mark_1_8_2 one eight two 
LOG (lattice-best-path:main():lattice-best-path.cc:99) For utterance mark_1_8_3, best cost 357.997 + 45755.7 = 46113.7 over 633 frames.
mark_1_8_3 one eight three 
LOG (lattice-best-path:main():lattice-best-path.cc:99) For utterance mark_1_8_4, best cost 338.851 + 43122.6 = 43461.5 over 609 frames.
mark_1_8_4 one eight four 
LOG (lattice-best-path:main():lattice-best-path.cc:99) For utterance mark_1_8_5, best cost 349.401 + 45414.1 = 45763.5 over 628 frames.
mark_1_8_5 one eight five 
LOG (lattice-best-path:main():lattice-best-path.cc:99) For utterance mark_1_8_6, best cost 320.567 + 44827.7 = 45148.3 over 622 frames.
mark_1_8_6 one eight six 
LOG (lattice-best-path:main():lattice-best-path.cc:99) For utterance mark_1_8_7, best cost 352.269 + 46461.2 = 46813.5 over 638 frames.
mark_1_8_7 one eight seven 
LOG (lattice-best-path:main():lattice-best-path.cc:99) For utterance mark_1_8_9, best cost 315.138 + 44720.5 = 45035.7 over 609 frames.
mark_1_8_9 one eight nine 
LOG (lattice-best-path:main():lattice-best-path.cc:99) For utterance mark_1_9_2, best cost 333.202 + 45644.5 = 45977.8 over 601 frames.
mark_1_9_2 one nine two 
LOG (lattice-best-path:main():lattice-best-path.cc:99) For utterance mark_1_9_3, best cost 366.603 + 45997 = 46363.6 over 614 frames.
mark_1_9_3 one nine three 
LOG (lattice-best-path:main():lattice-best-path.cc:99) For utterance mark_1_9_4, best cost 347.489 + 43627.6 = 43975.1 over 591 frames.
mark_1_9_4 one nine four 
LOG (lattice-best-path:main():lattice-best-path.cc:99) For utterance mark_1_9_5, best cost 357.853 + 46046.5 = 46404.4 over 609 frames.
mark_1_9_5 one nine five 
LOG (lattice-best-path:main():lattice-best-path.cc:99) For utterance mark_1_9_6, best cost 327.952 + 45184.9 = 45512.8 over 604 frames.
mark_1_9_6 one nine six 
LOG (lattice-best-path:main():lattice-best-path.cc:99) For utterance mark_1_9_7, best cost 360.979 + 46945.8 = 47306.8 over 620 frames.
mark_1_9_7 one nine seven 
LOG (lattice-best-path:main():lattice-best-path.cc:99) For utterance mark_1_9_8, best cost 316.57 + 44689.3 = 45005.9 over 609 frames.
mark_1_9_8 one nine eight 
LOG (lattice-best-path:main():lattice-best-path.cc:99) For utterance mark_2_1_3, best cost 355.95 + 47802.3 = 48158.3 over 625 frames.
mark_2_1_3 two one three 
LOG (lattice-best-path:main():lattice-best-path.cc:99) For utterance mark_2_1_4, best cost 334.402 + 44973 = 45307.4 over 601 frames.
mark_2_1_4 two one four 
LOG (lattice-best-path:main():lattice-best-path.cc:99) For utterance mark_2_1_5, best cost 346.908 + 47020.6 = 47367.5 over 620 frames.
mark_2_1_5 two one five 
LOG (lattice-best-path:main():lattice-best-path.cc:99) For utterance mark_2_1_6, best cost 318.158 + 46523.3 = 46841.4 over 614 frames.
mark_2_1_6 two one six 
LOG (lattice-best-path:main():lattice-best-path.cc:99) For utterance mark_2_1_7, best cost 349.372 + 48286.9 = 48636.3 over 630 frames.
mark_2_1_7 two one seven 
LOG (lattice-best-path:main():lattice-best-path.cc:99) For utterance mark_2_1_8, best cost 325.51 + 46366.9 = 46692.4 over 620 frames.
mark_2_1_8 two one eight 
LOG (lattice-best-path:main():lattice-best-path.cc:99) For utterance mark_2_1_9, best cost 312.725 + 46413.6 = 46726.3 over 601 frames.
mark_2_1_9 two one nine 
LOG (lattice-best-path:main():lattice-best-path.cc:99) For utterance mark_2_3_1, best cost 354.743 + 47155.7 = 47510.4 over 625 frames.
mark_2_3_1 two three one 
LOG (lattice-best-path:main():lattice-best-path.cc:99) For utterance mark_2_3_4, best cost 349.692 + 48012.5 = 48362.2 over 620 frames.
mark_2_3_4 two three four 
LOG (lattice-best-path:main():lattice-best-path.cc:99) For utterance mark_2_3_5, best cost 377.683 + 50272.5 = 50650.1 over 638 frames.
mark_2_3_5 two three five 
LOG (lattice-best-path:main():lattice-best-path.cc:99) For utterance mark_2_3_6, best cost 331.125 + 49516 = 49847.1 over 633 frames.
mark_2_3_6 two three six 
LOG (lattice-best-path:main():lattice-best-path.cc:99) For utterance mark_2_3_7, best cost 362.63 + 51127.6 = 51490.3 over 648 frames.
mark_2_3_7 two three seven 
LOG (lattice-best-path:main():lattice-best-path.cc:99) For utterance mark_2_3_8, best cost 318.628 + 49056.3 = 49374.9 over 638 frames.
mark_2_3_8 two three eight 
LOG (lattice-best-path:main():lattice-best-path.cc:99) For utterance mark_2_3_9, best cost 364.465 + 49724.4 = 50088.9 over 620 frames.
mark_2_3_9 two three nine 
LOG (lattice-best-path:main():lattice-best-path.cc:99) For utterance mark_2_4_1, best cost 335.453 + 44612.6 = 44948.1 over 601 frames.
mark_2_4_1 two four one 
LOG (lattice-best-path:main():lattice-best-path.cc:99) For utterance mark_2_4_3, best cost 349.457 + 47907.7 = 48257.2 over 620 frames.
mark_2_4_3 two four three 
LOG (lattice-best-path:main():lattice-best-path.cc:99) For utterance mark_2_4_5, best cost 340.521 + 47502.7 = 47843.2 over 614 frames.
mark_2_4_5 two four five 
LOG (lattice-best-path:main():lattice-best-path.cc:99) For utterance mark_2_4_6, best cost 311.998 + 46808.6 = 47120.6 over 609 frames.
mark_2_4_6 two four six 
LOG (lattice-best-path:main():lattice-best-path.cc:99) For utterance mark_2_4_7, best cost 343.669 + 48504.3 = 48847.9 over 625 frames.
mark_2_4_7 two four seven 
LOG (lattice-best-path:main():lattice-best-path.cc:99) For utterance mark_2_4_8, best cost 299.219 + 46348.2 = 46647.4 over 614 frames.
mark_2_4_8 two four eight 
LOG (lattice-best-path:main():lattice-best-path.cc:99) For utterance mark_2_4_9, best cost 327.452 + 46883 = 47210.4 over 596 frames.
mark_2_4_9 two four nine 
LOG (lattice-best-path:main():lattice-best-path.cc:99) For utterance mark_2_5_1, best cost 346.073 + 47348.8 = 47694.9 over 620 frames.
mark_2_5_1 two five one 
LOG (lattice-best-path:main():lattice-best-path.cc:99) For utterance mark_2_5_3, best cost 360.033 + 50476.5 = 50836.6 over 638 frames.
mark_2_5_3 two five three 
LOG (lattice-best-path:main():lattice-best-path.cc:99) For utterance mark_2_5_4, best cost 338.035 + 47731.2 = 48069.2 over 614 frames.
mark_2_5_4 two five four 
LOG (lattice-best-path:main():lattice-best-path.cc:99) For utterance mark_2_5_6, best cost 322.891 + 49356.7 = 49679.6 over 628 frames.
mark_2_5_6 two five six 
LOG (lattice-best-path:main():lattice-best-path.cc:99) For utterance mark_2_5_7, best cost 353.611 + 51086.2 = 51439.8 over 643 frames.
mark_2_5_7 two five seven 
LOG (lattice-best-path:main():lattice-best-path.cc:99) For utterance mark_2_5_8, best cost 330.006 + 49137.9 = 49467.9 over 633 frames.
mark_2_5_8 two five eight 
LOG (lattice-best-path:main():lattice-best-path.cc:99) For utterance mark_2_5_9, best cost 335.006 + 49288.6 = 49623.6 over 614 frames.
mark_2_5_9 two five nine 
LOG (lattice-best-path:main():lattice-best-path.cc:99) For utterance mark_2_6_1, best cost 338.296 + 46416.8 = 46755.1 over 614 frames.
mark_2_6_1 two six one 
LOG (lattice-best-path:main():lattice-best-path.cc:99) For utterance mark_2_6_3, best cost 351.517 + 49572.9 = 49924.4 over 633 frames.
mark_2_6_3 two six three 
LOG (lattice-best-path:main():lattice-best-path.cc:99) For utterance mark_2_6_4, best cost 332.484 + 46940.7 = 47273.2 over 609 frames.
mark_2_6_4 two six four 
LOG (lattice-best-path:main():lattice-best-path.cc:99) For utterance mark_2_6_5, best cost 342.903 + 49253.2 = 49596.1 over 628 frames.
mark_2_6_5 two six five 
LOG (lattice-best-path:main():lattice-best-path.cc:99) For utterance mark_2_6_7, best cost 345.839 + 50250.1 = 50595.9 over 638 frames.
mark_2_6_7 two six seven 
LOG (lattice-best-path:main():lattice-best-path.cc:99) For utterance mark_2_6_8, best cost 321.297 + 48252.9 = 48574.2 over 628 frames.
mark_2_6_8 two six eight 
LOG (lattice-best-path:main():lattice-best-path.cc:99) For utterance mark_2_6_9, best cost 308.717 + 48641.6 = 48950.4 over 609 frames.
mark_2_6_9 two six nine 
LOG (lattice-best-path:main():lattice-best-path.cc:99) For utterance mark_2_7_1, best cost 348.663 + 47241.6 = 47590.3 over 630 frames.
mark_2_7_1 two seven one 
LOG (lattice-best-path:main():lattice-best-path.cc:99) For utterance mark_2_7_3, best cost 362.55 + 50650.7 = 51013.3 over 648 frames.
mark_2_7_3 two seven three 
LOG (lattice-best-path:main():lattice-best-path.cc:99) For utterance mark_2_7_4, best cost 343.662 + 48373.6 = 48717.3 over 625 frames.
mark_2_7_4 two seven four 
LOG (lattice-best-path:main():lattice-best-path.cc:99) For utterance mark_2_7_5, best cost 353.818 + 50622.7 = 50976.6 over 643 frames.
mark_2_7_5 two seven five 
LOG (lattice-best-path:main():lattice-best-path.cc:99) For utterance mark_2_7_6, best cost 325.297 + 49907.4 = 50232.7 over 638 frames.
mark_2_7_6 two seven six 
LOG (lattice-best-path:main():lattice-best-path.cc:99) For utterance mark_2_7_8, best cost 312.535 + 49301.4 = 49614 over 643 frames.
mark_2_7_8 two seven eight 
LOG (lattice-best-path:main():lattice-best-path.cc:99) For utterance mark_2_7_9, best cost 342.051 + 50113.3 = 50455.4 over 625 frames.
mark_2_7_9 two seven nine 
LOG (lattice-best-path:main():lattice-best-path.cc:99) For utterance mark_2_8_1, best cost 325.107 + 46197.9 = 46523 over 620 frames.
mark_2_8_1 two eight one 
LOG (lattice-best-path:main():lattice-best-path.cc:99) For utterance mark_2_8_3, best cost 338.157 + 49418.4 = 49756.5 over 638 frames.
mark_2_8_3 two eight three 
LOG (lattice-best-path:main():lattice-best-path.cc:99) For utterance mark_2_8_4, best cost 316.159 + 46620 = 46936.2 over 614 frames.
mark_2_8_4 two eight four 
LOG (lattice-best-path:main():lattice-best-path.cc:99) For utterance mark_2_8_5, best cost 330.481 + 48669.9 = 49000.4 over 633 frames.
mark_2_8_5 two eight five 
LOG (lattice-best-path:main():lattice-best-path.cc:99) For utterance mark_2_8_6, best cost 301.235 + 48360.4 = 48661.6 over 628 frames.
mark_2_8_6 two eight six 
LOG (lattice-best-path:main():lattice-best-path.cc:99) For utterance mark_2_8_7, best cost 332.945 + 50036.3 = 50369.3 over 643 frames.
mark_2_8_7 two eight seven 
LOG (lattice-best-path:main():lattice-best-path.cc:99) For utterance mark_2_8_9, best cost 295.387 + 48101.1 = 48396.5 over 614 frames.
mark_2_8_9 two eight nine 
LOG (lattice-best-path:main():lattice-best-path.cc:99) For utterance mark_2_9_1, best cost 332.48 + 46204.9 = 46537.3 over 601 frames.
mark_2_9_1 two nine one 
LOG (lattice-best-path:main():lattice-best-path.cc:99) For utterance mark_2_9_3, best cost 346.484 + 49494.1 = 49840.6 over 620 frames.
mark_2_9_3 two nine three 
LOG (lattice-best-path:main():lattice-best-path.cc:99) For utterance mark_2_9_4, best cost 327.478 + 46853.5 = 47181 over 596 frames.
mark_2_9_4 two nine four 
LOG (lattice-best-path:main():lattice-best-path.cc:99) For utterance mark_2_9_5, best cost 337.652 + 49193.2 = 49530.9 over 614 frames.
mark_2_9_5 two nine five 
LOG (lattice-best-path:main():lattice-best-path.cc:99) For utterance mark_2_9_6, best cost 309.148 + 48469.7 = 48778.9 over 609 frames.
mark_2_9_6 two nine six 
LOG (lattice-best-path:main():lattice-best-path.cc:99) For utterance mark_2_9_7, best cost 340.815 + 50144.5 = 50485.4 over 625 frames.
mark_2_9_7 two nine seven 
LOG (lattice-best-path:main():lattice-best-path.cc:99) For utterance mark_2_9_8, best cost 296.246 + 47891.9 = 48188.1 over 614 frames.
mark_2_9_8 two nine eight 
LOG (lattice-best-path:main():lattice-best-path.cc:99) For utterance mark_3_1_2, best cost 354.733 + 47608.2 = 47962.9 over 625 frames.
mark_3_1_2 three one two 
LOG (lattice-best-path:main():lattice-best-path.cc:99) For utterance mark_3_1_4, best cost 366.554 + 45638 = 46004.6 over 614 frames.
mark_3_1_4 three one four 
LOG (lattice-best-path:main():lattice-best-path.cc:99) For utterance mark_3_1_5, best cost 379.928 + 47619.9 = 47999.9 over 633 frames.
mark_3_1_5 three one five 
LOG (lattice-best-path:main():lattice-best-path.cc:99) For utterance mark_3_1_6, best cost 351.574 + 47355.1 = 47706.7 over 628 frames.
mark_3_1_6 three one six 
LOG (lattice-best-path:main():lattice-best-path.cc:99) For utterance mark_3_1_7, best cost 382.332 + 49075.8 = 49458.1 over 643 frames.
mark_3_1_7 three one seven 
LOG (lattice-best-path:main():lattice-best-path.cc:99) For utterance mark_3_1_8, best cost 358.352 + 46946.2 = 47304.5 over 633 frames.
mark_3_1_8 three one eight 
LOG (lattice-best-path:main():lattice-best-path.cc:99) For utterance mark_3_1_9, best cost 345.745 + 47043.6 = 47389.3 over 614 frames.
mark_3_1_9 three one nine 
LOG (lattice-best-path:main():lattice-best-path.cc:99) For utterance mark_3_2_1, best cost 372.527 + 47263.7 = 47636.3 over 625 frames.
mark_3_2_1 three two one 
LOG (lattice-best-path:main():lattice-best-path.cc:99) For utterance mark_3_2_4, best cost 367.476 + 48037.9 = 48405.3 over 620 frames.
mark_3_2_4 three two four 
LOG (lattice-best-path:main():lattice-best-path.cc:99) For utterance mark_3_2_5, best cost 377.88 + 50229.4 = 50607.3 over 638 frames.
mark_3_2_5 three two five 
LOG (lattice-best-path:main():lattice-best-path.cc:99) For utterance mark_3_2_6, best cost 349.161 + 49679.3 = 50028.4 over 633 frames.
mark_3_2_6 three two six 
LOG (lattice-best-path:main():lattice-best-path.cc:99) For utterance mark_3_2_7, best cost 380.616 + 51309.8 = 51690.5 over 648 frames.
mark_3_2_7 three two seven 
LOG (lattice-best-path:main():lattice-best-path.cc:99) For utterance mark_3_2_8, best cost 336.276 + 49067.6 = 49403.9 over 638 frames.
mark_3_2_8 three two eight 
LOG (lattice-best-path:main():lattice-best-path.cc:99) For utterance mark_3_2_9, best cost 364.619 + 49725.7 = 50090.3 over 620 frames.
mark_3_2_9 three two nine 
LOG (lattice-best-path:main():lattice-best-path.cc:99) For utterance mark_3_4_1, best cost 369.26 + 45361.7 = 45731 over 614 frames.
mark_3_4_1 three four one 
LOG (lattice-best-path:main():lattice-best-path.cc:99) For utterance mark_3_4_2, best cost 349.876 + 47983.5 = 48333.3 over 620 frames.
mark_3_4_2 three four two 
LOG (lattice-best-path:main():lattice-best-path.cc:99) For utterance mark_3_4_5, best cost 372.144 + 48222.1 = 48594.3 over 628 frames.
mark_3_4_5 three four five 
LOG (lattice-best-path:main():lattice-best-path.cc:99) For utterance mark_3_4_6, best cost 345.211 + 47609.8 = 47955 over 622 frames.
mark_3_4_6 three four six 
LOG (lattice-best-path:main():lattice-best-path.cc:99) For utterance mark_3_4_7, best cost 374.962 + 49258.7 = 49633.7 over 638 frames.
mark_3_4_7 three four seven 
LOG (lattice-best-path:main():lattice-best-path.cc:99) For utterance mark_3_4_8, best cost 351.43 + 47153.5 = 47504.9 over 628 frames.
mark_3_4_8 three four eight 
LOG (lattice-best-path:main():lattice-best-path.cc:99) For utterance mark_3_4_9, best cost 339.84 + 47628.6 = 47968.4 over 609 frames.
mark_3_4_9 three four nine 
LOG (lattice-best-path:main():lattice-best-path.cc:99) For utterance mark_3_5_1, best cost 397.007 + 47824.1 = 48221.1 over 633 frames.
mark_3_5_1 three five one 
LOG (lattice-best-path:main():lattice-best-path.cc:99) For utterance mark_3_5_2, best cost 394.795 + 50384.8 = 50779.6 over 638 frames.
mark_3_5_2 three five two 
LOG (lattice-best-path:main():lattice-best-path.cc:99) For utterance mark_3_5_4, best cost 389.901 + 48389.6 = 48779.5 over 628 frames.
mark_3_5_4 three five four 
LOG (lattice-best-path:main():lattice-best-path.cc:99) For utterance mark_3_5_6, best cost 373.7 + 49912 = 50285.7 over 641 frames.
mark_3_5_6 three five six 
LOG (lattice-best-path:main():lattice-best-path.cc:99) For utterance mark_3_5_7, best cost 404.287 + 51645.9 = 52050.2 over 656 frames.
mark_3_5_7 three five seven 
LOG (lattice-best-path:main():lattice-best-path.cc:99) For utterance mark_3_5_8, best cost 380.815 + 49571.6 = 49952.4 over 646 frames.
mark_3_5_8 three five eight 
LOG (lattice-best-path:main():lattice-best-path.cc:99) For utterance mark_3_5_9, best cost 406.798 + 50116 = 50522.8 over 628 frames.
mark_3_5_9 three five nine 
LOG (lattice-best-path:main():lattice-best-path.cc:99) For utterance mark_3_6_1, best cost 371.462 + 47203.3 = 47574.8 over 628 frames.
mark_3_6_1 three six one 
LOG (lattice-best-path:main():lattice-best-path.cc:99) For utterance mark_3_6_2, best cost 351.753 + 49624.2 = 49976 over 633 frames.
mark_3_6_2 three six two 
LOG (lattice-best-path:main():lattice-best-path.cc:99) For utterance mark_3_6_4, best cost 365.392 + 47717.2 = 48082.6 over 622 frames.
mark_3_6_4 three six four 
LOG (lattice-best-path:main():lattice-best-path.cc:99) For utterance mark_3_6_5, best cost 375.922 + 49735.9 = 50111.9 over 641 frames.
mark_3_6_5 three six five 
LOG (lattice-best-path:main():lattice-best-path.cc:99) For utterance mark_3_6_7, best cost 378.706 + 51068.2 = 51446.9 over 651 frames.
mark_3_6_7 three six seven 
LOG (lattice-best-path:main():lattice-best-path.cc:99) For utterance mark_3_6_8, best cost 354.298 + 48860.9 = 49215.2 over 641 frames.
mark_3_6_8 three six eight 
LOG (lattice-best-path:main():lattice-best-path.cc:99) For utterance mark_3_6_9, best cost 341.635 + 49178 = 49519.7 over 622 frames.
mark_3_6_9 three six nine 
LOG (lattice-best-path:main():lattice-best-path.cc:99) For utterance mark_3_7_1, best cost 381.53 + 47832.9 = 48214.5 over 643 frames.
mark_3_7_1 three seven one 
LOG (lattice-best-path:main():lattice-best-path.cc:99) For utterance mark_3_7_2, best cost 361.567 + 50934.7 = 51296.2 over 648 frames.
mark_3_7_2 three seven two 
LOG (lattice-best-path:main():lattice-best-path.cc:99) For utterance mark_3_7_4, best cost 375.854 + 48909.7 = 49285.5 over 638 frames.
mark_3_7_4 three seven four 
LOG (lattice-best-path:main():lattice-best-path.cc:99) For utterance mark_3_7_5, best cost 386.24 + 51106 = 51492.3 over 656 frames.
mark_3_7_5 three seven five 
LOG (lattice-best-path:main():lattice-best-path.cc:99) For utterance mark_3_7_6, best cost 357.716 + 50434.3 = 50792 over 651 frames.
mark_3_7_6 three seven six 
LOG (lattice-best-path:main():lattice-best-path.cc:99) For utterance mark_3_7_8, best cost 344.957 + 49825 = 50169.9 over 656 frames.
mark_3_7_8 three seven eight 
LOG (lattice-best-path:main():lattice-best-path.cc:99) For utterance mark_3_7_9, best cost 374.469 + 50591.3 = 50965.7 over 638 frames.
mark_3_7_9 three seven nine 
LOG (lattice-best-path:main():lattice-best-path.cc:99) For utterance mark_3_8_1, best cost 357.547 + 46691.1 = 47048.6 over 633 frames.
mark_3_8_1 three eight one 
LOG (lattice-best-path:main():lattice-best-path.cc:99) For utterance mark_3_8_2, best cost 337.565 + 49241 = 49578.6 over 638 frames.
mark_3_8_2 three eight two 
LOG (lattice-best-path:main():lattice-best-path.cc:99) For utterance mark_3_8_4, best cost 352.409 + 47352.2 = 47704.6 over 628 frames.
mark_3_8_4 three eight four 
LOG (lattice-best-path:main():lattice-best-path.cc:99) For utterance mark_3_8_5, best cost 362.779 + 49292.4 = 49655.2 over 646 frames.
mark_3_8_5 three eight five 
LOG (lattice-best-path:main():lattice-best-path.cc:99) For utterance mark_3_8_6, best cost 334.325 + 49054.6 = 49388.9 over 641 frames.
mark_3_8_6 three eight six 
LOG (lattice-best-path:main():lattice-best-path.cc:99) For utterance mark_3_8_7, best cost 365.218 + 50605.3 = 50970.5 over 656 frames.
mark_3_8_7 three eight seven 
LOG (lattice-best-path:main():lattice-best-path.cc:99) For utterance mark_3_8_9, best cost 349.567 + 48774.2 = 49123.8 over 628 frames.
mark_3_8_9 three eight nine 
LOG (lattice-best-path:main():lattice-best-path.cc:99) For utterance mark_3_9_1, best cost 384.095 + 46997.5 = 47381.6 over 614 frames.
mark_3_9_1 three nine one 
LOG (lattice-best-path:main():lattice-best-path.cc:99) For utterance mark_3_9_2, best cost 364.481 + 49662.4 = 50026.9 over 620 frames.
mark_3_9_2 three nine two 
LOG (lattice-best-path:main():lattice-best-path.cc:99) For utterance mark_3_9_4, best cost 378.151 + 47632 = 48010.2 over 609 frames.
mark_3_9_4 three nine four 
LOG (lattice-best-path:main():lattice-best-path.cc:99) For utterance mark_3_9_5, best cost 388.701 + 49873.7 = 50262.4 over 628 frames.
mark_3_9_5 three nine five 
LOG (lattice-best-path:main():lattice-best-path.cc:99) For utterance mark_3_9_6, best cost 359.836 + 49190.1 = 49550 over 622 frames.
mark_3_9_6 three nine six 
LOG (lattice-best-path:main():lattice-best-path.cc:99) For utterance mark_3_9_7, best cost 391.488 + 50760.5 = 51152 over 638 frames.
mark_3_9_7 three nine seven 
LOG (lattice-best-path:main():lattice-best-path.cc:99) For utterance mark_3_9_8, best cost 367.987 + 48697.6 = 49065.6 over 628 frames.
mark_3_9_8 three nine eight 
LOG (lattice-best-path:main():lattice-best-path.cc:99) For utterance mark_4_1_2, best cost 334.763 + 43953.8 = 44288.6 over 601 frames.
mark_4_1_2 four one two 
LOG (lattice-best-path:main():lattice-best-path.cc:99) For utterance mark_4_1_3, best cost 368.164 + 44183.8 = 44552 over 614 frames.
mark_4_1_3 four one three 
LOG (lattice-best-path:main():lattice-best-path.cc:99) For utterance mark_4_1_5, best cost 359.415 + 44187.8 = 44547.2 over 609 frames.
mark_4_1_5 four one five 
LOG (lattice-best-path:main():lattice-best-path.cc:99) For utterance mark_4_1_6, best cost 330.962 + 43400.7 = 43731.7 over 604 frames.
mark_4_1_6 four one six 
LOG (lattice-best-path:main():lattice-best-path.cc:99) For utterance mark_4_1_7, best cost 362.604 + 45233.3 = 45595.9 over 620 frames.
mark_4_1_7 four one seven 
LOG (lattice-best-path:main():lattice-best-path.cc:99) For utterance mark_4_1_8, best cost 318.132 + 42948.4 = 43266.6 over 609 frames.
mark_4_1_8 four one eight 
LOG (lattice-best-path:main():lattice-best-path.cc:99) For utterance mark_4_1_9, best cost 347.666 + 43812.9 = 44160.6 over 591 frames.
mark_4_1_9 four one nine 
LOG (lattice-best-path:main():lattice-best-path.cc:99) For utterance mark_4_2_1, best cost 335.446 + 44379.9 = 44715.3 over 601 frames.
mark_4_2_1 four two one 
LOG (lattice-best-path:main():lattice-best-path.cc:99) For utterance mark_4_2_3, best cost 349.44 + 47563 = 47912.4 over 620 frames.
mark_4_2_3 four two three 
LOG (lattice-best-path:main():lattice-best-path.cc:99) For utterance mark_4_2_5, best cost 340.514 + 47251.6 = 47592.1 over 614 frames.
mark_4_2_5 four two five 
LOG (lattice-best-path:main():lattice-best-path.cc:99) For utterance mark_4_2_6, best cost 311.979 + 46570.1 = 46882.1 over 609 frames.
mark_4_2_6 four two six 
LOG (lattice-best-path:main():lattice-best-path.cc:99) For utterance mark_4_2_7, best cost 343.631 + 48377 = 48720.7 over 625 frames.
mark_4_2_7 four two seven 
LOG (lattice-best-path:main():lattice-best-path.cc:99) For utterance mark_4_2_8, best cost 299.211 + 46102.1 = 46401.3 over 614 frames.
mark_4_2_8 four two eight 
LOG (lattice-best-path:main():lattice-best-path.cc:99) For utterance mark_4_2_9, best cost 327.445 + 46824.4 = 47151.9 over 596 frames.
mark_4_2_9 four two nine 
LOG (lattice-best-path:main():lattice-best-path.cc:99) For utterance mark_4_3_1, best cost 369.296 + 44999.4 = 45368.7 over 614 frames.
mark_4_3_1 four three one 
LOG (lattice-best-path:main():lattice-best-path.cc:99) For utterance mark_4_3_2, best cost 367.425 + 47772.7 = 48140.1 over 620 frames.
mark_4_3_2 four three two 
LOG (lattice-best-path:main():lattice-best-path.cc:99) For utterance mark_4_3_5, best cost 391.645 + 47892 = 48283.7 over 628 frames.
mark_4_3_5 four three five 
LOG (lattice-best-path:main():lattice-best-path.cc:99) For utterance mark_4_3_6, best cost 344.848 + 47146.2 = 47491 over 622 frames.
mark_4_3_6 four three six 
LOG (lattice-best-path:main():lattice-best-path.cc:99) For utterance mark_4_3_7, best cost 376.5 + 48748.4 = 49124.9 over 638 frames.
mark_4_3_7 four three seven 
LOG (lattice-best-path:main():lattice-best-path.cc:99) For utterance mark_4_3_8, best cost 353.22 + 46834.4 = 47187.6 over 628 frames.
mark_4_3_8 four three eight 
LOG (lattice-best-path:main():lattice-best-path.cc:99) For utterance mark_4_3_9, best cost 357.337 + 47520.3 = 47877.6 over 609 frames.
mark_4_3_9 four three nine 
LOG (lattice-best-path:main():lattice-best-path.cc:99) For utterance mark_4_5_1, best cost 359.779 + 44438.6 = 44798.3 over 609 frames.
mark_4_5_1 four five one 
LOG (lattice-best-path:main():lattice-best-path.cc:99) For utterance mark_4_5_2, best cost 358.142 + 47449.1 = 47807.2 over 614 frames.
mark_4_5_2 four five two 
LOG (lattice-best-path:main():lattice-best-path.cc:99) For utterance mark_4_5_3, best cost 373.883 + 47811.6 = 48185.5 over 628 frames.
mark_4_5_3 four five three 
LOG (lattice-best-path:main():lattice-best-path.cc:99) For utterance mark_4_5_6, best cost 336.211 + 46907.1 = 47243.3 over 617 frames.
mark_4_5_6 four five six 
LOG (lattice-best-path:main():lattice-best-path.cc:99) For utterance mark_4_5_7, best cost 367.852 + 48528.7 = 48896.6 over 633 frames.
mark_4_5_7 four five seven 
LOG (lattice-best-path:main():lattice-best-path.cc:99) For utterance mark_4_5_8, best cost 323.664 + 46395.6 = 46719.3 over 622 frames.
mark_4_5_8 four five eight 
LOG (lattice-best-path:main():lattice-best-path.cc:99) For utterance mark_4_5_9, best cost 371.045 + 47222.3 = 47593.3 over 604 frames.
mark_4_5_9 four five nine 
LOG (lattice-best-path:main():lattice-best-path.cc:99) For utterance mark_4_6_1, best cost 351.16 + 43607.9 = 43959.1 over 604 frames.
mark_4_6_1 four six one 
LOG (lattice-best-path:main():lattice-best-path.cc:99) For utterance mark_4_6_2, best cost 331.822 + 46553.2 = 46885 over 609 frames.
mark_4_6_2 four six two 
LOG (lattice-best-path:main():lattice-best-path.cc:99) For utterance mark_4_6_3, best cost 365.223 + 46954.5 = 47319.7 over 622 frames.
mark_4_6_3 four six three 
LOG (lattice-best-path:main():lattice-best-path.cc:99) For utterance mark_4_6_5, best cost 356.585 + 46927.7 = 47284.3 over 617 frames.
mark_4_6_5 four six five 
LOG (lattice-best-path:main():lattice-best-path.cc:99) For utterance mark_4_6_7, best cost 359.617 + 47970.8 = 48330.4 over 628 frames.
mark_4_6_7 four six seven 
LOG (lattice-best-path:main():lattice-best-path.cc:99) For utterance mark_4_6_8, best cost 315.19 + 45766.3 = 46081.5 over 617 frames.
mark_4_6_8 four six eight 
LOG (lattice-best-path:main():lattice-best-path.cc:99) For utterance mark_4_6_9, best cost 344.724 + 46352.1 = 46696.8 over 599 frames.
mark_4_6_9 four six nine 
LOG (lattice-best-path:main():lattice-best-path.cc:99) For utterance mark_4_7_1, best cost 362.498 + 46270.3 = 46632.8 over 620 frames.
mark_4_7_1 four seven one 
LOG (lattice-best-path:main():lattice-best-path.cc:99) For utterance mark_4_7_2, best cost 342.677 + 48610.2 = 48952.8 over 625 frames.
mark_4_7_2 four seven two 
LOG (lattice-best-path:main():lattice-best-path.cc:99) For utterance mark_4_7_3, best cost 376.571 + 49315.1 = 49691.7 over 638 frames.
mark_4_7_3 four seven three 
LOG (lattice-best-path:main():lattice-best-path.cc:99) For utterance mark_4_7_5, best cost 367.872 + 48707 = 49074.8 over 633 frames.
mark_4_7_5 four seven five 
LOG (lattice-best-path:main():lattice-best-path.cc:99) For utterance mark_4_7_6, best cost 339.549 + 48397.4 = 48737 over 628 frames.
mark_4_7_6 four seven six 
LOG (lattice-best-path:main():lattice-best-path.cc:99) For utterance mark_4_7_8, best cost 346.431 + 48037.6 = 48384 over 633 frames.
mark_4_7_8 four seven eight 
LOG (lattice-best-path:main():lattice-best-path.cc:99) For utterance mark_4_7_9, best cost 333.689 + 48022.9 = 48356.6 over 614 frames.
mark_4_7_9 four seven nine 
LOG (lattice-best-path:main():lattice-best-path.cc:99) For utterance mark_4_8_1, best cost 338.864 + 43054.7 = 43393.6 over 609 frames.
mark_4_8_1 four eight one 
LOG (lattice-best-path:main():lattice-best-path.cc:99) For utterance mark_4_8_2, best cost 319.245 + 46020.7 = 46339.9 over 614 frames.
mark_4_8_2 four eight two 
LOG (lattice-best-path:main():lattice-best-path.cc:99) For utterance mark_4_8_3, best cost 352.968 + 46389 = 46742 over 628 frames.
mark_4_8_3 four eight three 
LOG (lattice-best-path:main():lattice-best-path.cc:99) For utterance mark_4_8_5, best cost 344.001 + 46267.7 = 46611.7 over 622 frames.
mark_4_8_5 four eight five 
LOG (lattice-best-path:main():lattice-best-path.cc:99) For utterance mark_4_8_6, best cost 315.516 + 45561.9 = 45877.4 over 617 frames.
mark_4_8_6 four eight six 
LOG (lattice-best-path:main():lattice-best-path.cc:99) For utterance mark_4_8_7, best cost 347.158 + 47280.2 = 47627.4 over 633 frames.
mark_4_8_7 four eight seven 
LOG (lattice-best-path:main():lattice-best-path.cc:99) For utterance mark_4_8_9, best cost 330.847 + 45793.8 = 46124.7 over 604 frames.
mark_4_8_9 four eight nine 
LOG (lattice-best-path:main():lattice-best-path.cc:99) For utterance mark_4_9_1, best cost 347.666 + 43911.1 = 44258.8 over 591 frames.
mark_4_9_1 four nine one 
LOG (lattice-best-path:main():lattice-best-path.cc:99) For utterance mark_4_9_2, best cost 328.151 + 46923.4 = 47251.6 over 596 frames.
mark_4_9_2 four nine two 
LOG (lattice-best-path:main():lattice-best-path.cc:99) For utterance mark_4_9_3, best cost 361.552 + 47305.9 = 47667.5 over 609 frames.
mark_4_9_3 four nine three 
LOG (lattice-best-path:main():lattice-best-path.cc:99) For utterance mark_4_9_5, best cost 352.975 + 47246.9 = 47599.8 over 604 frames.
mark_4_9_5 four nine five 
LOG (lattice-best-path:main():lattice-best-path.cc:99) For utterance mark_4_9_6, best cost 324.287 + 46495.2 = 46819.5 over 599 frames.
mark_4_9_6 four nine six 
LOG (lattice-best-path:main():lattice-best-path.cc:99) For utterance mark_4_9_7, best cost 355.773 + 48064.1 = 48419.9 over 614 frames.
mark_4_9_7 four nine seven 
LOG (lattice-best-path:main():lattice-best-path.cc:99) For utterance mark_4_9_8, best cost 311.519 + 45962.5 = 46274 over 604 frames.
mark_4_9_8 four nine eight 
LOG (lattice-best-path:main():lattice-best-path.cc:99) For utterance mark_5_1_2, best cost 346.184 + 46822.9 = 47169.1 over 620 frames.
mark_5_1_2 five one two 
LOG (lattice-best-path:main():lattice-best-path.cc:99) For utterance mark_5_1_3, best cost 378.912 + 47342.7 = 47721.6 over 633 frames.
mark_5_1_3 five one three 
LOG (lattice-best-path:main():lattice-best-path.cc:99) For utterance mark_5_1_4, best cost 359.786 + 44868.5 = 45228.3 over 609 frames.
mark_5_1_4 five one four 
LOG (lattice-best-path:main():lattice-best-path.cc:99) For utterance mark_5_1_6, best cost 341.482 + 46336 = 46677.4 over 622 frames.
mark_5_1_6 five one six 
LOG (lattice-best-path:main():lattice-best-path.cc:99) For utterance mark_5_1_7, best cost 373.134 + 47936.9 = 48310 over 638 frames.
mark_5_1_7 five one seven 
LOG (lattice-best-path:main():lattice-best-path.cc:99) For utterance mark_5_1_8, best cost 349.602 + 45947.2 = 46296.8 over 628 frames.
mark_5_1_8 five one eight 
LOG (lattice-best-path:main():lattice-best-path.cc:99) For utterance mark_5_1_9, best cost 336.007 + 46445.7 = 46781.7 over 609 frames.
mark_5_1_9 five one nine 
LOG (lattice-best-path:main():lattice-best-path.cc:99) For utterance mark_5_2_1, best cost 363.9 + 47560.9 = 47924.8 over 620 frames.
mark_5_2_1 five two one 
LOG (lattice-best-path:main():lattice-best-path.cc:99) For utterance mark_5_2_3, best cost 377.86 + 50481 = 50858.8 over 638 frames.
mark_5_2_3 five two three 
LOG (lattice-best-path:main():lattice-best-path.cc:99) For utterance mark_5_2_4, best cost 355.862 + 47835.8 = 48191.7 over 614 frames.
mark_5_2_4 five two four 
LOG (lattice-best-path:main():lattice-best-path.cc:99) For utterance mark_5_2_6, best cost 340.87 + 49503.1 = 49844 over 628 frames.
mark_5_2_6 five two six 
LOG (lattice-best-path:main():lattice-best-path.cc:99) For utterance mark_5_2_7, best cost 371.605 + 51257.9 = 51629.6 over 643 frames.
mark_5_2_7 five two seven 
LOG (lattice-best-path:main():lattice-best-path.cc:99) For utterance mark_5_2_8, best cost 347.833 + 49089.5 = 49437.3 over 633 frames.
mark_5_2_8 five two eight 
LOG (lattice-best-path:main():lattice-best-path.cc:99) For utterance mark_5_2_9, best cost 335.091 + 49263.2 = 49598.3 over 614 frames.
mark_5_2_9 five two nine 
LOG (lattice-best-path:main():lattice-best-path.cc:99) For utterance mark_5_3_1, best cost 379.245 + 47805.1 = 48184.3 over 633 frames.
mark_5_3_1 five three one 
LOG (lattice-best-path:main():lattice-best-path.cc:99) For utterance mark_5_3_2, best cost 376.921 + 50366.5 = 50743.4 over 638 frames.
mark_5_3_2 five three two 
LOG (lattice-best-path:main():lattice-best-path.cc:99) For utterance mark_5_3_4, best cost 372.139 + 48319.3 = 48691.5 over 628 frames.
mark_5_3_4 five three four 
LOG (lattice-best-path:main():lattice-best-path.cc:99) For utterance mark_5_3_6, best cost 355.88 + 49797.6 = 50153.5 over 641 frames.
mark_5_3_6 five three six 
LOG (lattice-best-path:main():lattice-best-path.cc:99) For utterance mark_5_3_7, best cost 386.466 + 51567.4 = 51953.9 over 656 frames.
mark_5_3_7 five three seven 
LOG (lattice-best-path:main():lattice-best-path.cc:99) For utterance mark_5_3_8, best cost 363.045 + 49521.6 = 49884.7 over 646 frames.
mark_5_3_8 five three eight 
LOG (lattice-best-path:main():lattice-best-path.cc:99) For utterance mark_5_3_9, best cost 388.924 + 50077.6 = 50466.6 over 628 frames.
mark_5_3_9 five three nine 
LOG (lattice-best-path:main():lattice-best-path.cc:99) For utterance mark_5_4_1, best cost 359.738 + 44410.9 = 44770.6 over 609 frames.
mark_5_4_1 five four one 
LOG (lattice-best-path:main():lattice-best-path.cc:99) For utterance mark_5_4_2, best cost 340.223 + 47435.1 = 47775.3 over 614 frames.
mark_5_4_2 five four two 
LOG (lattice-best-path:main():lattice-best-path.cc:99) For utterance mark_5_4_3, best cost 374.006 + 47795.8 = 48169.8 over 628 frames.
mark_5_4_3 five four three 
LOG (lattice-best-path:main():lattice-best-path.cc:99) For utterance mark_5_4_6, best cost 336.39 + 46979.8 = 47316.2 over 617 frames.
mark_5_4_6 five four six 
LOG (lattice-best-path:main():lattice-best-path.cc:99) For utterance mark_5_4_7, best cost 368.032 + 48716.4 = 49084.4 over 633 frames.
mark_5_4_7 five four seven 
LOG (lattice-best-path:main():lattice-best-path.cc:99) For utterance mark_5_4_8, best cost 323.591 + 46426.4 = 46750 over 622 frames.
mark_5_4_8 five four eight 
LOG (lattice-best-path:main():lattice-best-path.cc:99) For utterance mark_5_4_9, best cost 353.125 + 47153.1 = 47506.3 over 604 frames.
mark_5_4_9 five four nine 
LOG (lattice-best-path:main():lattice-best-path.cc:99) For utterance mark_5_6_1, best cost 361.667 + 46050.6 = 46412.3 over 622 frames.
mark_5_6_1 five six one 
LOG (lattice-best-path:main():lattice-best-path.cc:99) For utterance mark_5_6_2, best cost 342.934 + 48912.3 = 49255.3 over 628 frames.
mark_5_6_2 five six two 
LOG (lattice-best-path:main():lattice-best-path.cc:99) For utterance mark_5_6_3, best cost 375.772 + 49317.5 = 49693.3 over 641 frames.
mark_5_6_3 five six three 
LOG (lattice-best-path:main():lattice-best-path.cc:99) For utterance mark_5_6_4, best cost 356.44 + 47029.1 = 47385.6 over 617 frames.
mark_5_6_4 five six four 
LOG (lattice-best-path:main():lattice-best-path.cc:99) For utterance mark_5_6_7, best cost 369.959 + 50252.7 = 50622.6 over 646 frames.
mark_5_6_7 five six seven 
LOG (lattice-best-path:main():lattice-best-path.cc:99) For utterance mark_5_6_8, best cost 325.521 + 47996 = 48321.5 over 635 frames.
mark_5_6_8 five six eight 
LOG (lattice-best-path:main():lattice-best-path.cc:99) For utterance mark_5_6_9, best cost 353.651 + 48787.4 = 49141 over 617 frames.
mark_5_6_9 five six nine 
LOG (lattice-best-path:main():lattice-best-path.cc:99) For utterance mark_5_7_1, best cost 372.914 + 47650.7 = 48023.6 over 638 frames.
mark_5_7_1 five seven one 
LOG (lattice-best-path:main():lattice-best-path.cc:99) For utterance mark_5_7_2, best cost 353.399 + 50601.4 = 50954.8 over 643 frames.
mark_5_7_2 five seven two 
LOG (lattice-best-path:main():lattice-best-path.cc:99) For utterance mark_5_7_3, best cost 386.8 + 51028.8 = 51415.6 over 656 frames.
mark_5_7_3 five seven three 
LOG (lattice-best-path:main():lattice-best-path.cc:99) For utterance mark_5_7_4, best cost 367.863 + 48769.8 = 49137.6 over 633 frames.
mark_5_7_4 five seven four 
LOG (lattice-best-path:main():lattice-best-path.cc:99) For utterance mark_5_7_6, best cost 349.548 + 50281.6 = 50631.1 over 646 frames.
mark_5_7_6 five seven six 
LOG (lattice-best-path:main():lattice-best-path.cc:99) For utterance mark_5_7_8, best cost 336.767 + 49640.8 = 49977.6 over 651 frames.
mark_5_7_8 five seven eight 
LOG (lattice-best-path:main():lattice-best-path.cc:99) For utterance mark_5_7_9, best cost 366.351 + 50359.4 = 50725.8 over 633 frames.
mark_5_7_9 five seven nine 
LOG (lattice-best-path:main():lattice-best-path.cc:99) For utterance mark_5_8_1, best cost 350.473 + 46348.5 = 46699 over 628 frames.
mark_5_8_1 five eight one 
LOG (lattice-best-path:main():lattice-best-path.cc:99) For utterance mark_5_8_2, best cost 330.764 + 48849.3 = 49180.1 over 633 frames.
mark_5_8_2 five eight two 
LOG (lattice-best-path:main():lattice-best-path.cc:99) For utterance mark_5_8_3, best cost 363.311 + 49479.2 = 49842.5 over 646 frames.
mark_5_8_3 five eight three 
LOG (lattice-best-path:main():lattice-best-path.cc:99) For utterance mark_5_8_4, best cost 344.507 + 46759.5 = 47104 over 622 frames.
mark_5_8_4 five eight four 
LOG (lattice-best-path:main():lattice-best-path.cc:99) For utterance mark_5_8_6, best cost 326.249 + 48408.6 = 48734.8 over 635 frames.
mark_5_8_6 five eight six 
LOG (lattice-best-path:main():lattice-best-path.cc:99) For utterance mark_5_8_7, best cost 357.322 + 50074.2 = 50431.5 over 651 frames.
mark_5_8_7 five eight seven 
LOG (lattice-best-path:main():lattice-best-path.cc:99) For utterance mark_5_8_9, best cost 320.75 + 48349.3 = 48670 over 622 frames.
mark_5_8_9 five eight nine 
LOG (lattice-best-path:main():lattice-best-path.cc:99) For utterance mark_5_9_1, best cost 374.691 + 46295.8 = 46670.5 over 609 frames.
mark_5_9_1 five nine one 
LOG (lattice-best-path:main():lattice-best-path.cc:99) For utterance mark_5_9_2, best cost 355.176 + 49237.5 = 49592.6 over 614 frames.
mark_5_9_2 five nine two 
LOG (lattice-best-path:main():lattice-best-path.cc:99) For utterance mark_5_9_3, best cost 388.795 + 49653.8 = 50042.6 over 628 frames.
mark_5_9_3 five nine three 
LOG (lattice-best-path:main():lattice-best-path.cc:99) For utterance mark_5_9_4, best cost 370.868 + 47299.4 = 47670.2 over 604 frames.
mark_5_9_4 five nine four 
LOG (lattice-best-path:main():lattice-best-path.cc:99) For utterance mark_5_9_6, best cost 352.748 + 48801.5 = 49154.2 over 617 frames.
mark_5_9_6 five nine six 
LOG (lattice-best-path:main():lattice-best-path.cc:99) For utterance mark_5_9_7, best cost 382.972 + 50659.9 = 51042.9 over 633 frames.
mark_5_9_7 five nine seven 
LOG (lattice-best-path:main():lattice-best-path.cc:99) For utterance mark_5_9_8, best cost 339.949 + 48272.2 = 48612.1 over 622 frames.
mark_5_9_8 five nine eight 
LOG (lattice-best-path:main():lattice-best-path.cc:99) For utterance mark_6_1_2, best cost 316.459 + 45473.2 = 45789.7 over 614 frames.
mark_6_1_2 six one two 
LOG (lattice-best-path:main():lattice-best-path.cc:99) For utterance mark_6_1_3, best cost 350.078 + 45873.3 = 46223.4 over 628 frames.
mark_6_1_3 six one three 
LOG (lattice-best-path:main():lattice-best-path.cc:99) For utterance mark_6_1_4, best cost 330.746 + 43340.9 = 43671.6 over 604 frames.
mark_6_1_4 six one four 
LOG (lattice-best-path:main():lattice-best-path.cc:99) For utterance mark_6_1_5, best cost 341.11 + 45824 = 46165.1 over 622 frames.
mark_6_1_5 six one five 
LOG (lattice-best-path:main():lattice-best-path.cc:99) For utterance mark_6_1_7, best cost 344.299 + 46609 = 46953.3 over 633 frames.
mark_6_1_7 six one seven 
LOG (lattice-best-path:main():lattice-best-path.cc:99) For utterance mark_6_1_8, best cost 299.827 + 44434.7 = 44734.6 over 622 frames.
mark_6_1_8 six one eight 
LOG (lattice-best-path:main():lattice-best-path.cc:99) For utterance mark_6_1_9, best cost 329.361 + 45294 = 45623.3 over 604 frames.
mark_6_1_9 six one nine 
LOG (lattice-best-path:main():lattice-best-path.cc:99) For utterance mark_6_2_1, best cost 317.754 + 46074.7 = 46392.4 over 614 frames.
mark_6_2_1 six two one 
LOG (lattice-best-path:main():lattice-best-path.cc:99) For utterance mark_6_2_3, best cost 331.135 + 49223.5 = 49554.6 over 633 frames.
mark_6_2_3 six two three 
LOG (lattice-best-path:main():lattice-best-path.cc:99) For utterance mark_6_2_4, best cost 311.99 + 46612.4 = 46924.3 over 609 frames.
mark_6_2_4 six two four 
LOG (lattice-best-path:main():lattice-best-path.cc:99) For utterance mark_6_2_5, best cost 322.539 + 48883.2 = 49205.7 over 628 frames.
mark_6_2_5 six two five 
LOG (lattice-best-path:main():lattice-best-path.cc:99) For utterance mark_6_2_7, best cost 325.308 + 49857 = 50182.3 over 638 frames.
mark_6_2_7 six two seven 
LOG (lattice-best-path:main():lattice-best-path.cc:99) For utterance mark_6_2_8, best cost 301.825 + 47800.5 = 48102.3 over 628 frames.
mark_6_2_8 six two eight 
LOG (lattice-best-path:main():lattice-best-path.cc:99) For utterance mark_6_2_9, best cost 288.335 + 48242.2 = 48530.5 over 609 frames.
mark_6_2_9 six two nine 
LOG (lattice-best-path:main():lattice-best-path.cc:99) For utterance mark_6_3_1, best cost 351.311 + 46791.4 = 47142.7 over 628 frames.
mark_6_3_1 six three one 
LOG (lattice-best-path:main():lattice-best-path.cc:99) For utterance mark_6_3_2, best cost 349.121 + 49416.5 = 49765.6 over 633 frames.
mark_6_3_2 six three two 
LOG (lattice-best-path:main():lattice-best-path.cc:99) For utterance mark_6_3_4, best cost 345.203 + 47235.3 = 47580.5 over 622 frames.
mark_6_3_4 six three four 
LOG (lattice-best-path:main():lattice-best-path.cc:99) For utterance mark_6_3_5, best cost 373.341 + 49568.7 = 49942.1 over 641 frames.
mark_6_3_5 six three five 
LOG (lattice-best-path:main():lattice-best-path.cc:99) For utterance mark_6_3_7, best cost 357.726 + 50428 = 50785.7 over 651 frames.
mark_6_3_7 six three seven 
LOG (lattice-best-path:main():lattice-best-path.cc:99) For utterance mark_6_3_8, best cost 334.133 + 48500.3 = 48834.4 over 641 frames.
mark_6_3_8 six three eight 
LOG (lattice-best-path:main():lattice-best-path.cc:99) For utterance mark_6_3_9, best cost 339.054 + 48943 = 49282.1 over 622 frames.
mark_6_3_9 six three nine 
LOG (lattice-best-path:main():lattice-best-path.cc:99) For utterance mark_6_4_1, best cost 330.922 + 43515.6 = 43846.5 over 604 frames.
mark_6_4_1 six four one 
LOG (lattice-best-path:main():lattice-best-path.cc:99) For utterance mark_6_4_2, best cost 311.408 + 46449.2 = 46760.6 over 609 frames.
mark_6_4_2 six four two 
LOG (lattice-best-path:main():lattice-best-path.cc:99) For utterance mark_6_4_3, best cost 344.809 + 46954.4 = 47299.2 over 622 frames.
mark_6_4_3 six four three 
LOG (lattice-best-path:main():lattice-best-path.cc:99) For utterance mark_6_4_5, best cost 336.171 + 46929.8 = 47266 over 617 frames.
mark_6_4_5 six four five 
LOG (lattice-best-path:main():lattice-best-path.cc:99) For utterance mark_6_4_7, best cost 339.298 + 47889.6 = 48228.9 over 628 frames.
mark_6_4_7 six four seven 
LOG (lattice-best-path:main():lattice-best-path.cc:99) For utterance mark_6_4_8, best cost 294.672 + 45557.2 = 45851.8 over 617 frames.
mark_6_4_8 six four eight 
LOG (lattice-best-path:main():lattice-best-path.cc:99) For utterance mark_6_4_9, best cost 324.31 + 46322.1 = 46646.4 over 599 frames.
mark_6_4_9 six four nine 
LOG (lattice-best-path:main():lattice-best-path.cc:99) For utterance mark_6_5_1, best cost 341.474 + 46071 = 46412.5 over 622 frames.
mark_6_5_1 six five one 
LOG (lattice-best-path:main():lattice-best-path.cc:99) For utterance mark_6_5_2, best cost 340.618 + 48970.8 = 49311.5 over 628 frames.
mark_6_5_2 six five two 
LOG (lattice-best-path:main():lattice-best-path.cc:99) For utterance mark_6_5_3, best cost 355.578 + 49427.8 = 49783.4 over 641 frames.
mark_6_5_3 six five three 
LOG (lattice-best-path:main():lattice-best-path.cc:99) For utterance mark_6_5_4, best cost 336.382 + 46953.3 = 47289.7 over 617 frames.
mark_6_5_4 six five four 
LOG (lattice-best-path:main():lattice-best-path.cc:99) For utterance mark_6_5_7, best cost 349.608 + 50137.5 = 50487.1 over 646 frames.
mark_6_5_7 six five seven 
LOG (lattice-best-path:main():lattice-best-path.cc:99) For utterance mark_6_5_8, best cost 305.359 + 48059 = 48364.3 over 635 frames.
mark_6_5_8 six five eight 
LOG (lattice-best-path:main():lattice-best-path.cc:99) For utterance mark_6_5_9, best cost 351.335 + 48845.7 = 49197.1 over 617 frames.
mark_6_5_9 six five nine 
LOG (lattice-best-path:main():lattice-best-path.cc:99) For utterance mark_6_7_1, best cost 344.313 + 47643.9 = 47988.2 over 633 frames.
mark_6_7_1 six seven one 
LOG (lattice-best-path:main():lattice-best-path.cc:99) For utterance mark_6_7_2, best cost 324.359 + 50037.9 = 50362.2 over 638 frames.
mark_6_7_2 six seven two 
LOG (lattice-best-path:main():lattice-best-path.cc:99) For utterance mark_6_7_3, best cost 358.141 + 50792.4 = 51150.6 over 651 frames.
mark_6_7_3 six seven three 
LOG (lattice-best-path:main():lattice-best-path.cc:99) For utterance mark_6_7_4, best cost 337.208 + 48229 = 48566.2 over 628 frames.
mark_6_7_4 six seven four 
LOG (lattice-best-path:main():lattice-best-path.cc:99) For utterance mark_6_7_5, best cost 349.673 + 50220.8 = 50570.4 over 646 frames.
mark_6_7_5 six seven five 
LOG (lattice-best-path:main():lattice-best-path.cc:99) For utterance mark_6_7_8, best cost 328.113 + 49308.4 = 49636.5 over 646 frames.
mark_6_7_8 six seven eight 
LOG (lattice-best-path:main():lattice-best-path.cc:99) For utterance mark_6_7_9, best cost 336.228 + 49620.9 = 49957.1 over 628 frames.
mark_6_7_9 six seven nine 
LOG (lattice-best-path:main():lattice-best-path.cc:99) For utterance mark_6_8_1, best cost 320.559 + 44580.9 = 44901.5 over 622 frames.
mark_6_8_1 six eight one 
LOG (lattice-best-path:main():lattice-best-path.cc:99) For utterance mark_6_8_2, best cost 301.825 + 47508.1 = 47810 over 628 frames.
mark_6_8_2 six eight two 
LOG (lattice-best-path:main():lattice-best-path.cc:99) For utterance mark_6_8_3, best cost 334.664 + 47972.9 = 48307.6 over 641 frames.
mark_6_8_3 six eight three 
LOG (lattice-best-path:main():lattice-best-path.cc:99) For utterance mark_6_8_4, best cost 315.228 + 45549.7 = 45864.9 over 617 frames.
mark_6_8_4 six eight four 
LOG (lattice-best-path:main():lattice-best-path.cc:99) For utterance mark_6_8_5, best cost 325.696 + 47880.2 = 48205.9 over 635 frames.
mark_6_8_5 six eight five 
LOG (lattice-best-path:main():lattice-best-path.cc:99) For utterance mark_6_8_7, best cost 328.914 + 48783.2 = 49112.1 over 646 frames.
mark_6_8_7 six eight seven 
LOG (lattice-best-path:main():lattice-best-path.cc:99) For utterance mark_6_8_9, best cost 312.542 + 47311.7 = 47624.2 over 617 frames.
mark_6_8_9 six eight nine 
LOG (lattice-best-path:main():lattice-best-path.cc:99) For utterance mark_6_9_1, best cost 329.361 + 45370.7 = 45700.1 over 604 frames.
mark_6_9_1 six nine one 
LOG (lattice-best-path:main():lattice-best-path.cc:99) For utterance mark_6_9_2, best cost 309.846 + 48384.8 = 48694.7 over 609 frames.
mark_6_9_2 six nine two 
LOG (lattice-best-path:main():lattice-best-path.cc:99) For utterance mark_6_9_3, best cost 343.247 + 48716.4 = 49059.6 over 622 frames.
mark_6_9_3 six nine three 
LOG (lattice-best-path:main():lattice-best-path.cc:99) For utterance mark_6_9_4, best cost 324.31 + 46438.6 = 46762.9 over 599 frames.
mark_6_9_4 six nine four 
LOG (lattice-best-path:main():lattice-best-path.cc:99) For utterance mark_6_9_5, best cost 334.61 + 48596.4 = 48931 over 617 frames.
mark_6_9_5 six nine five 
LOG (lattice-best-path:main():lattice-best-path.cc:99) For utterance mark_6_9_7, best cost 337.655 + 49666.8 = 50004.5 over 628 frames.
mark_6_9_7 six nine seven 
LOG (lattice-best-path:main():lattice-best-path.cc:99) For utterance mark_6_9_8, best cost 293.215 + 47362.2 = 47655.5 over 617 frames.
mark_6_9_8 six nine eight 
LOG (lattice-best-path:main():lattice-best-path.cc:99) For utterance mark_7_1_2, best cost 327.754 + 47972.2 = 48300 over 630 frames.
mark_7_1_2 seven one two 
LOG (lattice-best-path:main():lattice-best-path.cc:99) For utterance mark_7_1_3, best cost 361.155 + 48625.7 = 48986.8 over 643 frames.
mark_7_1_3 seven one three 
LOG (lattice-best-path:main():lattice-best-path.cc:99) For utterance mark_7_1_4, best cost 342.217 + 46242.2 = 46584.4 over 620 frames.
mark_7_1_4 seven one four 
LOG (lattice-best-path:main():lattice-best-path.cc:99) For utterance mark_7_1_5, best cost 352.622 + 48358.4 = 48711 over 638 frames.
mark_7_1_5 seven one five 
LOG (lattice-best-path:main():lattice-best-path.cc:99) For utterance mark_7_1_6, best cost 323.952 + 47803.7 = 48127.7 over 633 frames.
mark_7_1_6 seven one six 
LOG (lattice-best-path:main():lattice-best-path.cc:99) For utterance mark_7_1_8, best cost 311.122 + 47128.2 = 47439.4 over 638 frames.
mark_7_1_8 seven one eight 
LOG (lattice-best-path:main():lattice-best-path.cc:99) For utterance mark_7_1_9, best cost 339.36 + 47872.2 = 48211.5 over 620 frames.
mark_7_1_9 seven one nine 
LOG (lattice-best-path:main():lattice-best-path.cc:99) For utterance mark_7_2_1, best cost 327.314 + 47315 = 47642.3 over 630 frames.
mark_7_2_1 seven two one 
LOG (lattice-best-path:main():lattice-best-path.cc:99) For utterance mark_7_2_3, best cost 341.2 + 50754.6 = 51095.8 over 648 frames.
mark_7_2_3 seven two three 
LOG (lattice-best-path:main():lattice-best-path.cc:99) For utterance mark_7_2_4, best cost 322.263 + 48388.8 = 48711.1 over 625 frames.
mark_7_2_4 seven two four 
LOG (lattice-best-path:main():lattice-best-path.cc:99) For utterance mark_7_2_5, best cost 332.451 + 50778 = 51110.4 over 643 frames.
mark_7_2_5 seven two five 
LOG (lattice-best-path:main():lattice-best-path.cc:99) For utterance mark_7_2_6, best cost 303.948 + 49896.5 = 50200.4 over 638 frames.
mark_7_2_6 seven two six 
LOG (lattice-best-path:main():lattice-best-path.cc:99) For utterance mark_7_2_8, best cost 291.167 + 49352.3 = 49643.4 over 643 frames.
mark_7_2_8 seven two eight 
LOG (lattice-best-path:main():lattice-best-path.cc:99) For utterance mark_7_2_9, best cost 320.701 + 50107.5 = 50428.2 over 625 frames.
mark_7_2_9 seven two nine 
LOG (lattice-best-path:main():lattice-best-path.cc:99) For utterance mark_7_3_1, best cost 361.348 + 48151.9 = 48513.2 over 643 frames.
mark_7_3_1 seven three one 
LOG (lattice-best-path:main():lattice-best-path.cc:99) For utterance mark_7_3_2, best cost 359.576 + 51221.2 = 51580.8 over 648 frames.
mark_7_3_2 seven three two 
LOG (lattice-best-path:main():lattice-best-path.cc:99) For utterance mark_7_3_4, best cost 356.409 + 49184.6 = 49541 over 638 frames.
mark_7_3_4 seven three four 
LOG (lattice-best-path:main():lattice-best-path.cc:99) For utterance mark_7_3_5, best cost 384.227 + 51539.1 = 51923.3 over 656 frames.
mark_7_3_5 seven three five 
LOG (lattice-best-path:main():lattice-best-path.cc:99) For utterance mark_7_3_6, best cost 337.78 + 50569.9 = 50907.6 over 651 frames.
mark_7_3_6 seven three six 
LOG (lattice-best-path:main():lattice-best-path.cc:99) For utterance mark_7_3_8, best cost 325.233 + 50139 = 50464.2 over 656 frames.
mark_7_3_8 seven three eight 
LOG (lattice-best-path:main():lattice-best-path.cc:99) For utterance mark_7_3_9, best cost 372.478 + 51078.8 = 51451.3 over 638 frames.
mark_7_3_9 seven three nine 
LOG (lattice-best-path:main():lattice-best-path.cc:99) For utterance mark_7_4_1, best cost 340.089 + 46485.4 = 46825.5 over 620 frames.
mark_7_4_1 seven four one 
LOG (lattice-best-path:main():lattice-best-path.cc:99) For utterance mark_7_4_2, best cost 320.645 + 48874.1 = 49194.7 over 625 frames.
mark_7_4_2 seven four two 
LOG (lattice-best-path:main():lattice-best-path.cc:99) For utterance mark_7_4_3, best cost 354.161 + 49498.4 = 49852.6 over 638 frames.
mark_7_4_3 seven four three 
LOG (lattice-best-path:main():lattice-best-path.cc:99) For utterance mark_7_4_5, best cost 347.577 + 49061.4 = 49409 over 633 frames.
mark_7_4_5 seven four five 
LOG (lattice-best-path:main():lattice-best-path.cc:99) For utterance mark_7_4_6, best cost 319.104 + 48645.8 = 48964.9 over 628 frames.
mark_7_4_6 seven four six 
LOG (lattice-best-path:main():lattice-best-path.cc:99) For utterance mark_7_4_8, best cost 326.017 + 48217.8 = 48543.8 over 633 frames.
mark_7_4_8 seven four eight 
LOG (lattice-best-path:main():lattice-best-path.cc:99) For utterance mark_7_4_9, best cost 313.275 + 48366.4 = 48679.7 over 614 frames.
mark_7_4_9 seven four nine 
LOG (lattice-best-path:main():lattice-best-path.cc:99) For utterance mark_7_5_1, best cost 352.879 + 47738.8 = 48091.7 over 638 frames.
mark_7_5_1 seven five one 
LOG (lattice-best-path:main():lattice-best-path.cc:99) For utterance mark_7_5_2, best cost 351.243 + 50750.4 = 51101.6 over 643 frames.
mark_7_5_2 seven five two 
LOG (lattice-best-path:main():lattice-best-path.cc:99) For utterance mark_7_5_3, best cost 366.766 + 51127.6 = 51494.4 over 656 frames.
mark_7_5_3 seven five three 
LOG (lattice-best-path:main():lattice-best-path.cc:99) For utterance mark_7_5_4, best cost 347.829 + 48726.2 = 49074.1 over 633 frames.
mark_7_5_4 seven five four 
LOG (lattice-best-path:main():lattice-best-path.cc:99) For utterance mark_7_5_6, best cost 329.311 + 50290.3 = 50619.6 over 646 frames.
mark_7_5_6 seven five six 
LOG (lattice-best-path:main():lattice-best-path.cc:99) For utterance mark_7_5_8, best cost 316.765 + 49868.3 = 50185.1 over 651 frames.
mark_7_5_8 seven five eight 
LOG (lattice-best-path:main():lattice-best-path.cc:99) For utterance mark_7_5_9, best cost 364.145 + 50507.6 = 50871.8 over 633 frames.
mark_7_5_9 seven five nine 
LOG (lattice-best-path:main():lattice-best-path.cc:99) For utterance mark_7_6_1, best cost 344.62 + 47996.8 = 48341.4 over 633 frames.
mark_7_6_1 seven six one 
LOG (lattice-best-path:main():lattice-best-path.cc:99) For utterance mark_7_6_2, best cost 324.665 + 50461.8 = 50786.5 over 638 frames.
mark_7_6_2 seven six two 
LOG (lattice-best-path:main():lattice-best-path.cc:99) For utterance mark_7_6_3, best cost 358.447 + 51163.3 = 51521.8 over 651 frames.
mark_7_6_3 seven six three 
LOG (lattice-best-path:main():lattice-best-path.cc:99) For utterance mark_7_6_4, best cost 339.51 + 48545.2 = 48884.7 over 628 frames.
mark_7_6_4 seven six four 
LOG (lattice-best-path:main():lattice-best-path.cc:99) For utterance mark_7_6_5, best cost 349.979 + 50678.6 = 51028.6 over 646 frames.
mark_7_6_5 seven six five 
LOG (lattice-best-path:main():lattice-best-path.cc:99) For utterance mark_7_6_8, best cost 328.284 + 49836.5 = 50164.8 over 646 frames.
mark_7_6_8 seven six eight 
LOG (lattice-best-path:main():lattice-best-path.cc:99) For utterance mark_7_6_9, best cost 336.67 + 50091.7 = 50428.3 over 628 frames.
mark_7_6_9 seven six nine 
LOG (lattice-best-path:main():lattice-best-path.cc:99) For utterance mark_7_8_1, best cost 330.933 + 46877.2 = 47208.1 over 638 frames.
mark_7_8_1 seven eight one 
LOG (lattice-best-path:main():lattice-best-path.cc:99) For utterance mark_7_8_2, best cost 311.418 + 49705.1 = 50016.5 over 643 frames.
mark_7_8_2 seven eight two 
LOG (lattice-best-path:main():lattice-best-path.cc:99) For utterance mark_7_8_3, best cost 344.923 + 50185.7 = 50530.6 over 656 frames.
mark_7_8_3 seven eight three 
LOG (lattice-best-path:main():lattice-best-path.cc:99) For utterance mark_7_8_4, best cost 325.882 + 47826.5 = 48152.4 over 633 frames.
mark_7_8_4 seven eight four 
LOG (lattice-best-path:main():lattice-best-path.cc:99) For utterance mark_7_8_5, best cost 336.182 + 50057.4 = 50393.5 over 651 frames.
mark_7_8_5 seven eight five 
LOG (lattice-best-path:main():lattice-best-path.cc:99) For utterance mark_7_8_6, best cost 307.585 + 49406.5 = 49714.1 over 646 frames.
mark_7_8_6 seven eight six 
LOG (lattice-best-path:main():lattice-best-path.cc:99) For utterance mark_7_8_9, best cost 324.32 + 49506.3 = 49830.6 over 633 frames.
mark_7_8_9 seven eight nine 
LOG (lattice-best-path:main():lattice-best-path.cc:99) For utterance mark_7_9_1, best cost 339.242 + 47989.7 = 48328.9 over 620 frames.
mark_7_9_1 seven nine one 
LOG (lattice-best-path:main():lattice-best-path.cc:99) For utterance mark_7_9_2, best cost 319.695 + 50416.6 = 50736.3 over 625 frames.
mark_7_9_2 seven nine two 
LOG (lattice-best-path:main():lattice-best-path.cc:99) For utterance mark_7_9_3, best cost 353.315 + 51178.5 = 51531.8 over 638 frames.
mark_7_9_3 seven nine three 
LOG (lattice-best-path:main():lattice-best-path.cc:99) For utterance mark_7_9_4, best cost 331.071 + 48483.7 = 48814.8 over 614 frames.
mark_7_9_4 seven nine four 
LOG (lattice-best-path:main():lattice-best-path.cc:99) For utterance mark_7_9_5, best cost 344.616 + 50448.5 = 50793.1 over 633 frames.
mark_7_9_5 seven nine five 
LOG (lattice-best-path:main():lattice-best-path.cc:99) For utterance mark_7_9_6, best cost 316.231 + 50217.9 = 50534.2 over 628 frames.
mark_7_9_6 seven nine six 
LOG (lattice-best-path:main():lattice-best-path.cc:99) For utterance mark_7_9_8, best cost 323.175 + 49762.2 = 50085.3 over 633 frames.
mark_7_9_8 seven nine eight 
LOG (lattice-best-path:main():lattice-best-path.cc:99) For utterance mark_8_1_2, best cost 325.077 + 45535.3 = 45860.3 over 620 frames.
mark_8_1_2 eight one two 
LOG (lattice-best-path:main():lattice-best-path.cc:99) For utterance mark_8_1_3, best cost 357.893 + 45935.8 = 46293.7 over 633 frames.
mark_8_1_3 eight one three 
LOG (lattice-best-path:main():lattice-best-path.cc:99) For utterance mark_8_1_4, best cost 338.851 + 43389.8 = 43728.6 over 609 frames.
mark_8_1_4 eight one four 
LOG (lattice-best-path:main():lattice-best-path.cc:99) For utterance mark_8_1_5, best cost 349.401 + 45612.3 = 45961.7 over 628 frames.
mark_8_1_5 eight one five 
LOG (lattice-best-path:main():lattice-best-path.cc:99) For utterance mark_8_1_6, best cost 320.698 + 44958.6 = 45279.3 over 622 frames.
mark_8_1_6 eight one six 
LOG (lattice-best-path:main():lattice-best-path.cc:99) For utterance mark_8_1_7, best cost 352.219 + 46661 = 47013.2 over 638 frames.
mark_8_1_7 eight one seven 
LOG (lattice-best-path:main():lattice-best-path.cc:99) For utterance mark_8_1_9, best cost 315.092 + 45081.8 = 45396.9 over 609 frames.
mark_8_1_9 eight one nine 
LOG (lattice-best-path:main():lattice-best-path.cc:99) For utterance mark_8_2_1, best cost 325.107 + 45937.2 = 46262.3 over 620 frames.
mark_8_2_1 eight two one 
LOG (lattice-best-path:main():lattice-best-path.cc:99) For utterance mark_8_2_3, best cost 339.067 + 49049.6 = 49388.7 over 638 frames.
mark_8_2_3 eight two three 
LOG (lattice-best-path:main():lattice-best-path.cc:99) For utterance mark_8_2_4, best cost 317.069 + 46485.5 = 46802.6 over 614 frames.
mark_8_2_4 eight two four 
LOG (lattice-best-path:main():lattice-best-path.cc:99) For utterance mark_8_2_5, best cost 330.599 + 48453.2 = 48783.8 over 633 frames.
mark_8_2_5 eight two five 
LOG (lattice-best-path:main():lattice-best-path.cc:99) For utterance mark_8_2_6, best cost 302.077 + 48145.2 = 48447.2 over 628 frames.
mark_8_2_6 eight two six 
LOG (lattice-best-path:main():lattice-best-path.cc:99) For utterance mark_8_2_7, best cost 332.841 + 49761.8 = 50094.6 over 643 frames.
mark_8_2_7 eight two seven 
LOG (lattice-best-path:main():lattice-best-path.cc:99) For utterance mark_8_2_9, best cost 296.298 + 47735.9 = 48032.2 over 614 frames.
mark_8_2_9 eight two nine 
LOG (lattice-best-path:main():lattice-best-path.cc:99) For utterance mark_8_3_1, best cost 358.226 + 46368.6 = 46726.8 over 633 frames.
mark_8_3_1 eight three one 
LOG (lattice-best-path:main():lattice-best-path.cc:99) For utterance mark_8_3_2, best cost 356.006 + 49009.5 = 49365.5 over 638 frames.
mark_8_3_2 eight three two 
LOG (lattice-best-path:main():lattice-best-path.cc:99) For utterance mark_8_3_4, best cost 351.224 + 46932.1 = 47283.3 over 628 frames.
mark_8_3_4 eight three four 
LOG (lattice-best-path:main():lattice-best-path.cc:99) For utterance mark_8_3_5, best cost 381.32 + 49111.4 = 49492.7 over 646 frames.
mark_8_3_5 eight three five 
LOG (lattice-best-path:main():lattice-best-path.cc:99) For utterance mark_8_3_6, best cost 334.965 + 48376.1 = 48711.1 over 641 frames.
mark_8_3_6 eight three six 
LOG (lattice-best-path:main():lattice-best-path.cc:99) For utterance mark_8_3_7, best cost 365.551 + 50240.3 = 50605.8 over 656 frames.
mark_8_3_7 eight three seven 
LOG (lattice-best-path:main():lattice-best-path.cc:99) For utterance mark_8_3_9, best cost 368.009 + 48639.1 = 49007.1 over 628 frames.
mark_8_3_9 eight three nine 
LOG (lattice-best-path:main():lattice-best-path.cc:99) For utterance mark_8_4_1, best cost 338.851 + 43098.2 = 43437.1 over 609 frames.
mark_8_4_1 eight four one 
LOG (lattice-best-path:main():lattice-best-path.cc:99) For utterance mark_8_4_2, best cost 319.337 + 45992.1 = 46311.4 over 614 frames.
mark_8_4_2 eight four two 
LOG (lattice-best-path:main():lattice-best-path.cc:99) For utterance mark_8_4_3, best cost 352.792 + 46388.7 = 46741.5 over 628 frames.
mark_8_4_3 eight four three 
LOG (lattice-best-path:main():lattice-best-path.cc:99) For utterance mark_8_4_5, best cost 343.988 + 46316.6 = 46660.6 over 622 frames.
mark_8_4_5 eight four five 
LOG (lattice-best-path:main():lattice-best-path.cc:99) For utterance mark_8_4_6, best cost 315.504 + 45589.1 = 45904.6 over 617 frames.
mark_8_4_6 eight four six 
LOG (lattice-best-path:main():lattice-best-path.cc:99) For utterance mark_8_4_7, best cost 346.982 + 47334.4 = 47681.3 over 633 frames.
mark_8_4_7 eight four seven 
LOG (lattice-best-path:main():lattice-best-path.cc:99) For utterance mark_8_4_9, best cost 332.239 + 45766.9 = 46099.2 over 604 frames.
mark_8_4_9 eight four nine 
LOG (lattice-best-path:main():lattice-best-path.cc:99) For utterance mark_8_5_1, best cost 350.615 + 46236.4 = 46587 over 628 frames.
mark_8_5_1 eight five one 
LOG (lattice-best-path:main():lattice-best-path.cc:99) For utterance mark_8_5_2, best cost 348.56 + 48877.2 = 49225.7 over 633 frames.
mark_8_5_2 eight five two 
LOG (lattice-best-path:main():lattice-best-path.cc:99) For utterance mark_8_5_3, best cost 363.461 + 49342 = 49705.5 over 646 frames.
mark_8_5_3 eight five three 
LOG (lattice-best-path:main():lattice-best-path.cc:99) For utterance mark_8_5_4, best cost 344.507 + 46749.8 = 47094.3 over 622 frames.
mark_8_5_4 eight five four 
LOG (lattice-best-path:main():lattice-best-path.cc:99) For utterance mark_8_5_6, best cost 326.029 + 48112.8 = 48438.8 over 635 frames.
mark_8_5_6 eight five six 
LOG (lattice-best-path:main():lattice-best-path.cc:99) For utterance mark_8_5_7, best cost 357.528 + 49890.4 = 50248 over 651 frames.
mark_8_5_7 eight five seven 
LOG (lattice-best-path:main():lattice-best-path.cc:99) For utterance mark_8_5_9, best cost 338.467 + 48407.2 = 48745.6 over 622 frames.
mark_8_5_9 eight five nine 
LOG (lattice-best-path:main():lattice-best-path.cc:99) For utterance mark_8_6_1, best cost 340.869 + 44834.1 = 45174.9 over 622 frames.
mark_8_6_1 eight six one 
LOG (lattice-best-path:main():lattice-best-path.cc:99) For utterance mark_8_6_2, best cost 322.239 + 47604 = 47926.2 over 628 frames.
mark_8_6_2 eight six two 
LOG (lattice-best-path:main():lattice-best-path.cc:99) For utterance mark_8_6_3, best cost 355.077 + 48056.2 = 48411.3 over 641 frames.
mark_8_6_3 eight six three 
LOG (lattice-best-path:main():lattice-best-path.cc:99) For utterance mark_8_6_4, best cost 335.746 + 45672.7 = 46008.5 over 617 frames.
mark_8_6_4 eight six four 
LOG (lattice-best-path:main():lattice-best-path.cc:99) For utterance mark_8_6_5, best cost 346.128 + 48003.1 = 48349.2 over 635 frames.
mark_8_6_5 eight six five 
LOG (lattice-best-path:main():lattice-best-path.cc:99) For utterance mark_8_6_7, best cost 349.315 + 48910.1 = 49259.4 over 646 frames.
mark_8_6_7 eight six seven 
LOG (lattice-best-path:main():lattice-best-path.cc:99) For utterance mark_8_6_9, best cost 334.307 + 47549.4 = 47883.8 over 617 frames.
mark_8_6_9 eight six nine 
LOG (lattice-best-path:main():lattice-best-path.cc:99) For utterance mark_8_7_1, best cost 352.269 + 46431.1 = 46783.4 over 638 frames.
mark_8_7_1 eight seven one 
LOG (lattice-best-path:main():lattice-best-path.cc:99) For utterance mark_8_7_2, best cost 332.705 + 49227.5 = 49560.2 over 643 frames.
mark_8_7_2 eight seven two 
LOG (lattice-best-path:main():lattice-best-path.cc:99) For utterance mark_8_7_3, best cost 366.124 + 49671.8 = 50037.9 over 656 frames.
mark_8_7_3 eight seven three 
LOG (lattice-best-path:main():lattice-best-path.cc:99) For utterance mark_8_7_4, best cost 347.115 + 47447.4 = 47794.5 over 633 frames.
mark_8_7_4 eight seven four 
LOG (lattice-best-path:main():lattice-best-path.cc:99) For utterance mark_8_7_5, best cost 357.518 + 49505.7 = 49863.2 over 651 frames.
mark_8_7_5 eight seven five 
LOG (lattice-best-path:main():lattice-best-path.cc:99) For utterance mark_8_7_6, best cost 328.822 + 48912.7 = 49241.5 over 646 frames.
mark_8_7_6 eight seven six 
LOG (lattice-best-path:main():lattice-best-path.cc:99) For utterance mark_8_7_9, best cost 345.607 + 49055.6 = 49401.2 over 633 frames.
mark_8_7_9 eight seven nine 
LOG (lattice-best-path:main():lattice-best-path.cc:99) For utterance mark_8_9_1, best cost 335.898 + 44767 = 45102.9 over 609 frames.
mark_8_9_1 eight nine one 
LOG (lattice-best-path:main():lattice-best-path.cc:99) For utterance mark_8_9_2, best cost 316.383 + 47774.8 = 48091.2 over 614 frames.
mark_8_9_2 eight nine two 
LOG (lattice-best-path:main():lattice-best-path.cc:99) For utterance mark_8_9_3, best cost 350.002 + 48261.1 = 48611.1 over 628 frames.
mark_8_9_3 eight nine three 
LOG (lattice-best-path:main():lattice-best-path.cc:99) For utterance mark_8_9_4, best cost 332.075 + 45912.8 = 46244.9 over 604 frames.
mark_8_9_4 eight nine four 
LOG (lattice-best-path:main():lattice-best-path.cc:99) For utterance mark_8_9_5, best cost 342.335 + 48051.6 = 48393.9 over 622 frames.
mark_8_9_5 eight nine five 
LOG (lattice-best-path:main():lattice-best-path.cc:99) For utterance mark_8_9_6, best cost 312.55 + 47279.1 = 47591.6 over 617 frames.
mark_8_9_6 eight nine six 
LOG (lattice-best-path:main():lattice-best-path.cc:99) For utterance mark_8_9_7, best cost 344.179 + 49038.9 = 49383.1 over 633 frames.
mark_8_9_7 eight nine seven 
LOG (lattice-best-path:main():lattice-best-path.cc:99) For utterance mark_9_1_2, best cost 333.202 + 45683.7 = 46016.9 over 601 frames.
mark_9_1_2 nine one two 
LOG (lattice-best-path:main():lattice-best-path.cc:99) For utterance mark_9_1_3, best cost 366.603 + 46006.6 = 46373.2 over 614 frames.
mark_9_1_3 nine one three 
LOG (lattice-best-path:main():lattice-best-path.cc:99) For utterance mark_9_1_4, best cost 347.489 + 43755 = 44102.5 over 591 frames.
mark_9_1_4 nine one four 
LOG (lattice-best-path:main():lattice-best-path.cc:99) For utterance mark_9_1_5, best cost 357.853 + 46081.1 = 46438.9 over 609 frames.
mark_9_1_5 nine one five 
LOG (lattice-best-path:main():lattice-best-path.cc:99) For utterance mark_9_1_6, best cost 329.4 + 45179.8 = 45509.2 over 604 frames.
mark_9_1_6 nine one six 
LOG (lattice-best-path:main():lattice-best-path.cc:99) For utterance mark_9_1_7, best cost 361.042 + 46951.5 = 47312.6 over 620 frames.
mark_9_1_7 nine one seven 
LOG (lattice-best-path:main():lattice-best-path.cc:99) For utterance mark_9_1_8, best cost 316.57 + 44758.7 = 45075.2 over 609 frames.
mark_9_1_8 nine one eight 
LOG (lattice-best-path:main():lattice-best-path.cc:99) For utterance mark_9_2_1, best cost 333.884 + 46096.3 = 46430.2 over 601 frames.
mark_9_2_1 nine two one 
LOG (lattice-best-path:main():lattice-best-path.cc:99) For utterance mark_9_2_3, best cost 347.878 + 49460.7 = 49808.6 over 620 frames.
mark_9_2_3 nine two three 
LOG (lattice-best-path:main():lattice-best-path.cc:99) For utterance mark_9_2_4, best cost 328.733 + 46798 = 47126.8 over 596 frames.
mark_9_2_4 nine two four 
LOG (lattice-best-path:main():lattice-best-path.cc:99) For utterance mark_9_2_5, best cost 338.953 + 49069.1 = 49408 over 614 frames.
mark_9_2_5 nine two five 
LOG (lattice-best-path:main():lattice-best-path.cc:99) For utterance mark_9_2_6, best cost 310.399 + 48331.5 = 48641.9 over 609 frames.
mark_9_2_6 nine two six 
LOG (lattice-best-path:main():lattice-best-path.cc:99) For utterance mark_9_2_7, best cost 342.051 + 50083.9 = 50425.9 over 625 frames.
mark_9_2_7 nine two seven 
LOG (lattice-best-path:main():lattice-best-path.cc:99) For utterance mark_9_2_8, best cost 297.546 + 47942.9 = 48240.5 over 614 frames.
mark_9_2_8 nine two eight 
LOG (lattice-best-path:main():lattice-best-path.cc:99) For utterance mark_9_3_1, best cost 367.734 + 46823.3 = 47191.1 over 614 frames.
mark_9_3_1 nine three one 
LOG (lattice-best-path:main():lattice-best-path.cc:99) For utterance mark_9_3_2, best cost 365.864 + 49536.2 = 49902.1 over 620 frames.
mark_9_3_2 nine three two 
LOG (lattice-best-path:main():lattice-best-path.cc:99) For utterance mark_9_3_4, best cost 361.927 + 47390.4 = 47752.3 over 609 frames.
mark_9_3_4 nine three four 
LOG (lattice-best-path:main():lattice-best-path.cc:99) For utterance mark_9_3_5, best cost 390.084 + 49795.3 = 50185.4 over 628 frames.
mark_9_3_5 nine three five 
LOG (lattice-best-path:main():lattice-best-path.cc:99) For utterance mark_9_3_6, best cost 343.287 + 49019.1 = 49362.4 over 622 frames.
mark_9_3_6 nine three six 
LOG (lattice-best-path:main():lattice-best-path.cc:99) For utterance mark_9_3_7, best cost 374.939 + 50638.3 = 51013.2 over 638 frames.
mark_9_3_7 nine three seven 
LOG (lattice-best-path:main():lattice-best-path.cc:99) For utterance mark_9_3_8, best cost 351.659 + 48667.1 = 49018.8 over 628 frames.
mark_9_3_8 nine three eight 
LOG (lattice-best-path:main():lattice-best-path.cc:99) For utterance mark_9_4_1, best cost 347.666 + 44115.5 = 44463.1 over 591 frames.
mark_9_4_1 nine four one 
LOG (lattice-best-path:main():lattice-best-path.cc:99) For utterance mark_9_4_2, best cost 328.151 + 46815.2 = 47143.3 over 596 frames.
mark_9_4_2 nine four two 
LOG (lattice-best-path:main():lattice-best-path.cc:99) For utterance mark_9_4_3, best cost 361.552 + 47302.7 = 47664.3 over 609 frames.
mark_9_4_3 nine four three 
LOG (lattice-best-path:main():lattice-best-path.cc:99) For utterance mark_9_4_5, best cost 352.975 + 47107 = 47460 over 604 frames.
mark_9_4_5 nine four five 
LOG (lattice-best-path:main():lattice-best-path.cc:99) For utterance mark_9_4_6, best cost 324.318 + 46532.1 = 46856.4 over 599 frames.
mark_9_4_6 nine four six 
LOG (lattice-best-path:main():lattice-best-path.cc:99) For utterance mark_9_4_7, best cost 355.773 + 48322.1 = 48677.8 over 614 frames.
mark_9_4_7 nine four seven 
LOG (lattice-best-path:main():lattice-best-path.cc:99) For utterance mark_9_4_8, best cost 311.519 + 46046.8 = 46358.3 over 604 frames.
mark_9_4_8 nine four eight 
LOG (lattice-best-path:main():lattice-best-path.cc:99) For utterance mark_9_5_1, best cost 358.217 + 46130.3 = 46488.6 over 609 frames.
mark_9_5_1 nine five one 
LOG (lattice-best-path:main():lattice-best-path.cc:99) For utterance mark_9_5_2, best cost 356.581 + 49215.1 = 49571.7 over 614 frames.
mark_9_5_2 nine five two 
LOG (lattice-best-path:main():lattice-best-path.cc:99) For utterance mark_9_5_3, best cost 372.322 + 49631 = 50003.3 over 628 frames.
mark_9_5_3 nine five three 
LOG (lattice-best-path:main():lattice-best-path.cc:99) For utterance mark_9_5_4, best cost 353.125 + 47151.8 = 47505 over 604 frames.
mark_9_5_4 nine five four 
LOG (lattice-best-path:main():lattice-best-path.cc:99) For utterance mark_9_5_6, best cost 334.649 + 48594.1 = 48928.7 over 617 frames.
mark_9_5_6 nine five six 
LOG (lattice-best-path:main():lattice-best-path.cc:99) For utterance mark_9_5_7, best cost 366.291 + 50366.4 = 50732.7 over 633 frames.
mark_9_5_7 nine five seven 
LOG (lattice-best-path:main():lattice-best-path.cc:99) For utterance mark_9_5_8, best cost 322.102 + 48157.4 = 48479.5 over 622 frames.
mark_9_5_8 nine five eight 
LOG (lattice-best-path:main():lattice-best-path.cc:99) For utterance mark_9_6_1, best cost 349.775 + 45416.1 = 45765.8 over 604 frames.
mark_9_6_1 nine six one 
LOG (lattice-best-path:main():lattice-best-path.cc:99) For utterance mark_9_6_2, best cost 330.229 + 48321.8 = 48652 over 609 frames.
mark_9_6_2 nine six two 
LOG (lattice-best-path:main():lattice-best-path.cc:99) For utterance mark_9_6_3, best cost 363.661 + 48901.3 = 49264.9 over 622 frames.
mark_9_6_3 nine six three 
LOG (lattice-best-path:main():lattice-best-path.cc:99) For utterance mark_9_6_4, best cost 344.692 + 46565.8 = 46910.5 over 599 frames.
mark_9_6_4 nine six four 
LOG (lattice-best-path:main():lattice-best-path.cc:99) For utterance mark_9_6_5, best cost 355.023 + 48698 = 49053.1 over 617 frames.
mark_9_6_5 nine six five 
LOG (lattice-best-path:main():lattice-best-path.cc:99) For utterance mark_9_6_7, best cost 358.024 + 49765.7 = 50123.8 over 628 frames.
mark_9_6_7 nine six seven 
LOG (lattice-best-path:main():lattice-best-path.cc:99) For utterance mark_9_6_8, best cost 313.615 + 47457.6 = 47771.2 over 617 frames.
mark_9_6_8 nine six eight 
LOG (lattice-best-path:main():lattice-best-path.cc:99) For utterance mark_9_7_1, best cost 360.937 + 48103.1 = 48464 over 620 frames.
mark_9_7_1 nine seven one 
LOG (lattice-best-path:main():lattice-best-path.cc:99) For utterance mark_9_7_2, best cost 341.48 + 50343.3 = 50684.8 over 625 frames.
mark_9_7_2 nine seven two 
LOG (lattice-best-path:main():lattice-best-path.cc:99) For utterance mark_9_7_3, best cost 374.978 + 51035.8 = 51410.8 over 638 frames.
mark_9_7_3 nine seven three 
LOG (lattice-best-path:main():lattice-best-path.cc:99) For utterance mark_9_7_4, best cost 352.899 + 48442 = 48794.9 over 614 frames.
mark_9_7_4 nine seven four 
LOG (lattice-best-path:main():lattice-best-path.cc:99) For utterance mark_9_7_5, best cost 366.416 + 50427.3 = 50793.7 over 633 frames.
mark_9_7_5 nine seven five 
LOG (lattice-best-path:main():lattice-best-path.cc:99) For utterance mark_9_7_6, best cost 337.956 + 50180.5 = 50518.4 over 628 frames.
mark_9_7_6 nine seven six 
LOG (lattice-best-path:main():lattice-best-path.cc:99) For utterance mark_9_7_8, best cost 344.838 + 49727.8 = 50072.6 over 633 frames.
mark_9_7_8 nine seven eight 
LOG (lattice-best-path:main():lattice-best-path.cc:99) For utterance mark_9_8_1, best cost 337.302 + 44774.4 = 45111.7 over 609 frames.
mark_9_8_1 nine eight one 
LOG (lattice-best-path:main():lattice-best-path.cc:99) For utterance mark_9_8_2, best cost 317.684 + 47817.9 = 48135.5 over 614 frames.
mark_9_8_2 nine eight two 
LOG (lattice-best-path:main():lattice-best-path.cc:99) For utterance mark_9_8_3, best cost 351.303 + 48209 = 48560.3 over 628 frames.
mark_9_8_3 nine eight three 
LOG (lattice-best-path:main():lattice-best-path.cc:99) For utterance mark_9_8_4, best cost 332.075 + 45784 = 46116.1 over 604 frames.
mark_9_8_4 nine eight four 
LOG (lattice-best-path:main():lattice-best-path.cc:99) For utterance mark_9_8_5, best cost 342.439 + 48084.8 = 48427.2 over 622 frames.
mark_9_8_5 nine eight five 
LOG (lattice-best-path:main():lattice-best-path.cc:99) For utterance mark_9_8_6, best cost 313.955 + 47410 = 47723.9 over 617 frames.
mark_9_8_6 nine eight six 
LOG (lattice-best-path:main():lattice-best-path.cc:99) For utterance mark_9_8_7, best cost 345.596 + 49066.2 = 49411.8 over 633 frames.
mark_9_8_7 nine eight seven 
LOG (lattice-best-path:main():lattice-best-path.cc:124) Overall cost per frame is 76.9774 = 0.552685 [graph] + 76.4248 [acoustic] over 314958 frames.
LOG (lattice-best-path:main():lattice-best-path.cc:128) Done 504 lattices, failed for 0
# Accounting: time=0 threads=1
# Ended (code 0) at Thu May  5 23:33:09 MSK 2016, elapsed time 0 seconds
