# gmm-acc-stats-ali exp/tri1/26.mdl "ark,s,cs:apply-cmvn  --utt2spk=ark:data/train/split3/1/utt2spk scp:data/train/split3/1/cmvn.scp scp:data/train/split3/1/feats.scp ark:- | add-deltas  ark:- ark:- |" "ark,s,cs:gunzip -c exp/tri1/ali.1.gz|" exp/tri1/26.1.acc 
# Started at Thu May  5 23:49:49 MSK 2016
#
gmm-acc-stats-ali exp/tri1/26.mdl 'ark,s,cs:apply-cmvn  --utt2spk=ark:data/train/split3/1/utt2spk scp:data/train/split3/1/cmvn.scp scp:data/train/split3/1/feats.scp ark:- | add-deltas  ark:- ark:- |' 'ark,s,cs:gunzip -c exp/tri1/ali.1.gz|' exp/tri1/26.1.acc 
add-deltas ark:- ark:- 
apply-cmvn --utt2spk=ark:data/train/split3/1/utt2spk scp:data/train/split3/1/cmvn.scp scp:data/train/split3/1/feats.scp ark:- 
LOG (gmm-acc-stats-ali:main():gmm-acc-stats-ali.cc:105) Processed 50 utterances; for utterance isabella_1_9_2 avg. like is -45.8564 over 758 frames.
LOG (gmm-acc-stats-ali:main():gmm-acc-stats-ali.cc:105) Processed 100 utterances; for utterance isabella_2_8_3 avg. like is -47.2573 over 758 frames.
LOG (gmm-acc-stats-ali:main():gmm-acc-stats-ali.cc:105) Processed 150 utterances; for utterance isabella_3_7_4 avg. like is -27.3044 over 709 frames.
LOG (gmm-acc-stats-ali:main():gmm-acc-stats-ali.cc:105) Processed 200 utterances; for utterance isabella_4_6_5 avg. like is -18.7126 over 711 frames.
LOG (gmm-acc-stats-ali:main():gmm-acc-stats-ali.cc:105) Processed 250 utterances; for utterance isabella_5_4_7 avg. like is -19.1014 over 719 frames.
LOG (gmm-acc-stats-ali:main():gmm-acc-stats-ali.cc:105) Processed 300 utterances; for utterance isabella_6_3_8 avg. like is -43.1396 over 756 frames.
LOG (gmm-acc-stats-ali:main():gmm-acc-stats-ali.cc:105) Processed 350 utterances; for utterance isabella_7_2_9 avg. like is -40.7455 over 761 frames.
LOG (gmm-acc-stats-ali:main():gmm-acc-stats-ali.cc:105) Processed 400 utterances; for utterance isabella_8_2_1 avg. like is -46.4978 over 758 frames.
LOG (gmm-acc-stats-ali:main():gmm-acc-stats-ali.cc:105) Processed 450 utterances; for utterance isabella_9_1_3 avg. like is -41.8309 over 761 frames.
LOG (gmm-acc-stats-ali:main():gmm-acc-stats-ali.cc:105) Processed 500 utterances; for utterance isabella_9_8_3 avg. like is -45.9161 over 771 frames.
WARNING (gmm-acc-stats-ali:main():gmm-acc-stats-ali.cc:79) No alignment for utterance jack_1_2_8
WARNING (gmm-acc-stats-ali:main():gmm-acc-stats-ali.cc:79) No alignment for utterance jack_1_3_8
WARNING (gmm-acc-stats-ali:main():gmm-acc-stats-ali.cc:79) No alignment for utterance jack_1_4_8
WARNING (gmm-acc-stats-ali:main():gmm-acc-stats-ali.cc:79) No alignment for utterance jack_1_5_8
LOG (gmm-acc-stats-ali:main():gmm-acc-stats-ali.cc:105) Processed 550 utterances; for utterance jack_1_9_2 avg. like is -39.8364 over 779 frames.
WARNING (gmm-acc-stats-ali:main():gmm-acc-stats-ali.cc:79) No alignment for utterance jack_1_9_8
WARNING (gmm-acc-stats-ali:main():gmm-acc-stats-ali.cc:79) No alignment for utterance jack_2_1_8
LOG (gmm-acc-stats-ali:main():gmm-acc-stats-ali.cc:105) Processed 600 utterances; for utterance jack_2_8_5 avg. like is -30.598 over 779 frames.
WARNING (gmm-acc-stats-ali:main():gmm-acc-stats-ali.cc:79) No alignment for utterance jack_3_1_8
LOG (gmm-acc-stats-ali:main():gmm-acc-stats-ali.cc:105) Processed 650 utterances; for utterance jack_3_7_8 avg. like is -22.1801 over 776 frames.
WARNING (gmm-acc-stats-ali:main():gmm-acc-stats-ali.cc:79) No alignment for utterance jack_4_1_8
LOG (gmm-acc-stats-ali:main():gmm-acc-stats-ali.cc:105) Processed 700 utterances; for utterance jack_4_7_1 avg. like is -18.4328 over 776 frames.
WARNING (gmm-acc-stats-ali:main():gmm-acc-stats-ali.cc:79) No alignment for utterance jack_5_1_8
LOG (gmm-acc-stats-ali:main():gmm-acc-stats-ali.cc:105) Processed 750 utterances; for utterance jack_5_6_3 avg. like is -16.6039 over 771 frames.
LOG (gmm-acc-stats-ali:main():gmm-acc-stats-ali.cc:105) Processed 800 utterances; for utterance jack_6_4_5 avg. like is -13.5198 over 771 frames.
LOG (gmm-acc-stats-ali:main():gmm-acc-stats-ali.cc:105) Processed 850 utterances; for utterance jack_7_3_6 avg. like is -8.90674 over 769 frames.
LOG (gmm-acc-stats-ali:main():gmm-acc-stats-ali.cc:105) Processed 900 utterances; for utterance jack_8_2_7 avg. like is -41.6559 over 776 frames.
WARNING (gmm-acc-stats-ali:main():gmm-acc-stats-ali.cc:79) No alignment for utterance jack_9_1_8
LOG (gmm-acc-stats-ali:main():gmm-acc-stats-ali.cc:105) Processed 950 utterances; for utterance jack_9_2_1 avg. like is -31.752 over 779 frames.
LOG (apply-cmvn:main():apply-cmvn.cc:146) Applied cepstral mean normalization to 1008 utterances, errors on 0
LOG (gmm-acc-stats-ali:main():gmm-acc-stats-ali.cc:112) Done 998 files, 10 with errors.
LOG (gmm-acc-stats-ali:main():gmm-acc-stats-ali.cc:115) Overall avg like per frame (Gaussian only) = -31.2814 over 758072 frames.
LOG (gmm-acc-stats-ali:main():gmm-acc-stats-ali.cc:123) Written accs.
# Accounting: time=52 threads=1
# Ended (code 0) at Thu May  5 23:50:41 MSK 2016, elapsed time 52 seconds
