# build-tree --verbose=1 --max-leaves=2000 --cluster-thresh=-1 exp/tri1/treeacc data/lang/phones/roots.int exp/tri1/questions.qst data/lang/topo exp/tri1/tree 
# Started at Thu May  5 23:34:15 MSK 2016
#
build-tree --verbose=1 --max-leaves=2000 --cluster-thresh=-1 exp/tri1/treeacc data/lang/phones/roots.int exp/tri1/questions.qst data/lang/topo exp/tri1/tree 
LOG (build-tree:main():build-tree.cc:100) Number of separate statistics is 125
LOG (build-tree:BuildTree():build-tree.cc:159) BuildTree: before building trees, map has 22 leaves.
LOG (build-tree:SplitDecisionTree():build-tree-utils.cc:577) DoDecisionTreeSplit: split 106 times, #leaves now 128
LOG (build-tree:BuildTree():build-tree.cc:185) Setting clustering threshold to smallest split 477.625
VLOG[1] (build-tree:BuildTree():build-tree.cc:194) After decision tree split, num-leaves = 128, like-impr = 10.0934 per frame over 1.46305e+06 frames.
VLOG[1] (build-tree:BuildTree():build-tree.cc:198) Including just phones that were split, improvement is 10.0934 per frame over 1.46305e+06 frames.
LOG (build-tree:BuildTree():build-tree.cc:213) BuildTree: removed 1 leaves.
VLOG[1] (build-tree:BuildTree():build-tree.cc:220) Objf change due to clustering -0.000322615 per frame.
VLOG[1] (build-tree:BuildTree():build-tree.cc:223) Normalizing over only split phones, this is: -0.000322615 per frame.
VLOG[1] (build-tree:BuildTree():build-tree.cc:226) Num-leaves is now 127
VLOG[1] (build-tree:main():build-tree.cc:138) For pdf-id 1, low count 0
VLOG[1] (build-tree:main():build-tree.cc:138) For pdf-id 13, low count 0
VLOG[1] (build-tree:main():build-tree.cc:138) For pdf-id 21, low count 0
VLOG[1] (build-tree:main():build-tree.cc:138) For pdf-id 95, low count 52
VLOG[1] (build-tree:main():build-tree.cc:138) For pdf-id 107, low count 96
VLOG[1] (build-tree:main():build-tree.cc:138) For pdf-id 111, low count 96
VLOG[1] (build-tree:main():build-tree.cc:138) For pdf-id 113, low count 67
VLOG[1] (build-tree:main():build-tree.cc:138) For pdf-id 114, low count 56
VLOG[1] (build-tree:main():build-tree.cc:138) For pdf-id 119, low count 32
VLOG[1] (build-tree:main():build-tree.cc:138) For pdf-id 120, low count 42
WARNING (build-tree:main():build-tree.cc:180) Saw no stats for following phones: 2 3 4 5 6 7 8 9 10 11 12 14 15 16 18 19 20 22 23 24 26 28 29 30 32 33 34 36 37 38 39 40 42 43 45 46 47 48 50 53 54 55 56 57 58 59 62 65 66 69 70 72 73 74 75 77 78 80 82 83 86 87 88 89 90 
LOG (build-tree:main():build-tree.cc:184) Wrote tree
# Accounting: time=0 threads=1
# Ended (code 0) at Thu May  5 23:34:15 MSK 2016, elapsed time 0 seconds
