# gmm-est --mix-up=5960 --power=0.25 --write-occs=exp/tri1/13.occs exp/tri1/12.mdl "gmm-sum-accs - exp/tri1/12.*.acc |" exp/tri1/13.mdl 
# Started at Thu May  5 23:39:19 MSK 2016
#
gmm-est --mix-up=5960 --power=0.25 --write-occs=exp/tri1/13.occs exp/tri1/12.mdl 'gmm-sum-accs - exp/tri1/12.*.acc |' exp/tri1/13.mdl 
gmm-sum-accs - exp/tri1/12.1.acc exp/tri1/12.2.acc exp/tri1/12.3.acc 
LOG (gmm-sum-accs:main():gmm-sum-accs.cc:63) Summed 3 stats, total count 1.46305e+06, avg like/frame -44.1882
LOG (gmm-sum-accs:main():gmm-sum-accs.cc:66) Total count of stats is 1.46305e+06
LOG (gmm-sum-accs:main():gmm-sum-accs.cc:67) Written stats to -
LOG (gmm-est:MleUpdate():transition-model.cc:393) TransitionModel::Update, objf change is 0 per frame over 1.46305e+06 frames. 
LOG (gmm-est:MleUpdate():transition-model.cc:396) 16 probabilities floored, 426 out of 550 transition-states skipped due to insuffient data (it is normal to have some skipped.)
LOG (gmm-est:main():gmm-est.cc:102) Transition model update: Overall 0 log-like improvement per frame over 1.46305e+06 frames.
WARNING (gmm-est:MleDiagGmmUpdate():mle-diag-gmm.cc:365) Gaussian has too little data but not removing it because it is the last Gaussian: i = 0, occ = 0, weight = 1
WARNING (gmm-est:MleDiagGmmUpdate():mle-diag-gmm.cc:365) Gaussian has too little data but not removing it because it is the last Gaussian: i = 0, occ = 0, weight = 1
WARNING (gmm-est:MleDiagGmmUpdate():mle-diag-gmm.cc:365) Gaussian has too little data but not removing it because it is the last Gaussian: i = 0, occ = 0, weight = 1
WARNING (gmm-est:MleDiagGmmUpdate():mle-diag-gmm.cc:359) Too little data - removing Gaussian (weight 0.006477, occupation count 7.047355, vector size 39)
WARNING (gmm-est:MleDiagGmmUpdate():mle-diag-gmm.cc:359) Too little data - removing Gaussian (weight 0.013373, occupation count 9.000000, vector size 39)
WARNING (gmm-est:MleDiagGmmUpdate():mle-diag-gmm.cc:359) Too little data - removing Gaussian (weight 0.008799, occupation count 7.558208, vector size 39)
LOG (gmm-est:MleAmDiagGmmUpdate():mle-am-diag-gmm.cc:225) 7071 variance elements floored in 2598 Gaussians, out of 5598
LOG (gmm-est:MleAmDiagGmmUpdate():mle-am-diag-gmm.cc:229) Removed 3 Gaussians due to counts < --min-gaussian-occupancy=10 and --remove-low-count-gaussians=true
LOG (gmm-est:main():gmm-est.cc:113) GMM update: Overall 1.07996 objective function improvement per frame over 1.46305e+06 frames
LOG (gmm-est:main():gmm-est.cc:116) GMM update: Overall avg like per frame = -44.1882 over 1.46305e+06 frames.
LOG (gmm-est:SplitByCount():am-diag-gmm.cc:116) Split 127 states with target = 5960, power = 0.25, perturb_factor = 0.01 and min_count = 20, split #Gauss from 5598 to 5961
LOG (gmm-est:main():gmm-est.cc:146) Written model to exp/tri1/13.mdl
# Accounting: time=0 threads=1
# Ended (code 0) at Thu May  5 23:39:19 MSK 2016, elapsed time 0 seconds
