# gmm-est --mix-up=4880 --power=0.25 --write-occs=exp/tri1/10.occs exp/tri1/9.mdl "gmm-sum-accs - exp/tri1/9.*.acc |" exp/tri1/10.mdl 
# Started at Thu May  5 23:36:42 MSK 2016
#
gmm-est --mix-up=4880 --power=0.25 --write-occs=exp/tri1/10.occs exp/tri1/9.mdl 'gmm-sum-accs - exp/tri1/9.*.acc |' exp/tri1/10.mdl 
gmm-sum-accs - exp/tri1/9.1.acc exp/tri1/9.2.acc exp/tri1/9.3.acc 
LOG (gmm-sum-accs:main():gmm-sum-accs.cc:63) Summed 3 stats, total count 1.46305e+06, avg like/frame -49.3704
LOG (gmm-sum-accs:main():gmm-sum-accs.cc:66) Total count of stats is 1.46305e+06
LOG (gmm-sum-accs:main():gmm-sum-accs.cc:67) Written stats to -
LOG (gmm-est:MleUpdate():transition-model.cc:393) TransitionModel::Update, objf change is 0 per frame over 1.46305e+06 frames. 
LOG (gmm-est:MleUpdate():transition-model.cc:396) 18 probabilities floored, 426 out of 550 transition-states skipped due to insuffient data (it is normal to have some skipped.)
LOG (gmm-est:main():gmm-est.cc:102) Transition model update: Overall 0 log-like improvement per frame over 1.46305e+06 frames.
WARNING (gmm-est:MleDiagGmmUpdate():mle-diag-gmm.cc:365) Gaussian has too little data but not removing it because it is the last Gaussian: i = 0, occ = 0, weight = 1
WARNING (gmm-est:MleDiagGmmUpdate():mle-diag-gmm.cc:365) Gaussian has too little data but not removing it because it is the last Gaussian: i = 0, occ = 0, weight = 1
WARNING (gmm-est:MleDiagGmmUpdate():mle-diag-gmm.cc:365) Gaussian has too little data but not removing it because it is the last Gaussian: i = 0, occ = 0, weight = 1
WARNING (gmm-est:MleDiagGmmUpdate():mle-diag-gmm.cc:359) Too little data - removing Gaussian (weight 0.029762, occupation count 10.000000, vector size 39)
WARNING (gmm-est:MleDiagGmmUpdate():mle-diag-gmm.cc:359) Too little data - removing Gaussian (weight 0.003991, occupation count 2.011240, vector size 39)
WARNING (gmm-est:MleDiagGmmUpdate():mle-diag-gmm.cc:359) Too little data - removing Gaussian (weight 0.018286, occupation count 9.216366, vector size 39)
WARNING (gmm-est:MleDiagGmmUpdate():mle-diag-gmm.cc:359) Too little data - removing Gaussian (weight 0.000137, occupation count 0.069283, vector size 39)
WARNING (gmm-est:MleDiagGmmUpdate():mle-diag-gmm.cc:359) Too little data - removing Gaussian (weight 0.010901, occupation count 7.325462, vector size 39)
WARNING (gmm-est:MleDiagGmmUpdate():mle-diag-gmm.cc:359) Too little data - removing Gaussian (weight 0.002710, occupation count 2.883117, vector size 39)
WARNING (gmm-est:MleDiagGmmUpdate():mle-diag-gmm.cc:359) Too little data - removing Gaussian (weight 0.029558, occupation count 9.931643, vector size 39)
WARNING (gmm-est:MleDiagGmmUpdate():mle-diag-gmm.cc:359) Too little data - removing Gaussian (weight 0.007697, occupation count 9.483247, vector size 39)
LOG (gmm-est:MleAmDiagGmmUpdate():mle-am-diag-gmm.cc:225) 4606 variance elements floored in 1768 Gaussians, out of 4512
LOG (gmm-est:MleAmDiagGmmUpdate():mle-am-diag-gmm.cc:229) Removed 8 Gaussians due to counts < --min-gaussian-occupancy=10 and --remove-low-count-gaussians=true
LOG (gmm-est:main():gmm-est.cc:113) GMM update: Overall 1.29351 objective function improvement per frame over 1.46305e+06 frames
LOG (gmm-est:main():gmm-est.cc:116) GMM update: Overall avg like per frame = -49.3704 over 1.46305e+06 frames.
LOG (gmm-est:SplitByCount():am-diag-gmm.cc:116) Split 127 states with target = 4880, power = 0.25, perturb_factor = 0.01 and min_count = 20, split #Gauss from 4512 to 4880
LOG (gmm-est:main():gmm-est.cc:146) Written model to exp/tri1/10.mdl
# Accounting: time=0 threads=1
# Ended (code 0) at Thu May  5 23:36:42 MSK 2016, elapsed time 0 seconds
