# gmm-est --mix-up=11000 --power=0.25 --write-occs=exp/tri1/35.occs exp/tri1/34.mdl "gmm-sum-accs - exp/tri1/34.*.acc |" exp/tri1/35.mdl 
# Started at Fri May  6 00:00:04 MSK 2016
#
gmm-est --mix-up=11000 --power=0.25 --write-occs=exp/tri1/35.occs exp/tri1/34.mdl 'gmm-sum-accs - exp/tri1/34.*.acc |' exp/tri1/35.mdl 
gmm-sum-accs - exp/tri1/34.1.acc exp/tri1/34.2.acc exp/tri1/34.3.acc 
LOG (gmm-sum-accs:main():gmm-sum-accs.cc:63) Summed 3 stats, total count 1.45521e+06, avg like/frame -22.5204
LOG (gmm-sum-accs:main():gmm-sum-accs.cc:66) Total count of stats is 1.45521e+06
LOG (gmm-sum-accs:main():gmm-sum-accs.cc:67) Written stats to -
LOG (gmm-est:MleUpdate():transition-model.cc:393) TransitionModel::Update, objf change is 0 per frame over 1.45521e+06 frames. 
LOG (gmm-est:MleUpdate():transition-model.cc:396) 16 probabilities floored, 426 out of 550 transition-states skipped due to insuffient data (it is normal to have some skipped.)
LOG (gmm-est:main():gmm-est.cc:102) Transition model update: Overall 0 log-like improvement per frame over 1.45521e+06 frames.
WARNING (gmm-est:MleDiagGmmUpdate():mle-diag-gmm.cc:365) Gaussian has too little data but not removing it because it is the last Gaussian: i = 0, occ = 0, weight = 1
WARNING (gmm-est:MleDiagGmmUpdate():mle-diag-gmm.cc:359) Too little data - removing Gaussian (weight 0.004123, occupation count 9.495603, vector size 39)
WARNING (gmm-est:MleDiagGmmUpdate():mle-diag-gmm.cc:365) Gaussian has too little data but not removing it because it is the last Gaussian: i = 0, occ = 0, weight = 1
WARNING (gmm-est:MleDiagGmmUpdate():mle-diag-gmm.cc:365) Gaussian has too little data but not removing it because it is the last Gaussian: i = 0, occ = 0, weight = 1
WARNING (gmm-est:MleDiagGmmUpdate():mle-diag-gmm.cc:359) Too little data - removing Gaussian (weight 0.003679, occupation count 5.533519, vector size 39)
WARNING (gmm-est:MleDiagGmmUpdate():mle-diag-gmm.cc:359) Too little data - removing Gaussian (weight 0.003779, occupation count 10.000000, vector size 39)
WARNING (gmm-est:MleDiagGmmUpdate():mle-diag-gmm.cc:359) Too little data - removing Gaussian (weight 0.003804, occupation count 10.000000, vector size 39)
WARNING (gmm-est:MleDiagGmmUpdate():mle-diag-gmm.cc:359) Too little data - removing Gaussian (weight 0.003804, occupation count 10.000000, vector size 39)
WARNING (gmm-est:MleDiagGmmUpdate():mle-diag-gmm.cc:359) Too little data - removing Gaussian (weight 0.003804, occupation count 10.000000, vector size 39)
WARNING (gmm-est:MleDiagGmmUpdate():mle-diag-gmm.cc:359) Too little data - removing Gaussian (weight 0.016892, occupation count 10.000000, vector size 39)
WARNING (gmm-est:MleDiagGmmUpdate():mle-diag-gmm.cc:359) Too little data - removing Gaussian (weight 0.008854, occupation count 9.615654, vector size 39)
WARNING (gmm-est:MleDiagGmmUpdate():mle-diag-gmm.cc:359) Too little data - removing Gaussian (weight 0.008830, occupation count 9.995876, vector size 39)
WARNING (gmm-est:MleDiagGmmUpdate():mle-diag-gmm.cc:359) Too little data - removing Gaussian (weight 0.007776, occupation count 8.802691, vector size 39)
LOG (gmm-est:MleAmDiagGmmUpdate():mle-am-diag-gmm.cc:225) 29857 variance elements floored in 8177 Gaussians, out of 11016
LOG (gmm-est:MleAmDiagGmmUpdate():mle-am-diag-gmm.cc:229) Removed 10 Gaussians due to counts < --min-gaussian-occupancy=10 and --remove-low-count-gaussians=true
LOG (gmm-est:main():gmm-est.cc:113) GMM update: Overall 0.0192122 objective function improvement per frame over 1.45521e+06 frames
LOG (gmm-est:main():gmm-est.cc:116) GMM update: Overall avg like per frame = -22.5204 over 1.45521e+06 frames.
LOG (gmm-est:SplitByCount():am-diag-gmm.cc:116) Split 127 states with target = 11000, power = 0.25, perturb_factor = 0.01 and min_count = 20, split #Gauss from 11016 to 11026
LOG (gmm-est:main():gmm-est.cc:146) Written model to exp/tri1/35.mdl
# Accounting: time=1 threads=1
# Ended (code 0) at Fri May  6 00:00:05 MSK 2016, elapsed time 1 seconds
