# gmm-est --mix-up=2000 --power=0.25 --write-occs=exp/tri1/2.occs exp/tri1/1.mdl "gmm-sum-accs - exp/tri1/1.*.acc |" exp/tri1/2.mdl 
# Started at Thu May  5 23:34:32 MSK 2016
#
gmm-est --mix-up=2000 --power=0.25 --write-occs=exp/tri1/2.occs exp/tri1/1.mdl 'gmm-sum-accs - exp/tri1/1.*.acc |' exp/tri1/2.mdl 
gmm-sum-accs - exp/tri1/1.1.acc exp/tri1/1.2.acc exp/tri1/1.3.acc 
LOG (gmm-sum-accs:main():gmm-sum-accs.cc:63) Summed 3 stats, total count 1.46305e+06, avg like/frame -77.985
LOG (gmm-sum-accs:main():gmm-sum-accs.cc:66) Total count of stats is 1.46305e+06
LOG (gmm-sum-accs:main():gmm-sum-accs.cc:67) Written stats to -
LOG (gmm-est:MleUpdate():transition-model.cc:393) TransitionModel::Update, objf change is 0.465397 per frame over 1.46305e+06 frames. 
LOG (gmm-est:MleUpdate():transition-model.cc:396) 18 probabilities floored, 426 out of 550 transition-states skipped due to insuffient data (it is normal to have some skipped.)
LOG (gmm-est:main():gmm-est.cc:102) Transition model update: Overall 0.465397 log-like improvement per frame over 1.46305e+06 frames.
WARNING (gmm-est:MleDiagGmmUpdate():mle-diag-gmm.cc:365) Gaussian has too little data but not removing it because it is the last Gaussian: i = 0, occ = 0, weight = 1
WARNING (gmm-est:MleDiagGmmUpdate():mle-diag-gmm.cc:365) Gaussian has too little data but not removing it because it is the last Gaussian: i = 0, occ = 0, weight = 1
WARNING (gmm-est:MleDiagGmmUpdate():mle-diag-gmm.cc:365) Gaussian has too little data but not removing it because it is the last Gaussian: i = 0, occ = 0, weight = 1
LOG (gmm-est:MleAmDiagGmmUpdate():mle-am-diag-gmm.cc:225) 13 variance elements floored in 7 Gaussians, out of 2000
LOG (gmm-est:MleAmDiagGmmUpdate():mle-am-diag-gmm.cc:229) Removed 0 Gaussians due to counts < --min-gaussian-occupancy=10 and --remove-low-count-gaussians=true
LOG (gmm-est:main():gmm-est.cc:113) GMM update: Overall 0.060574 objective function improvement per frame over 1.46305e+06 frames
LOG (gmm-est:main():gmm-est.cc:116) GMM update: Overall avg like per frame = -77.985 over 1.46305e+06 frames.
LOG (gmm-est:SplitByCount():am-diag-gmm.cc:116) Split 127 states with target = 2000, power = 0.25, perturb_factor = 0.01 and min_count = 20, split #Gauss from 2000 to 2058
LOG (gmm-est:main():gmm-est.cc:146) Written model to exp/tri1/2.mdl
# Accounting: time=0 threads=1
# Ended (code 0) at Thu May  5 23:34:32 MSK 2016, elapsed time 0 seconds
