# gmm-acc-stats-ali exp/mono/7.mdl "ark,s,cs:apply-cmvn  --utt2spk=ark:data/train/split3/2/utt2spk scp:data/train/split3/2/cmvn.scp scp:data/train/split3/2/feats.scp ark:- | add-deltas ark:- ark:- |" "ark:gunzip -c exp/mono/ali.2.gz|" exp/mono/7.2.acc 
# Started at Thu May  5 23:14:28 MSK 2016
#
gmm-acc-stats-ali exp/mono/7.mdl 'ark,s,cs:apply-cmvn  --utt2spk=ark:data/train/split3/2/utt2spk scp:data/train/split3/2/cmvn.scp scp:data/train/split3/2/feats.scp ark:- | add-deltas ark:- ark:- |' 'ark:gunzip -c exp/mono/ali.2.gz|' exp/mono/7.2.acc 
add-deltas ark:- ark:- 
apply-cmvn --utt2spk=ark:data/train/split3/2/utt2spk scp:data/train/split3/2/cmvn.scp scp:data/train/split3/2/feats.scp ark:- 
LOG (gmm-acc-stats-ali:main():gmm-acc-stats-ali.cc:105) Processed 50 utterances; for utterance linda_1_9_2 avg. like is -56.1696 over 748 frames.
LOG (gmm-acc-stats-ali:main():gmm-acc-stats-ali.cc:105) Processed 100 utterances; for utterance linda_2_8_3 avg. like is -72.9415 over 761 frames.
LOG (gmm-acc-stats-ali:main():gmm-acc-stats-ali.cc:105) Processed 150 utterances; for utterance linda_3_7_4 avg. like is -60.3811 over 761 frames.
LOG (gmm-acc-stats-ali:main():gmm-acc-stats-ali.cc:105) Processed 200 utterances; for utterance linda_4_6_5 avg. like is -71.6281 over 769 frames.
LOG (gmm-acc-stats-ali:main():gmm-acc-stats-ali.cc:105) Processed 250 utterances; for utterance linda_5_4_7 avg. like is -62.0358 over 761 frames.
LOG (gmm-acc-stats-ali:main():gmm-acc-stats-ali.cc:105) Processed 300 utterances; for utterance linda_6_3_8 avg. like is -78.5094 over 766 frames.
LOG (gmm-acc-stats-ali:main():gmm-acc-stats-ali.cc:105) Processed 350 utterances; for utterance linda_7_2_9 avg. like is -48.5295 over 748 frames.
LOG (gmm-acc-stats-ali:main():gmm-acc-stats-ali.cc:105) Processed 400 utterances; for utterance linda_8_2_1 avg. like is -62.2999 over 753 frames.
LOG (gmm-acc-stats-ali:main():gmm-acc-stats-ali.cc:105) Processed 450 utterances; for utterance linda_9_1_3 avg. like is -57.1466 over 753 frames.
LOG (gmm-acc-stats-ali:main():gmm-acc-stats-ali.cc:105) Processed 500 utterances; for utterance linda_9_8_3 avg. like is -69.4064 over 753 frames.
LOG (apply-cmvn:main():apply-cmvn.cc:146) Applied cepstral mean normalization to 504 utterances, errors on 0
LOG (gmm-acc-stats-ali:main():gmm-acc-stats-ali.cc:112) Done 504 files, 0 with errors.
LOG (gmm-acc-stats-ali:main():gmm-acc-stats-ali.cc:115) Overall avg like per frame (Gaussian only) = -64.396 over 382176 frames.
LOG (gmm-acc-stats-ali:main():gmm-acc-stats-ali.cc:123) Written accs.
# Accounting: time=4 threads=1
# Ended (code 0) at Thu May  5 23:14:32 MSK 2016, elapsed time 4 seconds
