# compute-mfcc-feats --verbose=2 --config=conf/mfcc.conf scp,p:exp/make_mfcc/train/wav_train.1.scp ark:- | copy-feats --compress=true ark:- ark,scp:/home/iskandar/Desktop/kaldi/kaldi-trunk/egs/digits_new/mfcc/raw_mfcc_train.1.ark,/home/iskandar/Desktop/kaldi/kaldi-trunk/egs/digits_new/mfcc/raw_mfcc_train.1.scp 
# Started at Thu May  5 23:01:56 MSK 2016
#
copy-feats --compress=true ark:- ark,scp:/home/iskandar/Desktop/kaldi/kaldi-trunk/egs/digits_new/mfcc/raw_mfcc_train.1.ark,/home/iskandar/Desktop/kaldi/kaldi-trunk/egs/digits_new/mfcc/raw_mfcc_train.1.scp 
compute-mfcc-feats --verbose=2 --config=conf/mfcc.conf scp,p:exp/make_mfcc/train/wav_train.1.scp ark:- 
VLOG[2] (compute-mfcc-feats:main():compute-mfcc-feats.cc:178) Processed features for key isabella_1_2_3
VLOG[2] (compute-mfcc-feats:main():compute-mfcc-feats.cc:178) Processed features for key isabella_1_2_4
VLOG[2] (compute-mfcc-feats:main():compute-mfcc-feats.cc:178) Processed features for key isabella_1_2_5
VLOG[2] (compute-mfcc-feats:main():compute-mfcc-feats.cc:178) Processed features for key isabella_1_2_6
VLOG[2] (compute-mfcc-feats:main():compute-mfcc-feats.cc:178) Processed features for key isabella_1_2_7
VLOG[2] (compute-mfcc-feats:main():compute-mfcc-feats.cc:178) Processed features for key isabella_1_2_8
VLOG[2] (compute-mfcc-feats:main():compute-mfcc-feats.cc:178) Processed features for key isabella_1_2_9
VLOG[2] (compute-mfcc-feats:main():compute-mfcc-feats.cc:178) Processed features for key isabella_1_3_2
VLOG[2] (compute-mfcc-feats:main():compute-mfcc-feats.cc:178) Processed features for key isabella_1_3_4
LOG (compute-mfcc-feats:main():compute-mfcc-feats.cc:177) Processed 10 utterances
VLOG[2] (compute-mfcc-feats:main():compute-mfcc-feats.cc:178) Processed features for key isabella_1_3_5
VLOG[2] (compute-mfcc-feats:main():compute-mfcc-feats.cc:178) Processed features for key isabella_1_3_6
VLOG[2] (compute-mfcc-feats:main():compute-mfcc-feats.cc:178) Processed features for key isabella_1_3_7
VLOG[2] (compute-mfcc-feats:main():compute-mfcc-feats.cc:178) Processed features for key isabella_1_3_8
VLOG[2] (compute-mfcc-feats:main():compute-mfcc-feats.cc:178) Processed features for key isabella_1_3_9
VLOG[2] (compute-mfcc-feats:main():compute-mfcc-feats.cc:178) Processed features for key isabella_1_4_2
VLOG[2] (compute-mfcc-feats:main():compute-mfcc-feats.cc:178) Processed features for key isabella_1_4_3
VLOG[2] (compute-mfcc-feats:main():compute-mfcc-feats.cc:178) Processed features for key isabella_1_4_5
VLOG[2] (compute-mfcc-feats:main():compute-mfcc-feats.cc:178) Processed features for key isabella_1_4_6
VLOG[2] (compute-mfcc-feats:main():compute-mfcc-feats.cc:178) Processed features for key isabella_1_4_7
LOG (compute-mfcc-feats:main():compute-mfcc-feats.cc:177) Processed 20 utterances
VLOG[2] (compute-mfcc-feats:main():compute-mfcc-feats.cc:178) Processed features for key isabella_1_4_8
VLOG[2] (compute-mfcc-feats:main():compute-mfcc-feats.cc:178) Processed features for key isabella_1_4_9
VLOG[2] (compute-mfcc-feats:main():compute-mfcc-feats.cc:178) Processed features for key isabella_1_5_2
VLOG[2] (compute-mfcc-feats:main():compute-mfcc-feats.cc:178) Processed features for key isabella_1_5_3
VLOG[2] (compute-mfcc-feats:main():compute-mfcc-feats.cc:178) Processed features for key isabella_1_5_4
VLOG[2] (compute-mfcc-feats:main():compute-mfcc-feats.cc:178) Processed features for key isabella_1_5_6
VLOG[2] (compute-mfcc-feats:main():compute-mfcc-feats.cc:178) Processed features for key isabella_1_5_7
VLOG[2] (compute-mfcc-feats:main():compute-mfcc-feats.cc:178) Processed features for key isabella_1_5_8
VLOG[2] (compute-mfcc-feats:main():compute-mfcc-feats.cc:178) Processed features for key isabella_1_5_9
VLOG[2] (compute-mfcc-feats:main():compute-mfcc-feats.cc:178) Processed features for key isabella_1_6_2
LOG (compute-mfcc-feats:main():compute-mfcc-feats.cc:177) Processed 30 utterances
VLOG[2] (compute-mfcc-feats:main():compute-mfcc-feats.cc:178) Processed features for key isabella_1_6_3
VLOG[2] (compute-mfcc-feats:main():compute-mfcc-feats.cc:178) Processed features for key isabella_1_6_4
VLOG[2] (compute-mfcc-feats:main():compute-mfcc-feats.cc:178) Processed features for key isabella_1_6_5
VLOG[2] (compute-mfcc-feats:main():compute-mfcc-feats.cc:178) Processed features for key isabella_1_6_7
VLOG[2] (compute-mfcc-feats:main():compute-mfcc-feats.cc:178) Processed features for key isabella_1_6_8
VLOG[2] (compute-mfcc-feats:main():compute-mfcc-feats.cc:178) Processed features for key isabella_1_6_9
VLOG[2] (compute-mfcc-feats:main():compute-mfcc-feats.cc:178) Processed features for key isabella_1_7_2
VLOG[2] (compute-mfcc-feats:main():compute-mfcc-feats.cc:178) Processed features for key isabella_1_7_3
VLOG[2] (compute-mfcc-feats:main():compute-mfcc-feats.cc:178) Processed features for key isabella_1_7_4
VLOG[2] (compute-mfcc-feats:main():compute-mfcc-feats.cc:178) Processed features for key isabella_1_7_5
LOG (compute-mfcc-feats:main():compute-mfcc-feats.cc:177) Processed 40 utterances
VLOG[2] (compute-mfcc-feats:main():compute-mfcc-feats.cc:178) Processed features for key isabella_1_7_6
VLOG[2] (compute-mfcc-feats:main():compute-mfcc-feats.cc:178) Processed features for key isabella_1_7_8
VLOG[2] (compute-mfcc-feats:main():compute-mfcc-feats.cc:178) Processed features for key isabella_1_7_9
VLOG[2] (compute-mfcc-feats:main():compute-mfcc-feats.cc:178) Processed features for key isabella_1_8_2
VLOG[2] (compute-mfcc-feats:main():compute-mfcc-feats.cc:178) Processed features for key isabella_1_8_3
VLOG[2] (compute-mfcc-feats:main():compute-mfcc-feats.cc:178) Processed features for key isabella_1_8_4
VLOG[2] (compute-mfcc-feats:main():compute-mfcc-feats.cc:178) Processed features for key isabella_1_8_5
VLOG[2] (compute-mfcc-feats:main():compute-mfcc-feats.cc:178) Processed features for key isabella_1_8_6
VLOG[2] (compute-mfcc-feats:main():compute-mfcc-feats.cc:178) Processed features for key isabella_1_8_7
VLOG[2] (compute-mfcc-feats:main():compute-mfcc-feats.cc:178) Processed features for key isabella_1_8_9
LOG (compute-mfcc-feats:main():compute-mfcc-feats.cc:177) Processed 50 utterances
VLOG[2] (compute-mfcc-feats:main():compute-mfcc-feats.cc:178) Processed features for key isabella_1_9_2
VLOG[2] (compute-mfcc-feats:main():compute-mfcc-feats.cc:178) Processed features for key isabella_1_9_3
VLOG[2] (compute-mfcc-feats:main():compute-mfcc-feats.cc:178) Processed features for key isabella_1_9_4
VLOG[2] (compute-mfcc-feats:main():compute-mfcc-feats.cc:178) Processed features for key isabella_1_9_5
VLOG[2] (compute-mfcc-feats:main():compute-mfcc-feats.cc:178) Processed features for key isabella_1_9_6
VLOG[2] (compute-mfcc-feats:main():compute-mfcc-feats.cc:178) Processed features for key isabella_1_9_7
VLOG[2] (compute-mfcc-feats:main():compute-mfcc-feats.cc:178) Processed features for key isabella_1_9_8
VLOG[2] (compute-mfcc-feats:main():compute-mfcc-feats.cc:178) Processed features for key isabella_2_1_3
VLOG[2] (compute-mfcc-feats:main():compute-mfcc-feats.cc:178) Processed features for key isabella_2_1_4
VLOG[2] (compute-mfcc-feats:main():compute-mfcc-feats.cc:178) Processed features for key isabella_2_1_5
LOG (compute-mfcc-feats:main():compute-mfcc-feats.cc:177) Processed 60 utterances
VLOG[2] (compute-mfcc-feats:main():compute-mfcc-feats.cc:178) Processed features for key isabella_2_1_6
VLOG[2] (compute-mfcc-feats:main():compute-mfcc-feats.cc:178) Processed features for key isabella_2_1_7
VLOG[2] (compute-mfcc-feats:main():compute-mfcc-feats.cc:178) Processed features for key isabella_2_1_8
VLOG[2] (compute-mfcc-feats:main():compute-mfcc-feats.cc:178) Processed features for key isabella_2_1_9
VLOG[2] (compute-mfcc-feats:main():compute-mfcc-feats.cc:178) Processed features for key isabella_2_3_1
VLOG[2] (compute-mfcc-feats:main():compute-mfcc-feats.cc:178) Processed features for key isabella_2_3_4
VLOG[2] (compute-mfcc-feats:main():compute-mfcc-feats.cc:178) Processed features for key isabella_2_3_5
VLOG[2] (compute-mfcc-feats:main():compute-mfcc-feats.cc:178) Processed features for key isabella_2_3_6
VLOG[2] (compute-mfcc-feats:main():compute-mfcc-feats.cc:178) Processed features for key isabella_2_3_7
VLOG[2] (compute-mfcc-feats:main():compute-mfcc-feats.cc:178) Processed features for key isabella_2_3_8
LOG (compute-mfcc-feats:main():compute-mfcc-feats.cc:177) Processed 70 utterances
VLOG[2] (compute-mfcc-feats:main():compute-mfcc-feats.cc:178) Processed features for key isabella_2_3_9
VLOG[2] (compute-mfcc-feats:main():compute-mfcc-feats.cc:178) Processed features for key isabella_2_4_1
VLOG[2] (compute-mfcc-feats:main():compute-mfcc-feats.cc:178) Processed features for key isabella_2_4_3
VLOG[2] (compute-mfcc-feats:main():compute-mfcc-feats.cc:178) Processed features for key isabella_2_4_5
VLOG[2] (compute-mfcc-feats:main():compute-mfcc-feats.cc:178) Processed features for key isabella_2_4_6
VLOG[2] (compute-mfcc-feats:main():compute-mfcc-feats.cc:178) Processed features for key isabella_2_4_7
VLOG[2] (compute-mfcc-feats:main():compute-mfcc-feats.cc:178) Processed features for key isabella_2_4_8
VLOG[2] (compute-mfcc-feats:main():compute-mfcc-feats.cc:178) Processed features for key isabella_2_4_9
VLOG[2] (compute-mfcc-feats:main():compute-mfcc-feats.cc:178) Processed features for key isabella_2_5_1
VLOG[2] (compute-mfcc-feats:main():compute-mfcc-feats.cc:178) Processed features for key isabella_2_5_3
LOG (compute-mfcc-feats:main():compute-mfcc-feats.cc:177) Processed 80 utterances
VLOG[2] (compute-mfcc-feats:main():compute-mfcc-feats.cc:178) Processed features for key isabella_2_5_4
VLOG[2] (compute-mfcc-feats:main():compute-mfcc-feats.cc:178) Processed features for key isabella_2_5_6
VLOG[2] (compute-mfcc-feats:main():compute-mfcc-feats.cc:178) Processed features for key isabella_2_5_7
VLOG[2] (compute-mfcc-feats:main():compute-mfcc-feats.cc:178) Processed features for key isabella_2_5_8
VLOG[2] (compute-mfcc-feats:main():compute-mfcc-feats.cc:178) Processed features for key isabella_2_5_9
VLOG[2] (compute-mfcc-feats:main():compute-mfcc-feats.cc:178) Processed features for key isabella_2_6_1
VLOG[2] (compute-mfcc-feats:main():compute-mfcc-feats.cc:178) Processed features for key isabella_2_6_3
VLOG[2] (compute-mfcc-feats:main():compute-mfcc-feats.cc:178) Processed features for key isabella_2_6_4
VLOG[2] (compute-mfcc-feats:main():compute-mfcc-feats.cc:178) Processed features for key isabella_2_6_5
VLOG[2] (compute-mfcc-feats:main():compute-mfcc-feats.cc:178) Processed features for key isabella_2_6_7
LOG (compute-mfcc-feats:main():compute-mfcc-feats.cc:177) Processed 90 utterances
VLOG[2] (compute-mfcc-feats:main():compute-mfcc-feats.cc:178) Processed features for key isabella_2_6_8
VLOG[2] (compute-mfcc-feats:main():compute-mfcc-feats.cc:178) Processed features for key isabella_2_6_9
VLOG[2] (compute-mfcc-feats:main():compute-mfcc-feats.cc:178) Processed features for key isabella_2_7_1
VLOG[2] (compute-mfcc-feats:main():compute-mfcc-feats.cc:178) Processed features for key isabella_2_7_3
VLOG[2] (compute-mfcc-feats:main():compute-mfcc-feats.cc:178) Processed features for key isabella_2_7_4
VLOG[2] (compute-mfcc-feats:main():compute-mfcc-feats.cc:178) Processed features for key isabella_2_7_5
VLOG[2] (compute-mfcc-feats:main():compute-mfcc-feats.cc:178) Processed features for key isabella_2_7_6
VLOG[2] (compute-mfcc-feats:main():compute-mfcc-feats.cc:178) Processed features for key isabella_2_7_8
VLOG[2] (compute-mfcc-feats:main():compute-mfcc-feats.cc:178) Processed features for key isabella_2_7_9
VLOG[2] (compute-mfcc-feats:main():compute-mfcc-feats.cc:178) Processed features for key isabella_2_8_1
LOG (compute-mfcc-feats:main():compute-mfcc-feats.cc:177) Processed 100 utterances
VLOG[2] (compute-mfcc-feats:main():compute-mfcc-feats.cc:178) Processed features for key isabella_2_8_3
VLOG[2] (compute-mfcc-feats:main():compute-mfcc-feats.cc:178) Processed features for key isabella_2_8_4
VLOG[2] (compute-mfcc-feats:main():compute-mfcc-feats.cc:178) Processed features for key isabella_2_8_5
VLOG[2] (compute-mfcc-feats:main():compute-mfcc-feats.cc:178) Processed features for key isabella_2_8_6
VLOG[2] (compute-mfcc-feats:main():compute-mfcc-feats.cc:178) Processed features for key isabella_2_8_7
VLOG[2] (compute-mfcc-feats:main():compute-mfcc-feats.cc:178) Processed features for key isabella_2_8_9
VLOG[2] (compute-mfcc-feats:main():compute-mfcc-feats.cc:178) Processed features for key isabella_2_9_1
VLOG[2] (compute-mfcc-feats:main():compute-mfcc-feats.cc:178) Processed features for key isabella_2_9_3
VLOG[2] (compute-mfcc-feats:main():compute-mfcc-feats.cc:178) Processed features for key isabella_2_9_4
VLOG[2] (compute-mfcc-feats:main():compute-mfcc-feats.cc:178) Processed features for key isabella_2_9_5
LOG (compute-mfcc-feats:main():compute-mfcc-feats.cc:177) Processed 110 utterances
VLOG[2] (compute-mfcc-feats:main():compute-mfcc-feats.cc:178) Processed features for key isabella_2_9_6
VLOG[2] (compute-mfcc-feats:main():compute-mfcc-feats.cc:178) Processed features for key isabella_2_9_7
VLOG[2] (compute-mfcc-feats:main():compute-mfcc-feats.cc:178) Processed features for key isabella_2_9_8
VLOG[2] (compute-mfcc-feats:main():compute-mfcc-feats.cc:178) Processed features for key isabella_3_1_2
VLOG[2] (compute-mfcc-feats:main():compute-mfcc-feats.cc:178) Processed features for key isabella_3_1_4
VLOG[2] (compute-mfcc-feats:main():compute-mfcc-feats.cc:178) Processed features for key isabella_3_1_5
VLOG[2] (compute-mfcc-feats:main():compute-mfcc-feats.cc:178) Processed features for key isabella_3_1_6
VLOG[2] (compute-mfcc-feats:main():compute-mfcc-feats.cc:178) Processed features for key isabella_3_1_7
VLOG[2] (compute-mfcc-feats:main():compute-mfcc-feats.cc:178) Processed features for key isabella_3_1_8
VLOG[2] (compute-mfcc-feats:main():compute-mfcc-feats.cc:178) Processed features for key isabella_3_1_9
LOG (compute-mfcc-feats:main():compute-mfcc-feats.cc:177) Processed 120 utterances
VLOG[2] (compute-mfcc-feats:main():compute-mfcc-feats.cc:178) Processed features for key isabella_3_2_1
VLOG[2] (compute-mfcc-feats:main():compute-mfcc-feats.cc:178) Processed features for key isabella_3_2_4
VLOG[2] (compute-mfcc-feats:main():compute-mfcc-feats.cc:178) Processed features for key isabella_3_2_5
VLOG[2] (compute-mfcc-feats:main():compute-mfcc-feats.cc:178) Processed features for key isabella_3_2_6
VLOG[2] (compute-mfcc-feats:main():compute-mfcc-feats.cc:178) Processed features for key isabella_3_2_7
VLOG[2] (compute-mfcc-feats:main():compute-mfcc-feats.cc:178) Processed features for key isabella_3_2_8
VLOG[2] (compute-mfcc-feats:main():compute-mfcc-feats.cc:178) Processed features for key isabella_3_2_9
VLOG[2] (compute-mfcc-feats:main():compute-mfcc-feats.cc:178) Processed features for key isabella_3_4_1
VLOG[2] (compute-mfcc-feats:main():compute-mfcc-feats.cc:178) Processed features for key isabella_3_4_2
VLOG[2] (compute-mfcc-feats:main():compute-mfcc-feats.cc:178) Processed features for key isabella_3_4_5
LOG (compute-mfcc-feats:main():compute-mfcc-feats.cc:177) Processed 130 utterances
VLOG[2] (compute-mfcc-feats:main():compute-mfcc-feats.cc:178) Processed features for key isabella_3_4_6
VLOG[2] (compute-mfcc-feats:main():compute-mfcc-feats.cc:178) Processed features for key isabella_3_4_7
VLOG[2] (compute-mfcc-feats:main():compute-mfcc-feats.cc:178) Processed features for key isabella_3_4_8
VLOG[2] (compute-mfcc-feats:main():compute-mfcc-feats.cc:178) Processed features for key isabella_3_4_9
VLOG[2] (compute-mfcc-feats:main():compute-mfcc-feats.cc:178) Processed features for key isabella_3_5_1
VLOG[2] (compute-mfcc-feats:main():compute-mfcc-feats.cc:178) Processed features for key isabella_3_5_2
VLOG[2] (compute-mfcc-feats:main():compute-mfcc-feats.cc:178) Processed features for key isabella_3_5_4
VLOG[2] (compute-mfcc-feats:main():compute-mfcc-feats.cc:178) Processed features for key isabella_3_5_6
VLOG[2] (compute-mfcc-feats:main():compute-mfcc-feats.cc:178) Processed features for key isabella_3_5_7
VLOG[2] (compute-mfcc-feats:main():compute-mfcc-feats.cc:178) Processed features for key isabella_3_5_8
LOG (compute-mfcc-feats:main():compute-mfcc-feats.cc:177) Processed 140 utterances
VLOG[2] (compute-mfcc-feats:main():compute-mfcc-feats.cc:178) Processed features for key isabella_3_5_9
VLOG[2] (compute-mfcc-feats:main():compute-mfcc-feats.cc:178) Processed features for key isabella_3_6_1
VLOG[2] (compute-mfcc-feats:main():compute-mfcc-feats.cc:178) Processed features for key isabella_3_6_2
VLOG[2] (compute-mfcc-feats:main():compute-mfcc-feats.cc:178) Processed features for key isabella_3_6_4
VLOG[2] (compute-mfcc-feats:main():compute-mfcc-feats.cc:178) Processed features for key isabella_3_6_5
VLOG[2] (compute-mfcc-feats:main():compute-mfcc-feats.cc:178) Processed features for key isabella_3_6_7
VLOG[2] (compute-mfcc-feats:main():compute-mfcc-feats.cc:178) Processed features for key isabella_3_6_8
VLOG[2] (compute-mfcc-feats:main():compute-mfcc-feats.cc:178) Processed features for key isabella_3_6_9
VLOG[2] (compute-mfcc-feats:main():compute-mfcc-feats.cc:178) Processed features for key isabella_3_7_1
VLOG[2] (compute-mfcc-feats:main():compute-mfcc-feats.cc:178) Processed features for key isabella_3_7_2
LOG (compute-mfcc-feats:main():compute-mfcc-feats.cc:177) Processed 150 utterances
VLOG[2] (compute-mfcc-feats:main():compute-mfcc-feats.cc:178) Processed features for key isabella_3_7_4
VLOG[2] (compute-mfcc-feats:main():compute-mfcc-feats.cc:178) Processed features for key isabella_3_7_5
VLOG[2] (compute-mfcc-feats:main():compute-mfcc-feats.cc:178) Processed features for key isabella_3_7_6
VLOG[2] (compute-mfcc-feats:main():compute-mfcc-feats.cc:178) Processed features for key isabella_3_7_8
VLOG[2] (compute-mfcc-feats:main():compute-mfcc-feats.cc:178) Processed features for key isabella_3_7_9
VLOG[2] (compute-mfcc-feats:main():compute-mfcc-feats.cc:178) Processed features for key isabella_3_8_1
VLOG[2] (compute-mfcc-feats:main():compute-mfcc-feats.cc:178) Processed features for key isabella_3_8_2
VLOG[2] (compute-mfcc-feats:main():compute-mfcc-feats.cc:178) Processed features for key isabella_3_8_4
VLOG[2] (compute-mfcc-feats:main():compute-mfcc-feats.cc:178) Processed features for key isabella_3_8_5
VLOG[2] (compute-mfcc-feats:main():compute-mfcc-feats.cc:178) Processed features for key isabella_3_8_6
LOG (compute-mfcc-feats:main():compute-mfcc-feats.cc:177) Processed 160 utterances
VLOG[2] (compute-mfcc-feats:main():compute-mfcc-feats.cc:178) Processed features for key isabella_3_8_7
VLOG[2] (compute-mfcc-feats:main():compute-mfcc-feats.cc:178) Processed features for key isabella_3_8_9
VLOG[2] (compute-mfcc-feats:main():compute-mfcc-feats.cc:178) Processed features for key isabella_3_9_1
VLOG[2] (compute-mfcc-feats:main():compute-mfcc-feats.cc:178) Processed features for key isabella_3_9_2
VLOG[2] (compute-mfcc-feats:main():compute-mfcc-feats.cc:178) Processed features for key isabella_3_9_4
VLOG[2] (compute-mfcc-feats:main():compute-mfcc-feats.cc:178) Processed features for key isabella_3_9_5
VLOG[2] (compute-mfcc-feats:main():compute-mfcc-feats.cc:178) Processed features for key isabella_3_9_6
VLOG[2] (compute-mfcc-feats:main():compute-mfcc-feats.cc:178) Processed features for key isabella_3_9_7
VLOG[2] (compute-mfcc-feats:main():compute-mfcc-feats.cc:178) Processed features for key isabella_3_9_8
VLOG[2] (compute-mfcc-feats:main():compute-mfcc-feats.cc:178) Processed features for key isabella_4_1_2
LOG (compute-mfcc-feats:main():compute-mfcc-feats.cc:177) Processed 170 utterances
VLOG[2] (compute-mfcc-feats:main():compute-mfcc-feats.cc:178) Processed features for key isabella_4_1_3
VLOG[2] (compute-mfcc-feats:main():compute-mfcc-feats.cc:178) Processed features for key isabella_4_1_5
VLOG[2] (compute-mfcc-feats:main():compute-mfcc-feats.cc:178) Processed features for key isabella_4_1_6
VLOG[2] (compute-mfcc-feats:main():compute-mfcc-feats.cc:178) Processed features for key isabella_4_1_7
VLOG[2] (compute-mfcc-feats:main():compute-mfcc-feats.cc:178) Processed features for key isabella_4_1_8
VLOG[2] (compute-mfcc-feats:main():compute-mfcc-feats.cc:178) Processed features for key isabella_4_1_9
VLOG[2] (compute-mfcc-feats:main():compute-mfcc-feats.cc:178) Processed features for key isabella_4_2_1
VLOG[2] (compute-mfcc-feats:main():compute-mfcc-feats.cc:178) Processed features for key isabella_4_2_3
VLOG[2] (compute-mfcc-feats:main():compute-mfcc-feats.cc:178) Processed features for key isabella_4_2_5
VLOG[2] (compute-mfcc-feats:main():compute-mfcc-feats.cc:178) Processed features for key isabella_4_2_6
LOG (compute-mfcc-feats:main():compute-mfcc-feats.cc:177) Processed 180 utterances
VLOG[2] (compute-mfcc-feats:main():compute-mfcc-feats.cc:178) Processed features for key isabella_4_2_7
VLOG[2] (compute-mfcc-feats:main():compute-mfcc-feats.cc:178) Processed features for key isabella_4_2_8
VLOG[2] (compute-mfcc-feats:main():compute-mfcc-feats.cc:178) Processed features for key isabella_4_2_9
VLOG[2] (compute-mfcc-feats:main():compute-mfcc-feats.cc:178) Processed features for key isabella_4_3_1
VLOG[2] (compute-mfcc-feats:main():compute-mfcc-feats.cc:178) Processed features for key isabella_4_3_2
VLOG[2] (compute-mfcc-feats:main():compute-mfcc-feats.cc:178) Processed features for key isabella_4_3_5
VLOG[2] (compute-mfcc-feats:main():compute-mfcc-feats.cc:178) Processed features for key isabella_4_3_6
VLOG[2] (compute-mfcc-feats:main():compute-mfcc-feats.cc:178) Processed features for key isabella_4_3_7
VLOG[2] (compute-mfcc-feats:main():compute-mfcc-feats.cc:178) Processed features for key isabella_4_3_8
VLOG[2] (compute-mfcc-feats:main():compute-mfcc-feats.cc:178) Processed features for key isabella_4_3_9
LOG (compute-mfcc-feats:main():compute-mfcc-feats.cc:177) Processed 190 utterances
VLOG[2] (compute-mfcc-feats:main():compute-mfcc-feats.cc:178) Processed features for key isabella_4_5_1
VLOG[2] (compute-mfcc-feats:main():compute-mfcc-feats.cc:178) Processed features for key isabella_4_5_2
VLOG[2] (compute-mfcc-feats:main():compute-mfcc-feats.cc:178) Processed features for key isabella_4_5_3
VLOG[2] (compute-mfcc-feats:main():compute-mfcc-feats.cc:178) Processed features for key isabella_4_5_6
VLOG[2] (compute-mfcc-feats:main():compute-mfcc-feats.cc:178) Processed features for key isabella_4_5_7
VLOG[2] (compute-mfcc-feats:main():compute-mfcc-feats.cc:178) Processed features for key isabella_4_5_8
VLOG[2] (compute-mfcc-feats:main():compute-mfcc-feats.cc:178) Processed features for key isabella_4_5_9
VLOG[2] (compute-mfcc-feats:main():compute-mfcc-feats.cc:178) Processed features for key isabella_4_6_1
VLOG[2] (compute-mfcc-feats:main():compute-mfcc-feats.cc:178) Processed features for key isabella_4_6_2
VLOG[2] (compute-mfcc-feats:main():compute-mfcc-feats.cc:178) Processed features for key isabella_4_6_3
LOG (compute-mfcc-feats:main():compute-mfcc-feats.cc:177) Processed 200 utterances
VLOG[2] (compute-mfcc-feats:main():compute-mfcc-feats.cc:178) Processed features for key isabella_4_6_5
VLOG[2] (compute-mfcc-feats:main():compute-mfcc-feats.cc:178) Processed features for key isabella_4_6_7
VLOG[2] (compute-mfcc-feats:main():compute-mfcc-feats.cc:178) Processed features for key isabella_4_6_8
VLOG[2] (compute-mfcc-feats:main():compute-mfcc-feats.cc:178) Processed features for key isabella_4_6_9
VLOG[2] (compute-mfcc-feats:main():compute-mfcc-feats.cc:178) Processed features for key isabella_4_7_1
VLOG[2] (compute-mfcc-feats:main():compute-mfcc-feats.cc:178) Processed features for key isabella_4_7_2
VLOG[2] (compute-mfcc-feats:main():compute-mfcc-feats.cc:178) Processed features for key isabella_4_7_3
VLOG[2] (compute-mfcc-feats:main():compute-mfcc-feats.cc:178) Processed features for key isabella_4_7_5
VLOG[2] (compute-mfcc-feats:main():compute-mfcc-feats.cc:178) Processed features for key isabella_4_7_6
VLOG[2] (compute-mfcc-feats:main():compute-mfcc-feats.cc:178) Processed features for key isabella_4_7_8
LOG (compute-mfcc-feats:main():compute-mfcc-feats.cc:177) Processed 210 utterances
VLOG[2] (compute-mfcc-feats:main():compute-mfcc-feats.cc:178) Processed features for key isabella_4_7_9
VLOG[2] (compute-mfcc-feats:main():compute-mfcc-feats.cc:178) Processed features for key isabella_4_8_1
VLOG[2] (compute-mfcc-feats:main():compute-mfcc-feats.cc:178) Processed features for key isabella_4_8_2
VLOG[2] (compute-mfcc-feats:main():compute-mfcc-feats.cc:178) Processed features for key isabella_4_8_3
VLOG[2] (compute-mfcc-feats:main():compute-mfcc-feats.cc:178) Processed features for key isabella_4_8_5
VLOG[2] (compute-mfcc-feats:main():compute-mfcc-feats.cc:178) Processed features for key isabella_4_8_6
VLOG[2] (compute-mfcc-feats:main():compute-mfcc-feats.cc:178) Processed features for key isabella_4_8_7
VLOG[2] (compute-mfcc-feats:main():compute-mfcc-feats.cc:178) Processed features for key isabella_4_8_9
VLOG[2] (compute-mfcc-feats:main():compute-mfcc-feats.cc:178) Processed features for key isabella_4_9_1
VLOG[2] (compute-mfcc-feats:main():compute-mfcc-feats.cc:178) Processed features for key isabella_4_9_2
LOG (compute-mfcc-feats:main():compute-mfcc-feats.cc:177) Processed 220 utterances
VLOG[2] (compute-mfcc-feats:main():compute-mfcc-feats.cc:178) Processed features for key isabella_4_9_3
VLOG[2] (compute-mfcc-feats:main():compute-mfcc-feats.cc:178) Processed features for key isabella_4_9_5
VLOG[2] (compute-mfcc-feats:main():compute-mfcc-feats.cc:178) Processed features for key isabella_4_9_6
VLOG[2] (compute-mfcc-feats:main():compute-mfcc-feats.cc:178) Processed features for key isabella_4_9_7
VLOG[2] (compute-mfcc-feats:main():compute-mfcc-feats.cc:178) Processed features for key isabella_4_9_8
VLOG[2] (compute-mfcc-feats:main():compute-mfcc-feats.cc:178) Processed features for key isabella_5_1_2
VLOG[2] (compute-mfcc-feats:main():compute-mfcc-feats.cc:178) Processed features for key isabella_5_1_3
VLOG[2] (compute-mfcc-feats:main():compute-mfcc-feats.cc:178) Processed features for key isabella_5_1_4
VLOG[2] (compute-mfcc-feats:main():compute-mfcc-feats.cc:178) Processed features for key isabella_5_1_6
VLOG[2] (compute-mfcc-feats:main():compute-mfcc-feats.cc:178) Processed features for key isabella_5_1_7
LOG (compute-mfcc-feats:main():compute-mfcc-feats.cc:177) Processed 230 utterances
VLOG[2] (compute-mfcc-feats:main():compute-mfcc-feats.cc:178) Processed features for key isabella_5_1_8
VLOG[2] (compute-mfcc-feats:main():compute-mfcc-feats.cc:178) Processed features for key isabella_5_1_9
VLOG[2] (compute-mfcc-feats:main():compute-mfcc-feats.cc:178) Processed features for key isabella_5_2_1
VLOG[2] (compute-mfcc-feats:main():compute-mfcc-feats.cc:178) Processed features for key isabella_5_2_3
VLOG[2] (compute-mfcc-feats:main():compute-mfcc-feats.cc:178) Processed features for key isabella_5_2_4
VLOG[2] (compute-mfcc-feats:main():compute-mfcc-feats.cc:178) Processed features for key isabella_5_2_6
VLOG[2] (compute-mfcc-feats:main():compute-mfcc-feats.cc:178) Processed features for key isabella_5_2_7
VLOG[2] (compute-mfcc-feats:main():compute-mfcc-feats.cc:178) Processed features for key isabella_5_2_8
VLOG[2] (compute-mfcc-feats:main():compute-mfcc-feats.cc:178) Processed features for key isabella_5_2_9
VLOG[2] (compute-mfcc-feats:main():compute-mfcc-feats.cc:178) Processed features for key isabella_5_3_1
LOG (compute-mfcc-feats:main():compute-mfcc-feats.cc:177) Processed 240 utterances
VLOG[2] (compute-mfcc-feats:main():compute-mfcc-feats.cc:178) Processed features for key isabella_5_3_2
VLOG[2] (compute-mfcc-feats:main():compute-mfcc-feats.cc:178) Processed features for key isabella_5_3_4
VLOG[2] (compute-mfcc-feats:main():compute-mfcc-feats.cc:178) Processed features for key isabella_5_3_6
VLOG[2] (compute-mfcc-feats:main():compute-mfcc-feats.cc:178) Processed features for key isabella_5_3_7
VLOG[2] (compute-mfcc-feats:main():compute-mfcc-feats.cc:178) Processed features for key isabella_5_3_8
VLOG[2] (compute-mfcc-feats:main():compute-mfcc-feats.cc:178) Processed features for key isabella_5_3_9
VLOG[2] (compute-mfcc-feats:main():compute-mfcc-feats.cc:178) Processed features for key isabella_5_4_1
VLOG[2] (compute-mfcc-feats:main():compute-mfcc-feats.cc:178) Processed features for key isabella_5_4_2
VLOG[2] (compute-mfcc-feats:main():compute-mfcc-feats.cc:178) Processed features for key isabella_5_4_3
VLOG[2] (compute-mfcc-feats:main():compute-mfcc-feats.cc:178) Processed features for key isabella_5_4_6
LOG (compute-mfcc-feats:main():compute-mfcc-feats.cc:177) Processed 250 utterances
VLOG[2] (compute-mfcc-feats:main():compute-mfcc-feats.cc:178) Processed features for key isabella_5_4_7
VLOG[2] (compute-mfcc-feats:main():compute-mfcc-feats.cc:178) Processed features for key isabella_5_4_8
VLOG[2] (compute-mfcc-feats:main():compute-mfcc-feats.cc:178) Processed features for key isabella_5_4_9
VLOG[2] (compute-mfcc-feats:main():compute-mfcc-feats.cc:178) Processed features for key isabella_5_6_1
VLOG[2] (compute-mfcc-feats:main():compute-mfcc-feats.cc:178) Processed features for key isabella_5_6_2
VLOG[2] (compute-mfcc-feats:main():compute-mfcc-feats.cc:178) Processed features for key isabella_5_6_3
VLOG[2] (compute-mfcc-feats:main():compute-mfcc-feats.cc:178) Processed features for key isabella_5_6_4
VLOG[2] (compute-mfcc-feats:main():compute-mfcc-feats.cc:178) Processed features for key isabella_5_6_7
VLOG[2] (compute-mfcc-feats:main():compute-mfcc-feats.cc:178) Processed features for key isabella_5_6_8
VLOG[2] (compute-mfcc-feats:main():compute-mfcc-feats.cc:178) Processed features for key isabella_5_6_9
LOG (compute-mfcc-feats:main():compute-mfcc-feats.cc:177) Processed 260 utterances
VLOG[2] (compute-mfcc-feats:main():compute-mfcc-feats.cc:178) Processed features for key isabella_5_7_1
VLOG[2] (compute-mfcc-feats:main():compute-mfcc-feats.cc:178) Processed features for key isabella_5_7_2
VLOG[2] (compute-mfcc-feats:main():compute-mfcc-feats.cc:178) Processed features for key isabella_5_7_3
VLOG[2] (compute-mfcc-feats:main():compute-mfcc-feats.cc:178) Processed features for key isabella_5_7_4
VLOG[2] (compute-mfcc-feats:main():compute-mfcc-feats.cc:178) Processed features for key isabella_5_7_6
VLOG[2] (compute-mfcc-feats:main():compute-mfcc-feats.cc:178) Processed features for key isabella_5_7_8
VLOG[2] (compute-mfcc-feats:main():compute-mfcc-feats.cc:178) Processed features for key isabella_5_7_9
VLOG[2] (compute-mfcc-feats:main():compute-mfcc-feats.cc:178) Processed features for key isabella_5_8_1
VLOG[2] (compute-mfcc-feats:main():compute-mfcc-feats.cc:178) Processed features for key isabella_5_8_2
VLOG[2] (compute-mfcc-feats:main():compute-mfcc-feats.cc:178) Processed features for key isabella_5_8_3
LOG (compute-mfcc-feats:main():compute-mfcc-feats.cc:177) Processed 270 utterances
VLOG[2] (compute-mfcc-feats:main():compute-mfcc-feats.cc:178) Processed features for key isabella_5_8_4
VLOG[2] (compute-mfcc-feats:main():compute-mfcc-feats.cc:178) Processed features for key isabella_5_8_6
VLOG[2] (compute-mfcc-feats:main():compute-mfcc-feats.cc:178) Processed features for key isabella_5_8_7
VLOG[2] (compute-mfcc-feats:main():compute-mfcc-feats.cc:178) Processed features for key isabella_5_8_9
VLOG[2] (compute-mfcc-feats:main():compute-mfcc-feats.cc:178) Processed features for key isabella_5_9_1
VLOG[2] (compute-mfcc-feats:main():compute-mfcc-feats.cc:178) Processed features for key isabella_5_9_2
VLOG[2] (compute-mfcc-feats:main():compute-mfcc-feats.cc:178) Processed features for key isabella_5_9_3
VLOG[2] (compute-mfcc-feats:main():compute-mfcc-feats.cc:178) Processed features for key isabella_5_9_4
VLOG[2] (compute-mfcc-feats:main():compute-mfcc-feats.cc:178) Processed features for key isabella_5_9_6
VLOG[2] (compute-mfcc-feats:main():compute-mfcc-feats.cc:178) Processed features for key isabella_5_9_7
LOG (compute-mfcc-feats:main():compute-mfcc-feats.cc:177) Processed 280 utterances
VLOG[2] (compute-mfcc-feats:main():compute-mfcc-feats.cc:178) Processed features for key isabella_5_9_8
VLOG[2] (compute-mfcc-feats:main():compute-mfcc-feats.cc:178) Processed features for key isabella_6_1_2
VLOG[2] (compute-mfcc-feats:main():compute-mfcc-feats.cc:178) Processed features for key isabella_6_1_3
VLOG[2] (compute-mfcc-feats:main():compute-mfcc-feats.cc:178) Processed features for key isabella_6_1_4
VLOG[2] (compute-mfcc-feats:main():compute-mfcc-feats.cc:178) Processed features for key isabella_6_1_5
VLOG[2] (compute-mfcc-feats:main():compute-mfcc-feats.cc:178) Processed features for key isabella_6_1_7
VLOG[2] (compute-mfcc-feats:main():compute-mfcc-feats.cc:178) Processed features for key isabella_6_1_8
VLOG[2] (compute-mfcc-feats:main():compute-mfcc-feats.cc:178) Processed features for key isabella_6_1_9
VLOG[2] (compute-mfcc-feats:main():compute-mfcc-feats.cc:178) Processed features for key isabella_6_2_1
VLOG[2] (compute-mfcc-feats:main():compute-mfcc-feats.cc:178) Processed features for key isabella_6_2_3
LOG (compute-mfcc-feats:main():compute-mfcc-feats.cc:177) Processed 290 utterances
VLOG[2] (compute-mfcc-feats:main():compute-mfcc-feats.cc:178) Processed features for key isabella_6_2_4
VLOG[2] (compute-mfcc-feats:main():compute-mfcc-feats.cc:178) Processed features for key isabella_6_2_5
VLOG[2] (compute-mfcc-feats:main():compute-mfcc-feats.cc:178) Processed features for key isabella_6_2_7
VLOG[2] (compute-mfcc-feats:main():compute-mfcc-feats.cc:178) Processed features for key isabella_6_2_8
VLOG[2] (compute-mfcc-feats:main():compute-mfcc-feats.cc:178) Processed features for key isabella_6_2_9
VLOG[2] (compute-mfcc-feats:main():compute-mfcc-feats.cc:178) Processed features for key isabella_6_3_1
VLOG[2] (compute-mfcc-feats:main():compute-mfcc-feats.cc:178) Processed features for key isabella_6_3_2
VLOG[2] (compute-mfcc-feats:main():compute-mfcc-feats.cc:178) Processed features for key isabella_6_3_4
VLOG[2] (compute-mfcc-feats:main():compute-mfcc-feats.cc:178) Processed features for key isabella_6_3_5
VLOG[2] (compute-mfcc-feats:main():compute-mfcc-feats.cc:178) Processed features for key isabella_6_3_7
LOG (compute-mfcc-feats:main():compute-mfcc-feats.cc:177) Processed 300 utterances
VLOG[2] (compute-mfcc-feats:main():compute-mfcc-feats.cc:178) Processed features for key isabella_6_3_8
VLOG[2] (compute-mfcc-feats:main():compute-mfcc-feats.cc:178) Processed features for key isabella_6_3_9
VLOG[2] (compute-mfcc-feats:main():compute-mfcc-feats.cc:178) Processed features for key isabella_6_4_1
VLOG[2] (compute-mfcc-feats:main():compute-mfcc-feats.cc:178) Processed features for key isabella_6_4_2
VLOG[2] (compute-mfcc-feats:main():compute-mfcc-feats.cc:178) Processed features for key isabella_6_4_3
VLOG[2] (compute-mfcc-feats:main():compute-mfcc-feats.cc:178) Processed features for key isabella_6_4_5
VLOG[2] (compute-mfcc-feats:main():compute-mfcc-feats.cc:178) Processed features for key isabella_6_4_7
VLOG[2] (compute-mfcc-feats:main():compute-mfcc-feats.cc:178) Processed features for key isabella_6_4_8
VLOG[2] (compute-mfcc-feats:main():compute-mfcc-feats.cc:178) Processed features for key isabella_6_4_9
VLOG[2] (compute-mfcc-feats:main():compute-mfcc-feats.cc:178) Processed features for key isabella_6_5_1
LOG (compute-mfcc-feats:main():compute-mfcc-feats.cc:177) Processed 310 utterances
VLOG[2] (compute-mfcc-feats:main():compute-mfcc-feats.cc:178) Processed features for key isabella_6_5_2
VLOG[2] (compute-mfcc-feats:main():compute-mfcc-feats.cc:178) Processed features for key isabella_6_5_3
VLOG[2] (compute-mfcc-feats:main():compute-mfcc-feats.cc:178) Processed features for key isabella_6_5_4
VLOG[2] (compute-mfcc-feats:main():compute-mfcc-feats.cc:178) Processed features for key isabella_6_5_7
VLOG[2] (compute-mfcc-feats:main():compute-mfcc-feats.cc:178) Processed features for key isabella_6_5_8
VLOG[2] (compute-mfcc-feats:main():compute-mfcc-feats.cc:178) Processed features for key isabella_6_5_9
VLOG[2] (compute-mfcc-feats:main():compute-mfcc-feats.cc:178) Processed features for key isabella_6_7_1
VLOG[2] (compute-mfcc-feats:main():compute-mfcc-feats.cc:178) Processed features for key isabella_6_7_2
VLOG[2] (compute-mfcc-feats:main():compute-mfcc-feats.cc:178) Processed features for key isabella_6_7_3
VLOG[2] (compute-mfcc-feats:main():compute-mfcc-feats.cc:178) Processed features for key isabella_6_7_4
LOG (compute-mfcc-feats:main():compute-mfcc-feats.cc:177) Processed 320 utterances
VLOG[2] (compute-mfcc-feats:main():compute-mfcc-feats.cc:178) Processed features for key isabella_6_7_5
VLOG[2] (compute-mfcc-feats:main():compute-mfcc-feats.cc:178) Processed features for key isabella_6_7_8
VLOG[2] (compute-mfcc-feats:main():compute-mfcc-feats.cc:178) Processed features for key isabella_6_7_9
VLOG[2] (compute-mfcc-feats:main():compute-mfcc-feats.cc:178) Processed features for key isabella_6_8_1
VLOG[2] (compute-mfcc-feats:main():compute-mfcc-feats.cc:178) Processed features for key isabella_6_8_2
VLOG[2] (compute-mfcc-feats:main():compute-mfcc-feats.cc:178) Processed features for key isabella_6_8_3
VLOG[2] (compute-mfcc-feats:main():compute-mfcc-feats.cc:178) Processed features for key isabella_6_8_4
VLOG[2] (compute-mfcc-feats:main():compute-mfcc-feats.cc:178) Processed features for key isabella_6_8_5
VLOG[2] (compute-mfcc-feats:main():compute-mfcc-feats.cc:178) Processed features for key isabella_6_8_7
VLOG[2] (compute-mfcc-feats:main():compute-mfcc-feats.cc:178) Processed features for key isabella_6_8_9
LOG (compute-mfcc-feats:main():compute-mfcc-feats.cc:177) Processed 330 utterances
VLOG[2] (compute-mfcc-feats:main():compute-mfcc-feats.cc:178) Processed features for key isabella_6_9_1
VLOG[2] (compute-mfcc-feats:main():compute-mfcc-feats.cc:178) Processed features for key isabella_6_9_2
VLOG[2] (compute-mfcc-feats:main():compute-mfcc-feats.cc:178) Processed features for key isabella_6_9_3
VLOG[2] (compute-mfcc-feats:main():compute-mfcc-feats.cc:178) Processed features for key isabella_6_9_4
VLOG[2] (compute-mfcc-feats:main():compute-mfcc-feats.cc:178) Processed features for key isabella_6_9_5
VLOG[2] (compute-mfcc-feats:main():compute-mfcc-feats.cc:178) Processed features for key isabella_6_9_7
VLOG[2] (compute-mfcc-feats:main():compute-mfcc-feats.cc:178) Processed features for key isabella_6_9_8
VLOG[2] (compute-mfcc-feats:main():compute-mfcc-feats.cc:178) Processed features for key isabella_7_1_2
VLOG[2] (compute-mfcc-feats:main():compute-mfcc-feats.cc:178) Processed features for key isabella_7_1_3
VLOG[2] (compute-mfcc-feats:main():compute-mfcc-feats.cc:178) Processed features for key isabella_7_1_4
LOG (compute-mfcc-feats:main():compute-mfcc-feats.cc:177) Processed 340 utterances
VLOG[2] (compute-mfcc-feats:main():compute-mfcc-feats.cc:178) Processed features for key isabella_7_1_5
VLOG[2] (compute-mfcc-feats:main():compute-mfcc-feats.cc:178) Processed features for key isabella_7_1_6
VLOG[2] (compute-mfcc-feats:main():compute-mfcc-feats.cc:178) Processed features for key isabella_7_1_8
VLOG[2] (compute-mfcc-feats:main():compute-mfcc-feats.cc:178) Processed features for key isabella_7_1_9
VLOG[2] (compute-mfcc-feats:main():compute-mfcc-feats.cc:178) Processed features for key isabella_7_2_1
VLOG[2] (compute-mfcc-feats:main():compute-mfcc-feats.cc:178) Processed features for key isabella_7_2_3
VLOG[2] (compute-mfcc-feats:main():compute-mfcc-feats.cc:178) Processed features for key isabella_7_2_4
VLOG[2] (compute-mfcc-feats:main():compute-mfcc-feats.cc:178) Processed features for key isabella_7_2_5
VLOG[2] (compute-mfcc-feats:main():compute-mfcc-feats.cc:178) Processed features for key isabella_7_2_6
VLOG[2] (compute-mfcc-feats:main():compute-mfcc-feats.cc:178) Processed features for key isabella_7_2_8
LOG (compute-mfcc-feats:main():compute-mfcc-feats.cc:177) Processed 350 utterances
VLOG[2] (compute-mfcc-feats:main():compute-mfcc-feats.cc:178) Processed features for key isabella_7_2_9
VLOG[2] (compute-mfcc-feats:main():compute-mfcc-feats.cc:178) Processed features for key isabella_7_3_1
VLOG[2] (compute-mfcc-feats:main():compute-mfcc-feats.cc:178) Processed features for key isabella_7_3_2
VLOG[2] (compute-mfcc-feats:main():compute-mfcc-feats.cc:178) Processed features for key isabella_7_3_4
VLOG[2] (compute-mfcc-feats:main():compute-mfcc-feats.cc:178) Processed features for key isabella_7_3_5
VLOG[2] (compute-mfcc-feats:main():compute-mfcc-feats.cc:178) Processed features for key isabella_7_3_6
VLOG[2] (compute-mfcc-feats:main():compute-mfcc-feats.cc:178) Processed features for key isabella_7_3_8
VLOG[2] (compute-mfcc-feats:main():compute-mfcc-feats.cc:178) Processed features for key isabella_7_3_9
VLOG[2] (compute-mfcc-feats:main():compute-mfcc-feats.cc:178) Processed features for key isabella_7_4_1
VLOG[2] (compute-mfcc-feats:main():compute-mfcc-feats.cc:178) Processed features for key isabella_7_4_2
LOG (compute-mfcc-feats:main():compute-mfcc-feats.cc:177) Processed 360 utterances
VLOG[2] (compute-mfcc-feats:main():compute-mfcc-feats.cc:178) Processed features for key isabella_7_4_3
VLOG[2] (compute-mfcc-feats:main():compute-mfcc-feats.cc:178) Processed features for key isabella_7_4_5
VLOG[2] (compute-mfcc-feats:main():compute-mfcc-feats.cc:178) Processed features for key isabella_7_4_6
VLOG[2] (compute-mfcc-feats:main():compute-mfcc-feats.cc:178) Processed features for key isabella_7_4_8
VLOG[2] (compute-mfcc-feats:main():compute-mfcc-feats.cc:178) Processed features for key isabella_7_4_9
VLOG[2] (compute-mfcc-feats:main():compute-mfcc-feats.cc:178) Processed features for key isabella_7_5_1
VLOG[2] (compute-mfcc-feats:main():compute-mfcc-feats.cc:178) Processed features for key isabella_7_5_2
VLOG[2] (compute-mfcc-feats:main():compute-mfcc-feats.cc:178) Processed features for key isabella_7_5_3
VLOG[2] (compute-mfcc-feats:main():compute-mfcc-feats.cc:178) Processed features for key isabella_7_5_4
VLOG[2] (compute-mfcc-feats:main():compute-mfcc-feats.cc:178) Processed features for key isabella_7_5_6
LOG (compute-mfcc-feats:main():compute-mfcc-feats.cc:177) Processed 370 utterances
VLOG[2] (compute-mfcc-feats:main():compute-mfcc-feats.cc:178) Processed features for key isabella_7_5_8
VLOG[2] (compute-mfcc-feats:main():compute-mfcc-feats.cc:178) Processed features for key isabella_7_5_9
VLOG[2] (compute-mfcc-feats:main():compute-mfcc-feats.cc:178) Processed features for key isabella_7_6_1
VLOG[2] (compute-mfcc-feats:main():compute-mfcc-feats.cc:178) Processed features for key isabella_7_6_2
VLOG[2] (compute-mfcc-feats:main():compute-mfcc-feats.cc:178) Processed features for key isabella_7_6_3
VLOG[2] (compute-mfcc-feats:main():compute-mfcc-feats.cc:178) Processed features for key isabella_7_6_4
VLOG[2] (compute-mfcc-feats:main():compute-mfcc-feats.cc:178) Processed features for key isabella_7_6_5
VLOG[2] (compute-mfcc-feats:main():compute-mfcc-feats.cc:178) Processed features for key isabella_7_6_8
VLOG[2] (compute-mfcc-feats:main():compute-mfcc-feats.cc:178) Processed features for key isabella_7_6_9
VLOG[2] (compute-mfcc-feats:main():compute-mfcc-feats.cc:178) Processed features for key isabella_7_8_1
LOG (compute-mfcc-feats:main():compute-mfcc-feats.cc:177) Processed 380 utterances
VLOG[2] (compute-mfcc-feats:main():compute-mfcc-feats.cc:178) Processed features for key isabella_7_8_2
VLOG[2] (compute-mfcc-feats:main():compute-mfcc-feats.cc:178) Processed features for key isabella_7_8_3
VLOG[2] (compute-mfcc-feats:main():compute-mfcc-feats.cc:178) Processed features for key isabella_7_8_4
VLOG[2] (compute-mfcc-feats:main():compute-mfcc-feats.cc:178) Processed features for key isabella_7_8_5
VLOG[2] (compute-mfcc-feats:main():compute-mfcc-feats.cc:178) Processed features for key isabella_7_8_6
VLOG[2] (compute-mfcc-feats:main():compute-mfcc-feats.cc:178) Processed features for key isabella_7_8_9
VLOG[2] (compute-mfcc-feats:main():compute-mfcc-feats.cc:178) Processed features for key isabella_7_9_1
VLOG[2] (compute-mfcc-feats:main():compute-mfcc-feats.cc:178) Processed features for key isabella_7_9_2
VLOG[2] (compute-mfcc-feats:main():compute-mfcc-feats.cc:178) Processed features for key isabella_7_9_3
VLOG[2] (compute-mfcc-feats:main():compute-mfcc-feats.cc:178) Processed features for key isabella_7_9_4
LOG (compute-mfcc-feats:main():compute-mfcc-feats.cc:177) Processed 390 utterances
VLOG[2] (compute-mfcc-feats:main():compute-mfcc-feats.cc:178) Processed features for key isabella_7_9_5
VLOG[2] (compute-mfcc-feats:main():compute-mfcc-feats.cc:178) Processed features for key isabella_7_9_6
VLOG[2] (compute-mfcc-feats:main():compute-mfcc-feats.cc:178) Processed features for key isabella_7_9_8
VLOG[2] (compute-mfcc-feats:main():compute-mfcc-feats.cc:178) Processed features for key isabella_8_1_2
VLOG[2] (compute-mfcc-feats:main():compute-mfcc-feats.cc:178) Processed features for key isabella_8_1_3
VLOG[2] (compute-mfcc-feats:main():compute-mfcc-feats.cc:178) Processed features for key isabella_8_1_4
VLOG[2] (compute-mfcc-feats:main():compute-mfcc-feats.cc:178) Processed features for key isabella_8_1_5
VLOG[2] (compute-mfcc-feats:main():compute-mfcc-feats.cc:178) Processed features for key isabella_8_1_6
VLOG[2] (compute-mfcc-feats:main():compute-mfcc-feats.cc:178) Processed features for key isabella_8_1_7
VLOG[2] (compute-mfcc-feats:main():compute-mfcc-feats.cc:178) Processed features for key isabella_8_1_9
LOG (compute-mfcc-feats:main():compute-mfcc-feats.cc:177) Processed 400 utterances
VLOG[2] (compute-mfcc-feats:main():compute-mfcc-feats.cc:178) Processed features for key isabella_8_2_1
VLOG[2] (compute-mfcc-feats:main():compute-mfcc-feats.cc:178) Processed features for key isabella_8_2_3
VLOG[2] (compute-mfcc-feats:main():compute-mfcc-feats.cc:178) Processed features for key isabella_8_2_4
VLOG[2] (compute-mfcc-feats:main():compute-mfcc-feats.cc:178) Processed features for key isabella_8_2_5
VLOG[2] (compute-mfcc-feats:main():compute-mfcc-feats.cc:178) Processed features for key isabella_8_2_6
VLOG[2] (compute-mfcc-feats:main():compute-mfcc-feats.cc:178) Processed features for key isabella_8_2_7
VLOG[2] (compute-mfcc-feats:main():compute-mfcc-feats.cc:178) Processed features for key isabella_8_2_9
VLOG[2] (compute-mfcc-feats:main():compute-mfcc-feats.cc:178) Processed features for key isabella_8_3_1
VLOG[2] (compute-mfcc-feats:main():compute-mfcc-feats.cc:178) Processed features for key isabella_8_3_2
VLOG[2] (compute-mfcc-feats:main():compute-mfcc-feats.cc:178) Processed features for key isabella_8_3_4
LOG (compute-mfcc-feats:main():compute-mfcc-feats.cc:177) Processed 410 utterances
VLOG[2] (compute-mfcc-feats:main():compute-mfcc-feats.cc:178) Processed features for key isabella_8_3_5
VLOG[2] (compute-mfcc-feats:main():compute-mfcc-feats.cc:178) Processed features for key isabella_8_3_6
VLOG[2] (compute-mfcc-feats:main():compute-mfcc-feats.cc:178) Processed features for key isabella_8_3_7
VLOG[2] (compute-mfcc-feats:main():compute-mfcc-feats.cc:178) Processed features for key isabella_8_3_9
VLOG[2] (compute-mfcc-feats:main():compute-mfcc-feats.cc:178) Processed features for key isabella_8_4_1
VLOG[2] (compute-mfcc-feats:main():compute-mfcc-feats.cc:178) Processed features for key isabella_8_4_2
VLOG[2] (compute-mfcc-feats:main():compute-mfcc-feats.cc:178) Processed features for key isabella_8_4_3
VLOG[2] (compute-mfcc-feats:main():compute-mfcc-feats.cc:178) Processed features for key isabella_8_4_5
VLOG[2] (compute-mfcc-feats:main():compute-mfcc-feats.cc:178) Processed features for key isabella_8_4_6
VLOG[2] (compute-mfcc-feats:main():compute-mfcc-feats.cc:178) Processed features for key isabella_8_4_7
LOG (compute-mfcc-feats:main():compute-mfcc-feats.cc:177) Processed 420 utterances
VLOG[2] (compute-mfcc-feats:main():compute-mfcc-feats.cc:178) Processed features for key isabella_8_4_9
VLOG[2] (compute-mfcc-feats:main():compute-mfcc-feats.cc:178) Processed features for key isabella_8_5_1
VLOG[2] (compute-mfcc-feats:main():compute-mfcc-feats.cc:178) Processed features for key isabella_8_5_2
VLOG[2] (compute-mfcc-feats:main():compute-mfcc-feats.cc:178) Processed features for key isabella_8_5_3
VLOG[2] (compute-mfcc-feats:main():compute-mfcc-feats.cc:178) Processed features for key isabella_8_5_4
VLOG[2] (compute-mfcc-feats:main():compute-mfcc-feats.cc:178) Processed features for key isabella_8_5_6
VLOG[2] (compute-mfcc-feats:main():compute-mfcc-feats.cc:178) Processed features for key isabella_8_5_7
VLOG[2] (compute-mfcc-feats:main():compute-mfcc-feats.cc:178) Processed features for key isabella_8_5_9
VLOG[2] (compute-mfcc-feats:main():compute-mfcc-feats.cc:178) Processed features for key isabella_8_6_1
VLOG[2] (compute-mfcc-feats:main():compute-mfcc-feats.cc:178) Processed features for key isabella_8_6_2
LOG (compute-mfcc-feats:main():compute-mfcc-feats.cc:177) Processed 430 utterances
VLOG[2] (compute-mfcc-feats:main():compute-mfcc-feats.cc:178) Processed features for key isabella_8_6_3
VLOG[2] (compute-mfcc-feats:main():compute-mfcc-feats.cc:178) Processed features for key isabella_8_6_4
VLOG[2] (compute-mfcc-feats:main():compute-mfcc-feats.cc:178) Processed features for key isabella_8_6_5
VLOG[2] (compute-mfcc-feats:main():compute-mfcc-feats.cc:178) Processed features for key isabella_8_6_7
VLOG[2] (compute-mfcc-feats:main():compute-mfcc-feats.cc:178) Processed features for key isabella_8_6_9
VLOG[2] (compute-mfcc-feats:main():compute-mfcc-feats.cc:178) Processed features for key isabella_8_7_1
VLOG[2] (compute-mfcc-feats:main():compute-mfcc-feats.cc:178) Processed features for key isabella_8_7_2
VLOG[2] (compute-mfcc-feats:main():compute-mfcc-feats.cc:178) Processed features for key isabella_8_7_3
VLOG[2] (compute-mfcc-feats:main():compute-mfcc-feats.cc:178) Processed features for key isabella_8_7_4
VLOG[2] (compute-mfcc-feats:main():compute-mfcc-feats.cc:178) Processed features for key isabella_8_7_5
LOG (compute-mfcc-feats:main():compute-mfcc-feats.cc:177) Processed 440 utterances
VLOG[2] (compute-mfcc-feats:main():compute-mfcc-feats.cc:178) Processed features for key isabella_8_7_6
VLOG[2] (compute-mfcc-feats:main():compute-mfcc-feats.cc:178) Processed features for key isabella_8_7_9
VLOG[2] (compute-mfcc-feats:main():compute-mfcc-feats.cc:178) Processed features for key isabella_8_9_1
VLOG[2] (compute-mfcc-feats:main():compute-mfcc-feats.cc:178) Processed features for key isabella_8_9_2
VLOG[2] (compute-mfcc-feats:main():compute-mfcc-feats.cc:178) Processed features for key isabella_8_9_3
VLOG[2] (compute-mfcc-feats:main():compute-mfcc-feats.cc:178) Processed features for key isabella_8_9_4
VLOG[2] (compute-mfcc-feats:main():compute-mfcc-feats.cc:178) Processed features for key isabella_8_9_5
VLOG[2] (compute-mfcc-feats:main():compute-mfcc-feats.cc:178) Processed features for key isabella_8_9_6
VLOG[2] (compute-mfcc-feats:main():compute-mfcc-feats.cc:178) Processed features for key isabella_8_9_7
VLOG[2] (compute-mfcc-feats:main():compute-mfcc-feats.cc:178) Processed features for key isabella_9_1_2
LOG (compute-mfcc-feats:main():compute-mfcc-feats.cc:177) Processed 450 utterances
VLOG[2] (compute-mfcc-feats:main():compute-mfcc-feats.cc:178) Processed features for key isabella_9_1_3
VLOG[2] (compute-mfcc-feats:main():compute-mfcc-feats.cc:178) Processed features for key isabella_9_1_4
VLOG[2] (compute-mfcc-feats:main():compute-mfcc-feats.cc:178) Processed features for key isabella_9_1_5
VLOG[2] (compute-mfcc-feats:main():compute-mfcc-feats.cc:178) Processed features for key isabella_9_1_6
VLOG[2] (compute-mfcc-feats:main():compute-mfcc-feats.cc:178) Processed features for key isabella_9_1_7
VLOG[2] (compute-mfcc-feats:main():compute-mfcc-feats.cc:178) Processed features for key isabella_9_1_8
VLOG[2] (compute-mfcc-feats:main():compute-mfcc-feats.cc:178) Processed features for key isabella_9_2_1
VLOG[2] (compute-mfcc-feats:main():compute-mfcc-feats.cc:178) Processed features for key isabella_9_2_3
VLOG[2] (compute-mfcc-feats:main():compute-mfcc-feats.cc:178) Processed features for key isabella_9_2_4
VLOG[2] (compute-mfcc-feats:main():compute-mfcc-feats.cc:178) Processed features for key isabella_9_2_5
LOG (compute-mfcc-feats:main():compute-mfcc-feats.cc:177) Processed 460 utterances
VLOG[2] (compute-mfcc-feats:main():compute-mfcc-feats.cc:178) Processed features for key isabella_9_2_6
VLOG[2] (compute-mfcc-feats:main():compute-mfcc-feats.cc:178) Processed features for key isabella_9_2_7
VLOG[2] (compute-mfcc-feats:main():compute-mfcc-feats.cc:178) Processed features for key isabella_9_2_8
VLOG[2] (compute-mfcc-feats:main():compute-mfcc-feats.cc:178) Processed features for key isabella_9_3_1
VLOG[2] (compute-mfcc-feats:main():compute-mfcc-feats.cc:178) Processed features for key isabella_9_3_2
VLOG[2] (compute-mfcc-feats:main():compute-mfcc-feats.cc:178) Processed features for key isabella_9_3_4
VLOG[2] (compute-mfcc-feats:main():compute-mfcc-feats.cc:178) Processed features for key isabella_9_3_5
VLOG[2] (compute-mfcc-feats:main():compute-mfcc-feats.cc:178) Processed features for key isabella_9_3_6
VLOG[2] (compute-mfcc-feats:main():compute-mfcc-feats.cc:178) Processed features for key isabella_9_3_7
VLOG[2] (compute-mfcc-feats:main():compute-mfcc-feats.cc:178) Processed features for key isabella_9_3_8
LOG (compute-mfcc-feats:main():compute-mfcc-feats.cc:177) Processed 470 utterances
VLOG[2] (compute-mfcc-feats:main():compute-mfcc-feats.cc:178) Processed features for key isabella_9_4_1
VLOG[2] (compute-mfcc-feats:main():compute-mfcc-feats.cc:178) Processed features for key isabella_9_4_2
VLOG[2] (compute-mfcc-feats:main():compute-mfcc-feats.cc:178) Processed features for key isabella_9_4_3
VLOG[2] (compute-mfcc-feats:main():compute-mfcc-feats.cc:178) Processed features for key isabella_9_4_5
VLOG[2] (compute-mfcc-feats:main():compute-mfcc-feats.cc:178) Processed features for key isabella_9_4_6
VLOG[2] (compute-mfcc-feats:main():compute-mfcc-feats.cc:178) Processed features for key isabella_9_4_7
VLOG[2] (compute-mfcc-feats:main():compute-mfcc-feats.cc:178) Processed features for key isabella_9_4_8
VLOG[2] (compute-mfcc-feats:main():compute-mfcc-feats.cc:178) Processed features for key isabella_9_5_1
VLOG[2] (compute-mfcc-feats:main():compute-mfcc-feats.cc:178) Processed features for key isabella_9_5_2
VLOG[2] (compute-mfcc-feats:main():compute-mfcc-feats.cc:178) Processed features for key isabella_9_5_3
LOG (compute-mfcc-feats:main():compute-mfcc-feats.cc:177) Processed 480 utterances
VLOG[2] (compute-mfcc-feats:main():compute-mfcc-feats.cc:178) Processed features for key isabella_9_5_4
VLOG[2] (compute-mfcc-feats:main():compute-mfcc-feats.cc:178) Processed features for key isabella_9_5_6
VLOG[2] (compute-mfcc-feats:main():compute-mfcc-feats.cc:178) Processed features for key isabella_9_5_7
VLOG[2] (compute-mfcc-feats:main():compute-mfcc-feats.cc:178) Processed features for key isabella_9_5_8
VLOG[2] (compute-mfcc-feats:main():compute-mfcc-feats.cc:178) Processed features for key isabella_9_6_1
VLOG[2] (compute-mfcc-feats:main():compute-mfcc-feats.cc:178) Processed features for key isabella_9_6_2
VLOG[2] (compute-mfcc-feats:main():compute-mfcc-feats.cc:178) Processed features for key isabella_9_6_3
VLOG[2] (compute-mfcc-feats:main():compute-mfcc-feats.cc:178) Processed features for key isabella_9_6_4
VLOG[2] (compute-mfcc-feats:main():compute-mfcc-feats.cc:178) Processed features for key isabella_9_6_5
VLOG[2] (compute-mfcc-feats:main():compute-mfcc-feats.cc:178) Processed features for key isabella_9_6_7
LOG (compute-mfcc-feats:main():compute-mfcc-feats.cc:177) Processed 490 utterances
VLOG[2] (compute-mfcc-feats:main():compute-mfcc-feats.cc:178) Processed features for key isabella_9_6_8
VLOG[2] (compute-mfcc-feats:main():compute-mfcc-feats.cc:178) Processed features for key isabella_9_7_1
VLOG[2] (compute-mfcc-feats:main():compute-mfcc-feats.cc:178) Processed features for key isabella_9_7_2
VLOG[2] (compute-mfcc-feats:main():compute-mfcc-feats.cc:178) Processed features for key isabella_9_7_3
VLOG[2] (compute-mfcc-feats:main():compute-mfcc-feats.cc:178) Processed features for key isabella_9_7_4
VLOG[2] (compute-mfcc-feats:main():compute-mfcc-feats.cc:178) Processed features for key isabella_9_7_5
VLOG[2] (compute-mfcc-feats:main():compute-mfcc-feats.cc:178) Processed features for key isabella_9_7_6
VLOG[2] (compute-mfcc-feats:main():compute-mfcc-feats.cc:178) Processed features for key isabella_9_7_8
VLOG[2] (compute-mfcc-feats:main():compute-mfcc-feats.cc:178) Processed features for key isabella_9_8_1
VLOG[2] (compute-mfcc-feats:main():compute-mfcc-feats.cc:178) Processed features for key isabella_9_8_2
LOG (compute-mfcc-feats:main():compute-mfcc-feats.cc:177) Processed 500 utterances
VLOG[2] (compute-mfcc-feats:main():compute-mfcc-feats.cc:178) Processed features for key isabella_9_8_3
VLOG[2] (compute-mfcc-feats:main():compute-mfcc-feats.cc:178) Processed features for key isabella_9_8_4
VLOG[2] (compute-mfcc-feats:main():compute-mfcc-feats.cc:178) Processed features for key isabella_9_8_5
VLOG[2] (compute-mfcc-feats:main():compute-mfcc-feats.cc:178) Processed features for key isabella_9_8_6
VLOG[2] (compute-mfcc-feats:main():compute-mfcc-feats.cc:178) Processed features for key isabella_9_8_7
VLOG[2] (compute-mfcc-feats:main():compute-mfcc-feats.cc:178) Processed features for key jack_1_2_3
VLOG[2] (compute-mfcc-feats:main():compute-mfcc-feats.cc:178) Processed features for key jack_1_2_4
VLOG[2] (compute-mfcc-feats:main():compute-mfcc-feats.cc:178) Processed features for key jack_1_2_5
VLOG[2] (compute-mfcc-feats:main():compute-mfcc-feats.cc:178) Processed features for key jack_1_2_6
VLOG[2] (compute-mfcc-feats:main():compute-mfcc-feats.cc:178) Processed features for key jack_1_2_7
LOG (compute-mfcc-feats:main():compute-mfcc-feats.cc:177) Processed 510 utterances
VLOG[2] (compute-mfcc-feats:main():compute-mfcc-feats.cc:178) Processed features for key jack_1_2_8
VLOG[2] (compute-mfcc-feats:main():compute-mfcc-feats.cc:178) Processed features for key jack_1_2_9
VLOG[2] (compute-mfcc-feats:main():compute-mfcc-feats.cc:178) Processed features for key jack_1_3_2
VLOG[2] (compute-mfcc-feats:main():compute-mfcc-feats.cc:178) Processed features for key jack_1_3_4
VLOG[2] (compute-mfcc-feats:main():compute-mfcc-feats.cc:178) Processed features for key jack_1_3_5
VLOG[2] (compute-mfcc-feats:main():compute-mfcc-feats.cc:178) Processed features for key jack_1_3_6
VLOG[2] (compute-mfcc-feats:main():compute-mfcc-feats.cc:178) Processed features for key jack_1_3_7
VLOG[2] (compute-mfcc-feats:main():compute-mfcc-feats.cc:178) Processed features for key jack_1_3_8
VLOG[2] (compute-mfcc-feats:main():compute-mfcc-feats.cc:178) Processed features for key jack_1_3_9
VLOG[2] (compute-mfcc-feats:main():compute-mfcc-feats.cc:178) Processed features for key jack_1_4_2
LOG (compute-mfcc-feats:main():compute-mfcc-feats.cc:177) Processed 520 utterances
VLOG[2] (compute-mfcc-feats:main():compute-mfcc-feats.cc:178) Processed features for key jack_1_4_3
VLOG[2] (compute-mfcc-feats:main():compute-mfcc-feats.cc:178) Processed features for key jack_1_4_5
VLOG[2] (compute-mfcc-feats:main():compute-mfcc-feats.cc:178) Processed features for key jack_1_4_6
VLOG[2] (compute-mfcc-feats:main():compute-mfcc-feats.cc:178) Processed features for key jack_1_4_7
VLOG[2] (compute-mfcc-feats:main():compute-mfcc-feats.cc:178) Processed features for key jack_1_4_8
VLOG[2] (compute-mfcc-feats:main():compute-mfcc-feats.cc:178) Processed features for key jack_1_4_9
VLOG[2] (compute-mfcc-feats:main():compute-mfcc-feats.cc:178) Processed features for key jack_1_5_2
VLOG[2] (compute-mfcc-feats:main():compute-mfcc-feats.cc:178) Processed features for key jack_1_5_3
VLOG[2] (compute-mfcc-feats:main():compute-mfcc-feats.cc:178) Processed features for key jack_1_5_4
VLOG[2] (compute-mfcc-feats:main():compute-mfcc-feats.cc:178) Processed features for key jack_1_5_6
LOG (compute-mfcc-feats:main():compute-mfcc-feats.cc:177) Processed 530 utterances
VLOG[2] (compute-mfcc-feats:main():compute-mfcc-feats.cc:178) Processed features for key jack_1_5_7
VLOG[2] (compute-mfcc-feats:main():compute-mfcc-feats.cc:178) Processed features for key jack_1_5_8
VLOG[2] (compute-mfcc-feats:main():compute-mfcc-feats.cc:178) Processed features for key jack_1_5_9
VLOG[2] (compute-mfcc-feats:main():compute-mfcc-feats.cc:178) Processed features for key jack_1_6_2
VLOG[2] (compute-mfcc-feats:main():compute-mfcc-feats.cc:178) Processed features for key jack_1_6_3
VLOG[2] (compute-mfcc-feats:main():compute-mfcc-feats.cc:178) Processed features for key jack_1_6_4
VLOG[2] (compute-mfcc-feats:main():compute-mfcc-feats.cc:178) Processed features for key jack_1_6_5
VLOG[2] (compute-mfcc-feats:main():compute-mfcc-feats.cc:178) Processed features for key jack_1_6_7
VLOG[2] (compute-mfcc-feats:main():compute-mfcc-feats.cc:178) Processed features for key jack_1_6_8
VLOG[2] (compute-mfcc-feats:main():compute-mfcc-feats.cc:178) Processed features for key jack_1_6_9
LOG (compute-mfcc-feats:main():compute-mfcc-feats.cc:177) Processed 540 utterances
VLOG[2] (compute-mfcc-feats:main():compute-mfcc-feats.cc:178) Processed features for key jack_1_7_2
VLOG[2] (compute-mfcc-feats:main():compute-mfcc-feats.cc:178) Processed features for key jack_1_7_3
VLOG[2] (compute-mfcc-feats:main():compute-mfcc-feats.cc:178) Processed features for key jack_1_7_4
VLOG[2] (compute-mfcc-feats:main():compute-mfcc-feats.cc:178) Processed features for key jack_1_7_5
VLOG[2] (compute-mfcc-feats:main():compute-mfcc-feats.cc:178) Processed features for key jack_1_7_6
VLOG[2] (compute-mfcc-feats:main():compute-mfcc-feats.cc:178) Processed features for key jack_1_7_8
VLOG[2] (compute-mfcc-feats:main():compute-mfcc-feats.cc:178) Processed features for key jack_1_7_9
VLOG[2] (compute-mfcc-feats:main():compute-mfcc-feats.cc:178) Processed features for key jack_1_8_2
VLOG[2] (compute-mfcc-feats:main():compute-mfcc-feats.cc:178) Processed features for key jack_1_8_3
VLOG[2] (compute-mfcc-feats:main():compute-mfcc-feats.cc:178) Processed features for key jack_1_8_4
LOG (compute-mfcc-feats:main():compute-mfcc-feats.cc:177) Processed 550 utterances
VLOG[2] (compute-mfcc-feats:main():compute-mfcc-feats.cc:178) Processed features for key jack_1_8_5
VLOG[2] (compute-mfcc-feats:main():compute-mfcc-feats.cc:178) Processed features for key jack_1_8_6
VLOG[2] (compute-mfcc-feats:main():compute-mfcc-feats.cc:178) Processed features for key jack_1_8_7
VLOG[2] (compute-mfcc-feats:main():compute-mfcc-feats.cc:178) Processed features for key jack_1_8_9
VLOG[2] (compute-mfcc-feats:main():compute-mfcc-feats.cc:178) Processed features for key jack_1_9_2
VLOG[2] (compute-mfcc-feats:main():compute-mfcc-feats.cc:178) Processed features for key jack_1_9_3
VLOG[2] (compute-mfcc-feats:main():compute-mfcc-feats.cc:178) Processed features for key jack_1_9_4
VLOG[2] (compute-mfcc-feats:main():compute-mfcc-feats.cc:178) Processed features for key jack_1_9_5
VLOG[2] (compute-mfcc-feats:main():compute-mfcc-feats.cc:178) Processed features for key jack_1_9_6
VLOG[2] (compute-mfcc-feats:main():compute-mfcc-feats.cc:178) Processed features for key jack_1_9_7
LOG (compute-mfcc-feats:main():compute-mfcc-feats.cc:177) Processed 560 utterances
VLOG[2] (compute-mfcc-feats:main():compute-mfcc-feats.cc:178) Processed features for key jack_1_9_8
VLOG[2] (compute-mfcc-feats:main():compute-mfcc-feats.cc:178) Processed features for key jack_2_1_3
VLOG[2] (compute-mfcc-feats:main():compute-mfcc-feats.cc:178) Processed features for key jack_2_1_4
VLOG[2] (compute-mfcc-feats:main():compute-mfcc-feats.cc:178) Processed features for key jack_2_1_5
VLOG[2] (compute-mfcc-feats:main():compute-mfcc-feats.cc:178) Processed features for key jack_2_1_6
VLOG[2] (compute-mfcc-feats:main():compute-mfcc-feats.cc:178) Processed features for key jack_2_1_7
VLOG[2] (compute-mfcc-feats:main():compute-mfcc-feats.cc:178) Processed features for key jack_2_1_8
VLOG[2] (compute-mfcc-feats:main():compute-mfcc-feats.cc:178) Processed features for key jack_2_1_9
VLOG[2] (compute-mfcc-feats:main():compute-mfcc-feats.cc:178) Processed features for key jack_2_3_1
VLOG[2] (compute-mfcc-feats:main():compute-mfcc-feats.cc:178) Processed features for key jack_2_3_4
LOG (compute-mfcc-feats:main():compute-mfcc-feats.cc:177) Processed 570 utterances
VLOG[2] (compute-mfcc-feats:main():compute-mfcc-feats.cc:178) Processed features for key jack_2_3_5
VLOG[2] (compute-mfcc-feats:main():compute-mfcc-feats.cc:178) Processed features for key jack_2_3_6
VLOG[2] (compute-mfcc-feats:main():compute-mfcc-feats.cc:178) Processed features for key jack_2_3_7
VLOG[2] (compute-mfcc-feats:main():compute-mfcc-feats.cc:178) Processed features for key jack_2_3_8
VLOG[2] (compute-mfcc-feats:main():compute-mfcc-feats.cc:178) Processed features for key jack_2_3_9
VLOG[2] (compute-mfcc-feats:main():compute-mfcc-feats.cc:178) Processed features for key jack_2_4_1
VLOG[2] (compute-mfcc-feats:main():compute-mfcc-feats.cc:178) Processed features for key jack_2_4_3
VLOG[2] (compute-mfcc-feats:main():compute-mfcc-feats.cc:178) Processed features for key jack_2_4_5
VLOG[2] (compute-mfcc-feats:main():compute-mfcc-feats.cc:178) Processed features for key jack_2_4_6
VLOG[2] (compute-mfcc-feats:main():compute-mfcc-feats.cc:178) Processed features for key jack_2_4_7
LOG (compute-mfcc-feats:main():compute-mfcc-feats.cc:177) Processed 580 utterances
VLOG[2] (compute-mfcc-feats:main():compute-mfcc-feats.cc:178) Processed features for key jack_2_4_8
VLOG[2] (compute-mfcc-feats:main():compute-mfcc-feats.cc:178) Processed features for key jack_2_4_9
VLOG[2] (compute-mfcc-feats:main():compute-mfcc-feats.cc:178) Processed features for key jack_2_5_1
VLOG[2] (compute-mfcc-feats:main():compute-mfcc-feats.cc:178) Processed features for key jack_2_5_3
VLOG[2] (compute-mfcc-feats:main():compute-mfcc-feats.cc:178) Processed features for key jack_2_5_4
VLOG[2] (compute-mfcc-feats:main():compute-mfcc-feats.cc:178) Processed features for key jack_2_5_6
VLOG[2] (compute-mfcc-feats:main():compute-mfcc-feats.cc:178) Processed features for key jack_2_5_7
VLOG[2] (compute-mfcc-feats:main():compute-mfcc-feats.cc:178) Processed features for key jack_2_5_8
VLOG[2] (compute-mfcc-feats:main():compute-mfcc-feats.cc:178) Processed features for key jack_2_5_9
VLOG[2] (compute-mfcc-feats:main():compute-mfcc-feats.cc:178) Processed features for key jack_2_6_1
LOG (compute-mfcc-feats:main():compute-mfcc-feats.cc:177) Processed 590 utterances
VLOG[2] (compute-mfcc-feats:main():compute-mfcc-feats.cc:178) Processed features for key jack_2_6_3
VLOG[2] (compute-mfcc-feats:main():compute-mfcc-feats.cc:178) Processed features for key jack_2_6_4
VLOG[2] (compute-mfcc-feats:main():compute-mfcc-feats.cc:178) Processed features for key jack_2_6_5
VLOG[2] (compute-mfcc-feats:main():compute-mfcc-feats.cc:178) Processed features for key jack_2_6_7
VLOG[2] (compute-mfcc-feats:main():compute-mfcc-feats.cc:178) Processed features for key jack_2_6_8
VLOG[2] (compute-mfcc-feats:main():compute-mfcc-feats.cc:178) Processed features for key jack_2_6_9
VLOG[2] (compute-mfcc-feats:main():compute-mfcc-feats.cc:178) Processed features for key jack_2_7_1
VLOG[2] (compute-mfcc-feats:main():compute-mfcc-feats.cc:178) Processed features for key jack_2_7_3
VLOG[2] (compute-mfcc-feats:main():compute-mfcc-feats.cc:178) Processed features for key jack_2_7_4
VLOG[2] (compute-mfcc-feats:main():compute-mfcc-feats.cc:178) Processed features for key jack_2_7_5
LOG (compute-mfcc-feats:main():compute-mfcc-feats.cc:177) Processed 600 utterances
VLOG[2] (compute-mfcc-feats:main():compute-mfcc-feats.cc:178) Processed features for key jack_2_7_6
VLOG[2] (compute-mfcc-feats:main():compute-mfcc-feats.cc:178) Processed features for key jack_2_7_8
VLOG[2] (compute-mfcc-feats:main():compute-mfcc-feats.cc:178) Processed features for key jack_2_7_9
VLOG[2] (compute-mfcc-feats:main():compute-mfcc-feats.cc:178) Processed features for key jack_2_8_1
VLOG[2] (compute-mfcc-feats:main():compute-mfcc-feats.cc:178) Processed features for key jack_2_8_3
VLOG[2] (compute-mfcc-feats:main():compute-mfcc-feats.cc:178) Processed features for key jack_2_8_4
VLOG[2] (compute-mfcc-feats:main():compute-mfcc-feats.cc:178) Processed features for key jack_2_8_5
VLOG[2] (compute-mfcc-feats:main():compute-mfcc-feats.cc:178) Processed features for key jack_2_8_6
VLOG[2] (compute-mfcc-feats:main():compute-mfcc-feats.cc:178) Processed features for key jack_2_8_7
VLOG[2] (compute-mfcc-feats:main():compute-mfcc-feats.cc:178) Processed features for key jack_2_8_9
LOG (compute-mfcc-feats:main():compute-mfcc-feats.cc:177) Processed 610 utterances
VLOG[2] (compute-mfcc-feats:main():compute-mfcc-feats.cc:178) Processed features for key jack_2_9_1
VLOG[2] (compute-mfcc-feats:main():compute-mfcc-feats.cc:178) Processed features for key jack_2_9_3
VLOG[2] (compute-mfcc-feats:main():compute-mfcc-feats.cc:178) Processed features for key jack_2_9_4
VLOG[2] (compute-mfcc-feats:main():compute-mfcc-feats.cc:178) Processed features for key jack_2_9_5
VLOG[2] (compute-mfcc-feats:main():compute-mfcc-feats.cc:178) Processed features for key jack_2_9_6
VLOG[2] (compute-mfcc-feats:main():compute-mfcc-feats.cc:178) Processed features for key jack_2_9_7
VLOG[2] (compute-mfcc-feats:main():compute-mfcc-feats.cc:178) Processed features for key jack_2_9_8
VLOG[2] (compute-mfcc-feats:main():compute-mfcc-feats.cc:178) Processed features for key jack_3_1_2
VLOG[2] (compute-mfcc-feats:main():compute-mfcc-feats.cc:178) Processed features for key jack_3_1_4
VLOG[2] (compute-mfcc-feats:main():compute-mfcc-feats.cc:178) Processed features for key jack_3_1_5
LOG (compute-mfcc-feats:main():compute-mfcc-feats.cc:177) Processed 620 utterances
VLOG[2] (compute-mfcc-feats:main():compute-mfcc-feats.cc:178) Processed features for key jack_3_1_6
VLOG[2] (compute-mfcc-feats:main():compute-mfcc-feats.cc:178) Processed features for key jack_3_1_7
VLOG[2] (compute-mfcc-feats:main():compute-mfcc-feats.cc:178) Processed features for key jack_3_1_8
VLOG[2] (compute-mfcc-feats:main():compute-mfcc-feats.cc:178) Processed features for key jack_3_1_9
VLOG[2] (compute-mfcc-feats:main():compute-mfcc-feats.cc:178) Processed features for key jack_3_2_1
VLOG[2] (compute-mfcc-feats:main():compute-mfcc-feats.cc:178) Processed features for key jack_3_2_4
VLOG[2] (compute-mfcc-feats:main():compute-mfcc-feats.cc:178) Processed features for key jack_3_2_5
VLOG[2] (compute-mfcc-feats:main():compute-mfcc-feats.cc:178) Processed features for key jack_3_2_6
VLOG[2] (compute-mfcc-feats:main():compute-mfcc-feats.cc:178) Processed features for key jack_3_2_7
VLOG[2] (compute-mfcc-feats:main():compute-mfcc-feats.cc:178) Processed features for key jack_3_2_8
LOG (compute-mfcc-feats:main():compute-mfcc-feats.cc:177) Processed 630 utterances
VLOG[2] (compute-mfcc-feats:main():compute-mfcc-feats.cc:178) Processed features for key jack_3_2_9
VLOG[2] (compute-mfcc-feats:main():compute-mfcc-feats.cc:178) Processed features for key jack_3_4_1
VLOG[2] (compute-mfcc-feats:main():compute-mfcc-feats.cc:178) Processed features for key jack_3_4_2
VLOG[2] (compute-mfcc-feats:main():compute-mfcc-feats.cc:178) Processed features for key jack_3_4_5
VLOG[2] (compute-mfcc-feats:main():compute-mfcc-feats.cc:178) Processed features for key jack_3_4_6
VLOG[2] (compute-mfcc-feats:main():compute-mfcc-feats.cc:178) Processed features for key jack_3_4_7
VLOG[2] (compute-mfcc-feats:main():compute-mfcc-feats.cc:178) Processed features for key jack_3_4_8
VLOG[2] (compute-mfcc-feats:main():compute-mfcc-feats.cc:178) Processed features for key jack_3_4_9
VLOG[2] (compute-mfcc-feats:main():compute-mfcc-feats.cc:178) Processed features for key jack_3_5_1
VLOG[2] (compute-mfcc-feats:main():compute-mfcc-feats.cc:178) Processed features for key jack_3_5_2
LOG (compute-mfcc-feats:main():compute-mfcc-feats.cc:177) Processed 640 utterances
VLOG[2] (compute-mfcc-feats:main():compute-mfcc-feats.cc:178) Processed features for key jack_3_5_4
VLOG[2] (compute-mfcc-feats:main():compute-mfcc-feats.cc:178) Processed features for key jack_3_5_6
VLOG[2] (compute-mfcc-feats:main():compute-mfcc-feats.cc:178) Processed features for key jack_3_5_7
VLOG[2] (compute-mfcc-feats:main():compute-mfcc-feats.cc:178) Processed features for key jack_3_5_8
VLOG[2] (compute-mfcc-feats:main():compute-mfcc-feats.cc:178) Processed features for key jack_3_5_9
VLOG[2] (compute-mfcc-feats:main():compute-mfcc-feats.cc:178) Processed features for key jack_3_6_1
VLOG[2] (compute-mfcc-feats:main():compute-mfcc-feats.cc:178) Processed features for key jack_3_6_2
VLOG[2] (compute-mfcc-feats:main():compute-mfcc-feats.cc:178) Processed features for key jack_3_6_4
VLOG[2] (compute-mfcc-feats:main():compute-mfcc-feats.cc:178) Processed features for key jack_3_6_5
VLOG[2] (compute-mfcc-feats:main():compute-mfcc-feats.cc:178) Processed features for key jack_3_6_7
LOG (compute-mfcc-feats:main():compute-mfcc-feats.cc:177) Processed 650 utterances
VLOG[2] (compute-mfcc-feats:main():compute-mfcc-feats.cc:178) Processed features for key jack_3_6_8
VLOG[2] (compute-mfcc-feats:main():compute-mfcc-feats.cc:178) Processed features for key jack_3_6_9
VLOG[2] (compute-mfcc-feats:main():compute-mfcc-feats.cc:178) Processed features for key jack_3_7_1
VLOG[2] (compute-mfcc-feats:main():compute-mfcc-feats.cc:178) Processed features for key jack_3_7_2
VLOG[2] (compute-mfcc-feats:main():compute-mfcc-feats.cc:178) Processed features for key jack_3_7_4
VLOG[2] (compute-mfcc-feats:main():compute-mfcc-feats.cc:178) Processed features for key jack_3_7_5
VLOG[2] (compute-mfcc-feats:main():compute-mfcc-feats.cc:178) Processed features for key jack_3_7_6
VLOG[2] (compute-mfcc-feats:main():compute-mfcc-feats.cc:178) Processed features for key jack_3_7_8
VLOG[2] (compute-mfcc-feats:main():compute-mfcc-feats.cc:178) Processed features for key jack_3_7_9
VLOG[2] (compute-mfcc-feats:main():compute-mfcc-feats.cc:178) Processed features for key jack_3_8_1
LOG (compute-mfcc-feats:main():compute-mfcc-feats.cc:177) Processed 660 utterances
VLOG[2] (compute-mfcc-feats:main():compute-mfcc-feats.cc:178) Processed features for key jack_3_8_2
VLOG[2] (compute-mfcc-feats:main():compute-mfcc-feats.cc:178) Processed features for key jack_3_8_4
VLOG[2] (compute-mfcc-feats:main():compute-mfcc-feats.cc:178) Processed features for key jack_3_8_5
VLOG[2] (compute-mfcc-feats:main():compute-mfcc-feats.cc:178) Processed features for key jack_3_8_6
VLOG[2] (compute-mfcc-feats:main():compute-mfcc-feats.cc:178) Processed features for key jack_3_8_7
VLOG[2] (compute-mfcc-feats:main():compute-mfcc-feats.cc:178) Processed features for key jack_3_8_9
VLOG[2] (compute-mfcc-feats:main():compute-mfcc-feats.cc:178) Processed features for key jack_3_9_1
VLOG[2] (compute-mfcc-feats:main():compute-mfcc-feats.cc:178) Processed features for key jack_3_9_2
VLOG[2] (compute-mfcc-feats:main():compute-mfcc-feats.cc:178) Processed features for key jack_3_9_4
VLOG[2] (compute-mfcc-feats:main():compute-mfcc-feats.cc:178) Processed features for key jack_3_9_5
LOG (compute-mfcc-feats:main():compute-mfcc-feats.cc:177) Processed 670 utterances
VLOG[2] (compute-mfcc-feats:main():compute-mfcc-feats.cc:178) Processed features for key jack_3_9_6
VLOG[2] (compute-mfcc-feats:main():compute-mfcc-feats.cc:178) Processed features for key jack_3_9_7
VLOG[2] (compute-mfcc-feats:main():compute-mfcc-feats.cc:178) Processed features for key jack_3_9_8
LOG (compute-mfcc-feats:main():compute-mfcc-feats.cc:181)  Done 672 out of 672 utterances.
LOG (copy-feats:main():copy-feats.cc:101) Copied 672 feature matrices.
# Accounting: time=337 threads=1
# Ended (code 0) at Thu May  5 23:07:33 MSK 2016, elapsed time 337 seconds
